2016-05-22 09:40:01 Error: [Cake\Routing\Exception\MissingControllerException] Controller class Computer could not be found.
Request URL: /computer/
Stack Trace:
#0 /var/www/fcctv.co.kr/webroot/index.php(37): Cake\Routing\Dispatcher->dispatch(Object(Cake\Network\Request), Object(Cake\Network\Response))
#1 {main}


2016-05-22 09:49:48 Error: [Cake\Routing\Exception\MissingControllerException] Controller class Web-console could not be found.
Request URL: /web-console/ServerInfo.jsp
Stack Trace:
#0 /var/www/fcctv.co.kr/webroot/index.php(37): Cake\Routing\Dispatcher->dispatch(Object(Cake\Network\Request), Object(Cake\Network\Response))
#1 {main}


2016-05-22 09:49:48 Error: [Cake\Routing\Exception\MissingControllerException] Controller class Jmx-console could not be found.
Request URL: /jmx-console/HtmlAdaptor?action=inspectMBean&name=jboss.system%3Atype%3DServerInfo
Stack Trace:
#0 /var/www/fcctv.co.kr/webroot/index.php(37): Cake\Routing\Dispatcher->dispatch(Object(Cake\Network\Request), Object(Cake\Network\Response))
#1 {main}


2016-05-22 09:49:48 Error: [Cake\Routing\Exception\MissingControllerException] Controller class IfYouveHadADoseOfAFreakyGhost could not be found.
Request URL: /if%20youve%20had%20a%20dose%20of%20a%20freaky%20ghost
Stack Trace:
#0 /var/www/fcctv.co.kr/webroot/index.php(37): Cake\Routing\Dispatcher->dispatch(Object(Cake\Network\Request), Object(Cake\Network\Response))
#1 {main}


2016-05-22 09:49:48 Error: [Cake\Routing\Exception\MissingControllerException] Controller class Invoker could not be found.
Request URL: /invoker/JMXInvokerServlet
Stack Trace:
#0 /var/www/fcctv.co.kr/webroot/index.php(37): Cake\Routing\Dispatcher->dispatch(Object(Cake\Network\Request), Object(Cake\Network\Response))
#1 {main}


2016-05-22 09:49:48 Error: [Cake\Routing\Exception\MissingControllerException] Controller class Status could not be found.
Request URL: /status?full=true
Stack Trace:
#0 /var/www/fcctv.co.kr/webroot/index.php(37): Cake\Routing\Dispatcher->dispatch(Object(Cake\Network\Request), Object(Cake\Network\Response))
#1 {main}


2016-05-23 07:55:48 Error: [Cake\Routing\Exception\MissingControllerException] Controller class A2billing could not be found.
Request URL: /a2billing/admin/Public/modules/
Stack Trace:
#0 /var/www/fcctv.co.kr/webroot/index.php(37): Cake\Routing\Dispatcher->dispatch(Object(Cake\Network\Request), Object(Cake\Network\Response))
#1 {main}


