2016-08-10 07:30:36 Notice: Notice (8): Undefined index: comment in [/var/www/fcctv.co.kr/src/Service/TvService.php, line 743]
Trace:
Cake\Error\BaseErrorHandler::handleError() - CORE/src/Error/BaseErrorHandler.php, line 138
App\Service\TvService::commentSave() - APP/Service/TvService.php, line 743
App\Controller\FccTvController::commentAdd() - APP/Controller/FccTvController.php, line 168
Cake\Controller\Controller::invokeAction() - CORE/src/Controller/Controller.php, line 412
Cake\Routing\Dispatcher::_invoke() - CORE/src/Routing/Dispatcher.php, line 114
Cake\Routing\Dispatcher::dispatch() - CORE/src/Routing/Dispatcher.php, line 87
[main] - ROOT/webroot/index.php, line 37



2016-08-10 07:30:36 Notice: Notice (8): Undefined index: mode in [/var/www/fcctv.co.kr/src/Service/TvService.php, line 745]
Trace:
Cake\Error\BaseErrorHandler::handleError() - CORE/src/Error/BaseErrorHandler.php, line 138
App\Service\TvService::commentSave() - APP/Service/TvService.php, line 745
App\Controller\FccTvController::commentAdd() - APP/Controller/FccTvController.php, line 168
Cake\Controller\Controller::invokeAction() - CORE/src/Controller/Controller.php, line 412
Cake\Routing\Dispatcher::_invoke() - CORE/src/Routing/Dispatcher.php, line 114
Cake\Routing\Dispatcher::dispatch() - CORE/src/Routing/Dispatcher.php, line 87
[main] - ROOT/webroot/index.php, line 37



2016-08-10 07:30:36 Notice: Notice (8): Undefined index: id in [/var/www/fcctv.co.kr/src/Service/TvService.php, line 748]
Trace:
Cake\Error\BaseErrorHandler::handleError() - CORE/src/Error/BaseErrorHandler.php, line 138
App\Service\TvService::commentSave() - APP/Service/TvService.php, line 748
App\Controller\FccTvController::commentAdd() - APP/Controller/FccTvController.php, line 168
Cake\Controller\Controller::invokeAction() - CORE/src/Controller/Controller.php, line 412
Cake\Routing\Dispatcher::_invoke() - CORE/src/Routing/Dispatcher.php, line 114
Cake\Routing\Dispatcher::dispatch() - CORE/src/Routing/Dispatcher.php, line 87
[main] - ROOT/webroot/index.php, line 37



