2016-05-02 14:27:02 Error: [PDOException] SQLSTATE[28000] [1045] Access denied for user 'cc_prd'@'52.79.130.73' (using password: YES)
Stack Trace:
#0 /var/www/fcctv.co.kr/vendor/cakephp/cakephp/src/Database/Driver/PDODriverTrait.php(48): PDO->__construct('mysql:host=52.7...', 'cc_prd', 'Brick@cofflswl', Array)
#1 /var/www/fcctv.co.kr/vendor/cakephp/cakephp/src/Database/Driver/Mysql.php(89): Cake\Database\Driver\Mysql->_connect('mysql:host=52.7...', Array)
#2 /var/www/fcctv.co.kr/vendor/cakephp/cakephp/src/Database/Schema/BaseSchema.php(45): Cake\Database\Driver\Mysql->connect()
#3 /var/www/fcctv.co.kr/vendor/cakephp/cakephp/src/Database/Dialect/MysqlDialectTrait.php(62): Cake\Database\Schema\BaseSchema->__construct(Object(Cake\Database\Driver\Mysql))
#4 /var/www/fcctv.co.kr/vendor/cakephp/cakephp/src/Database/Schema/Collection.php(51): Cake\Database\Driver\Mysql->schemaDialect()
#5 /var/www/fcctv.co.kr/vendor/cakephp/cakephp/src/Database/Schema/CachedCollection.php(43): Cake\Database\Schema\Collection->__construct(Object(Cake\Database\Connection))
#6 /var/www/fcctv.co.kr/vendor/cakephp/cakephp/src/Database/Connection.php(317): Cake\Database\Schema\CachedCollection->__construct(Object(Cake\Database\Connection), true)
#7 /var/www/fcctv.co.kr/vendor/cakephp/cakephp/src/ORM/Table.php(421): Cake\Database\Connection->schemaCollection()
#8 /var/www/fcctv.co.kr/vendor/cakephp/cakephp/src/ORM/Query.php(139): Cake\ORM\Table->schema()
#9 /var/www/fcctv.co.kr/vendor/cakephp/cakephp/src/ORM/Query.php(121): Cake\ORM\Query->addDefaultTypes(Object(App\Model\Table\ChCodeGenTable))
#10 /var/www/fcctv.co.kr/vendor/cakephp/cakephp/src/ORM/Table.php(1227): Cake\ORM\Query->__construct(Object(Cake\Database\Connection), Object(App\Model\Table\ChCodeGenTable))
#11 /var/www/fcctv.co.kr/vendor/cakephp/cakephp/src/ORM/Table.php(930): Cake\ORM\Table->query()
#12 /var/www/fcctv.co.kr/src/Service/SmsService.php(68): Cake\ORM\Table->find()
#13 /var/www/fcctv.co.kr/src/Shell/GabiaSmsSendShell.php(43): App\Service\SmsService->smsList()
#14 [internal function]: App\Shell\GabiaSmsSendShell->main()
#15 /var/www/fcctv.co.kr/vendor/cakephp/cakephp/src/Console/Shell.php(390): call_user_func_array(Array, Array)
#16 /var/www/fcctv.co.kr/vendor/cakephp/cakephp/src/Console/ShellDispatcher.php(203): Cake\Console\Shell->runCommand(Array, true)
#17 /var/www/fcctv.co.kr/vendor/cakephp/cakephp/src/Console/ShellDispatcher.php(174): Cake\Console\ShellDispatcher->_dispatch()
#18 /var/www/fcctv.co.kr/vendor/cakephp/cakephp/src/Console/ShellDispatcher.php(125): Cake\Console\ShellDispatcher->dispatch()
#19 /var/www/fcctv.co.kr/bin/cake.php(33): Cake\Console\ShellDispatcher::run(Array)
#20 {main}


2016-05-02 14:28:01 Error: [PDOException] SQLSTATE[28000] [1045] Access denied for user 'cc_prd'@'52.79.130.73' (using password: YES)
Stack Trace:
#0 /var/www/fcctv.co.kr/vendor/cakephp/cakephp/src/Database/Driver/PDODriverTrait.php(48): PDO->__construct('mysql:host=52.7...', 'cc_prd', 'Brick@cofflswl', Array)
#1 /var/www/fcctv.co.kr/vendor/cakephp/cakephp/src/Database/Driver/Mysql.php(89): Cake\Database\Driver\Mysql->_connect('mysql:host=52.7...', Array)
#2 /var/www/fcctv.co.kr/vendor/cakephp/cakephp/src/Database/Schema/BaseSchema.php(45): Cake\Database\Driver\Mysql->connect()
#3 /var/www/fcctv.co.kr/vendor/cakephp/cakephp/src/Database/Dialect/MysqlDialectTrait.php(62): Cake\Database\Schema\BaseSchema->__construct(Object(Cake\Database\Driver\Mysql))
#4 /var/www/fcctv.co.kr/vendor/cakephp/cakephp/src/Database/Schema/Collection.php(51): Cake\Database\Driver\Mysql->schemaDialect()
#5 /var/www/fcctv.co.kr/vendor/cakephp/cakephp/src/Database/Schema/CachedCollection.php(43): Cake\Database\Schema\Collection->__construct(Object(Cake\Database\Connection))
#6 /var/www/fcctv.co.kr/vendor/cakephp/cakephp/src/Database/Connection.php(317): Cake\Database\Schema\CachedCollection->__construct(Object(Cake\Database\Connection), true)
#7 /var/www/fcctv.co.kr/vendor/cakephp/cakephp/src/ORM/Table.php(421): Cake\Database\Connection->schemaCollection()
#8 /var/www/fcctv.co.kr/vendor/cakephp/cakephp/src/ORM/Query.php(139): Cake\ORM\Table->schema()
#9 /var/www/fcctv.co.kr/vendor/cakephp/cakephp/src/ORM/Query.php(121): Cake\ORM\Query->addDefaultTypes(Object(App\Model\Table\ChCodeGenTable))
#10 /var/www/fcctv.co.kr/vendor/cakephp/cakephp/src/ORM/Table.php(1227): Cake\ORM\Query->__construct(Object(Cake\Database\Connection), Object(App\Model\Table\ChCodeGenTable))
#11 /var/www/fcctv.co.kr/vendor/cakephp/cakephp/src/ORM/Table.php(930): Cake\ORM\Table->query()
#12 /var/www/fcctv.co.kr/src/Service/SmsService.php(68): Cake\ORM\Table->find()
#13 /var/www/fcctv.co.kr/src/Shell/GabiaSmsSendShell.php(43): App\Service\SmsService->smsList()
#14 [internal function]: App\Shell\GabiaSmsSendShell->main()
#15 /var/www/fcctv.co.kr/vendor/cakephp/cakephp/src/Console/Shell.php(390): call_user_func_array(Array, Array)
#16 /var/www/fcctv.co.kr/vendor/cakephp/cakephp/src/Console/ShellDispatcher.php(203): Cake\Console\Shell->runCommand(Array, true)
#17 /var/www/fcctv.co.kr/vendor/cakephp/cakephp/src/Console/ShellDispatcher.php(174): Cake\Console\ShellDispatcher->_dispatch()
#18 /var/www/fcctv.co.kr/vendor/cakephp/cakephp/src/Console/ShellDispatcher.php(125): Cake\Console\ShellDispatcher->dispatch()
#19 /var/www/fcctv.co.kr/bin/cake.php(33): Cake\Console\ShellDispatcher::run(Array)
#20 {main}


