2016-06-04 09:01:01 Debug: 주문취소 수 : 0
2016-06-04 09:01:01 Debug: Send Message count 0
2016-06-04 09:01:01 Debug: YoutubeCounter :73
2016-06-04 09:01:02 Debug: FacebookCounter :2777
2016-06-04 09:01:31 Debug: 주문취소 수 : 0
2016-06-04 09:02:01 Debug: Send Message count 0
2016-06-04 09:02:01 Debug: 주문취소 수 : 0
2016-06-04 09:02:31 Debug: 주문취소 수 : 0
2016-06-04 09:03:01 Debug: 주문취소 수 : 0
2016-06-04 09:03:01 Debug: Send Message count 0
2016-06-04 09:03:31 Debug: 주문취소 수 : 0
2016-06-04 09:04:01 Debug: 주문취소 수 : 0
2016-06-04 09:04:01 Debug: Send Message count 0
2016-06-04 09:04:31 Debug: 주문취소 수 : 0
2016-06-04 09:05:01 Debug: 주문취소 수 : 0
2016-06-04 09:05:01 Debug: Send Message count 0
2016-06-04 09:05:31 Debug: 주문취소 수 : 0
2016-06-04 09:06:02 Debug: 주문취소 수 : 0
2016-06-04 09:06:02 Debug: Send Message count 0
2016-06-04 09:06:32 Debug: 주문취소 수 : 0
2016-06-04 09:07:01 Debug: 주문취소 수 : 0
2016-06-04 09:07:01 Debug: Send Message count 0
2016-06-04 09:07:31 Debug: 주문취소 수 : 0
2016-06-04 09:08:01 Debug: 주문취소 수 : 0
2016-06-04 09:08:01 Debug: Send Message count 0
2016-06-04 09:08:31 Debug: 주문취소 수 : 0
2016-06-04 09:09:01 Debug: 주문취소 수 : 0
2016-06-04 09:09:01 Debug: Send Message count 0
2016-06-04 09:09:31 Debug: 주문취소 수 : 0
2016-06-04 09:10:01 Debug: 주문취소 수 : 0
2016-06-04 09:10:01 Debug: Send Message count 0
2016-06-04 09:10:31 Debug: 주문취소 수 : 0
2016-06-04 09:11:01 Debug: 주문취소 수 : 0
2016-06-04 09:11:01 Debug: Send Message count 0
2016-06-04 09:11:31 Debug: 주문취소 수 : 0
2016-06-04 09:12:01 Debug: 주문취소 수 : 0
2016-06-04 09:12:01 Debug: Send Message count 0
2016-06-04 09:12:31 Debug: 주문취소 수 : 0
2016-06-04 09:13:01 Debug: 주문취소 수 : 0
2016-06-04 09:13:01 Debug: Send Message count 0
2016-06-04 09:13:31 Debug: 주문취소 수 : 0
2016-06-04 09:14:02 Debug: 주문취소 수 : 0
2016-06-04 09:14:02 Debug: Send Message count 0
2016-06-04 09:14:31 Debug: 주문취소 수 : 0
2016-06-04 09:15:02 Debug: 주문취소 수 : 0
2016-06-04 09:15:02 Debug: Send Message count 0
2016-06-04 09:15:32 Debug: 주문취소 수 : 0
2016-06-04 09:16:02 Debug: 주문취소 수 : 0
2016-06-04 09:16:02 Debug: Send Message count 0
2016-06-04 09:16:32 Debug: 주문취소 수 : 0
2016-06-04 09:17:01 Debug: 주문취소 수 : 0
2016-06-04 09:17:01 Debug: Send Message count 0
2016-06-04 09:17:31 Debug: 주문취소 수 : 0
2016-06-04 09:18:01 Debug: 주문취소 수 : 0
2016-06-04 09:18:01 Debug: Send Message count 0
2016-06-04 09:18:31 Debug: 주문취소 수 : 0
2016-06-04 09:19:01 Debug: 주문취소 수 : 0
2016-06-04 09:19:01 Debug: Send Message count 0
2016-06-04 09:19:31 Debug: 주문취소 수 : 0
2016-06-04 09:20:01 Debug: 주문취소 수 : 0
2016-06-04 09:20:01 Debug: Send Message count 0
2016-06-04 09:20:31 Debug: 주문취소 수 : 0
2016-06-04 09:21:01 Debug: 주문취소 수 : 0
2016-06-04 09:21:01 Debug: Send Message count 0
2016-06-04 09:21:31 Debug: 주문취소 수 : 0
2016-06-04 09:22:01 Debug: 주문취소 수 : 0
2016-06-04 09:22:01 Debug: Send Message count 0
2016-06-04 09:22:31 Debug: 주문취소 수 : 0
2016-06-04 09:23:01 Debug: 주문취소 수 : 0
2016-06-04 09:23:01 Debug: Send Message count 0
2016-06-04 09:23:31 Debug: 주문취소 수 : 0
2016-06-04 09:24:01 Debug: 주문취소 수 : 0
2016-06-04 09:24:01 Debug: Send Message count 0
2016-06-04 09:24:31 Debug: 주문취소 수 : 0
2016-06-04 09:25:02 Debug: 주문취소 수 : 0
2016-06-04 09:25:02 Debug: Send Message count 0
2016-06-04 09:25:31 Debug: 주문취소 수 : 0
2016-06-04 09:26:02 Debug: 주문취소 수 : 0
2016-06-04 09:26:02 Debug: Send Message count 0
2016-06-04 09:26:32 Debug: 주문취소 수 : 0
2016-06-04 09:27:01 Debug: 주문취소 수 : 0
2016-06-04 09:27:01 Debug: Send Message count 0
2016-06-04 09:27:31 Debug: 주문취소 수 : 0
2016-06-04 09:28:01 Debug: 주문취소 수 : 0
2016-06-04 09:28:01 Debug: Send Message count 0
2016-06-04 09:28:31 Debug: 주문취소 수 : 0
2016-06-04 09:29:01 Debug: 주문취소 수 : 0
2016-06-04 09:29:01 Debug: Send Message count 0
2016-06-04 09:29:31 Debug: 주문취소 수 : 0
2016-06-04 09:30:01 Debug: 주문취소 수 : 0
2016-06-04 09:30:01 Debug: Send Message count 0
2016-06-04 09:30:31 Debug: 주문취소 수 : 0
2016-06-04 09:31:01 Debug: 주문취소 수 : 0
2016-06-04 09:31:01 Debug: Send Message count 0
2016-06-04 09:31:31 Debug: 주문취소 수 : 0
2016-06-04 09:32:01 Debug: 주문취소 수 : 0
2016-06-04 09:32:01 Debug: Send Message count 0
2016-06-04 09:32:31 Debug: 주문취소 수 : 0
2016-06-04 09:33:01 Debug: 주문취소 수 : 0
2016-06-04 09:33:01 Debug: Send Message count 0
2016-06-04 09:33:31 Debug: 주문취소 수 : 0
2016-06-04 09:34:02 Debug: 주문취소 수 : 0
2016-06-04 09:34:02 Debug: Send Message count 0
2016-06-04 09:34:32 Debug: 주문취소 수 : 0
2016-06-04 09:35:01 Debug: 주문취소 수 : 0
2016-06-04 09:35:01 Debug: Send Message count 0
2016-06-04 09:35:31 Debug: 주문취소 수 : 0
2016-06-04 09:36:01 Debug: 주문취소 수 : 0
2016-06-04 09:36:01 Debug: Send Message count 0
2016-06-04 09:36:31 Debug: 주문취소 수 : 0
2016-06-04 09:37:01 Debug: 주문취소 수 : 0
2016-06-04 09:37:01 Debug: Send Message count 0
2016-06-04 09:37:31 Debug: 주문취소 수 : 0
2016-06-04 09:38:01 Debug: 주문취소 수 : 0
2016-06-04 09:38:01 Debug: Send Message count 0
2016-06-04 09:38:31 Debug: 주문취소 수 : 0
2016-06-04 09:39:01 Debug: 주문취소 수 : 0
2016-06-04 09:39:01 Debug: Send Message count 0
2016-06-04 09:39:31 Debug: 주문취소 수 : 0
2016-06-04 09:40:01 Debug: 주문취소 수 : 0
2016-06-04 09:40:01 Debug: Send Message count 0
2016-06-04 09:40:31 Debug: 주문취소 수 : 0
2016-06-04 09:41:01 Debug: 주문취소 수 : 0
2016-06-04 09:41:01 Debug: Send Message count 0
2016-06-04 09:41:31 Debug: 주문취소 수 : 0
2016-06-04 09:42:02 Debug: 주문취소 수 : 0
2016-06-04 09:42:02 Debug: Send Message count 0
2016-06-04 09:42:32 Debug: 주문취소 수 : 0
2016-06-04 09:43:01 Debug: 주문취소 수 : 0
2016-06-04 09:43:01 Debug: Send Message count 0
2016-06-04 09:43:31 Debug: 주문취소 수 : 0
2016-06-04 09:44:01 Debug: 주문취소 수 : 0
2016-06-04 09:44:01 Debug: Send Message count 0
2016-06-04 09:44:31 Debug: 주문취소 수 : 0
2016-06-04 09:45:01 Debug: 주문취소 수 : 0
2016-06-04 09:45:01 Debug: Send Message count 0
2016-06-04 09:45:31 Debug: 주문취소 수 : 0
2016-06-04 09:46:01 Debug: 주문취소 수 : 0
2016-06-04 09:46:01 Debug: Send Message count 0
2016-06-04 09:46:31 Debug: 주문취소 수 : 0
2016-06-04 09:47:01 Debug: 주문취소 수 : 0
2016-06-04 09:47:01 Debug: Send Message count 0
2016-06-04 09:47:31 Debug: 주문취소 수 : 0
2016-06-04 09:48:01 Debug: 주문취소 수 : 0
2016-06-04 09:48:01 Debug: Send Message count 0
2016-06-04 09:48:31 Debug: 주문취소 수 : 0
2016-06-04 09:49:01 Debug: 주문취소 수 : 0
2016-06-04 09:49:01 Debug: Send Message count 0
2016-06-04 09:49:31 Debug: 주문취소 수 : 0
2016-06-04 09:50:02 Debug: 주문취소 수 : 0
2016-06-04 09:50:02 Debug: Send Message count 0
2016-06-04 09:50:32 Debug: 주문취소 수 : 0
2016-06-04 09:51:01 Debug: 주문취소 수 : 0
2016-06-04 09:51:01 Debug: Send Message count 0
2016-06-04 09:51:31 Debug: 주문취소 수 : 0
2016-06-04 09:52:01 Debug: 주문취소 수 : 0
2016-06-04 09:52:01 Debug: Send Message count 0
2016-06-04 09:52:31 Debug: 주문취소 수 : 0
2016-06-04 09:53:01 Debug: 주문취소 수 : 0
2016-06-04 09:53:01 Debug: Send Message count 0
2016-06-04 09:53:31 Debug: 주문취소 수 : 0
2016-06-04 09:54:01 Debug: 주문취소 수 : 0
2016-06-04 09:54:01 Debug: Send Message count 0
2016-06-04 09:54:31 Debug: 주문취소 수 : 0
2016-06-04 09:55:01 Debug: 주문취소 수 : 0
2016-06-04 09:55:01 Debug: Send Message count 0
2016-06-04 09:55:31 Debug: 주문취소 수 : 0
2016-06-04 09:56:01 Debug: 주문취소 수 : 0
2016-06-04 09:56:01 Debug: Send Message count 0
2016-06-04 09:56:31 Debug: 주문취소 수 : 0
2016-06-04 09:57:01 Debug: 주문취소 수 : 0
2016-06-04 09:57:01 Debug: Send Message count 0
2016-06-04 09:57:31 Debug: 주문취소 수 : 0
2016-06-04 09:58:02 Debug: Send Message count 0
2016-06-04 09:58:02 Debug: 주문취소 수 : 0
2016-06-04 09:58:31 Debug: 주문취소 수 : 0
2016-06-04 09:59:02 Debug: Send Message count 0
2016-06-04 09:59:02 Debug: 주문취소 수 : 0
2016-06-04 09:59:32 Debug: 주문취소 수 : 0
2016-06-04 10:00:01 Debug: 주문취소 수 : 0
2016-06-04 10:00:01 Debug: Send Message count 0
2016-06-04 10:00:31 Debug: 주문취소 수 : 0
2016-06-04 10:01:01 Debug: 주문취소 수 : 0
2016-06-04 10:01:01 Debug: Send Message count 0
2016-06-04 10:01:01 Debug: YoutubeCounter :73
2016-06-04 10:01:02 Debug: FacebookCounter :2777
2016-06-04 10:01:31 Debug: 주문취소 수 : 0
2016-06-04 10:02:01 Debug: 주문취소 수 : 0
2016-06-04 10:02:01 Debug: Send Message count 0
2016-06-04 10:02:31 Debug: 주문취소 수 : 0
2016-06-04 10:03:01 Debug: 주문취소 수 : 0
2016-06-04 10:03:01 Debug: Send Message count 0
2016-06-04 10:03:31 Debug: 주문취소 수 : 0
2016-06-04 10:04:01 Debug: 주문취소 수 : 0
2016-06-04 10:04:01 Debug: Send Message count 0
2016-06-04 10:04:31 Debug: 주문취소 수 : 0
2016-06-04 10:05:01 Debug: Send Message count 0
2016-06-04 10:05:01 Debug: 주문취소 수 : 0
2016-06-04 10:05:31 Debug: 주문취소 수 : 0
2016-06-04 10:06:01 Debug: 주문취소 수 : 0
2016-06-04 10:06:01 Debug: Send Message count 0
2016-06-04 10:06:31 Debug: 주문취소 수 : 0
2016-06-04 10:07:02 Debug: 주문취소 수 : 0
2016-06-04 10:07:02 Debug: Send Message count 0
2016-06-04 10:07:31 Debug: 주문취소 수 : 0
2016-06-04 10:08:02 Debug: 주문취소 수 : 0
2016-06-04 10:08:02 Debug: Send Message count 0
2016-06-04 10:08:32 Debug: 주문취소 수 : 0
2016-06-04 10:09:01 Debug: Send Message count 0
2016-06-04 10:09:01 Debug: 주문취소 수 : 0
2016-06-04 10:09:31 Debug: 주문취소 수 : 0
2016-06-04 10:10:01 Debug: 주문취소 수 : 0
2016-06-04 10:10:01 Debug: Send Message count 0
2016-06-04 10:10:31 Debug: 주문취소 수 : 0
2016-06-04 10:11:01 Debug: 주문취소 수 : 0
2016-06-04 10:11:01 Debug: Send Message count 0
2016-06-04 10:11:31 Debug: 주문취소 수 : 0
2016-06-04 10:12:01 Debug: 주문취소 수 : 0
2016-06-04 10:12:01 Debug: Send Message count 0
2016-06-04 10:12:31 Debug: 주문취소 수 : 0
2016-06-04 10:13:01 Debug: 주문취소 수 : 0
2016-06-04 10:13:01 Debug: Send Message count 0
2016-06-04 10:13:31 Debug: 주문취소 수 : 0
2016-06-04 10:14:01 Debug: 주문취소 수 : 0
2016-06-04 10:14:02 Debug: Send Message count 0
2016-06-04 10:14:31 Debug: 주문취소 수 : 0
2016-06-04 10:15:02 Debug: 주문취소 수 : 0
2016-06-04 10:15:02 Debug: Send Message count 0
2016-06-04 10:15:32 Debug: 주문취소 수 : 0
2016-06-04 10:16:01 Debug: 주문취소 수 : 0
2016-06-04 10:16:01 Debug: Send Message count 0
2016-06-04 10:16:31 Debug: 주문취소 수 : 0
2016-06-04 10:17:01 Debug: 주문취소 수 : 0
2016-06-04 10:17:01 Debug: Send Message count 0
2016-06-04 10:17:31 Debug: 주문취소 수 : 0
2016-06-04 10:18:01 Debug: 주문취소 수 : 0
2016-06-04 10:18:01 Debug: Send Message count 0
2016-06-04 10:18:31 Debug: 주문취소 수 : 0
2016-06-04 10:19:01 Debug: 주문취소 수 : 0
2016-06-04 10:19:01 Debug: Send Message count 0
2016-06-04 10:19:31 Debug: 주문취소 수 : 0
2016-06-04 10:20:01 Debug: 주문취소 수 : 0
2016-06-04 10:20:01 Debug: Send Message count 0
2016-06-04 10:20:31 Debug: 주문취소 수 : 0
2016-06-04 10:21:01 Debug: 주문취소 수 : 0
2016-06-04 10:21:01 Debug: Send Message count 0
2016-06-04 10:21:31 Debug: 주문취소 수 : 0
2016-06-04 10:22:02 Debug: 주문취소 수 : 0
2016-06-04 10:22:02 Debug: Send Message count 0
2016-06-04 10:22:31 Debug: 주문취소 수 : 0
2016-06-04 10:23:02 Debug: 주문취소 수 : 0
2016-06-04 10:23:02 Debug: Send Message count 0
2016-06-04 10:23:32 Debug: 주문취소 수 : 0
2016-06-04 10:24:01 Debug: 주문취소 수 : 0
2016-06-04 10:24:01 Debug: Send Message count 0
2016-06-04 10:24:31 Debug: 주문취소 수 : 0
2016-06-04 10:25:01 Debug: 주문취소 수 : 0
2016-06-04 10:25:01 Debug: Send Message count 0
2016-06-04 10:25:31 Debug: 주문취소 수 : 0
2016-06-04 10:26:01 Debug: 주문취소 수 : 0
2016-06-04 10:26:01 Debug: Send Message count 0
2016-06-04 10:26:31 Debug: 주문취소 수 : 0
2016-06-04 10:27:01 Debug: 주문취소 수 : 0
2016-06-04 10:27:01 Debug: Send Message count 0
2016-06-04 10:27:31 Debug: 주문취소 수 : 0
2016-06-04 10:28:01 Debug: 주문취소 수 : 0
2016-06-04 10:28:01 Debug: Send Message count 0
2016-06-04 10:28:31 Debug: 주문취소 수 : 0
2016-06-04 10:29:01 Debug: 주문취소 수 : 0
2016-06-04 10:29:01 Debug: Send Message count 0
2016-06-04 10:29:31 Debug: 주문취소 수 : 0
2016-06-04 10:30:01 Debug: 주문취소 수 : 0
2016-06-04 10:30:01 Debug: Send Message count 0
2016-06-04 10:30:31 Debug: 주문취소 수 : 0
2016-06-04 10:31:02 Debug: 주문취소 수 : 0
2016-06-04 10:31:02 Debug: Send Message count 0
2016-06-04 10:31:31 Debug: 주문취소 수 : 0
2016-06-04 10:32:02 Debug: 주문취소 수 : 0
2016-06-04 10:32:02 Debug: Send Message count 0
2016-06-04 10:32:32 Debug: 주문취소 수 : 0
2016-06-04 10:33:01 Debug: 주문취소 수 : 0
2016-06-04 10:33:01 Debug: Send Message count 0
2016-06-04 10:33:31 Debug: 주문취소 수 : 0
2016-06-04 10:34:01 Debug: 주문취소 수 : 0
2016-06-04 10:34:01 Debug: Send Message count 0
2016-06-04 10:34:31 Debug: 주문취소 수 : 0
2016-06-04 10:35:01 Debug: 주문취소 수 : 0
2016-06-04 10:35:01 Debug: Send Message count 0
2016-06-04 10:35:31 Debug: 주문취소 수 : 0
2016-06-04 10:36:01 Debug: 주문취소 수 : 0
2016-06-04 10:36:01 Debug: Send Message count 0
2016-06-04 10:36:31 Debug: 주문취소 수 : 0
2016-06-04 10:37:01 Debug: 주문취소 수 : 0
2016-06-04 10:37:01 Debug: Send Message count 0
2016-06-04 10:37:31 Debug: 주문취소 수 : 0
2016-06-04 10:38:01 Debug: 주문취소 수 : 0
2016-06-04 10:38:01 Debug: Send Message count 0
2016-06-04 10:38:31 Debug: 주문취소 수 : 0
2016-06-04 10:39:01 Debug: 주문취소 수 : 0
2016-06-04 10:39:01 Debug: Send Message count 0
2016-06-04 10:39:31 Debug: 주문취소 수 : 0
2016-06-04 10:40:02 Debug: 주문취소 수 : 0
2016-06-04 10:40:02 Debug: Send Message count 0
2016-06-04 10:40:31 Debug: 주문취소 수 : 0
2016-06-04 10:41:02 Debug: 주문취소 수 : 0
2016-06-04 10:41:02 Debug: Send Message count 0
2016-06-04 10:41:32 Debug: 주문취소 수 : 0
2016-06-04 10:42:01 Debug: 주문취소 수 : 0
2016-06-04 10:42:01 Debug: Send Message count 0
2016-06-04 10:42:31 Debug: 주문취소 수 : 0
2016-06-04 10:43:01 Debug: 주문취소 수 : 0
2016-06-04 10:43:01 Debug: Send Message count 0
2016-06-04 10:43:31 Debug: 주문취소 수 : 0
2016-06-04 10:44:01 Debug: 주문취소 수 : 0
2016-06-04 10:44:01 Debug: Send Message count 0
2016-06-04 10:44:31 Debug: 주문취소 수 : 0
2016-06-04 10:45:01 Debug: 주문취소 수 : 0
2016-06-04 10:45:01 Debug: Send Message count 0
2016-06-04 10:45:31 Debug: 주문취소 수 : 0
2016-06-04 10:46:01 Debug: 주문취소 수 : 0
2016-06-04 10:46:01 Debug: Send Message count 0
2016-06-04 10:46:31 Debug: 주문취소 수 : 0
2016-06-04 10:47:01 Debug: 주문취소 수 : 0
2016-06-04 10:47:01 Debug: Send Message count 0
2016-06-04 10:47:31 Debug: 주문취소 수 : 0
2016-06-04 10:48:02 Debug: 주문취소 수 : 0
2016-06-04 10:48:02 Debug: Send Message count 0
2016-06-04 10:48:31 Debug: 주문취소 수 : 0
2016-06-04 10:49:02 Debug: 주문취소 수 : 0
2016-06-04 10:49:02 Debug: Send Message count 0
2016-06-04 10:49:32 Debug: 주문취소 수 : 0
2016-06-04 10:50:01 Debug: 주문취소 수 : 0
2016-06-04 10:50:01 Debug: Send Message count 0
2016-06-04 10:50:31 Debug: 주문취소 수 : 0
2016-06-04 10:51:01 Debug: 주문취소 수 : 0
2016-06-04 10:51:01 Debug: Send Message count 0
2016-06-04 10:51:31 Debug: 주문취소 수 : 0
2016-06-04 10:52:01 Debug: 주문취소 수 : 0
2016-06-04 10:52:01 Debug: Send Message count 0
2016-06-04 10:52:31 Debug: 주문취소 수 : 0
2016-06-04 10:53:01 Debug: 주문취소 수 : 0
2016-06-04 10:53:01 Debug: Send Message count 0
2016-06-04 10:53:31 Debug: 주문취소 수 : 0
2016-06-04 10:54:01 Debug: 주문취소 수 : 0
2016-06-04 10:54:01 Debug: Send Message count 0
2016-06-04 10:54:31 Debug: 주문취소 수 : 0
2016-06-04 10:55:01 Debug: 주문취소 수 : 0
2016-06-04 10:55:01 Debug: Send Message count 0
2016-06-04 10:55:31 Debug: 주문취소 수 : 0
2016-06-04 10:56:01 Debug: 주문취소 수 : 0
2016-06-04 10:56:01 Debug: Send Message count 0
2016-06-04 10:56:31 Debug: 주문취소 수 : 0
2016-06-04 10:57:02 Debug: 주문취소 수 : 0
2016-06-04 10:57:02 Debug: Send Message count 0
2016-06-04 10:57:32 Debug: 주문취소 수 : 0
2016-06-04 10:58:01 Debug: Send Message count 0
2016-06-04 10:58:01 Debug: 주문취소 수 : 0
2016-06-04 10:58:31 Debug: 주문취소 수 : 0
2016-06-04 10:59:01 Debug: 주문취소 수 : 0
2016-06-04 10:59:01 Debug: Send Message count 0
2016-06-04 10:59:31 Debug: 주문취소 수 : 0
2016-06-04 11:00:01 Debug: 주문취소 수 : 0
2016-06-04 11:00:01 Debug: Send Message count 0
2016-06-04 11:00:31 Debug: 주문취소 수 : 0
2016-06-04 11:01:01 Debug: 주문취소 수 : 0
2016-06-04 11:01:01 Debug: Send Message count 0
2016-06-04 11:01:03 Debug: YoutubeCounter :73
2016-06-04 11:01:03 Debug: FacebookCounter :2777
2016-06-04 11:01:31 Debug: 주문취소 수 : 0
2016-06-04 11:02:01 Debug: 주문취소 수 : 0
2016-06-04 11:02:01 Debug: Send Message count 0
2016-06-04 11:02:31 Debug: 주문취소 수 : 0
2016-06-04 11:03:01 Debug: Send Message count 0
2016-06-04 11:03:01 Debug: 주문취소 수 : 0
2016-06-04 11:03:31 Debug: 주문취소 수 : 0
2016-06-04 11:04:01 Debug: 주문취소 수 : 0
2016-06-04 11:04:01 Debug: Send Message count 0
2016-06-04 11:04:31 Debug: 주문취소 수 : 0
2016-06-04 11:05:02 Debug: 주문취소 수 : 0
2016-06-04 11:05:02 Debug: Send Message count 0
2016-06-04 11:05:31 Debug: 주문취소 수 : 0
2016-06-04 11:06:02 Debug: 주문취소 수 : 0
2016-06-04 11:06:02 Debug: Send Message count 0
2016-06-04 11:06:32 Debug: 주문취소 수 : 0
2016-06-04 11:07:01 Debug: 주문취소 수 : 0
2016-06-04 11:07:01 Debug: Send Message count 0
2016-06-04 11:07:31 Debug: 주문취소 수 : 0
2016-06-04 11:08:01 Debug: 주문취소 수 : 0
2016-06-04 11:08:01 Debug: Send Message count 0
2016-06-04 11:08:31 Debug: 주문취소 수 : 0
2016-06-04 11:09:01 Debug: 주문취소 수 : 0
2016-06-04 11:09:01 Debug: Send Message count 0
2016-06-04 11:09:31 Debug: 주문취소 수 : 0
2016-06-04 11:10:01 Debug: 주문취소 수 : 0
2016-06-04 11:10:01 Debug: Send Message count 0
2016-06-04 11:10:31 Debug: 주문취소 수 : 0
2016-06-04 11:11:01 Debug: 주문취소 수 : 0
2016-06-04 11:11:01 Debug: Send Message count 0
2016-06-04 11:11:31 Debug: 주문취소 수 : 0
2016-06-04 11:12:01 Debug: 주문취소 수 : 0
2016-06-04 11:12:01 Debug: Send Message count 0
2016-06-04 11:12:31 Debug: 주문취소 수 : 0
2016-06-04 11:13:02 Debug: 주문취소 수 : 0
2016-06-04 11:13:02 Debug: Send Message count 0
2016-06-04 11:13:31 Debug: 주문취소 수 : 0
2016-06-04 11:14:02 Debug: 주문취소 수 : 0
2016-06-04 11:14:02 Debug: Send Message count 0
2016-06-04 11:14:32 Debug: 주문취소 수 : 0
2016-06-04 11:15:01 Debug: 주문취소 수 : 0
2016-06-04 11:15:01 Debug: Send Message count 0
2016-06-04 11:15:31 Debug: 주문취소 수 : 0
2016-06-04 11:16:01 Debug: 주문취소 수 : 0
2016-06-04 11:16:01 Debug: Send Message count 0
2016-06-04 11:16:31 Debug: 주문취소 수 : 0
2016-06-04 11:17:01 Debug: 주문취소 수 : 0
2016-06-04 11:17:01 Debug: Send Message count 0
2016-06-04 11:17:31 Debug: 주문취소 수 : 0
2016-06-04 11:18:01 Debug: 주문취소 수 : 0
2016-06-04 11:18:01 Debug: Send Message count 0
2016-06-04 11:18:31 Debug: 주문취소 수 : 0
2016-06-04 11:19:01 Debug: 주문취소 수 : 0
2016-06-04 11:19:01 Debug: Send Message count 0
2016-06-04 11:19:31 Debug: 주문취소 수 : 0
2016-06-04 11:20:01 Debug: 주문취소 수 : 0
2016-06-04 11:20:01 Debug: Send Message count 0
2016-06-04 11:20:31 Debug: 주문취소 수 : 0
2016-06-04 11:21:02 Debug: 주문취소 수 : 0
2016-06-04 11:21:02 Debug: Send Message count 0
2016-06-04 11:21:31 Debug: 주문취소 수 : 0
2016-06-04 11:22:02 Debug: 주문취소 수 : 0
2016-06-04 11:22:02 Debug: Send Message count 0
2016-06-04 11:22:32 Debug: 주문취소 수 : 0
2016-06-04 11:23:01 Debug: 주문취소 수 : 0
2016-06-04 11:23:01 Debug: Send Message count 0
2016-06-04 11:23:31 Debug: 주문취소 수 : 0
2016-06-04 11:24:01 Debug: 주문취소 수 : 0
2016-06-04 11:24:01 Debug: Send Message count 0
2016-06-04 11:24:31 Debug: 주문취소 수 : 0
2016-06-04 11:25:01 Debug: 주문취소 수 : 0
2016-06-04 11:25:01 Debug: Send Message count 0
2016-06-04 11:25:31 Debug: 주문취소 수 : 0
2016-06-04 11:26:01 Debug: 주문취소 수 : 0
2016-06-04 11:26:01 Debug: Send Message count 0
2016-06-04 11:26:31 Debug: 주문취소 수 : 0
2016-06-04 11:27:01 Debug: 주문취소 수 : 0
2016-06-04 11:27:01 Debug: Send Message count 0
2016-06-04 11:27:31 Debug: 주문취소 수 : 0
2016-06-04 11:28:01 Debug: 주문취소 수 : 0
2016-06-04 11:28:01 Debug: Send Message count 0
2016-06-04 11:28:31 Debug: 주문취소 수 : 0
2016-06-04 11:29:01 Debug: 주문취소 수 : 0
2016-06-04 11:29:02 Debug: Send Message count 0
2016-06-04 11:29:31 Debug: 주문취소 수 : 0
2016-06-04 11:30:02 Debug: 주문취소 수 : 0
2016-06-04 11:30:02 Debug: Send Message count 0
2016-06-04 11:30:32 Debug: 주문취소 수 : 0
2016-06-04 11:31:01 Debug: 주문취소 수 : 0
2016-06-04 11:31:01 Debug: Send Message count 0
2016-06-04 11:31:31 Debug: 주문취소 수 : 0
2016-06-04 11:32:01 Debug: 주문취소 수 : 0
2016-06-04 11:32:01 Debug: Send Message count 0
2016-06-04 11:32:31 Debug: 주문취소 수 : 0
2016-06-04 11:33:01 Debug: 주문취소 수 : 0
2016-06-04 11:33:01 Debug: Send Message count 0
2016-06-04 11:33:31 Debug: 주문취소 수 : 0
2016-06-04 11:34:01 Debug: 주문취소 수 : 0
2016-06-04 11:34:01 Debug: Send Message count 0
2016-06-04 11:34:31 Debug: 주문취소 수 : 0
2016-06-04 11:35:01 Debug: 주문취소 수 : 0
2016-06-04 11:35:01 Debug: Send Message count 0
2016-06-04 11:35:31 Debug: 주문취소 수 : 0
2016-06-04 11:36:01 Debug: 주문취소 수 : 0
2016-06-04 11:36:01 Debug: Send Message count 0
2016-06-04 11:36:31 Debug: 주문취소 수 : 0
2016-06-04 11:37:01 Debug: 주문취소 수 : 0
2016-06-04 11:37:01 Debug: Send Message count 0
2016-06-04 11:37:31 Debug: 주문취소 수 : 0
2016-06-04 11:38:02 Debug: 주문취소 수 : 0
2016-06-04 11:38:02 Debug: Send Message count 0
2016-06-04 11:38:31 Debug: 주문취소 수 : 0
2016-06-04 11:39:02 Debug: 주문취소 수 : 0
2016-06-04 11:39:02 Debug: Send Message count 0
2016-06-04 11:39:32 Debug: 주문취소 수 : 0
2016-06-04 11:40:01 Debug: 주문취소 수 : 0
2016-06-04 11:40:01 Debug: Send Message count 0
2016-06-04 11:40:31 Debug: 주문취소 수 : 0
2016-06-04 11:41:01 Debug: 주문취소 수 : 0
2016-06-04 11:41:01 Debug: Send Message count 0
2016-06-04 11:41:31 Debug: 주문취소 수 : 0
2016-06-04 11:42:01 Debug: 주문취소 수 : 0
2016-06-04 11:42:01 Debug: Send Message count 0
2016-06-04 11:42:31 Debug: 주문취소 수 : 0
2016-06-04 11:43:01 Debug: 주문취소 수 : 0
2016-06-04 11:43:01 Debug: Send Message count 0
2016-06-04 11:43:31 Debug: 주문취소 수 : 0
2016-06-04 11:44:01 Debug: 주문취소 수 : 0
2016-06-04 11:44:01 Debug: Send Message count 0
2016-06-04 11:44:31 Debug: 주문취소 수 : 0
2016-06-04 11:45:01 Debug: 주문취소 수 : 0
2016-06-04 11:45:01 Debug: Send Message count 0
2016-06-04 11:45:31 Debug: 주문취소 수 : 0
2016-06-04 11:46:02 Debug: 주문취소 수 : 0
2016-06-04 11:46:02 Debug: Send Message count 0
2016-06-04 11:46:31 Debug: 주문취소 수 : 0
2016-06-04 11:47:02 Debug: 주문취소 수 : 0
2016-06-04 11:47:02 Debug: Send Message count 0
2016-06-04 11:47:32 Debug: 주문취소 수 : 0
2016-06-04 11:48:01 Debug: 주문취소 수 : 0
2016-06-04 11:48:01 Debug: Send Message count 0
2016-06-04 11:48:31 Debug: 주문취소 수 : 0
2016-06-04 11:49:01 Debug: 주문취소 수 : 0
2016-06-04 11:49:01 Debug: Send Message count 0
2016-06-04 11:49:31 Debug: 주문취소 수 : 0
2016-06-04 11:50:01 Debug: 주문취소 수 : 0
2016-06-04 11:50:01 Debug: Send Message count 0
2016-06-04 11:50:31 Debug: 주문취소 수 : 0
2016-06-04 11:51:01 Debug: 주문취소 수 : 0
2016-06-04 11:51:01 Debug: Send Message count 0
2016-06-04 11:51:31 Debug: 주문취소 수 : 0
2016-06-04 11:52:01 Debug: 주문취소 수 : 0
2016-06-04 11:52:01 Debug: Send Message count 0
2016-06-04 11:52:31 Debug: 주문취소 수 : 0
2016-06-04 11:53:01 Debug: 주문취소 수 : 0
2016-06-04 11:53:01 Debug: Send Message count 0
2016-06-04 11:53:31 Debug: 주문취소 수 : 0
2016-06-04 11:54:01 Debug: 주문취소 수 : 0
2016-06-04 11:54:01 Debug: Send Message count 0
2016-06-04 11:54:31 Debug: 주문취소 수 : 0
2016-06-04 11:55:02 Debug: Send Message count 0
2016-06-04 11:55:02 Debug: 주문취소 수 : 0
2016-06-04 11:55:31 Debug: 주문취소 수 : 0
2016-06-04 11:56:02 Debug: 주문취소 수 : 0
2016-06-04 11:56:02 Debug: Send Message count 0
2016-06-04 11:56:32 Debug: 주문취소 수 : 0
2016-06-04 11:57:01 Debug: 주문취소 수 : 0
2016-06-04 11:57:01 Debug: Send Message count 0
2016-06-04 11:57:31 Debug: 주문취소 수 : 0
2016-06-04 11:58:01 Debug: 주문취소 수 : 0
2016-06-04 11:58:01 Debug: Send Message count 0
2016-06-04 11:58:31 Debug: 주문취소 수 : 0
2016-06-04 11:59:01 Debug: 주문취소 수 : 0
2016-06-04 11:59:01 Debug: Send Message count 0
2016-06-04 11:59:31 Debug: 주문취소 수 : 0
2016-06-04 12:00:01 Debug: 주문취소 수 : 0
2016-06-04 12:00:01 Debug: Send Message count 0
2016-06-04 12:00:31 Debug: 주문취소 수 : 0
2016-06-04 12:01:01 Debug: 주문취소 수 : 0
2016-06-04 12:01:01 Debug: Send Message count 0
2016-06-04 12:01:02 Debug: YoutubeCounter :73
2016-06-04 12:01:02 Debug: FacebookCounter :2777
2016-06-04 12:01:31 Debug: 주문취소 수 : 0
2016-06-04 12:02:01 Debug: 주문취소 수 : 0
2016-06-04 12:02:01 Debug: Send Message count 0
2016-06-04 12:02:31 Debug: 주문취소 수 : 0
2016-06-04 12:03:01 Debug: 주문취소 수 : 0
2016-06-04 12:03:01 Debug: Send Message count 0
2016-06-04 12:03:31 Debug: 주문취소 수 : 0
2016-06-04 12:04:02 Debug: 주문취소 수 : 0
2016-06-04 12:04:02 Debug: Send Message count 0
2016-06-04 12:04:32 Debug: 주문취소 수 : 0
2016-06-04 12:05:01 Debug: 주문취소 수 : 0
2016-06-04 12:05:01 Debug: Send Message count 0
2016-06-04 12:05:31 Debug: 주문취소 수 : 0
2016-06-04 12:06:01 Debug: 주문취소 수 : 0
2016-06-04 12:06:01 Debug: Send Message count 0
2016-06-04 12:06:31 Debug: 주문취소 수 : 0
2016-06-04 12:07:01 Debug: 주문취소 수 : 0
2016-06-04 12:07:01 Debug: Send Message count 0
2016-06-04 12:07:31 Debug: 주문취소 수 : 0
2016-06-04 12:08:01 Debug: 주문취소 수 : 0
2016-06-04 12:08:01 Debug: Send Message count 0
2016-06-04 12:08:31 Debug: 주문취소 수 : 0
2016-06-04 12:09:01 Debug: 주문취소 수 : 0
2016-06-04 12:09:01 Debug: Send Message count 0
2016-06-04 12:09:31 Debug: 주문취소 수 : 0
2016-06-04 12:10:01 Debug: 주문취소 수 : 0
2016-06-04 12:10:01 Debug: Send Message count 0
2016-06-04 12:10:31 Debug: 주문취소 수 : 0
2016-06-04 12:11:01 Debug: 주문취소 수 : 0
2016-06-04 12:11:01 Debug: Send Message count 0
2016-06-04 12:11:31 Debug: 주문취소 수 : 0
2016-06-04 12:12:02 Debug: 주문취소 수 : 0
2016-06-04 12:12:02 Debug: Send Message count 0
2016-06-04 12:12:31 Debug: 주문취소 수 : 0
2016-06-04 12:13:02 Debug: 주문취소 수 : 0
2016-06-04 12:13:02 Debug: Send Message count 0
2016-06-04 12:13:32 Debug: 주문취소 수 : 0
2016-06-04 12:14:01 Debug: 주문취소 수 : 0
2016-06-04 12:14:01 Debug: Send Message count 0
2016-06-04 12:14:31 Debug: 주문취소 수 : 0
2016-06-04 12:15:01 Debug: 주문취소 수 : 0
2016-06-04 12:15:01 Debug: Send Message count 0
2016-06-04 12:15:31 Debug: 주문취소 수 : 0
2016-06-04 12:16:01 Debug: Send Message count 0
2016-06-04 12:16:01 Debug: 주문취소 수 : 0
2016-06-04 12:16:31 Debug: 주문취소 수 : 0
2016-06-04 12:17:01 Debug: 주문취소 수 : 0
2016-06-04 12:17:01 Debug: Send Message count 0
2016-06-04 12:17:31 Debug: 주문취소 수 : 0
2016-06-04 12:18:01 Debug: 주문취소 수 : 0
2016-06-04 12:18:01 Debug: Send Message count 0
2016-06-04 12:18:31 Debug: 주문취소 수 : 0
2016-06-04 12:19:01 Debug: 주문취소 수 : 0
2016-06-04 12:19:01 Debug: Send Message count 0
2016-06-04 12:19:31 Debug: 주문취소 수 : 0
2016-06-04 12:20:01 Debug: 주문취소 수 : 0
2016-06-04 12:20:01 Debug: Send Message count 0
2016-06-04 12:20:31 Debug: 주문취소 수 : 0
2016-06-04 12:21:02 Debug: 주문취소 수 : 0
2016-06-04 12:21:02 Debug: Send Message count 0
2016-06-04 12:21:31 Debug: 주문취소 수 : 0
2016-06-04 12:22:01 Debug: 주문취소 수 : 0
2016-06-04 12:22:01 Debug: Send Message count 0
2016-06-04 12:22:31 Debug: 주문취소 수 : 0
2016-06-04 12:23:01 Debug: 주문취소 수 : 0
2016-06-04 12:23:01 Debug: Send Message count 0
2016-06-04 12:23:31 Debug: 주문취소 수 : 0
2016-06-04 12:24:01 Debug: 주문취소 수 : 0
2016-06-04 12:24:01 Debug: Send Message count 0
2016-06-04 12:24:31 Debug: 주문취소 수 : 0
2016-06-04 12:25:01 Debug: 주문취소 수 : 0
2016-06-04 12:25:01 Debug: Send Message count 0
2016-06-04 12:25:31 Debug: 주문취소 수 : 0
2016-06-04 12:26:01 Debug: 주문취소 수 : 0
2016-06-04 12:26:01 Debug: Send Message count 0
2016-06-04 12:26:31 Debug: 주문취소 수 : 0
2016-06-04 12:27:01 Debug: 주문취소 수 : 0
2016-06-04 12:27:01 Debug: Send Message count 0
2016-06-04 12:27:31 Debug: 주문취소 수 : 0
2016-06-04 12:28:01 Debug: 주문취소 수 : 0
2016-06-04 12:28:01 Debug: Send Message count 0
2016-06-04 12:28:31 Debug: 주문취소 수 : 0
2016-06-04 12:29:02 Debug: 주문취소 수 : 0
2016-06-04 12:29:02 Debug: Send Message count 0
2016-06-04 12:29:31 Debug: 주문취소 수 : 0
2016-06-04 12:30:02 Debug: 주문취소 수 : 0
2016-06-04 12:30:02 Debug: Send Message count 0
2016-06-04 12:30:32 Debug: 주문취소 수 : 0
2016-06-04 12:31:01 Debug: 주문취소 수 : 0
2016-06-04 12:31:01 Debug: Send Message count 0
2016-06-04 12:31:31 Debug: 주문취소 수 : 0
2016-06-04 12:32:01 Debug: Send Message count 0
2016-06-04 12:32:01 Debug: 주문취소 수 : 0
2016-06-04 12:32:31 Debug: 주문취소 수 : 0
2016-06-04 12:33:01 Debug: 주문취소 수 : 0
2016-06-04 12:33:01 Debug: Send Message count 0
2016-06-04 12:33:31 Debug: 주문취소 수 : 0
2016-06-04 12:34:01 Debug: 주문취소 수 : 0
2016-06-04 12:34:01 Debug: Send Message count 0
2016-06-04 12:34:31 Debug: 주문취소 수 : 0
2016-06-04 12:35:01 Debug: 주문취소 수 : 0
2016-06-04 12:35:01 Debug: Send Message count 0
2016-06-04 12:35:31 Debug: 주문취소 수 : 0
2016-06-04 12:36:01 Debug: Send Message count 0
2016-06-04 12:36:01 Debug: 주문취소 수 : 0
2016-06-04 12:36:31 Debug: 주문취소 수 : 0
2016-06-04 12:37:02 Debug: 주문취소 수 : 0
2016-06-04 12:37:02 Debug: Send Message count 0
2016-06-04 12:37:31 Debug: 주문취소 수 : 0
2016-06-04 12:38:02 Debug: 주문취소 수 : 0
2016-06-04 12:38:02 Debug: Send Message count 0
2016-06-04 12:38:32 Debug: 주문취소 수 : 0
2016-06-04 12:39:01 Debug: 주문취소 수 : 0
2016-06-04 12:39:01 Debug: Send Message count 0
2016-06-04 12:39:31 Debug: 주문취소 수 : 0
2016-06-04 12:40:01 Debug: 주문취소 수 : 0
2016-06-04 12:40:01 Debug: Send Message count 0
2016-06-04 12:40:31 Debug: 주문취소 수 : 0
2016-06-04 12:41:01 Debug: 주문취소 수 : 0
2016-06-04 12:41:01 Debug: Send Message count 0
2016-06-04 12:41:31 Debug: 주문취소 수 : 0
2016-06-04 12:42:01 Debug: 주문취소 수 : 0
2016-06-04 12:42:01 Debug: Send Message count 0
2016-06-04 12:42:31 Debug: 주문취소 수 : 0
2016-06-04 12:43:01 Debug: 주문취소 수 : 0
2016-06-04 12:43:01 Debug: Send Message count 0
2016-06-04 12:43:31 Debug: 주문취소 수 : 0
2016-06-04 12:44:01 Debug: 주문취소 수 : 0
2016-06-04 12:44:01 Debug: Send Message count 0
2016-06-04 12:44:31 Debug: 주문취소 수 : 0
2016-06-04 12:45:01 Debug: 주문취소 수 : 0
2016-06-04 12:45:01 Debug: Send Message count 0
2016-06-04 12:45:31 Debug: 주문취소 수 : 0
2016-06-04 12:46:02 Debug: 주문취소 수 : 0
2016-06-04 12:46:02 Debug: Send Message count 0
2016-06-04 12:46:32 Debug: 주문취소 수 : 0
2016-06-04 12:47:01 Debug: 주문취소 수 : 0
2016-06-04 12:47:01 Debug: Send Message count 0
2016-06-04 12:47:31 Debug: 주문취소 수 : 0
2016-06-04 12:48:01 Debug: 주문취소 수 : 0
2016-06-04 12:48:01 Debug: Send Message count 0
2016-06-04 12:48:31 Debug: 주문취소 수 : 0
2016-06-04 12:49:01 Debug: 주문취소 수 : 0
2016-06-04 12:49:01 Debug: Send Message count 0
2016-06-04 12:49:31 Debug: 주문취소 수 : 0
2016-06-04 12:50:01 Debug: 주문취소 수 : 0
2016-06-04 12:50:01 Debug: Send Message count 0
2016-06-04 12:50:31 Debug: 주문취소 수 : 0
2016-06-04 12:51:01 Debug: 주문취소 수 : 0
2016-06-04 12:51:01 Debug: Send Message count 0
2016-06-04 12:51:31 Debug: 주문취소 수 : 0
2016-06-04 12:52:01 Debug: Send Message count 0
2016-06-04 12:52:01 Debug: 주문취소 수 : 0
2016-06-04 12:52:31 Debug: 주문취소 수 : 0
2016-06-04 12:53:01 Debug: 주문취소 수 : 0
2016-06-04 12:53:01 Debug: Send Message count 0
2016-06-04 12:53:31 Debug: 주문취소 수 : 0
2016-06-04 12:54:02 Debug: 주문취소 수 : 0
2016-06-04 12:54:02 Debug: Send Message count 0
2016-06-04 12:54:31 Debug: 주문취소 수 : 0
2016-06-04 12:55:02 Debug: 주문취소 수 : 0
2016-06-04 12:55:02 Debug: Send Message count 0
2016-06-04 12:55:32 Debug: 주문취소 수 : 0
2016-06-04 12:56:01 Debug: 주문취소 수 : 0
2016-06-04 12:56:01 Debug: Send Message count 0
2016-06-04 12:56:31 Debug: 주문취소 수 : 0
2016-06-04 12:57:01 Debug: 주문취소 수 : 0
2016-06-04 12:57:01 Debug: Send Message count 0
2016-06-04 12:57:31 Debug: 주문취소 수 : 0
2016-06-04 12:58:01 Debug: 주문취소 수 : 0
2016-06-04 12:58:01 Debug: Send Message count 0
2016-06-04 12:58:31 Debug: 주문취소 수 : 0
2016-06-04 12:59:01 Debug: 주문취소 수 : 0
2016-06-04 12:59:01 Debug: Send Message count 0
2016-06-04 12:59:31 Debug: 주문취소 수 : 0
2016-06-04 13:00:01 Debug: 주문취소 수 : 0
2016-06-04 13:00:01 Debug: Send Message count 0
2016-06-04 13:00:31 Debug: 주문취소 수 : 0
2016-06-04 13:01:01 Debug: 주문취소 수 : 0
2016-06-04 13:01:01 Debug: Send Message count 0
2016-06-04 13:01:02 Debug: YoutubeCounter :73
2016-06-04 13:01:02 Debug: FacebookCounter :2777
2016-06-04 13:01:31 Debug: 주문취소 수 : 0
2016-06-04 13:02:02 Debug: Send Message count 0
2016-06-04 13:02:02 Debug: 주문취소 수 : 0
2016-06-04 13:02:31 Debug: 주문취소 수 : 0
2016-06-04 13:03:02 Debug: Send Message count 0
2016-06-04 13:03:02 Debug: 주문취소 수 : 0
2016-06-04 13:03:32 Debug: 주문취소 수 : 0
2016-06-04 13:04:01 Debug: 주문취소 수 : 0
2016-06-04 13:04:01 Debug: Send Message count 0
2016-06-04 13:04:31 Debug: 주문취소 수 : 0
2016-06-04 13:05:01 Debug: 주문취소 수 : 0
2016-06-04 13:05:01 Debug: Send Message count 0
2016-06-04 13:05:31 Debug: 주문취소 수 : 0
2016-06-04 13:06:01 Debug: 주문취소 수 : 0
2016-06-04 13:06:01 Debug: Send Message count 0
2016-06-04 13:06:31 Debug: 주문취소 수 : 0
2016-06-04 13:07:01 Debug: 주문취소 수 : 0
2016-06-04 13:07:01 Debug: Send Message count 0
2016-06-04 13:07:31 Debug: 주문취소 수 : 0
2016-06-04 13:08:01 Debug: 주문취소 수 : 0
2016-06-04 13:08:01 Debug: Send Message count 0
2016-06-04 13:08:31 Debug: 주문취소 수 : 0
2016-06-04 13:09:02 Debug: 주문취소 수 : 0
2016-06-04 13:09:02 Debug: Send Message count 0
2016-06-04 13:09:32 Debug: 주문취소 수 : 0
2016-06-04 13:10:01 Debug: 주문취소 수 : 0
2016-06-04 13:10:01 Debug: Send Message count 0
2016-06-04 13:10:31 Debug: 주문취소 수 : 0
2016-06-04 13:11:01 Debug: 주문취소 수 : 0
2016-06-04 13:11:01 Debug: Send Message count 0
2016-06-04 13:11:31 Debug: 주문취소 수 : 0
2016-06-04 13:12:01 Debug: 주문취소 수 : 0
2016-06-04 13:12:01 Debug: Send Message count 0
2016-06-04 13:12:31 Debug: 주문취소 수 : 0
2016-06-04 13:13:01 Debug: 주문취소 수 : 0
2016-06-04 13:13:01 Debug: Send Message count 0
2016-06-04 13:13:31 Debug: 주문취소 수 : 0
2016-06-04 13:14:01 Debug: 주문취소 수 : 0
2016-06-04 13:14:01 Debug: Send Message count 0
2016-06-04 13:14:31 Debug: 주문취소 수 : 0
2016-06-04 13:15:01 Debug: 주문취소 수 : 0
2016-06-04 13:15:01 Debug: Send Message count 0
2016-06-04 13:15:31 Debug: 주문취소 수 : 0
2016-06-04 13:16:01 Debug: 주문취소 수 : 0
2016-06-04 13:16:01 Debug: Send Message count 0
2016-06-04 13:16:31 Debug: 주문취소 수 : 0
2016-06-04 13:17:02 Debug: 주문취소 수 : 0
2016-06-04 13:17:02 Debug: Send Message count 0
2016-06-04 13:17:32 Debug: 주문취소 수 : 0
2016-06-04 13:18:01 Debug: 주문취소 수 : 0
2016-06-04 13:18:01 Debug: Send Message count 0
2016-06-04 13:18:31 Debug: 주문취소 수 : 0
2016-06-04 13:19:01 Debug: Send Message count 0
2016-06-04 13:19:01 Debug: 주문취소 수 : 0
2016-06-04 13:19:31 Debug: 주문취소 수 : 0
2016-06-04 13:20:01 Debug: 주문취소 수 : 0
2016-06-04 13:20:01 Debug: Send Message count 0
2016-06-04 13:20:31 Debug: 주문취소 수 : 0
2016-06-04 13:21:01 Debug: Send Message count 0
2016-06-04 13:21:01 Debug: 주문취소 수 : 0
2016-06-04 13:21:31 Debug: 주문취소 수 : 0
2016-06-04 13:22:01 Debug: 주문취소 수 : 0
2016-06-04 13:22:01 Debug: Send Message count 0
2016-06-04 13:22:31 Debug: 주문취소 수 : 0
2016-06-04 13:23:01 Debug: 주문취소 수 : 0
2016-06-04 13:23:01 Debug: Send Message count 0
2016-06-04 13:23:31 Debug: 주문취소 수 : 0
2016-06-04 13:24:01 Debug: 주문취소 수 : 0
2016-06-04 13:24:01 Debug: Send Message count 0
2016-06-04 13:24:31 Debug: 주문취소 수 : 0
2016-06-04 13:25:02 Debug: 주문취소 수 : 0
2016-06-04 13:25:02 Debug: Send Message count 0
2016-06-04 13:25:31 Debug: 주문취소 수 : 0
2016-06-04 13:26:02 Debug: 주문취소 수 : 0
2016-06-04 13:26:02 Debug: Send Message count 0
2016-06-04 13:26:32 Debug: 주문취소 수 : 0
2016-06-04 13:27:01 Debug: 주문취소 수 : 0
2016-06-04 13:27:01 Debug: Send Message count 0
2016-06-04 13:27:31 Debug: 주문취소 수 : 0
2016-06-04 13:28:01 Debug: 주문취소 수 : 0
2016-06-04 13:28:01 Debug: Send Message count 0
2016-06-04 13:28:31 Debug: 주문취소 수 : 0
2016-06-04 13:29:01 Debug: 주문취소 수 : 0
2016-06-04 13:29:01 Debug: Send Message count 0
2016-06-04 13:29:31 Debug: 주문취소 수 : 0
2016-06-04 13:30:01 Debug: 주문취소 수 : 0
2016-06-04 13:30:01 Debug: Send Message count 0
2016-06-04 13:30:31 Debug: 주문취소 수 : 0
2016-06-04 13:31:01 Debug: 주문취소 수 : 0
2016-06-04 13:31:01 Debug: Send Message count 0
2016-06-04 13:31:31 Debug: 주문취소 수 : 0
2016-06-04 13:32:01 Debug: 주문취소 수 : 0
2016-06-04 13:32:01 Debug: Send Message count 0
2016-06-04 13:32:31 Debug: 주문취소 수 : 0
2016-06-04 13:33:01 Debug: 주문취소 수 : 0
2016-06-04 13:33:01 Debug: Send Message count 0
2016-06-04 13:33:31 Debug: 주문취소 수 : 0
2016-06-04 13:34:02 Debug: 주문취소 수 : 0
2016-06-04 13:34:02 Debug: Send Message count 0
2016-06-04 13:34:31 Debug: 주문취소 수 : 0
2016-06-04 13:35:01 Debug: 주문취소 수 : 0
2016-06-04 13:35:01 Debug: Send Message count 0
2016-06-04 13:35:31 Debug: 주문취소 수 : 0
2016-06-04 13:36:01 Debug: 주문취소 수 : 0
2016-06-04 13:36:01 Debug: Send Message count 0
2016-06-04 13:36:31 Debug: 주문취소 수 : 0
2016-06-04 13:37:01 Debug: 주문취소 수 : 0
2016-06-04 13:37:01 Debug: Send Message count 0
2016-06-04 13:37:31 Debug: 주문취소 수 : 0
2016-06-04 13:38:01 Debug: 주문취소 수 : 0
2016-06-04 13:38:01 Debug: Send Message count 0
2016-06-04 13:38:31 Debug: 주문취소 수 : 0
2016-06-04 13:39:01 Debug: 주문취소 수 : 0
2016-06-04 13:39:01 Debug: Send Message count 0
2016-06-04 13:39:31 Debug: 주문취소 수 : 0
2016-06-04 13:40:01 Debug: 주문취소 수 : 0
2016-06-04 13:40:01 Debug: Send Message count 0
2016-06-04 13:40:31 Debug: 주문취소 수 : 0
2016-06-04 13:41:01 Debug: 주문취소 수 : 0
2016-06-04 13:41:01 Debug: Send Message count 0
2016-06-04 13:41:31 Debug: 주문취소 수 : 0
2016-06-04 13:42:02 Debug: Send Message count 0
2016-06-04 13:42:02 Debug: 주문취소 수 : 0
2016-06-04 13:42:32 Debug: 주문취소 수 : 0
2016-06-04 13:43:01 Debug: 주문취소 수 : 0
2016-06-04 13:43:01 Debug: Send Message count 0
2016-06-04 13:43:31 Debug: 주문취소 수 : 0
2016-06-04 13:44:01 Debug: 주문취소 수 : 0
2016-06-04 13:44:01 Debug: Send Message count 0
2016-06-04 13:44:31 Debug: 주문취소 수 : 0
2016-06-04 13:45:01 Debug: 주문취소 수 : 0
2016-06-04 13:45:01 Debug: Send Message count 0
2016-06-04 13:45:31 Debug: 주문취소 수 : 0
2016-06-04 13:46:01 Debug: 주문취소 수 : 0
2016-06-04 13:46:01 Debug: Send Message count 0
2016-06-04 13:46:31 Debug: 주문취소 수 : 0
2016-06-04 13:47:01 Debug: 주문취소 수 : 0
2016-06-04 13:47:01 Debug: Send Message count 0
2016-06-04 13:47:31 Debug: 주문취소 수 : 0
2016-06-04 13:48:01 Debug: 주문취소 수 : 0
2016-06-04 13:48:01 Debug: Send Message count 0
2016-06-04 13:48:31 Debug: 주문취소 수 : 0
2016-06-04 13:49:01 Debug: 주문취소 수 : 0
2016-06-04 13:49:01 Debug: Send Message count 0
2016-06-04 13:49:31 Debug: 주문취소 수 : 0
2016-06-04 13:50:01 Debug: 주문취소 수 : 0
2016-06-04 13:50:01 Debug: Send Message count 0
2016-06-04 13:50:31 Debug: 주문취소 수 : 0
2016-06-04 13:51:02 Debug: 주문취소 수 : 0
2016-06-04 13:51:02 Debug: Send Message count 0
2016-06-04 13:51:32 Debug: 주문취소 수 : 0
2016-06-04 13:52:01 Debug: 주문취소 수 : 0
2016-06-04 13:52:01 Debug: Send Message count 0
2016-06-04 13:52:31 Debug: 주문취소 수 : 0
2016-06-04 13:53:01 Debug: 주문취소 수 : 0
2016-06-04 13:53:01 Debug: Send Message count 0
2016-06-04 13:53:31 Debug: 주문취소 수 : 0
2016-06-04 13:54:01 Debug: 주문취소 수 : 0
2016-06-04 13:54:01 Debug: Send Message count 0
2016-06-04 13:54:31 Debug: 주문취소 수 : 0
2016-06-04 13:55:01 Debug: Send Message count 0
2016-06-04 13:55:01 Debug: 주문취소 수 : 0
2016-06-04 13:55:31 Debug: 주문취소 수 : 0
2016-06-04 13:56:01 Debug: Send Message count 0
2016-06-04 13:56:01 Debug: 주문취소 수 : 0
2016-06-04 13:56:31 Debug: 주문취소 수 : 0
2016-06-04 13:57:01 Debug: 주문취소 수 : 0
2016-06-04 13:57:01 Debug: Send Message count 0
2016-06-04 13:57:31 Debug: 주문취소 수 : 0
2016-06-04 13:58:01 Debug: 주문취소 수 : 0
2016-06-04 13:58:01 Debug: Send Message count 0
2016-06-04 13:58:31 Debug: 주문취소 수 : 0
2016-06-04 13:59:02 Debug: Send Message count 0
2016-06-04 13:59:02 Debug: 주문취소 수 : 0
2016-06-04 13:59:32 Debug: 주문취소 수 : 0
2016-06-04 14:00:01 Debug: 주문취소 수 : 0
2016-06-04 14:00:01 Debug: Send Message count 0
2016-06-04 14:00:31 Debug: 주문취소 수 : 0
2016-06-04 14:01:01 Debug: 주문취소 수 : 0
2016-06-04 14:01:01 Debug: Send Message count 0
2016-06-04 14:01:01 Debug: YoutubeCounter :73
2016-06-04 14:01:02 Debug: FacebookCounter :2777
2016-06-04 14:01:31 Debug: 주문취소 수 : 0
2016-06-04 14:02:01 Debug: 주문취소 수 : 0
2016-06-04 14:02:01 Debug: Send Message count 0
2016-06-04 14:02:31 Debug: 주문취소 수 : 0
2016-06-04 14:03:01 Debug: 주문취소 수 : 0
2016-06-04 14:03:01 Debug: Send Message count 0
2016-06-04 14:03:31 Debug: 주문취소 수 : 0
2016-06-04 14:04:01 Debug: 주문취소 수 : 0
2016-06-04 14:04:01 Debug: Send Message count 0
2016-06-04 14:04:31 Debug: 주문취소 수 : 0
2016-06-04 14:05:01 Debug: 주문취소 수 : 0
2016-06-04 14:05:01 Debug: Send Message count 0
2016-06-04 14:05:31 Debug: 주문취소 수 : 0
2016-06-04 14:06:01 Debug: 주문취소 수 : 0
2016-06-04 14:06:01 Debug: Send Message count 0
2016-06-04 14:06:31 Debug: 주문취소 수 : 0
2016-06-04 14:07:01 Debug: 주문취소 수 : 0
2016-06-04 14:07:01 Debug: Send Message count 0
2016-06-04 14:07:31 Debug: 주문취소 수 : 0
2016-06-04 14:08:02 Debug: 주문취소 수 : 0
2016-06-04 14:08:02 Debug: Send Message count 0
2016-06-04 14:08:32 Debug: 주문취소 수 : 0
2016-06-04 14:09:01 Debug: 주문취소 수 : 0
2016-06-04 14:09:01 Debug: Send Message count 0
2016-06-04 14:09:31 Debug: 주문취소 수 : 0
2016-06-04 14:10:01 Debug: 주문취소 수 : 0
2016-06-04 14:10:01 Debug: Send Message count 0
2016-06-04 14:10:31 Debug: 주문취소 수 : 0
2016-06-04 14:11:01 Debug: 주문취소 수 : 0
2016-06-04 14:11:01 Debug: Send Message count 0
2016-06-04 14:11:31 Debug: 주문취소 수 : 0
2016-06-04 14:12:01 Debug: 주문취소 수 : 0
2016-06-04 14:12:01 Debug: Send Message count 0
2016-06-04 14:12:31 Debug: 주문취소 수 : 0
2016-06-04 14:13:01 Debug: 주문취소 수 : 0
2016-06-04 14:13:01 Debug: Send Message count 0
2016-06-04 14:13:31 Debug: 주문취소 수 : 0
2016-06-04 14:14:01 Debug: 주문취소 수 : 0
2016-06-04 14:14:01 Debug: Send Message count 0
2016-06-04 14:14:31 Debug: 주문취소 수 : 0
2016-06-04 14:15:01 Debug: 주문취소 수 : 0
2016-06-04 14:15:01 Debug: Send Message count 0
2016-06-04 14:15:31 Debug: 주문취소 수 : 0
2016-06-04 14:16:02 Debug: 주문취소 수 : 0
2016-06-04 14:16:02 Debug: Send Message count 0
2016-06-04 14:16:32 Debug: 주문취소 수 : 0
2016-06-04 14:17:01 Debug: 주문취소 수 : 0
2016-06-04 14:17:01 Debug: Send Message count 0
2016-06-04 14:17:31 Debug: 주문취소 수 : 0
2016-06-04 14:18:01 Debug: 주문취소 수 : 0
2016-06-04 14:18:01 Debug: Send Message count 0
2016-06-04 14:18:31 Debug: 주문취소 수 : 0
2016-06-04 14:19:01 Debug: 주문취소 수 : 0
2016-06-04 14:19:01 Debug: Send Message count 0
2016-06-04 14:19:31 Debug: 주문취소 수 : 0
2016-06-04 14:20:01 Debug: 주문취소 수 : 0
2016-06-04 14:20:01 Debug: Send Message count 0
2016-06-04 14:20:31 Debug: 주문취소 수 : 0
2016-06-04 14:21:01 Debug: 주문취소 수 : 0
2016-06-04 14:21:01 Debug: Send Message count 0
2016-06-04 14:21:31 Debug: 주문취소 수 : 0
2016-06-04 14:22:01 Debug: 주문취소 수 : 0
2016-06-04 14:22:01 Debug: Send Message count 0
2016-06-04 14:22:31 Debug: 주문취소 수 : 0
2016-06-04 14:23:01 Debug: 주문취소 수 : 0
2016-06-04 14:23:01 Debug: Send Message count 0
2016-06-04 14:23:31 Debug: 주문취소 수 : 0
2016-06-04 14:24:02 Debug: 주문취소 수 : 0
2016-06-04 14:24:02 Debug: Send Message count 0
2016-06-04 14:24:32 Debug: 주문취소 수 : 0
2016-06-04 14:25:01 Debug: 주문취소 수 : 0
2016-06-04 14:25:01 Debug: Send Message count 0
2016-06-04 14:25:31 Debug: 주문취소 수 : 0
2016-06-04 14:26:01 Debug: 주문취소 수 : 0
2016-06-04 14:26:01 Debug: Send Message count 0
2016-06-04 14:26:31 Debug: 주문취소 수 : 0
2016-06-04 14:27:01 Debug: 주문취소 수 : 0
2016-06-04 14:27:01 Debug: Send Message count 0
2016-06-04 14:27:31 Debug: 주문취소 수 : 0
2016-06-04 14:28:01 Debug: 주문취소 수 : 0
2016-06-04 14:28:01 Debug: Send Message count 0
2016-06-04 14:28:31 Debug: 주문취소 수 : 0
2016-06-04 14:29:01 Debug: Send Message count 0
2016-06-04 14:29:01 Debug: 주문취소 수 : 0
2016-06-04 14:29:31 Debug: 주문취소 수 : 0
2016-06-04 14:30:01 Debug: 주문취소 수 : 0
2016-06-04 14:30:01 Debug: Send Message count 0
2016-06-04 14:30:31 Debug: 주문취소 수 : 0
2016-06-04 14:31:01 Debug: Send Message count 0
2016-06-04 14:31:01 Debug: 주문취소 수 : 0
2016-06-04 14:31:31 Debug: 주문취소 수 : 0
2016-06-04 14:32:01 Debug: 주문취소 수 : 0
2016-06-04 14:32:01 Debug: Send Message count 0
2016-06-04 14:32:31 Debug: 주문취소 수 : 0
2016-06-04 14:33:02 Debug: 주문취소 수 : 0
2016-06-04 14:33:02 Debug: Send Message count 0
2016-06-04 14:33:32 Debug: 주문취소 수 : 0
2016-06-04 14:34:01 Debug: 주문취소 수 : 0
2016-06-04 14:34:01 Debug: Send Message count 0
2016-06-04 14:34:31 Debug: 주문취소 수 : 0
2016-06-04 14:35:01 Debug: 주문취소 수 : 0
2016-06-04 14:35:01 Debug: Send Message count 0
2016-06-04 14:35:31 Debug: 주문취소 수 : 0
2016-06-04 14:36:01 Debug: 주문취소 수 : 0
2016-06-04 14:36:01 Debug: Send Message count 0
2016-06-04 14:36:31 Debug: 주문취소 수 : 0
2016-06-04 14:37:01 Debug: 주문취소 수 : 0
2016-06-04 14:37:01 Debug: Send Message count 0
2016-06-04 14:37:31 Debug: 주문취소 수 : 0
2016-06-04 14:38:01 Debug: 주문취소 수 : 0
2016-06-04 14:38:01 Debug: Send Message count 0
2016-06-04 14:38:31 Debug: 주문취소 수 : 0
2016-06-04 14:39:01 Debug: 주문취소 수 : 0
2016-06-04 14:39:01 Debug: Send Message count 0
2016-06-04 14:39:31 Debug: 주문취소 수 : 0
2016-06-04 14:40:01 Debug: 주문취소 수 : 0
2016-06-04 14:40:01 Debug: Send Message count 0
2016-06-04 14:40:31 Debug: 주문취소 수 : 0
2016-06-04 14:41:02 Debug: 주문취소 수 : 0
2016-06-04 14:41:02 Debug: Send Message count 0
2016-06-04 14:41:32 Debug: 주문취소 수 : 0
2016-06-04 14:42:01 Debug: 주문취소 수 : 0
2016-06-04 14:42:01 Debug: Send Message count 0
2016-06-04 14:42:31 Debug: 주문취소 수 : 0
2016-06-04 14:43:01 Debug: 주문취소 수 : 0
2016-06-04 14:43:01 Debug: Send Message count 0
2016-06-04 14:43:31 Debug: 주문취소 수 : 0
2016-06-04 14:44:01 Debug: 주문취소 수 : 0
2016-06-04 14:44:01 Debug: Send Message count 0
2016-06-04 14:44:31 Debug: 주문취소 수 : 0
2016-06-04 14:45:01 Debug: 주문취소 수 : 0
2016-06-04 14:45:01 Debug: Send Message count 0
2016-06-04 14:45:31 Debug: 주문취소 수 : 0
2016-06-04 14:46:01 Debug: 주문취소 수 : 0
2016-06-04 14:46:01 Debug: Send Message count 0
2016-06-04 14:46:31 Debug: 주문취소 수 : 0
2016-06-04 14:47:01 Debug: 주문취소 수 : 0
2016-06-04 14:47:01 Debug: Send Message count 0
2016-06-04 14:47:31 Debug: 주문취소 수 : 0
2016-06-04 14:48:01 Debug: 주문취소 수 : 0
2016-06-04 14:48:01 Debug: Send Message count 0
2016-06-04 14:48:31 Debug: 주문취소 수 : 0
2016-06-04 14:49:02 Debug: 주문취소 수 : 0
2016-06-04 14:49:02 Debug: Send Message count 0
2016-06-04 14:49:31 Debug: 주문취소 수 : 0
2016-06-04 14:50:02 Debug: 주문취소 수 : 0
2016-06-04 14:50:02 Debug: Send Message count 0
2016-06-04 14:50:32 Debug: 주문취소 수 : 0
2016-06-04 14:51:01 Debug: 주문취소 수 : 0
2016-06-04 14:51:01 Debug: Send Message count 0
2016-06-04 14:51:31 Debug: 주문취소 수 : 0
2016-06-04 14:52:01 Debug: 주문취소 수 : 0
2016-06-04 14:52:01 Debug: Send Message count 0
2016-06-04 14:52:31 Debug: 주문취소 수 : 0
2016-06-04 14:53:01 Debug: 주문취소 수 : 0
2016-06-04 14:53:01 Debug: Send Message count 0
2016-06-04 14:53:31 Debug: 주문취소 수 : 0
2016-06-04 14:54:01 Debug: 주문취소 수 : 0
2016-06-04 14:54:01 Debug: Send Message count 0
2016-06-04 14:54:31 Debug: 주문취소 수 : 0
2016-06-04 14:55:01 Debug: 주문취소 수 : 0
2016-06-04 14:55:01 Debug: Send Message count 0
2016-06-04 14:55:31 Debug: 주문취소 수 : 0
2016-06-04 14:56:01 Debug: 주문취소 수 : 0
2016-06-04 14:56:01 Debug: Send Message count 0
2016-06-04 14:56:31 Debug: 주문취소 수 : 0
2016-06-04 14:57:02 Debug: 주문취소 수 : 0
2016-06-04 14:57:02 Debug: Send Message count 0
2016-06-04 14:57:31 Debug: 주문취소 수 : 0
2016-06-04 14:58:02 Debug: 주문취소 수 : 0
2016-06-04 14:58:02 Debug: Send Message count 0
2016-06-04 14:58:32 Debug: 주문취소 수 : 0
2016-06-04 14:59:01 Debug: 주문취소 수 : 0
2016-06-04 14:59:01 Debug: Send Message count 0
2016-06-04 14:59:31 Debug: 주문취소 수 : 0
2016-06-04 15:00:01 Debug: 주문취소 수 : 0
2016-06-04 15:00:01 Debug: Send Message count 0
2016-06-04 15:00:31 Debug: 주문취소 수 : 0
2016-06-04 15:01:01 Debug: 주문취소 수 : 0
2016-06-04 15:01:01 Debug: Send Message count 0
2016-06-04 15:01:02 Debug: YoutubeCounter :73
2016-06-04 15:01:02 Debug: FacebookCounter :2777
2016-06-04 15:01:31 Debug: 주문취소 수 : 0
2016-06-04 15:02:01 Debug: 주문취소 수 : 0
2016-06-04 15:02:01 Debug: Send Message count 0
2016-06-04 15:02:31 Debug: 주문취소 수 : 0
2016-06-04 15:03:01 Debug: 주문취소 수 : 0
2016-06-04 15:03:01 Debug: Send Message count 0
2016-06-04 15:03:31 Debug: 주문취소 수 : 0
2016-06-04 15:04:01 Debug: 주문취소 수 : 0
2016-06-04 15:04:01 Debug: Send Message count 0
2016-06-04 15:04:31 Debug: 주문취소 수 : 0
2016-06-04 15:05:01 Debug: 주문취소 수 : 0
2016-06-04 15:05:01 Debug: Send Message count 0
2016-06-04 15:05:31 Debug: 주문취소 수 : 0
2016-06-04 15:06:02 Debug: 주문취소 수 : 0
2016-06-04 15:06:02 Debug: Send Message count 0
2016-06-04 15:06:32 Debug: 주문취소 수 : 0
2016-06-04 15:07:01 Debug: 주문취소 수 : 0
2016-06-04 15:07:01 Debug: Send Message count 0
2016-06-04 15:07:31 Debug: 주문취소 수 : 0
2016-06-04 15:08:01 Debug: Send Message count 0
2016-06-04 15:08:01 Debug: 주문취소 수 : 0
2016-06-04 15:08:31 Debug: 주문취소 수 : 0
2016-06-04 15:09:01 Debug: 주문취소 수 : 0
2016-06-04 15:09:01 Debug: Send Message count 0
2016-06-04 15:09:31 Debug: 주문취소 수 : 0
2016-06-04 15:10:01 Debug: 주문취소 수 : 0
2016-06-04 15:10:01 Debug: Send Message count 0
2016-06-04 15:10:31 Debug: 주문취소 수 : 0
2016-06-04 15:11:01 Debug: 주문취소 수 : 0
2016-06-04 15:11:01 Debug: Send Message count 0
2016-06-04 15:11:31 Debug: 주문취소 수 : 0
2016-06-04 15:12:01 Debug: 주문취소 수 : 0
2016-06-04 15:12:01 Debug: Send Message count 0
2016-06-04 15:12:31 Debug: 주문취소 수 : 0
2016-06-04 15:13:01 Debug: 주문취소 수 : 0
2016-06-04 15:13:01 Debug: Send Message count 0
2016-06-04 15:13:31 Debug: 주문취소 수 : 0
2016-06-04 15:14:02 Debug: Send Message count 0
2016-06-04 15:14:02 Debug: 주문취소 수 : 0
2016-06-04 15:14:31 Debug: 주문취소 수 : 0
2016-06-04 15:15:02 Debug: 주문취소 수 : 0
2016-06-04 15:15:02 Debug: Send Message count 0
2016-06-04 15:15:32 Debug: 주문취소 수 : 0
2016-06-04 15:16:01 Debug: 주문취소 수 : 0
2016-06-04 15:16:01 Debug: Send Message count 0
2016-06-04 15:16:31 Debug: 주문취소 수 : 0
2016-06-04 15:17:01 Debug: 주문취소 수 : 0
2016-06-04 15:17:01 Debug: Send Message count 0
2016-06-04 15:17:31 Debug: 주문취소 수 : 0
2016-06-04 15:18:01 Debug: 주문취소 수 : 0
2016-06-04 15:18:01 Debug: Send Message count 0
2016-06-04 15:18:31 Debug: 주문취소 수 : 0
2016-06-04 15:19:01 Debug: 주문취소 수 : 0
2016-06-04 15:19:01 Debug: Send Message count 0
2016-06-04 15:19:31 Debug: 주문취소 수 : 0
2016-06-04 15:20:01 Debug: 주문취소 수 : 0
2016-06-04 15:20:01 Debug: Send Message count 0
2016-06-04 15:20:31 Debug: 주문취소 수 : 0
2016-06-04 15:21:01 Debug: 주문취소 수 : 0
2016-06-04 15:21:01 Debug: Send Message count 0
2016-06-04 15:21:31 Debug: 주문취소 수 : 0
2016-06-04 15:22:01 Debug: 주문취소 수 : 0
2016-06-04 15:22:02 Debug: Send Message count 0
2016-06-04 15:22:31 Debug: 주문취소 수 : 0
2016-06-04 15:23:02 Debug: 주문취소 수 : 0
2016-06-04 15:23:02 Debug: Send Message count 0
2016-06-04 15:23:32 Debug: 주문취소 수 : 0
2016-06-04 15:24:01 Debug: 주문취소 수 : 0
2016-06-04 15:24:01 Debug: Send Message count 0
2016-06-04 15:24:31 Debug: 주문취소 수 : 0
2016-06-04 15:25:01 Debug: 주문취소 수 : 0
2016-06-04 15:25:01 Debug: Send Message count 0
2016-06-04 15:25:31 Debug: 주문취소 수 : 0
2016-06-04 15:26:01 Debug: 주문취소 수 : 0
2016-06-04 15:26:01 Debug: Send Message count 0
2016-06-04 15:26:31 Debug: 주문취소 수 : 0
2016-06-04 15:27:01 Debug: 주문취소 수 : 0
2016-06-04 15:27:01 Debug: Send Message count 0
2016-06-04 15:27:31 Debug: 주문취소 수 : 0
2016-06-04 15:28:01 Debug: 주문취소 수 : 0
2016-06-04 15:28:01 Debug: Send Message count 0
2016-06-04 15:28:31 Debug: 주문취소 수 : 0
2016-06-04 15:29:01 Debug: 주문취소 수 : 0
2016-06-04 15:29:01 Debug: Send Message count 0
2016-06-04 15:29:31 Debug: 주문취소 수 : 0
2016-06-04 15:30:01 Debug: 주문취소 수 : 0
2016-06-04 15:30:01 Debug: Send Message count 0
2016-06-04 15:30:31 Debug: 주문취소 수 : 0
2016-06-04 15:31:02 Debug: 주문취소 수 : 0
2016-06-04 15:31:02 Debug: Send Message count 0
2016-06-04 15:31:32 Debug: 주문취소 수 : 0
2016-06-04 15:32:01 Debug: 주문취소 수 : 0
2016-06-04 15:32:01 Debug: Send Message count 0
2016-06-04 15:32:31 Debug: 주문취소 수 : 0
2016-06-04 15:33:01 Debug: 주문취소 수 : 0
2016-06-04 15:33:01 Debug: Send Message count 0
2016-06-04 15:33:31 Debug: 주문취소 수 : 0
2016-06-04 15:34:01 Debug: Send Message count 0
2016-06-04 15:34:01 Debug: 주문취소 수 : 0
2016-06-04 15:34:31 Debug: 주문취소 수 : 0
2016-06-04 15:35:01 Debug: 주문취소 수 : 0
2016-06-04 15:35:01 Debug: Send Message count 0
2016-06-04 15:35:31 Debug: 주문취소 수 : 0
2016-06-04 15:36:01 Debug: 주문취소 수 : 0
2016-06-04 15:36:01 Debug: Send Message count 0
2016-06-04 15:36:31 Debug: 주문취소 수 : 0
2016-06-04 15:37:01 Debug: 주문취소 수 : 0
2016-06-04 15:37:01 Debug: Send Message count 0
2016-06-04 15:37:31 Debug: 주문취소 수 : 0
2016-06-04 15:38:01 Debug: 주문취소 수 : 0
2016-06-04 15:38:01 Debug: Send Message count 0
2016-06-04 15:38:31 Debug: 주문취소 수 : 0
2016-06-04 15:39:02 Debug: 주문취소 수 : 0
2016-06-04 15:39:02 Debug: Send Message count 0
2016-06-04 15:39:31 Debug: 주문취소 수 : 0
2016-06-04 15:40:02 Debug: 주문취소 수 : 0
2016-06-04 15:40:02 Debug: Send Message count 0
2016-06-04 15:40:32 Debug: 주문취소 수 : 0
2016-06-04 15:41:01 Debug: 주문취소 수 : 0
2016-06-04 15:41:01 Debug: Send Message count 0
2016-06-04 15:41:31 Debug: 주문취소 수 : 0
2016-06-04 15:42:01 Debug: 주문취소 수 : 0
2016-06-04 15:42:01 Debug: Send Message count 0
2016-06-04 15:42:31 Debug: 주문취소 수 : 0
2016-06-04 15:43:01 Debug: 주문취소 수 : 0
2016-06-04 15:43:01 Debug: Send Message count 0
2016-06-04 15:43:31 Debug: 주문취소 수 : 0
2016-06-04 15:44:01 Debug: 주문취소 수 : 0
2016-06-04 15:44:01 Debug: Send Message count 0
2016-06-04 15:44:31 Debug: 주문취소 수 : 0
2016-06-04 15:45:01 Debug: 주문취소 수 : 0
2016-06-04 15:45:01 Debug: Send Message count 0
2016-06-04 15:45:31 Debug: 주문취소 수 : 0
2016-06-04 15:46:01 Debug: 주문취소 수 : 0
2016-06-04 15:46:01 Debug: Send Message count 0
2016-06-04 15:46:31 Debug: 주문취소 수 : 0
2016-06-04 15:47:01 Debug: 주문취소 수 : 0
2016-06-04 15:47:01 Debug: Send Message count 0
2016-06-04 15:47:31 Debug: 주문취소 수 : 0
2016-06-04 15:48:02 Debug: 주문취소 수 : 0
2016-06-04 15:48:02 Debug: Send Message count 0
2016-06-04 15:48:32 Debug: 주문취소 수 : 0
2016-06-04 15:49:01 Debug: 주문취소 수 : 0
2016-06-04 15:49:01 Debug: Send Message count 0
2016-06-04 15:49:31 Debug: 주문취소 수 : 0
2016-06-04 15:50:01 Debug: 주문취소 수 : 0
2016-06-04 15:50:01 Debug: Send Message count 0
2016-06-04 15:50:31 Debug: 주문취소 수 : 0
2016-06-04 15:51:01 Debug: 주문취소 수 : 0
2016-06-04 15:51:01 Debug: Send Message count 0
2016-06-04 15:51:31 Debug: 주문취소 수 : 0
2016-06-04 15:52:01 Debug: 주문취소 수 : 0
2016-06-04 15:52:01 Debug: Send Message count 0
2016-06-04 15:52:31 Debug: 주문취소 수 : 0
2016-06-04 15:53:01 Debug: 주문취소 수 : 0
2016-06-04 15:53:01 Debug: Send Message count 0
2016-06-04 15:53:31 Debug: 주문취소 수 : 0
2016-06-04 15:54:01 Debug: 주문취소 수 : 0
2016-06-04 15:54:01 Debug: Send Message count 0
2016-06-04 15:54:31 Debug: 주문취소 수 : 0
2016-06-04 15:55:02 Debug: 주문취소 수 : 0
2016-06-04 15:55:02 Debug: Send Message count 0
2016-06-04 15:55:31 Debug: 주문취소 수 : 0
2016-06-04 15:56:02 Debug: 주문취소 수 : 0
2016-06-04 15:56:02 Debug: Send Message count 0
2016-06-04 15:56:32 Debug: 주문취소 수 : 0
2016-06-04 15:57:01 Debug: 주문취소 수 : 0
2016-06-04 15:57:01 Debug: Send Message count 0
2016-06-04 15:57:31 Debug: 주문취소 수 : 0
2016-06-04 15:58:01 Debug: 주문취소 수 : 0
2016-06-04 15:58:01 Debug: Send Message count 0
2016-06-04 15:58:31 Debug: 주문취소 수 : 0
2016-06-04 15:59:01 Debug: 주문취소 수 : 0
2016-06-04 15:59:01 Debug: Send Message count 0
2016-06-04 15:59:31 Debug: 주문취소 수 : 0
2016-06-04 16:00:01 Debug: 주문취소 수 : 0
2016-06-04 16:00:01 Debug: Send Message count 0
2016-06-04 16:00:31 Debug: 주문취소 수 : 0
2016-06-04 16:01:01 Debug: 주문취소 수 : 0
2016-06-04 16:01:01 Debug: Send Message count 0
2016-06-04 16:01:02 Debug: YoutubeCounter :73
2016-06-04 16:01:03 Debug: FacebookCounter :2777
2016-06-04 16:01:31 Debug: 주문취소 수 : 0
2016-06-04 16:02:01 Debug: 주문취소 수 : 0
2016-06-04 16:02:01 Debug: Send Message count 0
2016-06-04 16:02:31 Debug: 주문취소 수 : 0
2016-06-04 16:03:02 Debug: 주문취소 수 : 0
2016-06-04 16:03:02 Debug: Send Message count 0
2016-06-04 16:03:31 Debug: 주문취소 수 : 0
2016-06-04 16:04:02 Debug: Send Message count 0
2016-06-04 16:04:02 Debug: 주문취소 수 : 0
2016-06-04 16:04:32 Debug: 주문취소 수 : 0
2016-06-04 16:05:01 Debug: 주문취소 수 : 0
2016-06-04 16:05:01 Debug: Send Message count 0
2016-06-04 16:05:31 Debug: 주문취소 수 : 0
2016-06-04 16:06:01 Debug: 주문취소 수 : 0
2016-06-04 16:06:01 Debug: Send Message count 0
2016-06-04 16:06:31 Debug: 주문취소 수 : 0
2016-06-04 16:07:01 Debug: 주문취소 수 : 0
2016-06-04 16:07:01 Debug: Send Message count 0
2016-06-04 16:07:31 Debug: 주문취소 수 : 0
2016-06-04 16:08:01 Debug: Send Message count 0
2016-06-04 16:08:01 Debug: 주문취소 수 : 0
2016-06-04 16:08:31 Debug: 주문취소 수 : 0
2016-06-04 16:09:01 Debug: 주문취소 수 : 0
2016-06-04 16:09:01 Debug: Send Message count 0
2016-06-04 16:09:31 Debug: 주문취소 수 : 0
2016-06-04 16:10:01 Debug: 주문취소 수 : 0
2016-06-04 16:10:01 Debug: Send Message count 0
2016-06-04 16:10:31 Debug: 주문취소 수 : 0
2016-06-04 16:11:02 Debug: 주문취소 수 : 0
2016-06-04 16:11:02 Debug: Send Message count 0
2016-06-04 16:11:31 Debug: 주문취소 수 : 0
2016-06-04 16:12:02 Debug: 주문취소 수 : 0
2016-06-04 16:12:02 Debug: Send Message count 0
2016-06-04 16:12:32 Debug: 주문취소 수 : 0
2016-06-04 16:13:01 Debug: 주문취소 수 : 0
2016-06-04 16:13:01 Debug: Send Message count 0
2016-06-04 16:13:31 Debug: 주문취소 수 : 0
2016-06-04 16:14:01 Debug: 주문취소 수 : 0
2016-06-04 16:14:01 Debug: Send Message count 0
2016-06-04 16:14:31 Debug: 주문취소 수 : 0
2016-06-04 16:15:01 Debug: 주문취소 수 : 0
2016-06-04 16:15:01 Debug: Send Message count 0
2016-06-04 16:15:31 Debug: 주문취소 수 : 0
2016-06-04 16:16:01 Debug: 주문취소 수 : 0
2016-06-04 16:16:01 Debug: Send Message count 0
2016-06-04 16:16:31 Debug: 주문취소 수 : 0
2016-06-04 16:17:01 Debug: 주문취소 수 : 0
2016-06-04 16:17:01 Debug: Send Message count 0
2016-06-04 16:17:31 Debug: 주문취소 수 : 0
2016-06-04 16:18:01 Debug: 주문취소 수 : 0
2016-06-04 16:18:01 Debug: Send Message count 0
2016-06-04 16:18:31 Debug: 주문취소 수 : 0
2016-06-04 16:19:02 Debug: 주문취소 수 : 0
2016-06-04 16:19:02 Debug: Send Message count 0
2016-06-04 16:19:31 Debug: 주문취소 수 : 0
2016-06-04 16:20:02 Debug: 주문취소 수 : 0
2016-06-04 16:20:02 Debug: Send Message count 0
2016-06-04 16:20:32 Debug: 주문취소 수 : 0
2016-06-04 16:21:01 Debug: 주문취소 수 : 0
2016-06-04 16:21:01 Debug: Send Message count 0
2016-06-04 16:21:31 Debug: 주문취소 수 : 0
2016-06-04 16:22:01 Debug: 주문취소 수 : 0
2016-06-04 16:22:01 Debug: Send Message count 0
2016-06-04 16:22:31 Debug: 주문취소 수 : 0
2016-06-04 16:23:01 Debug: 주문취소 수 : 0
2016-06-04 16:23:01 Debug: Send Message count 0
2016-06-04 16:23:31 Debug: 주문취소 수 : 0
2016-06-04 16:24:01 Debug: 주문취소 수 : 0
2016-06-04 16:24:01 Debug: Send Message count 0
2016-06-04 16:24:31 Debug: 주문취소 수 : 0
2016-06-04 16:25:01 Debug: 주문취소 수 : 0
2016-06-04 16:25:01 Debug: Send Message count 0
2016-06-04 16:25:31 Debug: 주문취소 수 : 0
2016-06-04 16:26:01 Debug: 주문취소 수 : 0
2016-06-04 16:26:01 Debug: Send Message count 0
2016-06-04 16:26:31 Debug: 주문취소 수 : 0
2016-06-04 16:27:01 Debug: 주문취소 수 : 0
2016-06-04 16:27:01 Debug: Send Message count 0
2016-06-04 16:27:31 Debug: 주문취소 수 : 0
2016-06-04 16:28:02 Debug: 주문취소 수 : 0
2016-06-04 16:28:02 Debug: Send Message count 0
2016-06-04 16:28:31 Debug: 주문취소 수 : 0
2016-06-04 16:29:02 Debug: 주문취소 수 : 0
2016-06-04 16:29:02 Debug: Send Message count 0
2016-06-04 16:29:32 Debug: 주문취소 수 : 0
2016-06-04 16:30:01 Debug: 주문취소 수 : 0
2016-06-04 16:30:01 Debug: Send Message count 0
2016-06-04 16:30:31 Debug: 주문취소 수 : 0
2016-06-04 16:31:01 Debug: 주문취소 수 : 0
2016-06-04 16:31:01 Debug: Send Message count 0
2016-06-04 16:31:31 Debug: 주문취소 수 : 0
2016-06-04 16:32:01 Debug: 주문취소 수 : 0
2016-06-04 16:32:01 Debug: Send Message count 0
2016-06-04 16:32:31 Debug: 주문취소 수 : 0
2016-06-04 16:33:01 Debug: 주문취소 수 : 0
2016-06-04 16:33:01 Debug: Send Message count 0
2016-06-04 16:33:31 Debug: 주문취소 수 : 0
2016-06-04 16:34:01 Debug: 주문취소 수 : 0
2016-06-04 16:34:01 Debug: Send Message count 0
2016-06-04 16:34:31 Debug: 주문취소 수 : 0
2016-06-04 16:35:01 Debug: 주문취소 수 : 0
2016-06-04 16:35:01 Debug: Send Message count 0
2016-06-04 16:35:31 Debug: 주문취소 수 : 0
2016-06-04 16:36:01 Debug: 주문취소 수 : 0
2016-06-04 16:36:01 Debug: Send Message count 0
2016-06-04 16:36:31 Debug: 주문취소 수 : 0
2016-06-04 16:37:02 Debug: 주문취소 수 : 0
2016-06-04 16:37:02 Debug: Send Message count 0
2016-06-04 16:37:31 Debug: 주문취소 수 : 0
2016-06-04 16:38:01 Debug: 주문취소 수 : 0
2016-06-04 16:38:01 Debug: Send Message count 0
2016-06-04 16:38:31 Debug: 주문취소 수 : 0
2016-06-04 16:39:01 Debug: 주문취소 수 : 0
2016-06-04 16:39:01 Debug: Send Message count 0
2016-06-04 16:39:31 Debug: 주문취소 수 : 0
2016-06-04 16:40:01 Debug: 주문취소 수 : 0
2016-06-04 16:40:01 Debug: Send Message count 0
2016-06-04 16:40:31 Debug: 주문취소 수 : 0
2016-06-04 16:41:01 Debug: 주문취소 수 : 0
2016-06-04 16:41:01 Debug: Send Message count 0
2016-06-04 16:41:31 Debug: 주문취소 수 : 0
2016-06-04 16:42:01 Debug: 주문취소 수 : 0
2016-06-04 16:42:01 Debug: Send Message count 0
2016-06-04 16:42:31 Debug: 주문취소 수 : 0
2016-06-04 16:43:01 Debug: 주문취소 수 : 0
2016-06-04 16:43:01 Debug: Send Message count 0
2016-06-04 16:43:31 Debug: 주문취소 수 : 0
2016-06-04 16:44:01 Debug: 주문취소 수 : 0
2016-06-04 16:44:01 Debug: Send Message count 0
2016-06-04 16:44:31 Debug: 주문취소 수 : 0
2016-06-04 16:45:02 Debug: Send Message count 0
2016-06-04 16:45:02 Debug: 주문취소 수 : 0
2016-06-04 16:45:31 Debug: 주문취소 수 : 0
2016-06-04 16:46:02 Debug: 주문취소 수 : 0
2016-06-04 16:46:02 Debug: Send Message count 0
2016-06-04 16:46:32 Debug: 주문취소 수 : 0
2016-06-04 16:47:01 Debug: 주문취소 수 : 0
2016-06-04 16:47:01 Debug: Send Message count 0
2016-06-04 16:47:31 Debug: 주문취소 수 : 0
2016-06-04 16:48:01 Debug: 주문취소 수 : 0
2016-06-04 16:48:01 Debug: Send Message count 0
2016-06-04 16:48:31 Debug: 주문취소 수 : 0
2016-06-04 16:49:01 Debug: Send Message count 0
2016-06-04 16:49:01 Debug: 주문취소 수 : 0
2016-06-04 16:49:31 Debug: 주문취소 수 : 0
2016-06-04 16:50:01 Debug: 주문취소 수 : 0
2016-06-04 16:50:01 Debug: Send Message count 0
2016-06-04 16:50:31 Debug: 주문취소 수 : 0
2016-06-04 16:51:01 Debug: 주문취소 수 : 0
2016-06-04 16:51:01 Debug: Send Message count 0
2016-06-04 16:51:31 Debug: 주문취소 수 : 0
2016-06-04 16:52:01 Debug: 주문취소 수 : 0
2016-06-04 16:52:01 Debug: Send Message count 0
2016-06-04 16:52:31 Debug: 주문취소 수 : 0
2016-06-04 16:53:02 Debug: 주문취소 수 : 0
2016-06-04 16:53:02 Debug: Send Message count 0
2016-06-04 16:53:31 Debug: 주문취소 수 : 0
2016-06-04 16:54:02 Debug: 주문취소 수 : 0
2016-06-04 16:54:02 Debug: Send Message count 0
2016-06-04 16:54:32 Debug: 주문취소 수 : 0
2016-06-04 16:55:01 Debug: 주문취소 수 : 0
2016-06-04 16:55:01 Debug: Send Message count 0
2016-06-04 16:55:31 Debug: 주문취소 수 : 0
2016-06-04 16:56:01 Debug: 주문취소 수 : 0
2016-06-04 16:56:01 Debug: Send Message count 0
2016-06-04 16:56:31 Debug: 주문취소 수 : 0
2016-06-04 16:57:01 Debug: 주문취소 수 : 0
2016-06-04 16:57:01 Debug: Send Message count 0
2016-06-04 16:57:31 Debug: 주문취소 수 : 0
2016-06-04 16:58:01 Debug: 주문취소 수 : 0
2016-06-04 16:58:01 Debug: Send Message count 0
2016-06-04 16:58:31 Debug: 주문취소 수 : 0
2016-06-04 16:59:01 Debug: 주문취소 수 : 0
2016-06-04 16:59:01 Debug: Send Message count 0
2016-06-04 16:59:31 Debug: 주문취소 수 : 0
2016-06-04 17:00:01 Debug: 주문취소 수 : 0
2016-06-04 17:00:01 Debug: Send Message count 0
2016-06-04 17:00:31 Debug: 주문취소 수 : 0
2016-06-04 17:01:02 Debug: 주문취소 수 : 0
2016-06-04 17:01:02 Debug: Send Message count 0
2016-06-04 17:01:02 Debug: YoutubeCounter :73
2016-06-04 17:01:03 Debug: FacebookCounter :2778
2016-06-04 17:01:31 Debug: 주문취소 수 : 0
2016-06-04 17:02:02 Debug: 주문취소 수 : 0
2016-06-04 17:02:02 Debug: Send Message count 0
2016-06-04 17:02:32 Debug: 주문취소 수 : 0
2016-06-04 17:03:01 Debug: 주문취소 수 : 0
2016-06-04 17:03:01 Debug: Send Message count 0
2016-06-04 17:03:31 Debug: 주문취소 수 : 0
2016-06-04 17:04:01 Debug: 주문취소 수 : 0
2016-06-04 17:04:01 Debug: Send Message count 0
2016-06-04 17:04:31 Debug: 주문취소 수 : 0
2016-06-04 17:05:01 Debug: 주문취소 수 : 0
2016-06-04 17:05:01 Debug: Send Message count 0
2016-06-04 17:05:31 Debug: 주문취소 수 : 0
2016-06-04 17:06:01 Debug: 주문취소 수 : 0
2016-06-04 17:06:01 Debug: Send Message count 0
2016-06-04 17:06:31 Debug: 주문취소 수 : 0
2016-06-04 17:07:01 Debug: 주문취소 수 : 0
2016-06-04 17:07:01 Debug: Send Message count 0
2016-06-04 17:07:31 Debug: 주문취소 수 : 0
2016-06-04 17:08:01 Debug: 주문취소 수 : 0
2016-06-04 17:08:01 Debug: Send Message count 0
2016-06-04 17:08:31 Debug: 주문취소 수 : 0
2016-06-04 17:09:01 Debug: 주문취소 수 : 0
2016-06-04 17:09:01 Debug: Send Message count 0
2016-06-04 17:09:31 Debug: 주문취소 수 : 0
2016-06-04 17:10:02 Debug: 주문취소 수 : 0
2016-06-04 17:10:02 Debug: Send Message count 0
2016-06-04 17:10:31 Debug: 주문취소 수 : 0
2016-06-04 17:11:02 Debug: 주문취소 수 : 0
2016-06-04 17:11:02 Debug: Send Message count 0
2016-06-04 17:11:32 Debug: 주문취소 수 : 0
2016-06-04 17:12:01 Debug: 주문취소 수 : 0
2016-06-04 17:12:01 Debug: Send Message count 0
2016-06-04 17:12:31 Debug: 주문취소 수 : 0
2016-06-04 17:13:01 Debug: 주문취소 수 : 0
2016-06-04 17:13:01 Debug: Send Message count 0
2016-06-04 17:13:31 Debug: 주문취소 수 : 0
2016-06-04 17:14:01 Debug: 주문취소 수 : 0
2016-06-04 17:14:01 Debug: Send Message count 0
2016-06-04 17:14:31 Debug: 주문취소 수 : 0
2016-06-04 17:15:01 Debug: 주문취소 수 : 0
2016-06-04 17:15:01 Debug: Send Message count 0
2016-06-04 17:15:31 Debug: 주문취소 수 : 0
2016-06-04 17:16:01 Debug: 주문취소 수 : 0
2016-06-04 17:16:01 Debug: Send Message count 0
2016-06-04 17:16:31 Debug: 주문취소 수 : 0
2016-06-04 17:17:01 Debug: 주문취소 수 : 0
2016-06-04 17:17:01 Debug: Send Message count 0
2016-06-04 17:17:31 Debug: 주문취소 수 : 0
2016-06-04 17:18:01 Debug: 주문취소 수 : 0
2016-06-04 17:18:01 Debug: Send Message count 0
2016-06-04 17:18:31 Debug: 주문취소 수 : 0
2016-06-04 17:19:02 Debug: 주문취소 수 : 0
2016-06-04 17:19:02 Debug: Send Message count 0
2016-06-04 17:19:32 Debug: 주문취소 수 : 0
2016-06-04 17:20:01 Debug: 주문취소 수 : 0
2016-06-04 17:20:01 Debug: Send Message count 0
2016-06-04 17:20:31 Debug: 주문취소 수 : 0
2016-06-04 17:21:01 Debug: 주문취소 수 : 0
2016-06-04 17:21:01 Debug: Send Message count 0
2016-06-04 17:21:31 Debug: 주문취소 수 : 0
2016-06-04 17:22:01 Debug: 주문취소 수 : 0
2016-06-04 17:22:01 Debug: Send Message count 0
2016-06-04 17:22:31 Debug: 주문취소 수 : 0
2016-06-04 17:23:01 Debug: 주문취소 수 : 0
2016-06-04 17:23:01 Debug: Send Message count 0
2016-06-04 17:23:31 Debug: 주문취소 수 : 0
2016-06-04 17:24:01 Debug: 주문취소 수 : 0
2016-06-04 17:24:01 Debug: Send Message count 0
2016-06-04 17:24:31 Debug: 주문취소 수 : 0
2016-06-04 17:25:01 Debug: 주문취소 수 : 0
2016-06-04 17:25:01 Debug: Send Message count 0
2016-06-04 17:25:31 Debug: 주문취소 수 : 0
2016-06-04 17:26:02 Debug: Send Message count 0
2016-06-04 17:26:02 Debug: 주문취소 수 : 0
2016-06-04 17:26:31 Debug: 주문취소 수 : 0
2016-06-0