2016-07-18 18:50:06 Error: [Cake\Routing\Exception\MissingControllerException] Controller class PhpMyAdmin could not be found.
Request URL: /phpMyAdmin
Stack Trace:
#0 /var/www/fcctv.co.kr/webroot/index.php(37): Cake\Routing\Dispatcher->dispatch(Object(Cake\Network\Request), Object(Cake\Network\Response))
#1 {main}


2016-07-18 18:55:26 Error: [Cake\Routing\Exception\MissingControllerException] Controller class PhpMyAdmin could not be found.
Request URL: /phpMyAdmin
Stack Trace:
#0 /var/www/fcctv.co.kr/webroot/index.php(37): Cake\Routing\Dispatcher->dispatch(Object(Cake\Network\Request), Object(Cake\Network\Response))
#1 {main}


2016-07-18 18:57:23 Error: [Cake\Routing\Exception\MissingControllerException] Controller class PhpMyAdmin could not be found.
Request URL: /phpMyAdmin
Stack Trace:
#0 /var/www/fcctv.co.kr/webroot/index.php(37): Cake\Routing\Dispatcher->dispatch(Object(Cake\Network\Request), Object(Cake\Network\Response))
#1 {main}


2016-07-18 21:58:49 Error: [Cake\Routing\Exception\MissingControllerException] Controller class Admin could not be found.
Request URL: /admin/module-builtin.xml
Stack Trace:
#0 /var/www/fcctv.co.kr/webroot/index.php(37): Cake\Routing\Dispatcher->dispatch(Object(Cake\Network\Request), Object(Cake\Network\Response))
#1 {main}


