2016-05-22 08:16:33 Error: [Cake\Routing\Exception\MissingControllerException] Controller class Web-console could not be found.
Request URL: /web-console/ServerInfo.jsp
Stack Trace:
#0 /var/www/fcctv.co.kr/webroot/index.php(37): Cake\Routing\Dispatcher->dispatch(Object(Cake\Network\Request), Object(Cake\Network\Response))
#1 {main}


2016-05-22 08:16:34 Error: [Cake\Routing\Exception\MissingControllerException] Controller class Jmx-console could not be found.
Request URL: /jmx-console/HtmlAdaptor?action=inspectMBean&name=jboss.system%3Atype%3DServerInfo
Stack Trace:
#0 /var/www/fcctv.co.kr/webroot/index.php(37): Cake\Routing\Dispatcher->dispatch(Object(Cake\Network\Request), Object(Cake\Network\Response))
#1 {main}


2016-05-22 08:16:35 Error: [Cake\Routing\Exception\MissingControllerException] Controller class IfYouveHadADoseOfAFreakyGhost could not be found.
Request URL: /if%20youve%20had%20a%20dose%20of%20a%20freaky%20ghost
Stack Trace:
#0 /var/www/fcctv.co.kr/webroot/index.php(37): Cake\Routing\Dispatcher->dispatch(Object(Cake\Network\Request), Object(Cake\Network\Response))
#1 {main}


2016-05-22 08:16:36 Error: [Cake\Routing\Exception\MissingControllerException] Controller class Invoker could not be found.
Request URL: /invoker/JMXInvokerServlet
Stack Trace:
#0 /var/www/fcctv.co.kr/webroot/index.php(37): Cake\Routing\Dispatcher->dispatch(Object(Cake\Network\Request), Object(Cake\Network\Response))
#1 {main}


2016-05-22 08:16:37 Error: [Cake\Routing\Exception\MissingControllerException] Controller class Status could not be found.
Request URL: /status?full=true
Stack Trace:
#0 /var/www/fcctv.co.kr/webroot/index.php(37): Cake\Routing\Dispatcher->dispatch(Object(Cake\Network\Request), Object(Cake\Network\Response))
#1 {main}


