2016-04-22 15:44:05 Warning: Warning (2): date_format() expects parameter 1 to be DateTimeInterface, null given in [/var/www/fcctv.co.kr/src/Service/TvService.php, line 527]
Trace:
Cake\Error\BaseErrorHandler::handleError() - CORE/src/Error/BaseErrorHandler.php, line 138
date_format - [internal], line ??
App\Service\TvService::getDetailShareInfo() - APP/Service/TvService.php, line 527
App\Controller\FccTvController::detail() - APP/Controller/FccTvController.php, line 117
Cake\Controller\Controller::invokeAction() - CORE/src/Controller/Controller.php, line 412
Cake\Routing\Dispatcher::_invoke() - CORE/src/Routing/Dispatcher.php, line 114
Cake\Routing\Dispatcher::dispatch() - CORE/src/Routing/Dispatcher.php, line 87
[main] - ROOT/webroot/index.php, line 37



2016-04-22 15:44:05 Warning: Warning (2): date_format() expects parameter 1 to be DateTimeInterface, null given in [/var/www/fcctv.co.kr/src/Service/TvService.php, line 528]
Trace:
Cake\Error\BaseErrorHandler::handleError() - CORE/src/Error/BaseErrorHandler.php, line 138
date_format - [internal], line ??
App\Service\TvService::getDetailShareInfo() - APP/Service/TvService.php, line 528
App\Controller\FccTvController::detail() - APP/Controller/FccTvController.php, line 117
Cake\Controller\Controller::invokeAction() - CORE/src/Controller/Controller.php, line 412
Cake\Routing\Dispatcher::_invoke() - CORE/src/Routing/Dispatcher.php, line 114
Cake\Routing\Dispatcher::dispatch() - CORE/src/Routing/Dispatcher.php, line 87
[main] - ROOT/webroot/index.php, line 37



2016-04-22 15:47:52 Warning: Warning (2): date_format() expects parameter 1 to be DateTimeInterface, null given in [/var/www/fcctv.co.kr/src/Service/TvService.php, line 527]
Trace:
Cake\Error\BaseErrorHandler::handleError() - CORE/src/Error/BaseErrorHandler.php, line 138
date_format - [internal], line ??
App\Service\TvService::getDetailShareInfo() - APP/Service/TvService.php, line 527
App\Controller\FccTvController::detail() - APP/Controller/FccTvController.php, line 117
Cake\Controller\Controller::invokeAction() - CORE/src/Controller/Controller.php, line 412
Cake\Routing\Dispatcher::_invoke() - CORE/src/Routing/Dispatcher.php, line 114
Cake\Routing\Dispatcher::dispatch() - CORE/src/Routing/Dispatcher.php, line 87
[main] - ROOT/webroot/index.php, line 37



2016-04-22 15:47:52 Warning: Warning (2): date_format() expects parameter 1 to be DateTimeInterface, null given in [/var/www/fcctv.co.kr/src/Service/TvService.php, line 528]
Trace:
Cake\Error\BaseErrorHandler::handleError() - CORE/src/Error/BaseErrorHandler.php, line 138
date_format - [internal], line ??
App\Service\TvService::getDetailShareInfo() - APP/Service/TvService.php, line 528
App\Controller\FccTvController::detail() - APP/Controller/FccTvController.php, line 117
Cake\Controller\Controller::invokeAction() - CORE/src/Controller/Controller.php, line 412
Cake\Routing\Dispatcher::_invoke() - CORE/src/Routing/Dispatcher.php, line 114
Cake\Routing\Dispatcher::dispatch() - CORE/src/Routing/Dispatcher.php, line 87
[main] - ROOT/webroot/index.php, line 37



2016-04-23 03:52:25 Error: [Cake\Routing\Exception\MissingControllerException] Controller class Recordings could not be found.
Request URL: /recordings/theme/iefixes.css
Stack Trace:
#0 /var/www/fcctv.co.kr/webroot/index.php(37): Cake\Routing\Dispatcher->dispatch(Object(Cake\Network\Request), Object(Cake\Network\Response))
#1 {main}


