2016-06-24 09:01:02 Debug: 주문취소 수 : 0
2016-06-24 09:01:02 Debug: Send Message count 0
2016-06-24 09:01:02 Debug: YoutubeCounter :76
2016-06-24 09:01:02 Debug: FacebookCounter :2776
2016-06-24 09:01:31 Debug: 주문취소 수 : 0
2016-06-24 09:02:02 Debug: 주문취소 수 : 0
2016-06-24 09:02:02 Debug: Send Message count 0
2016-06-24 09:02:31 Debug: 주문취소 수 : 0
2016-06-24 09:03:01 Debug: Send Message count 0
2016-06-24 09:03:01 Debug: 주문취소 수 : 0
2016-06-24 09:03:31 Debug: 주문취소 수 : 0
2016-06-24 09:04:01 Debug: 주문취소 수 : 0
2016-06-24 09:04:01 Debug: Send Message count 0
2016-06-24 09:04:31 Debug: 주문취소 수 : 0
2016-06-24 09:05:01 Debug: Send Message count 0
2016-06-24 09:05:01 Debug: 주문취소 수 : 0
2016-06-24 09:05:31 Debug: 주문취소 수 : 0
2016-06-24 09:06:01 Debug: Send Message count 0
2016-06-24 09:06:01 Debug: 주문취소 수 : 0
2016-06-24 09:06:31 Debug: 주문취소 수 : 0
2016-06-24 09:07:01 Debug: Send Message count 0
2016-06-24 09:07:01 Debug: 주문취소 수 : 0
2016-06-24 09:07:31 Debug: 주문취소 수 : 0
2016-06-24 09:08:01 Debug: Send Message count 0
2016-06-24 09:08:01 Debug: 주문취소 수 : 0
2016-06-24 09:08:31 Debug: 주문취소 수 : 0
2016-06-24 09:09:01 Debug: 주문취소 수 : 0
2016-06-24 09:09:01 Debug: Send Message count 0
2016-06-24 09:09:31 Debug: 주문취소 수 : 0
2016-06-24 09:10:01 Debug: Send Message count 0
2016-06-24 09:10:01 Debug: 주문취소 수 : 0
2016-06-24 09:10:31 Debug: 주문취소 수 : 0
2016-06-24 09:11:02 Debug: Send Message count 0
2016-06-24 09:11:02 Debug: 주문취소 수 : 0
2016-06-24 09:11:32 Debug: 주문취소 수 : 0
2016-06-24 09:12:01 Debug: Send Message count 0
2016-06-24 09:12:01 Debug: 주문취소 수 : 0
2016-06-24 09:12:31 Debug: 주문취소 수 : 0
2016-06-24 09:13:01 Debug: Send Message count 0
2016-06-24 09:13:01 Debug: 주문취소 수 : 0
2016-06-24 09:13:31 Debug: 주문취소 수 : 0
2016-06-24 09:14:01 Debug: Send Message count 0
2016-06-24 09:14:01 Debug: 주문취소 수 : 0
2016-06-24 09:14:31 Debug: 주문취소 수 : 0
2016-06-24 09:15:01 Debug: 주문취소 수 : 0
2016-06-24 09:15:01 Debug: Send Message count 0
2016-06-24 09:15:31 Debug: 주문취소 수 : 0
2016-06-24 09:16:01 Debug: 주문취소 수 : 0
2016-06-24 09:16:01 Debug: Send Message count 0
2016-06-24 09:16:31 Debug: 주문취소 수 : 0
2016-06-24 09:17:01 Debug: Send Message count 0
2016-06-24 09:17:01 Debug: 주문취소 수 : 0
2016-06-24 09:17:31 Debug: 주문취소 수 : 0
2016-06-24 09:18:01 Debug: Send Message count 0
2016-06-24 09:18:01 Debug: 주문취소 수 : 0
2016-06-24 09:18:31 Debug: 주문취소 수 : 0
2016-06-24 09:19:01 Debug: Send Message count 0
2016-06-24 09:19:01 Debug: 주문취소 수 : 0
2016-06-24 09:19:31 Debug: 주문취소 수 : 0
2016-06-24 09:20:02 Debug: Send Message count 0
2016-06-24 09:20:02 Debug: 주문취소 수 : 0
2016-06-24 09:20:32 Debug: 주문취소 수 : 0
2016-06-24 09:21:01 Debug: Send Message count 0
2016-06-24 09:21:01 Debug: 주문취소 수 : 0
2016-06-24 09:21:31 Debug: 주문취소 수 : 0
2016-06-24 09:22:01 Debug: 주문취소 수 : 0
2016-06-24 09:22:01 Debug: Send Message count 0
2016-06-24 09:22:31 Debug: 주문취소 수 : 0
2016-06-24 09:23:01 Debug: Send Message count 0
2016-06-24 09:23:01 Debug: 주문취소 수 : 0
2016-06-24 09:23:31 Debug: 주문취소 수 : 0
2016-06-24 09:24:01 Debug: Send Message count 0
2016-06-24 09:24:01 Debug: 주문취소 수 : 0
2016-06-24 09:24:31 Debug: 주문취소 수 : 0
2016-06-24 09:25:01 Debug: Send Message count 0
2016-06-24 09:25:01 Debug: 주문취소 수 : 0
2016-06-24 09:25:31 Debug: 주문취소 수 : 0
2016-06-24 09:26:01 Debug: Send Message count 0
2016-06-24 09:26:01 Debug: 주문취소 수 : 0
2016-06-24 09:26:31 Debug: 주문취소 수 : 0
2016-06-24 09:27:01 Debug: Send Message count 0
2016-06-24 09:27:01 Debug: 주문취소 수 : 0
2016-06-24 09:27:31 Debug: 주문취소 수 : 0
2016-06-24 09:28:01 Debug: 주문취소 수 : 0
2016-06-24 09:28:01 Debug: Send Message count 0
2016-06-24 09:28:32 Debug: 주문취소 수 : 0
2016-06-24 09:29:01 Debug: 주문취소 수 : 0
2016-06-24 09:29:01 Debug: Send Message count 0
2016-06-24 09:29:31 Debug: 주문취소 수 : 0
2016-06-24 09:30:01 Debug: Send Message count 0
2016-06-24 09:30:01 Debug: 주문취소 수 : 0
2016-06-24 09:30:31 Debug: 주문취소 수 : 0
2016-06-24 09:31:01 Debug: Send Message count 0
2016-06-24 09:31:01 Debug: 주문취소 수 : 0
2016-06-24 09:31:31 Debug: 주문취소 수 : 0
2016-06-24 09:32:01 Debug: 주문취소 수 : 0
2016-06-24 09:32:01 Debug: Send Message count 0
2016-06-24 09:32:31 Debug: 주문취소 수 : 0
2016-06-24 09:33:01 Debug: Send Message count 0
2016-06-24 09:33:01 Debug: 주문취소 수 : 0
2016-06-24 09:33:31 Debug: 주문취소 수 : 0
2016-06-24 09:34:01 Debug: 주문취소 수 : 0
2016-06-24 09:34:01 Debug: Send Message count 0
2016-06-24 09:34:31 Debug: 주문취소 수 : 0
2016-06-24 09:35:02 Debug: Send Message count 0
2016-06-24 09:35:02 Debug: 주문취소 수 : 0
2016-06-24 09:35:31 Debug: 주문취소 수 : 0
2016-06-24 09:36:02 Debug: Send Message count 0
2016-06-24 09:36:02 Debug: 주문취소 수 : 0
2016-06-24 09:36:32 Debug: 주문취소 수 : 0
2016-06-24 09:37:01 Debug: Send Message count 0
2016-06-24 09:37:01 Debug: 주문취소 수 : 0
2016-06-24 09:37:31 Debug: 주문취소 수 : 0
2016-06-24 09:38:01 Debug: Send Message count 0
2016-06-24 09:38:01 Debug: 주문취소 수 : 0
2016-06-24 09:38:31 Debug: 주문취소 수 : 0
2016-06-24 09:39:01 Debug: Send Message count 0
2016-06-24 09:39:01 Debug: 주문취소 수 : 0
2016-06-24 09:39:31 Debug: 주문취소 수 : 0
2016-06-24 09:40:01 Debug: Send Message count 0
2016-06-24 09:40:01 Debug: 주문취소 수 : 0
2016-06-24 09:40:31 Debug: 주문취소 수 : 0
2016-06-24 09:41:01 Debug: Send Message count 0
2016-06-24 09:41:01 Debug: 주문취소 수 : 0
2016-06-24 09:41:31 Debug: 주문취소 수 : 0
2016-06-24 09:42:01 Debug: Send Message count 0
2016-06-24 09:42:01 Debug: 주문취소 수 : 0
2016-06-24 09:42:31 Debug: 주문취소 수 : 0
2016-06-24 09:43:01 Debug: Send Message count 0
2016-06-24 09:43:01 Debug: 주문취소 수 : 0
2016-06-24 09:43:31 Debug: 주문취소 수 : 0
2016-06-24 09:44:02 Debug: Send Message count 0
2016-06-24 09:44:02 Debug: 주문취소 수 : 0
2016-06-24 09:44:31 Debug: 주문취소 수 : 0
2016-06-24 09:45:02 Debug: 주문취소 수 : 0
2016-06-24 09:45:02 Debug: Send Message count 0
2016-06-24 09:45:32 Debug: 주문취소 수 : 0
2016-06-24 09:46:01 Debug: 주문취소 수 : 0
2016-06-24 09:46:01 Debug: Send Message count 0
2016-06-24 09:46:31 Debug: 주문취소 수 : 0
2016-06-24 09:47:01 Debug: Send Message count 0
2016-06-24 09:47:01 Debug: 주문취소 수 : 0
2016-06-24 09:47:31 Debug: 주문취소 수 : 0
2016-06-24 09:48:01 Debug: Send Message count 0
2016-06-24 09:48:01 Debug: 주문취소 수 : 0
2016-06-24 09:48:31 Debug: 주문취소 수 : 0
2016-06-24 09:49:01 Debug: 주문취소 수 : 0
2016-06-24 09:49:01 Debug: Send Message count 0
2016-06-24 09:49:31 Debug: 주문취소 수 : 0
2016-06-24 09:50:01 Debug: Send Message count 0
2016-06-24 09:50:01 Debug: 주문취소 수 : 0
2016-06-24 09:50:31 Debug: 주문취소 수 : 0
2016-06-24 09:51:01 Debug: 주문취소 수 : 0
2016-06-24 09:51:01 Debug: Send Message count 0
2016-06-24 09:51:31 Debug: 주문취소 수 : 0
2016-06-24 09:52:01 Debug: 주문취소 수 : 0
2016-06-24 09:52:01 Debug: Send Message count 0
2016-06-24 09:52:31 Debug: 주문취소 수 : 0
2016-06-24 09:53:02 Debug: Send Message count 0
2016-06-24 09:53:02 Debug: 주문취소 수 : 0
2016-06-24 09:53:31 Debug: 주문취소 수 : 0
2016-06-24 09:54:02 Debug: Send Message count 0
2016-06-24 09:54:02 Debug: 주문취소 수 : 0
2016-06-24 09:54:32 Debug: 주문취소 수 : 0
2016-06-24 09:55:01 Debug: 주문취소 수 : 0
2016-06-24 09:55:01 Debug: Send Message count 0
2016-06-24 09:55:31 Debug: 주문취소 수 : 0
2016-06-24 09:56:01 Debug: 주문취소 수 : 0
2016-06-24 09:56:01 Debug: Send Message count 0
2016-06-24 09:56:31 Debug: 주문취소 수 : 0
2016-06-24 09:57:01 Debug: Send Message count 0
2016-06-24 09:57:01 Debug: 주문취소 수 : 0
2016-06-24 09:57:31 Debug: 주문취소 수 : 0
2016-06-24 09:58:01 Debug: Send Message count 0
2016-06-24 09:58:01 Debug: 주문취소 수 : 0
2016-06-24 09:58:31 Debug: 주문취소 수 : 0
2016-06-24 09:59:01 Debug: Send Message count 0
2016-06-24 09:59:01 Debug: 주문취소 수 : 0
2016-06-24 09:59:31 Debug: 주문취소 수 : 0
2016-06-24 10:00:01 Debug: Send Message count 0
2016-06-24 10:00:01 Debug: 주문취소 수 : 0
2016-06-24 10:00:31 Debug: 주문취소 수 : 0
2016-06-24 10:01:01 Debug: Send Message count 0
2016-06-24 10:01:01 Debug: 주문취소 수 : 0
2016-06-24 10:01:02 Debug: YoutubeCounter :76
2016-06-24 10:01:02 Debug: FacebookCounter :2776
2016-06-24 10:01:31 Debug: 주문취소 수 : 0
2016-06-24 10:02:02 Debug: 주문취소 수 : 0
2016-06-24 10:02:02 Debug: Send Message count 0
2016-06-24 10:02:31 Debug: 주문취소 수 : 0
2016-06-24 10:03:02 Debug: 주문취소 수 : 0
2016-06-24 10:03:02 Debug: Send Message count 0
2016-06-24 10:03:32 Debug: 주문취소 수 : 0
2016-06-24 10:04:01 Debug: Send Message count 0
2016-06-24 10:04:01 Debug: 주문취소 수 : 0
2016-06-24 10:04:31 Debug: 주문취소 수 : 0
2016-06-24 10:05:01 Debug: Send Message count 0
2016-06-24 10:05:01 Debug: 주문취소 수 : 0
2016-06-24 10:05:31 Debug: 주문취소 수 : 0
2016-06-24 10:06:01 Debug: 주문취소 수 : 0
2016-06-24 10:06:01 Debug: Send Message count 0
2016-06-24 10:06:31 Debug: 주문취소 수 : 0
2016-06-24 10:07:01 Debug: 주문취소 수 : 0
2016-06-24 10:07:01 Debug: Send Message count 0
2016-06-24 10:07:31 Debug: 주문취소 수 : 0
2016-06-24 10:08:01 Debug: Send Message count 0
2016-06-24 10:08:01 Debug: 주문취소 수 : 0
2016-06-24 10:08:31 Debug: 주문취소 수 : 0
2016-06-24 10:09:01 Debug: 주문취소 수 : 0
2016-06-24 10:09:01 Debug: Send Message count 0
2016-06-24 10:09:31 Debug: 주문취소 수 : 0
2016-06-24 10:10:01 Debug: Send Message count 0
2016-06-24 10:10:01 Debug: 주문취소 수 : 0
2016-06-24 10:10:31 Debug: 주문취소 수 : 0
2016-06-24 10:11:02 Debug: Send Message count 0
2016-06-24 10:11:02 Debug: 주문취소 수 : 0
2016-06-24 10:11:31 Debug: 주문취소 수 : 0
2016-06-24 10:12:02 Debug: 주문취소 수 : 0
2016-06-24 10:12:02 Debug: Send Message count 0
2016-06-24 10:12:32 Debug: 주문취소 수 : 0
2016-06-24 10:13:01 Debug: 주문취소 수 : 0
2016-06-24 10:13:01 Debug: Send Message count 0
2016-06-24 10:13:31 Debug: 주문취소 수 : 0
2016-06-24 10:14:01 Debug: 주문취소 수 : 0
2016-06-24 10:14:01 Debug: Send Message count 0
2016-06-24 10:14:31 Debug: 주문취소 수 : 0
2016-06-24 10:15:01 Debug: Send Message count 0
2016-06-24 10:15:01 Debug: 주문취소 수 : 0
2016-06-24 10:15:31 Debug: 주문취소 수 : 0
2016-06-24 10:16:01 Debug: Send Message count 0
2016-06-24 10:16:01 Debug: 주문취소 수 : 0
2016-06-24 10:16:31 Debug: 주문취소 수 : 0
2016-06-24 10:17:01 Debug: Send Message count 0
2016-06-24 10:17:01 Debug: 주문취소 수 : 0
2016-06-24 10:17:31 Debug: 주문취소 수 : 0
2016-06-24 10:18:01 Debug: 주문취소 수 : 0
2016-06-24 10:18:01 Debug: Send Message count 0
2016-06-24 10:18:31 Debug: 주문취소 수 : 0
2016-06-24 10:19:01 Debug: Send Message count 0
2016-06-24 10:19:01 Debug: 주문취소 수 : 0
2016-06-24 10:19:31 Debug: 주문취소 수 : 0
2016-06-24 10:20:02 Debug: 주문취소 수 : 0
2016-06-24 10:20:02 Debug: Send Message count 0
2016-06-24 10:20:31 Debug: 주문취소 수 : 0
2016-06-24 10:21:02 Debug: 주문취소 수 : 0
2016-06-24 10:21:02 Debug: Send Message count 0
2016-06-24 10:21:32 Debug: 주문취소 수 : 0
2016-06-24 10:22:01 Debug: 주문취소 수 : 0
2016-06-24 10:22:01 Debug: Send Message count 0
2016-06-24 10:22:31 Debug: 주문취소 수 : 0
2016-06-24 10:23:01 Debug: 주문취소 수 : 0
2016-06-24 10:23:01 Debug: Send Message count 0
2016-06-24 10:23:31 Debug: 주문취소 수 : 0
2016-06-24 10:24:01 Debug: Send Message count 0
2016-06-24 10:24:01 Debug: 주문취소 수 : 0
2016-06-24 10:24:31 Debug: 주문취소 수 : 0
2016-06-24 10:25:01 Debug: 주문취소 수 : 0
2016-06-24 10:25:01 Debug: Send Message count 0
2016-06-24 10:25:31 Debug: 주문취소 수 : 0
2016-06-24 10:26:01 Debug: Send Message count 0
2016-06-24 10:26:01 Debug: 주문취소 수 : 0
2016-06-24 10:26:31 Debug: 주문취소 수 : 0
2016-06-24 10:27:01 Debug: 주문취소 수 : 0
2016-06-24 10:27:01 Debug: Send Message count 0
2016-06-24 10:27:31 Debug: 주문취소 수 : 0
2016-06-24 10:28:01 Debug: Send Message count 0
2016-06-24 10:28:01 Debug: 주문취소 수 : 0
2016-06-24 10:28:31 Debug: 주문취소 수 : 0
2016-06-24 10:29:02 Debug: 주문취소 수 : 0
2016-06-24 10:29:02 Debug: Send Message count 0
2016-06-24 10:29:31 Debug: 주문취소 수 : 0
2016-06-24 10:30:02 Debug: Send Message count 0
2016-06-24 10:30:02 Debug: 주문취소 수 : 0
2016-06-24 10:30:32 Debug: 주문취소 수 : 0
2016-06-24 10:31:01 Debug: Send Message count 0
2016-06-24 10:31:01 Debug: 주문취소 수 : 0
2016-06-24 10:31:31 Debug: 주문취소 수 : 0
2016-06-24 10:32:01 Debug: 주문취소 수 : 0
2016-06-24 10:32:01 Debug: Send Message count 0
2016-06-24 10:32:31 Debug: 주문취소 수 : 0
2016-06-24 10:33:01 Debug: Send Message count 0
2016-06-24 10:33:01 Debug: 주문취소 수 : 0
2016-06-24 10:33:31 Debug: 주문취소 수 : 0
2016-06-24 10:34:01 Debug: 주문취소 수 : 0
2016-06-24 10:34:01 Debug: Send Message count 0
2016-06-24 10:34:31 Debug: 주문취소 수 : 0
2016-06-24 10:35:01 Debug: 주문취소 수 : 0
2016-06-24 10:35:01 Debug: Send Message count 0
2016-06-24 10:35:31 Debug: 주문취소 수 : 0
2016-06-24 10:36:01 Debug: 주문취소 수 : 0
2016-06-24 10:36:01 Debug: Send Message count 0
2016-06-24 10:36:31 Debug: 주문취소 수 : 0
2016-06-24 10:37:01 Debug: Send Message count 0
2016-06-24 10:37:01 Debug: 주문취소 수 : 0
2016-06-24 10:37:31 Debug: 주문취소 수 : 0
2016-06-24 10:38:02 Debug: Send Message count 0
2016-06-24 10:38:02 Debug: 주문취소 수 : 0
2016-06-24 10:38:31 Debug: 주문취소 수 : 0
2016-06-24 10:39:02 Debug: 주문취소 수 : 0
2016-06-24 10:39:02 Debug: Send Message count 0
2016-06-24 10:39:32 Debug: 주문취소 수 : 0
2016-06-24 10:40:01 Debug: 주문취소 수 : 0
2016-06-24 10:40:01 Debug: Send Message count 0
2016-06-24 10:40:31 Debug: 주문취소 수 : 0
2016-06-24 10:41:01 Debug: Send Message count 0
2016-06-24 10:41:01 Debug: 주문취소 수 : 0
2016-06-24 10:41:31 Debug: 주문취소 수 : 0
2016-06-24 10:42:01 Debug: 주문취소 수 : 0
2016-06-24 10:42:01 Debug: Send Message count 0
2016-06-24 10:42:31 Debug: 주문취소 수 : 0
2016-06-24 10:43:01 Debug: Send Message count 0
2016-06-24 10:43:01 Debug: 주문취소 수 : 0
2016-06-24 10:43:31 Debug: 주문취소 수 : 0
2016-06-24 10:44:01 Debug: 주문취소 수 : 0
2016-06-24 10:44:01 Debug: Send Message count 0
2016-06-24 10:44:31 Debug: 주문취소 수 : 0
2016-06-24 10:45:01 Debug: Send Message count 0
2016-06-24 10:45:01 Debug: 주문취소 수 : 0
2016-06-24 10:45:31 Debug: 주문취소 수 : 0
2016-06-24 10:46:01 Debug: Send Message count 0
2016-06-24 10:46:01 Debug: 주문취소 수 : 0
2016-06-24 10:46:31 Debug: 주문취소 수 : 0
2016-06-24 10:47:02 Debug: Send Message count 0
2016-06-24 10:47:02 Debug: 주문취소 수 : 0
2016-06-24 10:47:31 Debug: 주문취소 수 : 0
2016-06-24 10:48:02 Debug: 주문취소 수 : 0
2016-06-24 10:48:02 Debug: Send Message count 0
2016-06-24 10:48:32 Debug: 주문취소 수 : 0
2016-06-24 10:49:01 Debug: Send Message count 0
2016-06-24 10:49:01 Debug: 주문취소 수 : 0
2016-06-24 10:49:31 Debug: 주문취소 수 : 0
2016-06-24 10:50:01 Debug: Send Message count 0
2016-06-24 10:50:01 Debug: 주문취소 수 : 0
2016-06-24 10:50:31 Debug: 주문취소 수 : 0
2016-06-24 10:51:01 Debug: Send Message count 0
2016-06-24 10:51:01 Debug: 주문취소 수 : 0
2016-06-24 10:51:31 Debug: 주문취소 수 : 0
2016-06-24 10:52:01 Debug: 주문취소 수 : 0
2016-06-24 10:52:01 Debug: Send Message count 0
2016-06-24 10:52:31 Debug: 주문취소 수 : 0
2016-06-24 10:53:01 Debug: Send Message count 0
2016-06-24 10:53:01 Debug: 주문취소 수 : 0
2016-06-24 10:53:31 Debug: 주문취소 수 : 0
2016-06-24 10:54:01 Debug: Send Message count 0
2016-06-24 10:54:01 Debug: 주문취소 수 : 0
2016-06-24 10:54:31 Debug: 주문취소 수 : 0
2016-06-24 10:55:01 Debug: Send Message count 0
2016-06-24 10:55:01 Debug: 주문취소 수 : 0
2016-06-24 10:55:31 Debug: 주문취소 수 : 0
2016-06-24 10:56:02 Debug: 주문취소 수 : 0
2016-06-24 10:56:02 Debug: Send Message count 0
2016-06-24 10:56:31 Debug: 주문취소 수 : 0
2016-06-24 10:57:02 Debug: 주문취소 수 : 0
2016-06-24 10:57:02 Debug: Send Message count 0
2016-06-24 10:57:32 Debug: 주문취소 수 : 0
2016-06-24 10:58:01 Debug: Send Message count 0
2016-06-24 10:58:01 Debug: 주문취소 수 : 0
2016-06-24 10:58:31 Debug: 주문취소 수 : 0
2016-06-24 10:59:01 Debug: 주문취소 수 : 0
2016-06-24 10:59:01 Debug: Send Message count 0
2016-06-24 10:59:31 Debug: 주문취소 수 : 0
2016-06-24 11:00:01 Debug: Send Message count 0
2016-06-24 11:00:01 Debug: 주문취소 수 : 0
2016-06-24 11:00:31 Debug: 주문취소 수 : 0
2016-06-24 11:01:01 Debug: Send Message count 0
2016-06-24 11:01:01 Debug: 주문취소 수 : 0
2016-06-24 11:01:01 Debug: YoutubeCounter :76
2016-06-24 11:01:02 Debug: FacebookCounter :2776
2016-06-24 11:01:31 Debug: 주문취소 수 : 0
2016-06-24 11:02:01 Debug: Send Message count 0
2016-06-24 11:02:01 Debug: 주문취소 수 : 0
2016-06-24 11:02:31 Debug: 주문취소 수 : 0
2016-06-24 11:03:01 Debug: Send Message count 0
2016-06-24 11:03:01 Debug: 주문취소 수 : 0
2016-06-24 11:03:31 Debug: 주문취소 수 : 0
2016-06-24 11:04:01 Debug: Send Message count 0
2016-06-24 11:04:01 Debug: 주문취소 수 : 0
2016-06-24 11:04:31 Debug: 주문취소 수 : 0
2016-06-24 11:05:02 Debug: Send Message count 0
2016-06-24 11:05:02 Debug: 주문취소 수 : 0
2016-06-24 11:05:32 Debug: 주문취소 수 : 0
2016-06-24 11:06:01 Debug: Send Message count 0
2016-06-24 11:06:01 Debug: 주문취소 수 : 0
2016-06-24 11:06:31 Debug: 주문취소 수 : 0
2016-06-24 11:07:01 Debug: Send Message count 0
2016-06-24 11:07:01 Debug: 주문취소 수 : 0
2016-06-24 11:07:31 Debug: 주문취소 수 : 0
2016-06-24 11:08:01 Debug: 주문취소 수 : 0
2016-06-24 11:08:01 Debug: Send Message count 0
2016-06-24 11:08:31 Debug: 주문취소 수 : 0
2016-06-24 11:09:01 Debug: 주문취소 수 : 0
2016-06-24 11:09:01 Debug: Send Message count 0
2016-06-24 11:09:31 Debug: 주문취소 수 : 0
2016-06-24 11:10:01 Debug: Send Message count 0
2016-06-24 11:10:01 Debug: 주문취소 수 : 0
2016-06-24 11:10:31 Debug: 주문취소 수 : 0
2016-06-24 11:11:01 Debug: Send Message count 0
2016-06-24 11:11:01 Debug: 주문취소 수 : 0
2016-06-24 11:11:31 Debug: 주문취소 수 : 0
2016-06-24 11:12:01 Debug: 주문취소 수 : 0
2016-06-24 11:12:01 Debug: Send Message count 0
2016-06-24 11:12:31 Debug: 주문취소 수 : 0
2016-06-24 11:13:01 Debug: Send Message count 0
2016-06-24 11:13:01 Debug: 주문취소 수 : 0
2016-06-24 11:13:31 Debug: 주문취소 수 : 0
2016-06-24 11:14:02 Debug: Send Message count 0
2016-06-24 11:14:02 Debug: 주문취소 수 : 0
2016-06-24 11:14:32 Debug: 주문취소 수 : 0
2016-06-24 11:15:01 Debug: Send Message count 0
2016-06-24 11:15:01 Debug: 주문취소 수 : 0
2016-06-24 11:15:31 Debug: 주문취소 수 : 0
2016-06-24 11:16:01 Debug: Send Message count 0
2016-06-24 11:16:01 Debug: 주문취소 수 : 0
2016-06-24 11:16:31 Debug: 주문취소 수 : 0
2016-06-24 11:17:01 Debug: Send Message count 0
2016-06-24 11:17:01 Debug: 주문취소 수 : 0
2016-06-24 11:17:31 Debug: 주문취소 수 : 0
2016-06-24 11:18:01 Debug: 주문취소 수 : 0
2016-06-24 11:18:01 Debug: Send Message count 0
2016-06-24 11:18:31 Debug: 주문취소 수 : 0
2016-06-24 11:19:01 Debug: 주문취소 수 : 0
2016-06-24 11:19:01 Debug: Send Message count 0
2016-06-24 11:19:31 Debug: 주문취소 수 : 0
2016-06-24 11:20:01 Debug: 주문취소 수 : 0
2016-06-24 11:20:01 Debug: Send Message count 0
2016-06-24 11:20:31 Debug: 주문취소 수 : 0
2016-06-24 11:21:01 Debug: 주문취소 수 : 0
2016-06-24 11:21:01 Debug: Send Message count 0
2016-06-24 11:21:31 Debug: 주문취소 수 : 0
2016-06-24 11:22:02 Debug: Send Message count 0
2016-06-24 11:22:02 Debug: 주문취소 수 : 0
2016-06-24 11:22:31 Debug: 주문취소 수 : 0
2016-06-24 11:23:02 Debug: Send Message count 0
2016-06-24 11:23:02 Debug: 주문취소 수 : 0
2016-06-24 11:23:32 Debug: 주문취소 수 : 0
2016-06-24 11:24:01 Debug: Send Message count 0
2016-06-24 11:24:01 Debug: 주문취소 수 : 0
2016-06-24 11:24:31 Debug: 주문취소 수 : 0
2016-06-24 11:25:01 Debug: Send Message count 0
2016-06-24 11:25:01 Debug: 주문취소 수 : 0
2016-06-24 11:25:31 Debug: 주문취소 수 : 0
2016-06-24 11:26:01 Debug: Send Message count 0
2016-06-24 11:26:01 Debug: 주문취소 수 : 0
2016-06-24 11:26:31 Debug: 주문취소 수 : 0
2016-06-24 11:27:01 Debug: Send Message count 0
2016-06-24 11:27:01 Debug: 주문취소 수 : 0
2016-06-24 11:27:31 Debug: 주문취소 수 : 0
2016-06-24 11:28:01 Debug: Send Message count 0
2016-06-24 11:28:01 Debug: 주문취소 수 : 0
2016-06-24 11:28:31 Debug: 주문취소 수 : 0
2016-06-24 11:29:01 Debug: Send Message count 0
2016-06-24 11:29:01 Debug: 주문취소 수 : 0
2016-06-24 11:29:31 Debug: 주문취소 수 : 0
2016-06-24 11:30:01 Debug: Send Message count 0
2016-06-24 11:30:01 Debug: 주문취소 수 : 0
2016-06-24 11:30:31 Debug: 주문취소 수 : 0
2016-06-24 11:31:02 Debug: Send Message count 0
2016-06-24 11:31:02 Debug: 주문취소 수 : 0
2016-06-24 11:31:31 Debug: 주문취소 수 : 0
2016-06-24 11:32:02 Debug: Send Message count 0
2016-06-24 11:32:02 Debug: 주문취소 수 : 0
2016-06-24 11:32:32 Debug: 주문취소 수 : 0
2016-06-24 11:33:01 Debug: Send Message count 0
2016-06-24 11:33:01 Debug: 주문취소 수 : 0
2016-06-24 11:33:31 Debug: 주문취소 수 : 0
2016-06-24 11:34:01 Debug: Send Message count 0
2016-06-24 11:34:01 Debug: 주문취소 수 : 0
2016-06-24 11:34:31 Debug: 주문취소 수 : 0
2016-06-24 11:35:01 Debug: Send Message count 0
2016-06-24 11:35:01 Debug: 주문취소 수 : 0
2016-06-24 11:35:31 Debug: 주문취소 수 : 0
2016-06-24 11:36:01 Debug: 주문취소 수 : 0
2016-06-24 11:36:01 Debug: Send Message count 0
2016-06-24 11:36:31 Debug: 주문취소 수 : 0
2016-06-24 11:37:01 Debug: Send Message count 0
2016-06-24 11:37:01 Debug: 주문취소 수 : 0
2016-06-24 11:37:31 Debug: 주문취소 수 : 0
2016-06-24 11:38:01 Debug: Send Message count 0
2016-06-24 11:38:01 Debug: 주문취소 수 : 0
2016-06-24 11:38:31 Debug: 주문취소 수 : 0
2016-06-24 11:39:01 Debug: 주문취소 수 : 0
2016-06-24 11:39:01 Debug: Send Message count 0
2016-06-24 11:39:31 Debug: 주문취소 수 : 0
2016-06-24 11:40:02 Debug: Send Message count 0
2016-06-24 11:40:02 Debug: 주문취소 수 : 0
2016-06-24 11:40:31 Debug: 주문취소 수 : 0
2016-06-24 11:41:02 Debug: 주문취소 수 : 0
2016-06-24 11:41:02 Debug: Send Message count 0
2016-06-24 11:41:32 Debug: 주문취소 수 : 0
2016-06-24 11:42:01 Debug: Send Message count 0
2016-06-24 11:42:01 Debug: 주문취소 수 : 0
2016-06-24 11:42:31 Debug: 주문취소 수 : 0
2016-06-24 11:43:01 Debug: Send Message count 0
2016-06-24 11:43:01 Debug: 주문취소 수 : 0
2016-06-24 11:43:31 Debug: 주문취소 수 : 0
2016-06-24 11:44:01 Debug: Send Message count 0
2016-06-24 11:44:01 Debug: 주문취소 수 : 0
2016-06-24 11:44:31 Debug: 주문취소 수 : 0
2016-06-24 11:45:01 Debug: Send Message count 0
2016-06-24 11:45:01 Debug: 주문취소 수 : 0
2016-06-24 11:45:31 Debug: 주문취소 수 : 0
2016-06-24 11:46:01 Debug: Send Message count 0
2016-06-24 11:46:01 Debug: 주문취소 수 : 0
2016-06-24 11:46:31 Debug: 주문취소 수 : 0
2016-06-24 11:47:01 Debug: Send Message count 0
2016-06-24 11:47:01 Debug: 주문취소 수 : 0
2016-06-24 11:47:31 Debug: 주문취소 수 : 0
2016-06-24 11:48:01 Debug: Send Message count 0
2016-06-24 11:48:01 Debug: 주문취소 수 : 0
2016-06-24 11:48:31 Debug: 주문취소 수 : 0
2016-06-24 11:49:02 Debug: Send Message count 0
2016-06-24 11:49:02 Debug: 주문취소 수 : 0
2016-06-24 11:49:31 Debug: 주문취소 수 : 0
2016-06-24 11:50:01 Debug: 주문취소 수 : 0
2016-06-24 11:50:01 Debug: Send Message count 0
2016-06-24 11:50:31 Debug: 주문취소 수 : 0
2016-06-24 11:51:01 Debug: 주문취소 수 : 0
2016-06-24 11:51:01 Debug: Send Message count 0
2016-06-24 11:51:31 Debug: 주문취소 수 : 0
2016-06-24 11:52:01 Debug: Send Message count 0
2016-06-24 11:52:01 Debug: 주문취소 수 : 0
2016-06-24 11:52:31 Debug: 주문취소 수 : 0
2016-06-24 11:53:01 Debug: Send Message count 0
2016-06-24 11:53:01 Debug: 주문취소 수 : 0
2016-06-24 11:53:31 Debug: 주문취소 수 : 0
2016-06-24 11:54:01 Debug: 주문취소 수 : 0
2016-06-24 11:54:01 Debug: Send Message count 0
2016-06-24 11:54:31 Debug: 주문취소 수 : 0
2016-06-24 11:55:01 Debug: 주문취소 수 : 0
2016-06-24 11:55:01 Debug: Send Message count 0
2016-06-24 11:55:31 Debug: 주문취소 수 : 0
2016-06-24 11:56:01 Debug: 주문취소 수 : 0
2016-06-24 11:56:01 Debug: Send Message count 0
2016-06-24 11:56:31 Debug: 주문취소 수 : 0
2016-06-24 11:57:01 Debug: Send Message count 0
2016-06-24 11:57:01 Debug: 주문취소 수 : 0
2016-06-24 11:57:31 Debug: 주문취소 수 : 0
2016-06-24 11:58:02 Debug: 주문취소 수 : 0
2016-06-24 11:58:02 Debug: Send Message count 0
2016-06-24 11:58:32 Debug: 주문취소 수 : 0
2016-06-24 11:59:01 Debug: 주문취소 수 : 0
2016-06-24 11:59:01 Debug: Send Message count 0
2016-06-24 11:59:31 Debug: 주문취소 수 : 0
2016-06-24 12:00:01 Debug: Send Message count 0
2016-06-24 12:00:01 Debug: 주문취소 수 : 0
2016-06-24 12:00:31 Debug: 주문취소 수 : 0
2016-06-24 12:01:01 Debug: Send Message count 0
2016-06-24 12:01:01 Debug: 주문취소 수 : 0
2016-06-24 12:01:01 Debug: YoutubeCounter :76
2016-06-24 12:01:02 Debug: FacebookCounter :2776
2016-06-24 12:01:31 Debug: 주문취소 수 : 0
2016-06-24 12:02:01 Debug: 주문취소 수 : 0
2016-06-24 12:02:01 Debug: Send Message count 0
2016-06-24 12:02:31 Debug: 주문취소 수 : 0
2016-06-24 12:03:01 Debug: Send Message count 0
2016-06-24 12:03:01 Debug: 주문취소 수 : 0
2016-06-24 12:03:31 Debug: 주문취소 수 : 0
2016-06-24 12:04:01 Debug: Send Message count 0
2016-06-24 12:04:01 Debug: 주문취소 수 : 0
2016-06-24 12:04:31 Debug: 주문취소 수 : 0
2016-06-24 12:05:01 Debug: Send Message count 0
2016-06-24 12:05:01 Debug: 주문취소 수 : 0
2016-06-24 12:05:31 Debug: 주문취소 수 : 0
2016-06-24 12:06:01 Debug: 주문취소 수 : 0
2016-06-24 12:06:01 Debug: Send Message count 0
2016-06-24 12:06:31 Debug: 주문취소 수 : 0
2016-06-24 12:07:02 Debug: 주문취소 수 : 0
2016-06-24 12:07:02 Debug: Send Message count 0
2016-06-24 12:07:32 Debug: 주문취소 수 : 0
2016-06-24 12:08:01 Debug: 주문취소 수 : 0
2016-06-24 12:08:01 Debug: Send Message count 0
2016-06-24 12:08:31 Debug: 주문취소 수 : 0
2016-06-24 12:09:01 Debug: Send Message count 0
2016-06-24 12:09:01 Debug: 주문취소 수 : 0
2016-06-24 12:09:31 Debug: 주문취소 수 : 0
2016-06-24 12:10:01 Debug: Send Message count 0
2016-06-24 12:10:01 Debug: 주문취소 수 : 0
2016-06-24 12:10:31 Debug: 주문취소 수 : 0
2016-06-24 12:11:01 Debug: 주문취소 수 : 0
2016-06-24 12:11:01 Debug: Send Message count 0
2016-06-24 12:11:31 Debug: 주문취소 수 : 0
2016-06-24 12:12:01 Debug: Send Message count 0
2016-06-24 12:12:01 Debug: 주문취소 수 : 0
2016-06-24 12:12:31 Debug: 주문취소 수 : 0
2016-06-24 12:13:01 Debug: 주문취소 수 : 0
2016-06-24 12:13:01 Debug: Send Message count 0
2016-06-24 12:13:31 Debug: 주문취소 수 : 0
2016-06-24 12:14:01 Debug: Send Message count 0
2016-06-24 12:14:01 Debug: 주문취소 수 : 0
2016-06-24 12:14:31 Debug: 주문취소 수 : 0
2016-06-24 12:15:01 Debug: 주문취소 수 : 0
2016-06-24 12:15:02 Debug: Send Message count 0
2016-06-24 12:15:31 Debug: 주문취소 수 : 0
2016-06-24 12:16:02 Debug: 주문취소 수 : 0
2016-06-24 12:16:02 Debug: Send Message count 0
2016-06-24 12:16:32 Debug: 주문취소 수 : 0
2016-06-24 12:17:01 Debug: 주문취소 수 : 0
2016-06-24 12:17:01 Debug: Send Message count 0
2016-06-24 12:17:31 Debug: 주문취소 수 : 0
2016-06-24 12:18:01 Debug: Send Message count 0
2016-06-24 12:18:01 Debug: 주문취소 수 : 0
2016-06-24 12:18:31 Debug: 주문취소 수 : 0
2016-06-24 12:19:01 Debug: Send Message count 0
2016-06-24 12:19:01 Debug: 주문취소 수 : 0
2016-06-24 12:19:31 Debug: 주문취소 수 : 0
2016-06-24 12:20:01 Debug: 주문취소 수 : 0
2016-06-24 12:20:01 Debug: Send Message count 0
2016-06-24 12:20:31 Debug: 주문취소 수 : 0
2016-06-24 12:21:01 Debug: 주문취소 수 : 0
2016-06-24 12:21:01 Debug: Send Message count 0
2016-06-24 12:21:31 Debug: 주문취소 수 : 0
2016-06-24 12:22:01 Debug: 주문취소 수 : 0
2016-06-24 12:22:01 Debug: Send Message count 0
2016-06-24 12:22:31 Debug: 주문취소 수 : 0
2016-06-24 12:23:01 Debug: Send Message count 0
2016-06-24 12:23:01 Debug: 주문취소 수 : 0
2016-06-24 12:23:31 Debug: 주문취소 수 : 0
2016-06-24 12:24:01 Debug: 주문취소 수 : 0
2016-06-24 12:24:01 Debug: Send Message count 0
2016-06-24 12:24:31 Debug: 주문취소 수 : 0
2016-06-24 12:25:02 Debug: Send Message count 0
2016-06-24 12:25:02 Debug: 주문취소 수 : 0
2016-06-24 12:25:32 Debug: 주문취소 수 : 0
2016-06-24 12:26:01 Debug: 주문취소 수 : 0
2016-06-24 12:26:01 Debug: Send Message count 0
2016-06-24 12:26:31 Debug: 주문취소 수 : 0
2016-06-24 12:27:01 Debug: 주문취소 수 : 0
2016-06-24 12:27:01 Debug: Send Message count 0
2016-06-24 12:27:31 Debug: 주문취소 수 : 0
2016-06-24 12:28:01 Debug: 주문취소 수 : 0
2016-06-24 12:28:01 Debug: Send Message count 0
2016-06-24 12:28:31 Debug: 주문취소 수 : 0
2016-06-24 12:29:01 Debug: Send Message count 0
2016-06-24 12:29:01 Debug: 주문취소 수 : 0
2016-06-24 12:29:31 Debug: 주문취소 수 : 0
2016-06-24 12:30:01 Debug: Send Message count 0
2016-06-24 12:30:01 Debug: 주문취소 수 : 0
2016-06-24 12:30:31 Debug: 주문취소 수 : 0
2016-06-24 12:31:01 Debug: Send Message count 0
2016-06-24 12:31:01 Debug: 주문취소 수 : 0
2016-06-24 12:31:31 Debug: 주문취소 수 : 0
2016-06-24 12:32:01 Debug: 주문취소 수 : 0
2016-06-24 12:32:01 Debug: Send Message count 0
2016-06-24 12:32:31 Debug: 주문취소 수 : 0
2016-06-24 12:33:02 Debug: Send Message count 0
2016-06-24 12:33:02 Debug: 주문취소 수 : 0
2016-06-24 12:33:31 Debug: 주문취소 수 : 0
2016-06-24 12:34:02 Debug: 주문취소 수 : 0
2016-06-24 12:34:02 Debug: Send Message count 0
2016-06-24 12:34:32 Debug: 주문취소 수 : 0
2016-06-24 12:35:01 Debug: 주문취소 수 : 0
2016-06-24 12:35:01 Debug: Send Message count 0
2016-06-24 12:35:31 Debug: 주문취소 수 : 0
2016-06-24 12:36:01 Debug: Send Message count 0
2016-06-24 12:36:01 Debug: 주문취소 수 : 0
2016-06-24 12:36:31 Debug: 주문취소 수 : 0
2016-06-24 12:37:01 Debug: Send Message count 0
2016-06-24 12:37:01 Debug: 주문취소 수 : 0
2016-06-24 12:37:31 Debug: 주문취소 수 : 0
2016-06-24 12:38:01 Debug: Send Message count 0
2016-06-24 12:38:01 Debug: 주문취소 수 : 0
2016-06-24 12:38:31 Debug: 주문취소 수 : 0
2016-06-24 12:39:01 Debug: Send Message count 0
2016-06-24 12:39:01 Debug: 주문취소 수 : 0
2016-06-24 12:39:31 Debug: 주문취소 수 : 0
2016-06-24 12:40:01 Debug: Send Message count 0
2016-06-24 12:40:01 Debug: 주문취소 수 : 0
2016-06-24 12:40:31 Debug: 주문취소 수 : 0
2016-06-24 12:41:01 Debug: Send Message count 0
2016-06-24 12:41:01 Debug: 주문취소 수 : 0
2016-06-24 12:41:31 Debug: 주문취소 수 : 0
2016-06-24 12:42:02 Debug: Send Message count 0
2016-06-24 12:42:02 Debug: 주문취소 수 : 0
2016-06-24 12:42:31 Debug: 주문취소 수 : 0
2016-06-24 12:43:02 Debug: 주문취소 수 : 0
2016-06-24 12:43:02 Debug: Send Message count 0
2016-06-24 12:43:32 Debug: 주문취소 수 : 0
2016-06-24 12:44:01 Debug: Send Message count 0
2016-06-24 12:44:01 Debug: 주문취소 수 : 0
2016-06-24 12:44:31 Debug: 주문취소 수 : 0
2016-06-24 12:45:01 Debug: 주문취소 수 : 0
2016-06-24 12:45:01 Debug: Send Message count 0
2016-06-24 12:45:31 Debug: 주문취소 수 : 0
2016-06-24 12:46:01 Debug: Send Message count 0
2016-06-24 12:46:01 Debug: 주문취소 수 : 0
2016-06-24 12:46:31 Debug: 주문취소 수 : 0
2016-06-24 12:47:01 Debug: 주문취소 수 : 0
2016-06-24 12:47:01 Debug: Send Message count 0
2016-06-24 12:47:31 Debug: 주문취소 수 : 0
2016-06-24 12:48:01 Debug: 주문취소 수 : 0
2016-06-24 12:48:01 Debug: Send Message count 0
2016-06-24 12:48:31 Debug: 주문취소 수 : 0
2016-06-24 12:49:01 Debug: Send Message count 0
2016-06-24 12:49:01 Debug: 주문취소 수 : 0
2016-06-24 12:49:31 Debug: 주문취소 수 : 0
2016-06-24 12:50:01 Debug: Send Message count 0
2016-06-24 12:50:01 Debug: 주문취소 수 : 0
2016-06-24 12:50:31 Debug: 주문취소 수 : 0
2016-06-24 12:51:02 Debug: Send Message count 0
2016-06-24 12:51:02 Debug: 주문취소 수 : 0
2016-06-24 12:51:32 Debug: 주문취소 수 : 0
2016-06-24 12:52:01 Debug: Send Message count 0
2016-06-24 12:52:01 Debug: 주문취소 수 : 0
2016-06-24 12:52:31 Debug: 주문취소 수 : 0
2016-06-24 12:53:01 Debug: Send Message count 0
2016-06-24 12:53:01 Debug: 주문취소 수 : 0
2016-06-24 12:53:31 Debug: 주문취소 수 : 0
2016-06-24 12:54:01 Debug: 주문취소 수 : 0
2016-06-24 12:54:01 Debug: Send Message count 0
2016-06-24 12:54:31 Debug: 주문취소 수 : 0
2016-06-24 12:55:01 Debug: Send Message count 0
2016-06-24 12:55:01 Debug: 주문취소 수 : 0
2016-06-24 12:55:31 Debug: 주문취소 수 : 0
2016-06-24 12:56:01 Debug: Send Message count 0
2016-06-24 12:56:01 Debug: 주문취소 수 : 0
2016-06-24 12:56:31 Debug: 주문취소 수 : 0
2016-06-24 12:57:01 Debug: Send Message count 0
2016-06-24 12:57:01 Debug: 주문취소 수 : 0
2016-06-24 12:57:31 Debug: 주문취소 수 : 0
2016-06-24 12:58:01 Debug: Send Message count 0
2016-06-24 12:58:01 Debug: 주문취소 수 : 0
2016-06-24 12:58:31 Debug: 주문취소 수 : 0
2016-06-24 12:59:01 Debug: Send Message count 0
2016-06-24 12:59:01 Debug: 주문취소 수 : 0
2016-06-24 12:59:31 Debug: 주문취소 수 : 0
2016-06-24 13:00:02 Debug: Send Message count 0
2016-06-24 13:00:02 Debug: 주문취소 수 : 0
2016-06-24 13:00:32 Debug: 주문취소 수 : 0
2016-06-24 13:01:01 Debug: 주문취소 수 : 0
2016-06-24 13:01:01 Debug: Send Message count 0
2016-06-24 13:01:01 Debug: YoutubeCounter :76
2016-06-24 13:01:02 Debug: FacebookCounter :2776
2016-06-24 13:01:31 Debug: 주문취소 수 : 0
2016-06-24 13:02:01 Debug: 주문취소 수 : 0
2016-06-24 13:02:01 Debug: Send Message count 0
2016-06-24 13:02:31 Debug: 주문취소 수 : 0
2016-06-24 13:03:01 Debug: Send Message count 0
2016-06-24 13:03:01 Debug: 주문취소 수 : 0
2016-06-24 13:03:31 Debug: 주문취소 수 : 0
2016-06-24 13:04:01 Debug: 주문취소 수 : 0
2016-06-24 13:04:01 Debug: Send Message count 0
2016-06-24 13:04:31 Debug: 주문취소 수 : 0
2016-06-24 13:05:01 Debug: Send Message count 0
2016-06-24 13:05:01 Debug: 주문취소 수 : 0
2016-06-24 13:05:31 Debug: 주문취소 수 : 0
2016-06-24 13:06:01 Debug: 주문취소 수 : 0
2016-06-24 13:06:01 Debug: Send Message count 0
2016-06-24 13:06:31 Debug: 주문취소 수 : 0
2016-06-24 13:07:01 Debug: Send Message count 0
2016-06-24 13:07:01 Debug: 주문취소 수 : 0
2016-06-24 13:07:31 Debug: 주문취소 수 : 0
2016-06-24 13:08:02 Debug: Send Message count 0
2016-06-24 13:08:02 Debug: 주문취소 수 : 0
2016-06-24 13:08:31 Debug: 주문취소 수 : 0
2016-06-24 13:09:02 Debug: Send Message count 0
2016-06-24 13:09:02 Debug: 주문취소 수 : 0
2016-06-24 13:09:32 Debug: 주문취소 수 : 0
2016-06-24 13:10:01 Debug: Send Message count 0
2016-06-24 13:10:01 Debug: 주문취소 수 : 0
2016-06-24 13:10:31 Debug: 주문취소 수 : 0
2016-06-24 13:11:01 Debug: 주문취소 수 : 0
2016-06-24 13:11:01 Debug: Send Message count 0
2016-06-24 13:11:31 Debug: 주문취소 수 : 0
2016-06-24 13:12:01 Debug: 주문취소 수 : 0
2016-06-24 13:12:01 Debug: Send Message count 0
2016-06-24 13:12:31 Debug: 주문취소 수 : 0
2016-06-24 13:13:01 Debug: 주문취소 수 : 0
2016-06-24 13:13:01 Debug: Send Message count 0
2016-06-24 13:13:31 Debug: 주문취소 수 : 0
2016-06-24 13:14:01 Debug: 주문취소 수 : 0
2016-06-24 13:14:01 Debug: Send Message count 0
2016-06-24 13:14:31 Debug: 주문취소 수 : 0
2016-06-24 13:15:01 Debug: 주문취소 수 : 0
2016-06-24 13:15:01 Debug: Send Message count 0
2016-06-24 13:15:31 Debug: 주문취소 수 : 0
2016-06-24 13:16:01 Debug: Send Message count 0
2016-06-24 13:16:01 Debug: 주문취소 수 : 0
2016-06-24 13:16:31 Debug: 주문취소 수 : 0
2016-06-24 13:17:02 Debug: Send Message count 0
2016-06-24 13:17:02 Debug: 주문취소 수 : 0
2016-06-24 13:17:31 Debug: 주문취소 수 : 0
2016-06-24 13:18:02 Debug: Send Message count 0
2016-06-24 13:18:02 Debug: 주문취소 수 : 0
2016-06-24 13:18:32 Debug: 주문취소 수 : 0
2016-06-24 13:19:01 Debug: Send Message count 0
2016-06-24 13:19:01 Debug: 주문취소 수 : 0
2016-06-24 13:19:31 Debug: 주문취소 수 : 0
2016-06-24 13:20:01 Debug: Send Message count 0
2016-06-24 13:20:01 Debug: 주문취소 수 : 0
2016-06-24 13:20:31 Debug: 주문취소 수 : 0
2016-06-24 13:21:01 Debug: 주문취소 수 : 0
2016-06-24 13:21:01 Debug: Send Message count 0
2016-06-24 13:21:31 Debug: 주문취소 수 : 0
2016-06-24 13:22:01 Debug: 주문취소 수 : 0
2016-06-24 13:22:01 Debug: Send Message count 0
2016-06-24 13:22:31 Debug: 주문취소 수 : 0
2016-06-24 13:23:01 Debug: Send Message count 0
2016-06-24 13:23:01 Debug: 주문취소 수 : 0
2016-06-24 13:23:31 Debug: 주문취소 수 : 0
2016-06-24 13:24:01 Debug: 주문취소 수 : 0
2016-06-24 13:24:01 Debug: Send Message count 0
2016-06-24 13:24:31 Debug: 주문취소 수 : 0
2016-06-24 13:25:01 Debug: Send Message count 0
2016-06-24 13:25:01 Debug: 주문취소 수 : 0
2016-06-24 13:25:31 Debug: 주문취소 수 : 0
2016-06-24 13:26:02 Debug: Send Message count 0
2016-06-24 13:26:02 Debug: 주문취소 수 : 0
2016-06-24 13:26:31 Debug: 주문취소 수 : 0
2016-06-24 13:27:02 Debug: Send Message count 0
2016-06-24 13:27:02 Debug: 주문취소 수 : 0
2016-06-24 13:27:32 Debug: 주문취소 수 : 0
2016-06-24 13:28:01 Debug: Send Message count 0
2016-06-24 13:28:01 Debug: 주문취소 수 : 0
2016-06-24 13:28:31 Debug: 주문취소 수 : 0
2016-06-24 13:29:01 Debug: 주문취소 수 : 0
2016-06-24 13:29:01 Debug: Send Message count 0
2016-06-24 13:29:31 Debug: 주문취소 수 : 0
2016-06-24 13:30:01 Debug: Send Message count 0
2016-06-24 13:30:01 Debug: 주문취소 수 : 0
2016-06-24 13:30:31 Debug: 주문취소 수 : 0
2016-06-24 13:31:01 Debug: 주문취소 수 : 0
2016-06-24 13:31:01 Debug: Send Message count 0
2016-06-24 13:31:31 Debug: 주문취소 수 : 0
2016-06-24 13:32:01 Debug: 주문취소 수 : 0
2016-06-24 13:32:01 Debug: Send Message count 0
2016-06-24 13:32:31 Debug: 주문취소 수 : 0
2016-06-24 13:33:01 Debug: 주문취소 수 : 0
2016-06-24 13:33:01 Debug: Send Message count 0
2016-06-24 13:33:31 Debug: 주문취소 수 : 0
2016-06-24 13:34:01 Debug: 주문취소 수 : 0
2016-06-24 13:34:01 Debug: Send Message count 0
2016-06-24 13:34:31 Debug: 주문취소 수 : 0
2016-06-24 13:35:02 Debug: Send Message count 0
2016-06-24 13:35:02 Debug: 주문취소 수 : 0
2016-06-24 13:35:31 Debug: 주문취소 수 : 0
2016-06-24 13:36:02 Debug: Send Message count 0
2016-06-24 13:36:02 Debug: 주문취소 수 : 0
2016-06-24 13:36:32 Debug: 주문취소 수 : 0
2016-06-24 13:37:01 Debug: Send Message count 0
2016-06-24 13:37:01 Debug: 주문취소 수 : 0
2016-06-24 13:37:31 Debug: 주문취소 수 : 0
2016-06-24 13:38:01 Debug: 주문취소 수 : 0
2016-06-24 13:38:01 Debug: Send Message count 0
2016-06-24 13:38:31 Debug: 주문취소 수 : 0
2016-06-24 13:39:01 Debug: Send Message count 0
2016-06-24 13:39:01 Debug: 주문취소 수 : 0
2016-06-24 13:39:31 Debug: 주문취소 수 : 0
2016-06-24 13:40:01 Debug: Send Message count 0
2016-06-24 13:40:01 Debug: 주문취소 수 : 0
2016-06-24 13:40:31 Debug: 주문취소 수 : 0
2016-06-24 13:41:01 Debug: 주문취소 수 : 0
2016-06-24 13:41:01 Debug: Send Message count 0
2016-06-24 13:41:31 Debug: 주문취소 수 : 0
2016-06-24 13:42:01 Debug: Send Message count 0
2016-06-24 13:42:01 Debug: 주문취소 수 : 0
2016-06-24 13:42:31 Debug: 주문취소 수 : 0
2016-06-24 13:43:01 Debug: Send Message count 0
2016-06-24 13:43:01 Debug: 주문취소 수 : 0
2016-06-24 13:43:31 Debug: 주문취소 수 : 0
2016-06-24 13:44:02 Debug: Send Message count 0
2016-06-24 13:44:02 Debug: 주문취소 수 : 0
2016-06-24 13:44:32 Debug: 주문취소 수 : 0
2016-06-24 13:45:01 Debug: 주문취소 수 : 0
2016-06-24 13:45:01 Debug: Send Message count 0
2016-06-24 13:45:31 Debug: 주문취소 수 : 0
2016-06-24 13:46:01 Debug: Send Message count 0
2016-06-24 13:46:01 Debug: 주문취소 수 : 0
2016-06-24 13:46:31 Debug: 주문취소 수 : 0
2016-06-24 13:47:01 Debug: 주문취소 수 : 0
2016-06-24 13:47:01 Debug: Send Message count 0
2016-06-24 13:47:31 Debug: 주문취소 수 : 0
2016-06-24 13:48:01 Debug: Send Message count 0
2016-06-24 13:48:01 Debug: 주문취소 수 : 0
2016-06-24 13:48:31 Debug: 주문취소 수 : 0
2016-06-24 13:49:01 Debug: 주문취소 수 : 0
2016-06-24 13:49:01 Debug: Send Message count 0
2016-06-24 13:49:31 Debug: 주문취소 수 : 0
2016-06-24 13:50:01 Debug: 주문취소 수 : 0
2016-06-24 13:50:01 Debug: Send Message count 0
2016-06-24 13:50:31 Debug: 주문취소 수 : 0
2016-06-24 13:51:01 Debug: Send Message count 0
2016-06-24 13:51:01 Debug: 주문취소 수 : 0
2016-06-24 13:51:31 Debug: 주문취소 수 : 0
2016-06-24 13:52:02 Debug: Send Message count 0
2016-06-24 13:52:02 Debug: 주문취소 수 : 0
2016-06-24 13:52:31 Debug: 주문취소 수 : 0
2016-06-24 13:53:02 Debug: Send Message count 0
2016-06-24 13:53:02 Debug: 주문취소 수 : 0
2016-06-24 13:53:32 Debug: 주문취소 수 : 0
2016-06-24 13:54:01 Debug: 주문취소 수 : 0
2016-06-24 13:54:01 Debug: Send Message count 0
2016-06-24 13:54:31 Debug: 주문취소 수 : 0
2016-06-24 13:55:01 Debug: Send Message count 0
2016-06-24 13:55:01 Debug: 주문취소 수 : 0
2016-06-24 13:55:31 Debug: 주문취소 수 : 0
2016-06-24 13:56:01 Debug: Send Message count 0
2016-06-24 13:56:01 Debug: 주문취소 수 : 0
2016-06-24 13:56:31 Debug: 주문취소 수 : 0
2016-06-24 13:57:01 Debug: 주문취소 수 : 0
2016-06-24 13:57:01 Debug: Send Message count 0
2016-06-24 13:57:31 Debug: 주문취소 수 : 0
2016-06-24 13:58:01 Debug: Send Message count 0
2016-06-24 13:58:01 Debug: 주문취소 수 : 0
2016-06-24 13:58:31 Debug: 주문취소 수 : 0
2016-06-24 13:59:01 Debug: Send Message count 0
2016-06-24 13:59:01 Debug: 주문취소 수 : 0
2016-06-24 13:59:31 Debug: 주문취소 수 : 0
2016-06-24 14:00:01 Debug: Send Message count 0
2016-06-24 14:00:01 Debug: 주문취소 수 : 0
2016-06-24 14:00:31 Debug: 주문취소 수 : 0
2016-06-24 14:01:02 Debug: 주문취소 수 : 0
2016-06-24 14:01:02 Debug: Send Message count 0
2016-06-24 14:01:02 Debug: YoutubeCounter :76
2016-06-24 14:01:02 Debug: FacebookCounter :2776
2016-06-24 14:01:31 Debug: 주문취소 수 : 0
2016-06-24 14:02:02 Debug: 주문취소 수 : 0
2016-06-24 14:02:02 Debug: Send Message count 0
2016-06-24 14:02:32 Debug: 주문취소 수 : 0
2016-06-24 14:03:01 Debug: Send Message count 0
2016-06-24 14:03:01 Debug: 주문취소 수 : 0
2016-06-24 14:03:31 Debug: 주문취소 수 : 0
2016-06-24 14:04:01 Debug: Send Message count 0
2016-06-24 14:04:01 Debug: 주문취소 수 : 0
2016-06-24 14:04:31 Debug: 주문취소 수 : 0
2016-06-24 14:05:01 Debug: 주문취소 수 : 0
2016-06-24 14:05:01 Debug: Send Message count 0
2016-06-24 14:05:31 Debug: 주문취소 수 : 0
2016-06-24 14:06:01 Debug: Send Message count 0
2016-06-24 14:06:01 Debug: 주문취소 수 : 0
2016-06-24 14:06:31 Debug: 주문취소 수 : 0
2016-06-24 14:07:01 Debug: Send Message count 0
2016-06-24 14:07:01 Debug: 주문취소 수 : 0
2016-06-24 14:07:31 Debug: 주문취소 수 : 0
2016-06-24 14:08:01 Debug: 주문취소 수 : 0
2016-06-24 14:08:01 Debug: Send Message count 0
2016-06-24 14:08:31 Debug: 주문취소 수 : 0
2016-06-24 14:09:02 Debug: 주문취소 수 : 0
2016-06-24 14:09:02 Debug: Send Message count 0
2016-06-24 14:09:31 Debug: 주문취소 수 : 0
2016-06-24 14:10:02 Debug: 주문취소 수 : 0
2016-06-24 14:10:02 Debug: Send Message count 0
2016-06-24 14:10:31 Debug: 주문취소 수 : 0
2016-06-24 14:11:01 Debug: Send Message count 0
2016-06-24 14:11:01 Debug: 주문취소 수 : 0
2016-06-24 14:11:31 Debug: 주문취소 수 : 0
2016-06-24 14:12:01 Debug: Send Message count 0
2016-06-24 14:12:01 Debug: 주문취소 수 : 0
2016-06-24 14:12:31 Debug: 주문취소 수 : 0
2016-06-24 14:13:01 Debug: 주문취소 수 : 0
2016-06-24 14:13:01 Debug: Send Message count 0
2016-06-24 14:13:31 Debug: 주문취소 수 : 0
2016-06-24 14:14:01 Debug: 주문취소 수 : 0
2016-06-24 14:14:01 Debug: Send Message count 0
2016-06-24 14:14:31 Debug: 주문취소 수 : 0
2016-06-24 14:15:01 Debug: Send Message count 0
2016-06-24 14:15:01 Debug: 주문취소 수 : 0
2016-06-24 14:15:31 Debug: 주문취소 수 : 0
2016-06-24 14:16:01 Debug: 주문취소 수 : 0
2016-06-24 14:16:01 Debug: Send Message count 0
2016-06-24 14:16:31 Debug: 주문취소 수 : 0
2016-06-24 14:17:01 Debug: 주문취소 수 : 0
2016-06-24 14:17:01 Debug: Send Message count 0
2016-06-24 14:17:31 Debug: 주문취소 수 : 0
2016-06-24 14:18:01 Debug: 주문취소 수 : 0
2016-06-24 14:18:01 Debug: Send Message count 0
2016-06-24 14:18:31 Debug: 주문취소 수 : 0
2016-06-24 14:19:02 Debug: Send Message count 0
2016-06-24 14:19:02 Debug: 주문취소 수 : 0
2016-06-24 14:19:32 Debug: 주문취소 수 : 0
2016-06-24 14:20:01 Debug: 주문취소 수 : 0
2016-06-24 14:20:01 Debug: Send Message count 0
2016-06-24 14:20:31 Debug: 주문취소 수 : 0
2016-06-24 14:21:01 Debug: Send Message count 0
2016-06-24 14:21:01 Debug: 주문취소 수 : 0
2016-06-24 14:21:31 Debug: 주문취소 수 : 0
2016-06-24 14:22:01 Debug: Send Message count 0
2016-06-24 14:22:01 Debug: 주문취소 수 : 0
2016-06-24 14:22:31 Debug: 주문취소 수 : 0
2016-06-24 14:23:01 Debug: 주문취소 수 : 0
2016-06-24 14:23:01 Debug: Send Message count 0
2016-06-24 14:23:31 Debug: 주문취소 수 : 0
2016-06-24 14:24:01 Debug: Send Message count 0
2016-06-24 14:24:01 Debug: 주문취소 수 : 0
2016-06-24 14:24:31 Debug: 주문취소 수 : 0
2016-06-24 14:25:01 Debug: Send Message count 0
2016-06-24 14:25:01 Debug: 주문취소 수 : 0
2016-06-24 14:25:31 Debug: 주문취소 수 : 0
2016-06-24 14:26:01 Debug: Send Message count 0
2016-06-24 14:26:01 Debug: 주문취소 수 : 0
2016-06-24 14:26:31 Debug: 주문취소 수 : 0
2016-06-24 14:27:02 Debug: Send Message count 0
2016-06-24 14:27:02 Debug: 주문취소 수 : 0
2016-06-24 14:27:31 Debug: 주문취소 수 : 0
2016-06-24 14:28:02 Debug: Send Message count 0
2016-06-24 14:28:02 Debug: 주문취소 수 : 0
2016-06-24 14:28:32 Debug: 주문취소 수 : 0
2016-06-24 14:29:01 Debug: Send Message count 0
2016-06-24 14:29:01 Debug: 주문취소 수 : 0
2016-06-24 14:29:31 Debug: 주문취소 수 : 0
2016-06-24 14:30:01 Debug: Send Message count 0
2016-06-24 14:30:01 Debug: 주문취소 수 : 0
2016-06-24 14:30:31 Debug: 주문취소 수 : 0
2016-06-24 14:31:01 Debug: Send Message count 0
2016-06-24 14:31:01 Debug: 주문취소 수 : 0
2016-06-24 14:31:31 Debug: 주문취소 수 : 0
2016-06-24 14:32:01 Debug: Send Message count 0
2016-06-24 14:32:01 Debug: 주문취소 수 : 0
2016-06-24 14:32:31 Debug: 주문취소 수 : 0
2016-06-24 14:33:01 Debug: Send Message count 0
2016-06-24 14:33:01 Debug: 주문취소 수 : 0
2016-06-24 14:33:31 Debug: 주문취소 수 : 0
2016-06-24 14:34:01 Debug: Send Message count 0
2016-06-24 14:34:01 Debug: 주문취소 수 : 0
2016-06-24 14:34:31 Debug: 주문취소 수 : 0
2016-06-24 14:35:01 Debug: Send Message count 0
2016-06-24 14:35:01 Debug: 주문취소 수 : 0
2016-06-24 14:35:31 Debug: 주문취소 수 : 0
2016-06-24 14:36:02 Debug: Send Message count 0
2016-06-24 14:36:02 Debug: 주문취소 수 : 0
2016-06-24 14:36:31 Debug: 주문취소 수 : 0
2016-06-24 14:37:02 Debug: Send Message count 0
2016-06-24 14:37:02 Debug: 주문취소 수 : 0
2016-06-24 14:37:32 Debug: 주문취소 수 : 0
2016-06-24 14:38:01 Debug: Send Message count 0
2016-06-24 14:38:01 Debug: 주문취소 수 : 0
2016-06-24 14:38:31 Debug: 주문취소 수 : 0
2016-06-24 14:39:01 Debug: 주문취소 수 : 0
2016-06-24 14:39:01 Debug: Send Message count 0
2016-06-24 14:39:31 Debug: 주문취소 수 : 0
2016-06-24 14:40:01 Debug: Send Message count 0
2016-06-24 14:40:01 Debug: 주문취소 수 : 0
2016-06-24 14:40:31 Debug: 주문취소 수 : 0
2016-06-24 14:41:01 Debug: Send Message count 0
2016-06-24 14:41:01 Debug: 주문취소 수 : 0
2016-06-24 14:41:31 Debug: 주문취소 수 : 0
2016-06-24 14:42:01 Debug: 주문취소 수 : 0
2016-06-24 14:42:01 Debug: Send Message count 0
2016-06-24 14:42:31 Debug: 주문취소 수 : 0
2016-06-24 14:43:01 Debug: Send Message count 0
2016-06-24 14:43:01 Debug: 주문취소 수 : 0
2016-06-24 14:43:31 Debug: 주문취소 수 : 0
2016-06-24 14:44:01 Debug: Send Message count 0
2016-06-24 14:44:01 Debug: 주문취소 수 : 0
2016-06-24 14:44:31 Debug: 주문취소 수 : 0
2016-06-24 14:45:02 Debug: 주문취소 수 : 0
2016-06-24 14:45:02 Debug: Send Message count 0
2016-06-24 14:45:31 Debug: 주문취소 수 : 0
2016-06-24 14:46:02 Debug: Send Message count 0
2016-06-24 14:46:02 Debug: 주문취소 수 : 0
2016-06-24 14:46:32 Debug: 주문취소 수 : 0
2016-06-24 14:47:01 Debug: Send Message count 0
2016-06-24 14:47:01 Debug: 주문취소 수 : 0
2016-06-24 14:47:31 Debug: 주문취소 수 : 0
2016-06-24 14:48:01 Debug: Send Message count 0
2016-06-24 14:48:01 Debug: 주문취소 수 : 0
2016-06-24 14:48:31 Debug: 주문취소 수 : 0
2016-06-24 14:49:01 Debug: 주문취소 수 : 0
2016-06-24 14:49:01 Debug: Send Message count 0
2016-06-24 14:49:31 Debug: 주문취소 수 : 0
2016-06-24 14:50:01 Debug: 주문취소 수 : 0
2016-06-24 14:50:01 Debug: Send Message count 0
2016-06-24 14:50:31 Debug: 주문취소 수 : 0
2016-06-24 14:51:01 Debug: 주문취소 수 : 0
2016-06-24 14:51:01 Debug: Send Message count 0
2016-06-24 14:51:31 Debug: 주문취소 수 : 0
2016-06-24 14:52:01 Debug: Send Message count 0
2016-06-24 14:52:01 Debug: 주문취소 수 : 0
2016-06-24 14:52:31 Debug: 주문취소 수 : 0
2016-06-24 14:53:01 Debug: 주문취소 수 : 0
2016-06-24 14:53:01 Debug: Send Message count 0
2016-06-24 14:53:31 Debug: 주문취소 수 : 0
2016-06-24 14:54:02 Debug: Send Message count 0
2016-06-24 14:54:02 Debug: 주문취소 수 : 0
2016-06-24 14:54:31 Debug: 주문취소 수 : 0
2016-06-24 14:55:02 Debug: Send Message count 0
2016-06-24 14:55:02 Debug: 주문취소 수 : 0
2016-06-24 14:55:32 Debug: 주문취소 수 : 0
2016-06-24 14:56:01 Debug: 주문취소 수 : 0
2016-06-24 14:56:01 Debug: Send Message count 0
2016-06-24 14:56:31 Debug: 주문취소 수 : 0
2016-06-24 14:57:01 Debug: Send Message count 0
2016-06-24 14:57:01 Debug: 주문취소 수 : 0
2016-06-24 14:57:31 Debug: 주문취소 수 : 0
2016-06-24 14:58:01 Debug: 주문취소 수 : 0
2016-06-24 14:58:01 Debug: Send Message count 0
2016-06-24 14:58:31 Debug: 주문취소 수 : 0
2016-06-24 14:59:01 Debug: 주문취소 수 : 0
2016-06-24 14:59:01 Debug: Send Message count 0
2016-06-24 14:59:31 Debug: 주문취소 수 : 0
2016-06-24 15:00:01 Debug: Send Message count 0
2016-06-24 15:00:01 Debug: 주문취소 수 : 0
2016-06-24 15:00:31 Debug: 주문취소 수 : 0
2016-06-24 15:01:01 Debug: Send Message count 0
2016-06-24 15:01:01 Debug: 주문취소 수 : 0
2016-06-24 15:01:02 Debug: YoutubeCounter :76
2016-06-24 15:01:02 Debug: FacebookCounter :2776
2016-06-24 15:01:31 Debug: 주문취소 수 : 0
2016-06-24 15:02:01 Debug: Send Message count 0
2016-06-24 15:02:01 Debug: 주문취소 수 : 0
2016-06-24 15:02:31 Debug: 주문취소 수 : 0
2016-06-24 15:03:02 Debug: Send Message count 0
2016-06-24 15:03:02 Debug: 주문취소 수 : 0
2016-06-24 15:03:31 Debug: 주문취소 수 : 0
2016-06-24 15:04:02 Debug: Send Message count 0
2016-06-24 15:04:02 Debug: 주문취소 수 : 0
2016-06-24 15:04:32 Debug: 주문취소 수 : 0
2016-06-24 15:05:01 Debug: 주문취소 수 : 0
2016-06-24 15:05:01 Debug: Send Message count 0
2016-06-24 15:05:31 Debug: 주문취소 수 : 0
2016-06-24 15:06:01 Debug: Send Message count 0
2016-06-24 15:06:01 Debug: 주문취소 수 : 0
2016-06-24 15:06:31 Debug: 주문취소 수 : 0
2016-06-24 15:07:01 Debug: Send Message count 0
2016-06-24 15:07:01 Debug: 주문취소 수 : 0
2016-06-24 15:07:31 Debug: 주문취소 수 : 0
2016-06-24 15:08:01 Debug: Send Message count 0
2016-06-24 15:08:01 Debug: 주문취소 수 : 0
2016-06-24 15:08:31 Debug: 주문취소 수 : 0
2016-06-24 15:09:01 Debug: 주문취소 수 : 0
2016-06-24 15:09:01 Debug: Send Message count 0
2016-06-24 15:09:31 Debug: 주문취소 수 : 0
2016-06-24 15:10:01 Debug: 주문취소 수 : 0
2016-06-24 15:10:01 Debug: Send Message count 0
2016-06-24 15:10:31 Debug: 주문취소 수 : 0
2016-06-24 15:11:01 Debug: Send Message count 0
2016-06-24 15:11:01 Debug: 주문취소 수 : 0
2016-06-24 15:11:31 Debug: 주문취소 수 : 0
2016-06-24 15:12:02 Debug: 주문취소 수 : 0
2016-06-24 15:12:02 Debug: Send Message count 0
2016-06-24 15:12:31 Debug: 주문취소 수 : 0
2016-06-24 15:13:02 Debug: Send Message count 0
2016-06-24 15:13:02 Debug: 주문취소 수 : 0
2016-06-24 15:13:32 Debug: 주문취소 수 : 0
2016-06-24 15:14:01 Debug: 주문취소 수 : 0
2016-06-24 15:14:01 Debug: Send Message count 0
2016-06-24 15:14:31 Debug: 주문취소 수 : 0
2016-06-24 15:15:01 Debug: 주문취소 수 : 0
2016-06-24 15:15:01 Debug: Send Message count 0
2016-06-24 15:15:31 Debug: 주문취소 수 : 0
2016-06-24 15:16:01 Debug: 주문취소 수 : 0
2016-06-24 15:16:01 Debug: Send Message count 0
2016-06-24 15:16:31 Debug: 주문취소 수 : 0
2016-06-24 15:17:01 Debug: Send Message count 0
2016-06-24 15:17:01 Debug: 주문취소 수 : 0
2016-06-24 15:17:31 Debug: 주문취소 수 : 0
2016-06-24 15:18:01 Debug: Send Message count 0
2016-06-24 15:18:01 Debug: 주문취소 수 : 0
2016-06-24 15:18:31 Debug: 주문취소 수 : 0
2016-06-24 15:19:01 Debug: 주문취소 수 : 0
2016-06-24 15:19:01 Debug: Send Message count 0
2016-06-24 15:19:31 Debug: 주문취소 수 : 0
2016-06-24 15:20:01 Debug: Send Message count 0
2016-06-24 15:20:01 Debug: 주문취소 수 : 0
2016-06-24 15:20:31 Debug: 주문취소 수 : 0
2016-06-24 15:21:02 Debug: Send Message count 0
2016-06-24 15:21:02 Debug: 주문취소 수 : 0
2016-06-24 15:21:32 Debug: 주문취소 수 : 0
2016-06-24 15:22:01 Debug: 주문취소 수 : 0
2016-06-24 15:22:01 Debug: Send Message count 0
2016-06-24 15:22:31 Debug: 주문취소 수 : 0
2016-06-24 15:23:01 Debug: Send Message count 0
2016-06-24 15:23:01 Debug: 주문취소 수 : 0
2016-06-24 15:23:31 Debug: 주문취소 수 : 0
2016-06-24 15:24:01 Debug: 주문취소 수 : 0
2016-06-24 15:24:01 Debug: Send Message count 0
2016-06-24 15:24:31 Debug: 주문취소 수 : 0
2016-06-24 15:25:01 Debug: Send Message count 0
2016-06-24 15:25:01 Debug: 주문취소 수 : 0
2016-06-24 15:25:31 Debug: 주문취소 수 : 0
2016-06-24 15:26:01 Debug: Send Message count 0
2016-06-24 15:26:01 Debug: 주문취소 수 : 0
2016-06-24 15:26:31 Debug: 주문취소 수 : 0
2016-06-24 15:27:01 Debug: Send Message count 0
2016-06-24 15:27:01 Debug: 주문취소 수 : 0
2016-06-24 15:27:31 Debug: 주문취소 수 : 0
2016-06-24 15:28:01 Debug: 주문취소 수 : 0
2016-06-24 15:28:01 Debug: Send Message count 0
2016-06-24 15:28:31 Debug: 주문취소 수 : 0
2016-06-24 16:01:02 Debug: YoutubeCounter :76
2016-06-24 16:01:02 Debug: FacebookCounter :2776
2016-06-24 17:01:02 Debug: YoutubeCounter :76
2016-06-24 17:01:02 Debug: FacebookCounter :2776
2016-06-24 18:01:02 Debug: YoutubeCounter :76
2016-06-24 18:01:02 Debug: FacebookCounter :2776
2016-06-24 19:01:01 Debug: YoutubeCounter :76
2016-06-24 19:01:02 Debug: FacebookCounter :2776
2016-06-24 20:01:01 Debug: YoutubeCounter :76
2016-06-24 20:01:02 Debug: FacebookCounter :2776
2016-06-24 21:01:01 Debug: YoutubeCounter :76
2016-06-24 21:01:02 Debug: FacebookCounter :2776
2016-06-24 22:01:01 Debug: YoutubeCounter :76
2016-06-24 22:01:02 Debug: FacebookCounter :2777
2016-06-24 23:01:01 Debug: YoutubeCounter :76
2016-06-24 23:01:02 Debug: FacebookCounter :2777
2016-06-25 00:01:02 Debug: YoutubeCounter :76
2016-06-25 00:01:02 Debug: FacebookCounter :2777
2016-06-25 01:01:01 Debug: YoutubeCounter :76
2016-06-25 01:01:01 Debug: FacebookCounter :2777
2016-06-25 02:01:01 Debug: YoutubeCounter :76
2016-06-25 02:01:01 Debug: FacebookCounter :2777
2016-06-25 03:01:01 Debug: YoutubeCounter :76
2016-06-25 03:01:02 Debug: FacebookCounter :2777
2016-06-25 04:01:01 Debug: YoutubeCounter :76
2016-06-25 04:01:02 Debug: FacebookCounter :2777
2016-06-25 05:01:01 Debug: YoutubeCounter :76
2016-06-25 05:01:02 Debug: FacebookCounter :2777
2016-06-25 06:01:01 Debug: YoutubeCounter :76
2016-06-25 06:01:02 Debug: FacebookCounter :2777
2016-06-25 07:01:02 Debug: YoutubeCounter :76
2016-06-25 07:01:02 Debug: FacebookCounter :2777
2016-06-25 08:01:02 Debug: YoutubeCounter :76
2016-06-25 08:01:02 Debug: FacebookCounter :2777
