2016-05-04 09:52:50 Error: [Cake\Routing\Exception\MissingControllerException] Controller class Index.pho could not be found.
Request URL: /index.pho
Stack Trace:
#0 /var/www/fcctv.co.kr/webroot/index.php(37): Cake\Routing\Dispatcher->dispatch(Object(Cake\Network\Request), Object(Cake\Network\Response))
#1 {main}


2016-05-04 09:52:58 Error: [Cake\Routing\Exception\MissingControllerException] Controller class Index.pho could not be found.
Request URL: /index.pho
Stack Trace:
#0 /var/www/fcctv.co.kr/webroot/index.php(37): Cake\Routing\Dispatcher->dispatch(Object(Cake\Network\Request), Object(Cake\Network\Response))
#1 {main}


2016-05-04 09:52:58 Error: [Cake\Routing\Exception\MissingControllerException] Controller class Index.pho could not be found.
Request URL: /index.pho
Stack Trace:
#0 /var/www/fcctv.co.kr/webroot/index.php(37): Cake\Routing\Dispatcher->dispatch(Object(Cake\Network\Request), Object(Cake\Network\Response))
#1 {main}


2016-05-04 09:52:59 Error: [Cake\Routing\Exception\MissingControllerException] Controller class Index.pho could not be found.
Request URL: /index.pho
Stack Trace:
#0 /var/www/fcctv.co.kr/webroot/index.php(37): Cake\Routing\Dispatcher->dispatch(Object(Cake\Network\Request), Object(Cake\Network\Response))
#1 {main}


2016-05-04 09:52:59 Error: [Cake\Routing\Exception\MissingControllerException] Controller class Index.pho could not be found.
Request URL: /index.pho
Stack Trace:
#0 /var/www/fcctv.co.kr/webroot/index.php(37): Cake\Routing\Dispatcher->dispatch(Object(Cake\Network\Request), Object(Cake\Network\Response))
#1 {main}


2016-05-04 09:53:00 Error: [Cake\Routing\Exception\MissingControllerException] Controller class Index.pho could not be found.
Request URL: /index.pho
Stack Trace:
#0 /var/www/fcctv.co.kr/webroot/index.php(37): Cake\Routing\Dispatcher->dispatch(Object(Cake\Network\Request), Object(Cake\Network\Response))
#1 {main}


2016-05-04 09:53:03 Error: [Cake\Routing\Exception\MissingControllerException] Controller class Index.pho could not be found.
Request URL: /index.pho
Stack Trace:
#0 /var/www/fcctv.co.kr/webroot/index.php(37): Cake\Routing\Dispatcher->dispatch(Object(Cake\Network\Request), Object(Cake\Network\Response))
#1 {main}


2016-05-04 09:54:24 Error: [Cake\Routing\Exception\MissingControllerException] Controller class Index.pho could not be found.
Request URL: /index.pho
Stack Trace:
#0 /var/www/fcctv.co.kr/webroot/index.php(37): Cake\Routing\Dispatcher->dispatch(Object(Cake\Network\Request), Object(Cake\Network\Response))
#1 {main}


2016-05-04 09:54:24 Error: [Cake\Routing\Exception\MissingControllerException] Controller class Index.pho could not be found.
Request URL: /index.pho
Stack Trace:
#0 /var/www/fcctv.co.kr/webroot/index.php(37): Cake\Routing\Dispatcher->dispatch(Object(Cake\Network\Request), Object(Cake\Network\Response))
#1 {main}


2016-05-04 09:54:24 Error: [Cake\Routing\Exception\MissingControllerException] Controller class Index.pho could not be found.
Request URL: /index.pho
Stack Trace:
#0 /var/www/fcctv.co.kr/webroot/index.php(37): Cake\Routing\Dispatcher->dispatch(Object(Cake\Network\Request), Object(Cake\Network\Response))
#1 {main}


2016-05-04 09:54:25 Error: [Cake\Routing\Exception\MissingControllerException] Controller class Index.pho could not be found.
Request URL: /index.pho
Stack Trace:
#0 /var/www/fcctv.co.kr/webroot/index.php(37): Cake\Routing\Dispatcher->dispatch(Object(Cake\Network\Request), Object(Cake\Network\Response))
#1 {main}


2016-05-04 09:54:25 Error: [Cake\Routing\Exception\MissingControllerException] Controller class Index.pho could not be found.
Request URL: /index.pho
Stack Trace:
#0 /var/www/fcctv.co.kr/webroot/index.php(37): Cake\Routing\Dispatcher->dispatch(Object(Cake\Network\Request), Object(Cake\Network\Response))
#1 {main}


2016-05-04 09:54:26 Error: [Cake\Routing\Exception\MissingControllerException] Controller class Index.pho could not be found.
Request URL: /index.pho
Stack Trace:
#0 /var/www/fcctv.co.kr/webroot/index.php(37): Cake\Routing\Dispatcher->dispatch(Object(Cake\Network\Request), Object(Cake\Network\Response))
#1 {main}


2016-05-04 10:48:32 Error: [Cake\Routing\Exception\MissingControllerException] Controller class INDEX.PHP could not be found.
Request URL: /INDEX.PHP
Stack Trace:
#0 /var/www/fcctv.co.kr/webroot/index.php(37): Cake\Routing\Dispatcher->dispatch(Object(Cake\Network\Request), Object(Cake\Network\Response))
#1 {main}


2016-05-04 11:01:41 Warning: Warning (512): SplFileInfo::openFile(/var/www/fcctv.co.kr/tmp/cache/models/myapp_cake_model_default_ch_code_gen): failed to open stream: Permission denied in [/var/www/fcctv.co.kr/vendor/cakephp/cakephp/src/Cache/Engine/FileEngine.php, line 391]
Trace:
Cake\Error\BaseErrorHandler::handleError() - CORE/src/Error/BaseErrorHandler.php, line 138
Cake\Cache\Engine\FileEngine::_setKey() - CORE/src/Cache/Engine/FileEngine.php, line 391
Cake\Cache\Engine\FileEngine::read() - CORE/src/Cache/Engine/FileEngine.php, line 180
Cake\Cache\Cache::read() - CORE/src/Cache/Cache.php, line 312
Cake\Database\Schema\CachedCollection::describe() - CORE/src/Database/Schema/CachedCollection.php, line 58
Cake\ORM\Table::schema() - CORE/src/ORM/Table.php, line 422
Cake\ORM\Query::addDefaultTypes() - CORE/src/ORM/Query.php, line 139
Cake\ORM\Query::__construct() - CORE/src/ORM/Query.php, line 121
Cake\ORM\Table::query() - CORE/src/ORM/Table.php, line 1227
Cake\ORM\Table::find() - CORE/src/ORM/Table.php, line 930
Cake\ORM\Table::get() - CORE/src/ORM/Table.php, line 1173
App\Service\ProductService::updateCode() - APP/Service/ProductService.php, line 253
App\Service\ProductService::generateCode() - APP/Service/ProductService.php, line 262
App\Service\OrderService::beforeOrder() - APP/Service/OrderService.php, line 205
App\Controller\PurchasesController::orderBefore() - APP/Controller/PurchasesController.php, line 255
Cake\Controller\Controller::invokeAction() - CORE/src/Controller/Controller.php, line 412
Cake\Routing\Dispatcher::_invoke() - CORE/src/Routing/Dispatcher.php, line 114
Cake\Routing\Dispatcher::dispatch() - CORE/src/Routing/Dispatcher.php, line 87
[main] - ROOT/webroot/index.php, line 37



2016-05-04 11:01:41 Warning: Warning (512): SplFileInfo::openFile(/var/www/fcctv.co.kr/tmp/cache/models/myapp_cake_model_default_ch_code_gen) [<a href='http://php.net/splfileinfo.openfile'>splfileinfo.openfile</a>]: failed to open stream: Permission denied in [/var/www/fcctv.co.kr/vendor/cakephp/cakephp/src/Cache/Engine/FileEngine.php, line 391]
Trace:
Cake\Error\BaseErrorHandler::handleError() - CORE/src/Error/BaseErrorHandler.php, line 138
Cake\Cache\Engine\FileEngine::_setKey() - CORE/src/Cache/Engine/FileEngine.php, line 391
Cake\Cache\Engine\FileEngine::write() - CORE/src/Cache/Engine/FileEngine.php, line 130
Cake\Cache\Cache::write() - CORE/src/Cache/Cache.php, line 234
Cake\Database\Schema\CachedCollection::describe() - CORE/src/Database/Schema/CachedCollection.php, line 67
Cake\ORM\Table::schema() - CORE/src/ORM/Table.php, line 422
Cake\ORM\Query::addDefaultTypes() - CORE/src/ORM/Query.php, line 139
Cake\ORM\Query::__construct() - CORE/src/ORM/Query.php, line 121
Cake\ORM\Table::query() - CORE/src/ORM/Table.php, line 1227
Cake\ORM\Table::find() - CORE/src/ORM/Table.php, line 930
Cake\ORM\Table::get() - CORE/src/ORM/Table.php, line 1173
App\Service\ProductService::updateCode() - APP/Service/ProductService.php, line 253
App\Service\ProductService::generateCode() - APP/Service/ProductService.php, line 262
App\Service\OrderService::beforeOrder() - APP/Service/OrderService.php, line 205
App\Controller\PurchasesController::orderBefore() - APP/Controller/PurchasesController.php, line 255
Cake\Controller\Controller::invokeAction() - CORE/src/Controller/Controller.php, line 412
Cake\Routing\Dispatcher::_invoke() - CORE/src/Routing/Dispatcher.php, line 114
Cake\Routing\Dispatcher::dispatch() - CORE/src/Routing/Dispatcher.php, line 87
[main] - ROOT/webroot/index.php, line 37



2016-05-04 11:01:41 Warning: Warning (512): _cake_model_ cache was unable to write 'default_ch_code_gen' to Cake\Cache\Engine\FileEngine cache in [/var/www/fcctv.co.kr/vendor/cakephp/cakephp/src/Cache/Cache.php, line 244]
Trace:
Cake\Error\BaseErrorHandler::handleError() - CORE/src/Error/BaseErrorHandler.php, line 138
Cake\Cache\Cache::write() - CORE/src/Cache/Cache.php, line 244
Cake\Database\Schema\CachedCollection::describe() - CORE/src/Database/Schema/CachedCollection.php, line 67
Cake\ORM\Table::schema() - CORE/src/ORM/Table.php, line 422
Cake\ORM\Query::addDefaultTypes() - CORE/src/ORM/Query.php, line 139
Cake\ORM\Query::__construct() - CORE/src/ORM/Query.php, line 121
Cake\ORM\Table::query() - CORE/src/ORM/Table.php, line 1227
Cake\ORM\Table::find() - CORE/src/ORM/Table.php, line 930
Cake\ORM\Table::get() - CORE/src/ORM/Table.php, line 1173
App\Service\ProductService::updateCode() - APP/Service/ProductService.php, line 253
App\Service\ProductService::generateCode() - APP/Service/ProductService.php, line 262
App\Service\OrderService::beforeOrder() - APP/Service/OrderService.php, line 205
App\Controller\PurchasesController::orderBefore() - APP/Controller/PurchasesController.php, line 255
Cake\Controller\Controller::invokeAction() - CORE/src/Controller/Controller.php, line 412
Cake\Routing\Dispatcher::_invoke() - CORE/src/Routing/Dispatcher.php, line 114
Cake\Routing\Dispatcher::dispatch() - CORE/src/Routing/Dispatcher.php, line 87
[main] - ROOT/webroot/index.php, line 37



2016-05-04 11:02:36 Warning: Warning (512): SplFileInfo::openFile(/var/www/fcctv.co.kr/tmp/cache/models/myapp_cake_model_default_ch_code_gen): failed to open stream: Permission denied in [/var/www/fcctv.co.kr/vendor/cakephp/cakephp/src/Cache/Engine/FileEngine.php, line 391]
Trace:
Cake\Error\BaseErrorHandler::handleError() - CORE/src/Error/BaseErrorHandler.php, line 138
Cake\Cache\Engine\FileEngine::_setKey() - CORE/src/Cache/Engine/FileEngine.php, line 391
Cake\Cache\Engine\FileEngine::read() - CORE/src/Cache/Engine/FileEngine.php, line 180
Cake\Cache\Cache::read() - CORE/src/Cache/Cache.php, line 312
Cake\Database\Schema\CachedCollection::describe() - CORE/src/Database/Schema/CachedCollection.php, line 58
Cake\ORM\Table::schema() - CORE/src/ORM/Table.php, line 422
Cake\ORM\Query::addDefaultTypes() - CORE/src/ORM/Query.php, line 139
Cake\ORM\Query::__construct() - CORE/src/ORM/Query.php, line 121
Cake\ORM\Table::query() - CORE/src/ORM/Table.php, line 1227
Cake\ORM\Table::find() - CORE/src/ORM/Table.php, line 930
Cake\ORM\Table::get() - CORE/src/ORM/Table.php, line 1173
App\Service\ProductService::updateCode() - APP/Service/ProductService.php, line 253
App\Service\ProductService::generateCode() - APP/Service/ProductService.php, line 262
App\Service\OrderService::beforeOrder() - APP/Service/OrderService.php, line 205
App\Controller\PurchasesController::orderBefore() - APP/Controller/PurchasesController.php, line 255
Cake\Controller\Controller::invokeAction() - CORE/src/Controller/Controller.php, line 412
Cake\Routing\Dispatcher::_invoke() - CORE/src/Routing/Dispatcher.php, line 114
Cake\Routing\Dispatcher::dispatch() - CORE/src/Routing/Dispatcher.php, line 87
[main] - ROOT/webroot/index.php, line 37



2016-05-04 11:02:36 Warning: Warning (512): SplFileInfo::openFile(/var/www/fcctv.co.kr/tmp/cache/models/myapp_cake_model_default_ch_code_gen) [<a href='http://php.net/splfileinfo.openfile'>splfileinfo.openfile</a>]: failed to open stream: Permission denied in [/var/www/fcctv.co.kr/vendor/cakephp/cakephp/src/Cache/Engine/FileEngine.php, line 391]
Trace:
Cake\Error\BaseErrorHandler::handleError() - CORE/src/Error/BaseErrorHandler.php, line 138
Cake\Cache\Engine\FileEngine::_setKey() - CORE/src/Cache/Engine/FileEngine.php, line 391
Cake\Cache\Engine\FileEngine::write() - CORE/src/Cache/Engine/FileEngine.php, line 130
Cake\Cache\Cache::write() - CORE/src/Cache/Cache.php, line 234
Cake\Database\Schema\CachedCollection::describe() - CORE/src/Database/Schema/CachedCollection.php, line 67
Cake\ORM\Table::schema() - CORE/src/ORM/Table.php, line 422
Cake\ORM\Query::addDefaultTypes() - CORE/src/ORM/Query.php, line 139
Cake\ORM\Query::__construct() - CORE/src/ORM/Query.php, line 121
Cake\ORM\Table::query() - CORE/src/ORM/Table.php, line 1227
Cake\ORM\Table::find() - CORE/src/ORM/Table.php, line 930
Cake\ORM\Table::get() - CORE/src/ORM/Table.php, line 1173
App\Service\ProductService::updateCode() - APP/Service/ProductService.php, line 253
App\Service\ProductService::generateCode() - APP/Service/ProductService.php, line 262
App\Service\OrderService::beforeOrder() - APP/Service/OrderService.php, line 205
App\Controller\PurchasesController::orderBefore() - APP/Controller/PurchasesController.php, line 255
Cake\Controller\Controller::invokeAction() - CORE/src/Controller/Controller.php, line 412
Cake\Routing\Dispatcher::_invoke() - CORE/src/Routing/Dispatcher.php, line 114
Cake\Routing\Dispatcher::dispatch() - CORE/src/Routing/Dispatcher.php, line 87
[main] - ROOT/webroot/index.php, line 37



2016-05-04 11:02:36 Warning: Warning (512): _cake_model_ cache was unable to write 'default_ch_code_gen' to Cake\Cache\Engine\FileEngine cache in [/var/www/fcctv.co.kr/vendor/cakephp/cakephp/src/Cache/Cache.php, line 244]
Trace:
Cake\Error\BaseErrorHandler::handleError() - CORE/src/Error/BaseErrorHandler.php, line 138
Cake\Cache\Cache::write() - CORE/src/Cache/Cache.php, line 244
Cake\Database\Schema\CachedCollection::describe() - CORE/src/Database/Schema/CachedCollection.php, line 67
Cake\ORM\Table::schema() - CORE/src/ORM/Table.php, line 422
Cake\ORM\Query::addDefaultTypes() - CORE/src/ORM/Query.php, line 139
Cake\ORM\Query::__construct() - CORE/src/ORM/Query.php, line 121
Cake\ORM\Table::query() - CORE/src/ORM/Table.php, line 1227
Cake\ORM\Table::find() - CORE/src/ORM/Table.php, line 930
Cake\ORM\Table::get() - CORE/src/ORM/Table.php, line 1173
App\Service\ProductService::updateCode() - APP/Service/ProductService.php, line 253
App\Service\ProductService::generateCode() - APP/Service/ProductService.php, line 262
App\Service\OrderService::beforeOrder() - APP/Service/OrderService.php, line 205
App\Controller\PurchasesController::orderBefore() - APP/Controller/PurchasesController.php, line 255
Cake\Controller\Controller::invokeAction() - CORE/src/Controller/Controller.php, line 412
Cake\Routing\Dispatcher::_invoke() - CORE/src/Routing/Dispatcher.php, line 114
Cake\Routing\Dispatcher::dispatch() - CORE/src/Routing/Dispatcher.php, line 87
[main] - ROOT/webroot/index.php, line 37



2016-05-04 11:11:33 Error: [Facebook\Exceptions\FacebookSDKException] Cross-site request forgery validation failed. Required param "state" missing.
Request URL: /auth/loginCallBackFacebook?code=AQD29fdSUX4XksfF5O4yLfRZeLMBXgaDPa6TmpkvdHXCLvQnNglFJRwEfqKpXoVaIKea1xIMB8ShUSBnJiVF4e7HYJHD9RL1drd4zcH_e2wSHMVXnyVPnFmUjECUd2h3MWU8tKDBqY8ntsYlSvkPZzGWNWZIbwib6vulTSU04ok3ouu2OdS2KS8PDWbeKt1uyiaXFKUqVTqn5Wx7Kh2jgN2BGwCXVk_FWzPIPmvItMuyPI93nbByEZalLV2er6Oe_SX5eEFYzf1mVdF3EcghocQd4NuNApcME_1YL_J3E9IMUuSYxFRYnp7d_XCTWQiwbGpLQhRona1pkjRqeSWKJtZT&state=bcb443e347017d13345c305025115d8e
Stack Trace:
#0 /var/www/fcctv.co.kr/vendor/facebook/php-sdk-v4/src/Facebook/Helpers/FacebookRedirectLoginHelper.php(221): Facebook\Helpers\FacebookRedirectLoginHelper->validateCsrf()
#1 /var/www/fcctv.co.kr/src/Service/FacebookService.php(106): Facebook\Helpers\FacebookRedirectLoginHelper->getAccessToken()
#2 /var/www/fcctv.co.kr/src/Controller/AuthController.php(220): App\Service\FacebookService->getProfile()
#3 [internal function]: App\Controller\AuthController->loginCallBackFacebook()
#4 /var/www/fcctv.co.kr/vendor/cakephp/cakephp/src/Controller/Controller.php(412): call_user_func_array(Array, Array)
#5 /var/www/fcctv.co.kr/vendor/cakephp/cakephp/src/Routing/Dispatcher.php(114): Cake\Controller\Controller->invokeAction()
#6 /var/www/fcctv.co.kr/vendor/cakephp/cakephp/src/Routing/Dispatcher.php(87): Cake\Routing\Dispatcher->_invoke(Object(App\Controller\AuthController))
#7 /var/www/fcctv.co.kr/webroot/index.php(37): Cake\Routing\Dispatcher->dispatch(Object(Cake\Network\Request), Object(Cake\Network\Response))
#8 {main}


2016-05-04 13:22:55 Error: [Cake\Network\Exception\SocketException] SMTP Error: 554 5.7.1 <ec2-52-79-130-73.ap-northeast-2.compute.amazonaws.com[52.79.130.73]>: Client host rejected: Access denied
Request URL: /auth/password_forgot
Stack Trace:
#0 /var/www/fcctv.co.kr/vendor/cakephp/cakephp/src/Network/Email/SmtpTransport.php(363): Cake\Network\Email\SmtpTransport->_smtpSend('RCPT TO:<naheol...')
#1 /var/www/fcctv.co.kr/vendor/cakephp/cakephp/src/Network/Email/SmtpTransport.php(165): Cake\Network\Email\SmtpTransport->_sendRcpt(Object(Cake\Network\Email\Email))
#2 /var/www/fcctv.co.kr/vendor/cakephp/cakephp/src/Network/Email/Email.php(1317): Cake\Network\Email\SmtpTransport->send(Object(Cake\Network\Email\Email))
#3 /var/www/fcctv.co.kr/src/Service/UserService.php(440): Cake\Network\Email\Email->send()
#4 /var/www/fcctv.co.kr/src/Controller/AuthController.php(762): App\Service\UserService->sendEmailToResetPassword('naheol@fcctvhq....', 'tkw7auqgh6szjx2...')
#5 [internal function]: App\Controller\AuthController->password_forgot()
#6 /var/www/fcctv.co.kr/vendor/cakephp/cakephp/src/Controller/Controller.php(412): call_user_func_array(Array, Array)
#7 /var/www/fcctv.co.kr/vendor/cakephp/cakephp/src/Routing/Dispatcher.php(114): Cake\Controller\Controller->invokeAction()
#8 /var/www/fcctv.co.kr/vendor/cakephp/cakephp/src/Routing/Dispatcher.php(87): Cake\Routing\Dispatcher->_invoke(Object(App\Controller\AuthController))
#9 /var/www/fcctv.co.kr/webroot/index.php(37): Cake\Routing\Dispatcher->dispatch(Object(Cake\Network\Request), Object(Cake\Network\Response))
#10 {main}


2016-05-04 13:25:10 Error: [Cake\Network\Exception\SocketException] SMTP Error: 554 5.7.1 <ec2-52-79-130-73.ap-northeast-2.compute.amazonaws.com[52.79.130.73]>: Client host rejected: Access denied
Request URL: /auth/password_forgot
Stack Trace:
#0 /var/www/fcctv.co.kr/vendor/cakephp/cakephp/src/Network/Email/SmtpTransport.php(363): Cake\Network\Email\SmtpTransport->_smtpSend('RCPT TO:<naheol...')
#1 /var/www/fcctv.co.kr/vendor/cakephp/cakephp/src/Network/Email/SmtpTransport.php(165): Cake\Network\Email\SmtpTransport->_sendRcpt(Object(Cake\Network\Email\Email))
#2 /var/www/fcctv.co.kr/vendor/cakephp/cakephp/src/Network/Email/Email.php(1317): Cake\Network\Email\SmtpTransport->send(Object(Cake\Network\Email\Email))
#3 /var/www/fcctv.co.kr/src/Service/UserService.php(440): Cake\Network\Email\Email->send()
#4 /var/www/fcctv.co.kr/src/Controller/AuthController.php(762): App\Service\UserService->sendEmailToResetPassword('naheol@fcctvhq....', 'zxgvn6984ey7kuj...')
#5 [internal function]: App\Controller\AuthController->password_forgot()
#6 /var/www/fcctv.co.kr/vendor/cakephp/cakephp/src/Controller/Controller.php(412): call_user_func_array(Array, Array)
#7 /var/www/fcctv.co.kr/vendor/cakephp/cakephp/src/Routing/Dispatcher.php(114): Cake\Controller\Controller->invokeAction()
#8 /var/www/fcctv.co.kr/vendor/cakephp/cakephp/src/Routing/Dispatcher.php(87): Cake\Routing\Dispatcher->_invoke(Object(App\Controller\AuthController))
#9 /var/www/fcctv.co.kr/webroot/index.php(37): Cake\Routing\Dispatcher->dispatch(Object(Cake\Network\Request), Object(Cake\Network\Response))
#10 {main}


2016-05-04 13:38:05 Error: [Cake\Routing\Exception\MissingControllerException] Controller class Designer could not be found.
Request URL: /designer/
Stack Trace:
#0 /var/www/fcctv.co.kr/webroot/index.php(37): Cake\Routing\Dispatcher->dispatch(Object(Cake\Network\Request), Object(Cake\Network\Response))
#1 {main}


2016-05-04 13:38:24 Error: [Cake\Routing\Exception\MissingControllerException] Controller class Designer could not be found.
Request URL: /designer/
Stack Trace:
#0 /var/www/fcctv.co.kr/webroot/index.php(37): Cake\Routing\Dispatcher->dispatch(Object(Cake\Network\Request), Object(Cake\Network\Response))
#1 {main}


2016-05-04 13:38:52 Error: [Cake\Routing\Exception\MissingControllerException] Controller class Designer could not be found.
Request URL: /designer/
Stack Trace:
#0 /var/www/fcctv.co.kr/webroot/index.php(37): Cake\Routing\Dispatcher->dispatch(Object(Cake\Network\Request), Object(Cake\Network\Response))
#1 {main}


2016-05-04 13:39:22 Error: [Cake\Routing\Exception\MissingControllerException] Controller class Designer could not be found.
Request URL: /designer/
Stack Trace:
#0 /var/www/fcctv.co.kr/webroot/index.php(37): Cake\Routing\Dispatcher->dispatch(Object(Cake\Network\Request), Object(Cake\Network\Response))
#1 {main}


2016-05-04 13:40:40 Error: [Cake\Routing\Exception\MissingControllerException] Controller class Designer could not be found.
Request URL: /designer/
Stack Trace:
#0 /var/www/fcctv.co.kr/webroot/index.php(37): Cake\Routing\Dispatcher->dispatch(Object(Cake\Network\Request), Object(Cake\Network\Response))
#1 {main}


2016-05-04 13:45:50 Error: [Cake\Routing\Exception\MissingControllerException] Controller class Hot could not be found.
Request URL: /hot/designer
Stack Trace:
#0 /var/www/fcctv.co.kr/webroot/index.php(37): Cake\Routing\Dispatcher->dispatch(Object(Cake\Network\Request), Object(Cake\Network\Response))
#1 {main}


2016-05-04 13:46:59 Error: [Cake\Routing\Exception\MissingControllerException] Controller class Designer could not be found.
Request URL: /designer
Stack Trace:
#0 /var/www/fcctv.co.kr/webroot/index.php(37): Cake\Routing\Dispatcher->dispatch(Object(Cake\Network\Request), Object(Cake\Network\Response))
#1 {main}


2016-05-04 13:47:24 Error: [Cake\Routing\Exception\MissingControllerException] Controller class Designer could not be found.
Request URL: /designer/
Stack Trace:
#0 /var/www/fcctv.co.kr/webroot/index.php(37): Cake\Routing\Dispatcher->dispatch(Object(Cake\Network\Request), Object(Cake\Network\Response))
#1 {main}


2016-05-04 13:47:30 Error: [Cake\Routing\Exception\MissingControllerException] Controller class Designer could not be found.
Request URL: /designer/
Stack Trace:
#0 /var/www/fcctv.co.kr/webroot/index.php(37): Cake\Routing\Dispatcher->dispatch(Object(Cake\Network\Request), Object(Cake\Network\Response))
#1 {main}


2016-05-04 13:52:41 Error: [Cake\Routing\Exception\MissingControllerException] Controller class Cityholicadmin could not be found.
Request URL: /cityholicadmin
Stack Trace:
#0 /var/www/fcctv.co.kr/webroot/index.php(37): Cake\Routing\Dispatcher->dispatch(Object(Cake\Network\Request), Object(Cake\Network\Response))
#1 {main}


2016-05-04 13:53:04 Error: [Cake\Routing\Exception\MissingControllerException] Controller class Cityholicadmin could not be found.
Request URL: /cityholicadmin
Stack Trace:
#0 /var/www/fcctv.co.kr/webroot/index.php(37): Cake\Routing\Dispatcher->dispatch(Object(Cake\Network\Request), Object(Cake\Network\Response))
#1 {main}


2016-05-04 13:53:14 Error: [Cake\Routing\Exception\MissingControllerException] Controller class Cityholicadmin could not be found.
Request URL: /cityholicadmin
Stack Trace:
#0 /var/www/fcctv.co.kr/webroot/index.php(37): Cake\Routing\Dispatcher->dispatch(Object(Cake\Network\Request), Object(Cake\Network\Response))
#1 {main}


2016-05-04 14:09:13 Error: [Cake\Routing\Exception\MissingControllerException] Controller class Res could not be found.
Request URL: /_res/mov/ZCOLICO%28master%29.jpg
Stack Trace:
#0 /var/www/fcctv.co.kr/webroot/index.php(37): Cake\Routing\Dispatcher->dispatch(Object(Cake\Network\Request), Object(Cake\Network\Response))
#1 {main}


2016-05-04 14:09:47 Error: [Cake\Routing\Exception\MissingControllerException] Controller class Res could not be found.
Request URL: /_res/mov/ZCOLICO%28master%29.jpg
Stack Trace:
#0 /var/www/fcctv.co.kr/webroot/index.php(37): Cake\Routing\Dispatcher->dispatch(Object(Cake\Network\Request), Object(Cake\Network\Response))
#1 {main}


2016-05-04 14:10:08 Error: [Cake\Routing\Exception\MissingControllerException] Controller class Res could not be found.
Request URL: /_res/mov/ZCOLICO%28master%29.jpg
Stack Trace:
#0 /var/www/fcctv.co.kr/webroot/index.php(37): Cake\Routing\Dispatcher->dispatch(Object(Cake\Network\Request), Object(Cake\Network\Response))
#1 {main}


2016-05-04 14:10:31 Error: [Cake\Routing\Exception\MissingControllerException] Controller class Res could not be found.
Request URL: /_res/mov/ZCOLICO%28master%29.jpg
Stack Trace:
#0 /var/www/fcctv.co.kr/webroot/index.php(37): Cake\Routing\Dispatcher->dispatch(Object(Cake\Network\Request), Object(Cake\Network\Response))
#1 {main}


2016-05-04 14:10:51 Error: [Cake\Routing\Exception\MissingControllerException] Controller class Res could not be found.
Request URL: /_res/mov/ZCOLICO%28master%29.jpg
Stack Trace:
#0 /var/www/fcctv.co.kr/webroot/index.php(37): Cake\Routing\Dispatcher->dispatch(Object(Cake\Network\Request), Object(Cake\Network\Response))
#1 {main}


2016-05-04 14:11:04 Error: [Cake\Routing\Exception\MissingControllerException] Controller class Res could not be found.
Request URL: /_res/mov/ZCOLICO%28master%29.jpg
Stack Trace:
#0 /var/www/fcctv.co.kr/webroot/index.php(37): Cake\Routing\Dispatcher->dispatch(Object(Cake\Network\Request), Object(Cake\Network\Response))
#1 {main}


2016-05-04 14:11:06 Error: [Cake\Routing\Exception\MissingControllerException] Controller class Res could not be found.
Request URL: /_res/mov/ZCOLICO%28master%29.jpg
Stack Trace:
#0 /var/www/fcctv.co.kr/webroot/index.php(37): Cake\Routing\Dispatcher->dispatch(Object(Cake\Network\Request), Object(Cake\Network\Response))
#1 {main}


2016-05-04 14:11:07 Error: [Cake\Routing\Exception\MissingControllerException] Controller class Res could not be found.
Request URL: /_res/mov/ZCOLICO%28master%29.jpg
Stack Trace:
#0 /var/www/fcctv.co.kr/webroot/index.php(37): Cake\Routing\Dispatcher->dispatch(Object(Cake\Network\Request), Object(Cake\Network\Response))
#1 {main}


2016-05-04 14:11:18 Error: [Cake\Routing\Exception\MissingControllerException] Controller class Res could not be found.
Request URL: /_res/mov/ZCOLICO%28master%29.jpg
Stack Trace:
#0 /var/www/fcctv.co.kr/webroot/index.php(37): Cake\Routing\Dispatcher->dispatch(Object(Cake\Network\Request), Object(Cake\Network\Response))
#1 {main}


2016-05-04 14:11:32 Error: [Cake\Routing\Exception\MissingControllerException] Controller class Res could not be found.
Request URL: /_res/mov/ZCOLICO%28master%29.jpg
Stack Trace:
#0 /var/www/fcctv.co.kr/webroot/index.php(37): Cake\Routing\Dispatcher->dispatch(Object(Cake\Network\Request), Object(Cake\Network\Response))
#1 {main}


2016-05-04 14:11:34 Error: [Cake\Routing\Exception\MissingControllerException] Controller class Res could not be found.
Request URL: /_res/mov/ZCOLICO%28master%29.jpg
Stack Trace:
#0 /var/www/fcctv.co.kr/webroot/index.php(37): Cake\Routing\Dispatcher->dispatch(Object(Cake\Network\Request), Object(Cake\Network\Response))
#1 {main}


2016-05-04 14:11:35 Error: [Cake\Routing\Exception\MissingControllerException] Controller class Res could not be found.
Request URL: /_res/mov/ZCOLICO%28master%29.jpg
Stack Trace:
#0 /var/www/fcctv.co.kr/webroot/index.php(37): Cake\Routing\Dispatcher->dispatch(Object(Cake\Network\Request), Object(Cake\Network\Response))
#1 {main}


2016-05-04 14:11:58 Error: [Cake\Routing\Exception\MissingControllerException] Controller class Res could not be found.
Request URL: /_res/mov/ZCOLICO%28master%29.jpg
Stack Trace:
#0 /var/www/fcctv.co.kr/webroot/index.php(37): Cake\Routing\Dispatcher->dispatch(Object(Cake\Network\Request), Object(Cake\Network\Response))
#1 {main}


2016-05-04 14:12:34 Error: [Cake\Routing\Exception\MissingControllerException] Controller class Res could not be found.
Request URL: /_res/mov/ZCOLICO%28master%29.jpg
Stack Trace:
#0 /var/www/fcctv.co.kr/webroot/index.php(37): Cake\Routing\Dispatcher->dispatch(Object(Cake\Network\Request), Object(Cake\Network\Response))
#1 {main}


2016-05-04 14:12:50 Error: [Cake\Routing\Exception\MissingControllerException] Controller class Res could not be found.
Request URL: /_res/mov/ZCOLICO%28master%29.jpg
Stack Trace:
#0 /var/www/fcctv.co.kr/webroot/index.php(37): Cake\Routing\Dispatcher->dispatch(Object(Cake\Network\Request), Object(Cake\Network\Response))
#1 {main}


2016-05-04 14:13:27 Error: [Cake\Routing\Exception\MissingControllerException] Controller class Res could not be found.
Request URL: /_res/mov/ZCOLICO%28master%29.jpg
Stack Trace:
#0 /var/www/fcctv.co.kr/webroot/index.php(37): Cake\Routing\Dispatcher->dispatch(Object(Cake\Network\Request), Object(Cake\Network\Response))
#1 {main}


2016-05-04 14:13:34 Error: [Cake\Routing\Exception\MissingControllerException] Controller class Res could not be found.
Request URL: /_res/mov/ZCOLICO%28master%29.jpg
Stack Trace:
#0 /var/www/fcctv.co.kr/webroot/index.php(37): Cake\Routing\Dispatcher->dispatch(Object(Cake\Network\Request), Object(Cake\Network\Response))
#1 {main}


2016-05-04 14:14:10 Error: [Cake\Routing\Exception\MissingControllerException] Controller class Res could not be found.
Request URL: /_res/mov/ZCOLICO%28master%29.jpg
Stack Trace:
#0 /var/www/fcctv.co.kr/webroot/index.php(37): Cake\Routing\Dispatcher->dispatch(Object(Cake\Network\Request), Object(Cake\Network\Response))
#1 {main}


2016-05-04 14:14:16 Error: [Cake\Routing\Exception\MissingControllerException] Controller class Res could not be found.
Request URL: /_res/mov/ZCOLICO%28master%29.jpg
Stack Trace:
#0 /var/www/fcctv.co.kr/webroot/index.php(37): Cake\Routing\Dispatcher->dispatch(Object(Cake\Network\Request), Object(Cake\Network\Response))
#1 {main}


2016-05-04 14:15:35 Error: [Cake\Routing\Exception\MissingControllerException] Controller class Res could not be found.
Request URL: /_res/mov/ZCOLICO%28master%29.jpg
Stack Trace:
#0 /var/www/fcctv.co.kr/webroot/index.php(37): Cake\Routing\Dispatcher->dispatch(Object(Cake\Network\Request), Object(Cake\Network\Response))
#1 {main}


2016-05-04 14:21:04 Error: [Cake\Routing\Exception\MissingControllerException] Controller class Res could not be found.
Request URL: /_res/mov/ZCOLICO%28master%29.jpg
Stack Trace:
#0 /var/www/fcctv.co.kr/webroot/index.php(37): Cake\Routing\Dispatcher->dispatch(Object(Cake\Network\Request), Object(Cake\Network\Response))
#1 {main}


2016-05-04 14:26:02 Error: [Cake\Routing\Exception\MissingControllerException] Controller class Designer could not be found.
Request URL: /designer/
Stack Trace:
#0 /var/www/fcctv.co.kr/webroot/index.php(37): Cake\Routing\Dispatcher->dispatch(Object(Cake\Network\Request), Object(Cake\Network\Response))
#1 {main}


2016-05-04 14:43:50 Error: [Cake\View\Exception\MissingTemplateException] Template file "Product/json/index.ctp" is missing.
Request URL: /product/.json?type=product&searchId=&keyword=&page=2
Stack Trace:
#0 /var/www/fcctv.co.kr/vendor/cakephp/cakephp/src/View/JsonView.php(129): Cake\View\View->_getViewFileName(NULL)
#1 /var/www/fcctv.co.kr/vendor/cakephp/cakephp/src/Controller/Controller.php(583): Cake\View\JsonView->render(NULL, NULL)
#2 /var/www/fcctv.co.kr/vendor/cakephp/cakephp/src/Routing/Dispatcher.php(120): Cake\Controller\Controller->render()
#3 /var/www/fcctv.co.kr/vendor/cakephp/cakephp/src/Routing/Dispatcher.php(87): Cake\Routing\Dispatcher->_invoke(Object(App\Controller\ProductController))
#4 /var/www/fcctv.co.kr/webroot/index.php(37): Cake\Routing\Dispatcher->dispatch(Object(Cake\Network\Request), Object(Cake\Network\Response))
#5 {main}


2016-05-04 14:43:53 Error: [Cake\View\Exception\MissingTemplateException] Template file "Product/json/index.ctp" is missing.
Request URL: /product/.json?type=product&searchId=&keyword=&page=2
Stack Trace:
#0 /var/www/fcctv.co.kr/vendor/cakephp/cakephp/src/View/JsonView.php(129): Cake\View\View->_getViewFileName(NULL)
#1 /var/www/fcctv.co.kr/vendor/cakephp/cakephp/src/Controller/Controller.php(583): Cake\View\JsonView->render(NULL, NULL)
#2 /var/www/fcctv.co.kr/vendor/cakephp/cakephp/src/Routing/Dispatcher.php(120): Cake\Controller\Controller->render()
#3 /var/www/fcctv.co.kr/vendor/cakephp/cakephp/src/Routing/Dispatcher.php(87): Cake\Routing\Dispatcher->_invoke(Object(App\Controller\ProductController))
#4 /var/www/fcctv.co.kr/webroot/index.php(37): Cake\Routing\Dispatcher->dispatch(Object(Cake\Network\Request), Object(Cake\Network\Response))
#5 {main}


2016-05-04 14:43:55 Error: [Cake\View\Exception\MissingTemplateException] Template file "Product/json/index.ctp" is missing.
Request URL: /product/.json?type=product&searchId=&keyword=&page=2
Stack Trace:
#0 /var/www/fcctv.co.kr/vendor/cakephp/cakephp/src/View/JsonView.php(129): Cake\View\View->_getViewFileName(NULL)
#1 /var/www/fcctv.co.kr/vendor/cakephp/cakephp/src/Controller/Controller.php(583): Cake\View\JsonView->render(NULL, NULL)
#2 /var/www/fcctv.co.kr/vendor/cakephp/cakephp/src/Routing/Dispatcher.php(120): Cake\Controller\Controller->render()
#3 /var/www/fcctv.co.kr/vendor/cakephp/cakephp/src/Routing/Dispatcher.php(87): Cake\Routing\Dispatcher->_invoke(Object(App\Controller\ProductController))
#4 /var/www/fcctv.co.kr/webroot/index.php(37): Cake\Routing\Dispatcher->dispatch(Object(Cake\Network\Request), Object(Cake\Network\Response))
#5 {main}


2016-05-04 14:44:04 Error: [Cake\View\Exception\MissingTemplateException] Template file "Product/json/index.ctp" is missing.
Request URL: /product/.json?type=product&searchId=&keyword=&page=2
Stack Trace:
#0 /var/www/fcctv.co.kr/vendor/cakephp/cakephp/src/View/JsonView.php(129): Cake\View\View->_getViewFileName(NULL)
#1 /var/www/fcctv.co.kr/vendor/cakephp/cakephp/src/Controller/Controller.php(583): Cake\View\JsonView->render(NULL, NULL)
#2 /var/www/fcctv.co.kr/vendor/cakephp/cakephp/src/Routing/Dispatcher.php(120): Cake\Controller\Controller->render()
#3 /var/www/fcctv.co.kr/vendor/cakephp/cakephp/src/Routing/Dispatcher.php(87): Cake\Routing\Dispatcher->_invoke(Object(App\Controller\ProductController))
#4 /var/www/fcctv.co.kr/webroot/index.php(37): Cake\Routing\Dispatcher->dispatch(Object(Cake\Network\Request), Object(Cake\Network\Response))
#5 {main}


2016-05-04 14:44:06 Error: [Cake\View\Exception\MissingTemplateException] Template file "Product/json/index.ctp" is missing.
Request URL: /product/.json?type=product&searchId=&keyword=&page=2
Stack Trace:
#0 /var/www/fcctv.co.kr/vendor/cakephp/cakephp/src/View/JsonView.php(129): Cake\View\View->_getViewFileName(NULL)
#1 /var/www/fcctv.co.kr/vendor/cakephp/cakephp/src/Controller/Controller.php(583): Cake\View\JsonView->render(NULL, NULL)
#2 /var/www/fcctv.co.kr/vendor/cakephp/cakephp/src/Routing/Dispatcher.php(120): Cake\Controller\Controller->render()
#3 /var/www/fcctv.co.kr/vendor/cakephp/cakephp/src/Routing/Dispatcher.php(87): Cake\Routing\Dispatcher->_invoke(Object(App\Controller\ProductController))
#4 /var/www/fcctv.co.kr/webroot/index.php(37): Cake\Routing\Dispatcher->dispatch(Object(Cake\Network\Request), Object(Cake\Network\Response))
#5 {main}


2016-05-04 14:44:06 Error: [Cake\View\Exception\MissingTemplateException] Template file "Product/json/index.ctp" is missing.
Request URL: /product/.json?type=product&searchId=&keyword=&page=2
Stack Trace:
#0 /var/www/fcctv.co.kr/vendor/cakephp/cakephp/src/View/JsonView.php(129): Cake\View\View->_getViewFileName(NULL)
#1 /var/www/fcctv.co.kr/vendor/cakephp/cakephp/src/Controller/Controller.php(583): Cake\View\JsonView->render(NULL, NULL)
#2 /var/www/fcctv.co.kr/vendor/cakephp/cakephp/src/Routing/Dispatcher.php(120): Cake\Controller\Controller->render()
#3 /var/www/fcctv.co.kr/vendor/cakephp/cakephp/src/Routing/Dispatcher.php(87): Cake\Routing\Dispatcher->_invoke(Object(App\Controller\ProductController))
#4 /var/www/fcctv.co.kr/webroot/index.php(37): Cake\Routing\Dispatcher->dispatch(Object(Cake\Network\Request), Object(Cake\Network\Response))
#5 {main}


2016-05-04 14:44:07 Error: [Cake\View\Exception\MissingTemplateException] Template file "Product/json/index.ctp" is missing.
Request URL: /product/.json?type=product&searchId=&keyword=&page=2
Stack Trace:
#0 /var/www/fcctv.co.kr/vendor/cakephp/cakephp/src/View/JsonView.php(129): Cake\View\View->_getViewFileName(NULL)
#1 /var/www/fcctv.co.kr/vendor/cakephp/cakephp/src/Controller/Controller.php(583): Cake\View\JsonView->render(NULL, NULL)
#2 /var/www/fcctv.co.kr/vendor/cakephp/cakephp/src/Routing/Dispatcher.php(120): Cake\Controller\Controller->render()
#3 /var/www/fcctv.co.kr/vendor/cakephp/cakephp/src/Routing/Dispatcher.php(87): Cake\Routing\Dispatcher->_invoke(Object(App\Controller\ProductController))
#4 /var/www/fcctv.co.kr/webroot/index.php(37): Cake\Routing\Dispatcher->dispatch(Object(Cake\Network\Request), Object(Cake\Network\Response))
#5 {main}


2016-05-04 14:44:07 Error: [Cake\View\Exception\MissingTemplateException] Template file "Product/json/index.ctp" is missing.
Request URL: /product/.json?type=product&searchId=&keyword=&page=2
Stack Trace:
#0 /var/www/fcctv.co.kr/vendor/cakephp/cakephp/src/View/JsonView.php(129): Cake\View\View->_getViewFileName(NULL)
#1 /var/www/fcctv.co.kr/vendor/cakephp/cakephp/src/Controller/Controller.php(583): Cake\View\JsonView->render(NULL, NULL)
#2 /var/www/fcctv.co.kr/vendor/cakephp/cakephp/src/Routing/Dispatcher.php(120): Cake\Controller\Controller->render()
#3 /var/www/fcctv.co.kr/vendor/cakephp/cakephp/src/Routing/Dispatcher.php(87): Cake\Routing\Dispatcher->_invoke(Object(App\Controller\ProductController))
#4 /var/www/fcctv.co.kr/webroot/index.php(37): Cake\Routing\Dispatcher->dispatch(Object(Cake\Network\Request), Object(Cake\Network\Response))
#5 {main}


2016-05-04 14:44:08 Error: [Cake\View\Exception\MissingTemplateException] Template file "Product/json/index.ctp" is missing.
Request URL: /product/.json?type=product&searchId=&keyword=&page=2
Stack Trace:
#0 /var/www/fcctv.co.kr/vendor/cakephp/cakephp/src/View/JsonView.php(129): Cake\View\View->_getViewFileName(NULL)
#1 /var/www/fcctv.co.kr/vendor/cakephp/cakephp/src/Controller/Controller.php(583): Cake\View\JsonView->render(NULL, NULL)
#2 /var/www/fcctv.co.kr/vendor/cakephp/cakephp/src/Routing/Dispatcher.php(120): Cake\Controller\Controller->render()
#3 /var/www/fcctv.co.kr/vendor/cakephp/cakephp/src/Routing/Dispatcher.php(87): Cake\Routing\Dispatcher->_invoke(Object(App\Controller\ProductController))
#4 /var/www/fcctv.co.kr/webroot/index.php(37): Cake\Routing\Dispatcher->dispatch(Object(Cake\Network\Request), Object(Cake\Network\Response))
#5 {main}


2016-05-04 14:44:08 Error: [Cake\View\Exception\MissingTemplateException] Template file "Product/json/index.ctp" is missing.
Request URL: /product/.json?type=product&searchId=&keyword=&page=2
Stack Trace:
#0 /var/www/fcctv.co.kr/vendor/cakephp/cakephp/src/View/JsonView.php(129): Cake\View\View->_getViewFileName(NULL)
#1 /var/www/fcctv.co.kr/vendor/cakephp/cakephp/src/Controller/Controller.php(583): Cake\View\JsonView->render(NULL, NULL)
#2 /var/www/fcctv.co.kr/vendor/cakephp/cakephp/src/Routing/Dispatcher.php(120): Cake\Controller\Controller->render()
#3 /var/www/fcctv.co.kr/vendor/cakephp/cakephp/src/Routing/Dispatcher.php(87): Cake\Routing\Dispatcher->_invoke(Object(App\Controller\ProductController))
#4 /var/www/fcctv.co.kr/webroot/index.php(37): Cake\Routing\Dispatcher->dispatch(Object(Cake\Network\Request), Object(Cake\Network\Response))
#5 {main}


2016-05-04 14:44:09 Error: [Cake\View\Exception\MissingTemplateException] Template file "Product/json/index.ctp" is missing.
Request URL: /product/.json?type=product&searchId=&keyword=&page=2
Stack Trace:
#0 /var/www/fcctv.co.kr/vendor/cakephp/cakephp/src/View/JsonView.php(129): Cake\View\View->_getViewFileName(NULL)
#1 /var/www/fcctv.co.kr/vendor/cakephp/cakephp/src/Controller/Controller.php(583): Cake\View\JsonView->render(NULL, NULL)
#2 /var/www/fcctv.co.kr/vendor/cakephp/cakephp/src/Routing/Dispatcher.php(120): Cake\Controller\Controller->render()
#3 /var/www/fcctv.co.kr/vendor/cakephp/cakephp/src/Routing/Dispatcher.php(87): Cake\Routing\Dispatcher->_invoke(Object(App\Controller\ProductController))
#4 /var/www/fcctv.co.kr/webroot/index.php(37): Cake\Routing\Dispatcher->dispatch(Object(Cake\Network\Request), Object(Cake\Network\Response))
#5 {main}


2016-05-04 14:44:10 Error: [Cake\View\Exception\MissingTemplateException] Template file "Product/json/index.ctp" is missing.
Request URL: /product/.json?type=product&searchId=&keyword=&page=2
Stack Trace:
#0 /var/www/fcctv.co.kr/vendor/cakephp/cakephp/src/View/JsonView.php(129): Cake\View\View->_getViewFileName(NULL)
#1 /var/www/fcctv.co.kr/vendor/cakephp/cakephp/src/Controller/Controller.php(583): Cake\View\JsonView->render(NULL, NULL)
#2 /var/www/fcctv.co.kr/vendor/cakephp/cakephp/src/Routing/Dispatcher.php(120): Cake\Controller\Controller->render()
#3 /var/www/fcctv.co.kr/vendor/cakephp/cakephp/src/Routing/Dispatcher.php(87): Cake\Routing\Dispatcher->_invoke(Object(App\Controller\ProductController))
#4 /var/www/fcctv.co.kr/webroot/index.php(37): Cake\Routing\Dispatcher->dispatch(Object(Cake\Network\Request), Object(Cake\Network\Response))
#5 {main}


2016-05-04 14:44:11 Error: [Cake\View\Exception\MissingTemplateException] Template file "Product/json/index.ctp" is missing.
Request URL: /product/.json?type=product&searchId=&keyword=&page=2
Stack Trace:
#0 /var/www/fcctv.co.kr/vendor/cakephp/cakephp/src/View/JsonView.php(129): Cake\View\View->_getViewFileName(NULL)
#1 /var/www/fcctv.co.kr/vendor/cakephp/cakephp/src/Controller/Controller.php(583): Cake\View\JsonView->render(NULL, NULL)
#2 /var/www/fcctv.co.kr/vendor/cakephp/cakephp/src/Routing/Dispatcher.php(120): Cake\Controller\Controller->render()
#3 /var/www/fcctv.co.kr/vendor/cakephp/cakephp/src/Routing/Dispatcher.php(87): Cake\Routing\Dispatcher->_invoke(Object(App\Controller\ProductController))
#4 /var/www/fcctv.co.kr/webroot/index.php(37): Cake\Routing\Dispatcher->dispatch(Object(Cake\Network\Request), Object(Cake\Network\Response))
#5 {main}


2016-05-04 14:44:11 Error: [Cake\View\Exception\MissingTemplateException] Template file "Product/json/index.ctp" is missing.
Request URL: /product/.json?type=product&searchId=&keyword=&page=2
Stack Trace:
#0 /var/www/fcctv.co.kr/vendor/cakephp/cakephp/src/View/JsonView.php(129): Cake\View\View->_getViewFileName(NULL)
#1 /var/www/fcctv.co.kr/vendor/cakephp/cakephp/src/Controller/Controller.php(583): Cake\View\JsonView->render(NULL, NULL)
#2 /var/www/fcctv.co.kr/vendor/cakephp/cakephp/src/Routing/Dispatcher.php(120): Cake\Controller\Controller->render()
#3 /var/www/fcctv.co.kr/vendor/cakephp/cakephp/src/Routing/Dispatcher.php(87): Cake\Routing\Dispatcher->_invoke(Object(App\Controller\ProductController))
#4 /var/www/fcctv.co.kr/webroot/index.php(37): Cake\Routing\Dispatcher->dispatch(Object(Cake\Network\Request), Object(Cake\Network\Response))
#5 {main}


2016-05-04 14:44:13 Error: [Cake\View\Exception\MissingTemplateException] Template file "Product/json/index.ctp" is missing.
Request URL: /product/.json?type=product&searchId=&keyword=&page=2
Stack Trace:
#0 /var/www/fcctv.co.kr/vendor/cakephp/cakephp/src/View/JsonView.php(129): Cake\View\View->_getViewFileName(NULL)
#1 /var/www/fcctv.co.kr/vendor/cakephp/cakephp/src/Controller/Controller.php(583): Cake\View\JsonView->render(NULL, NULL)
#2 /var/www/fcctv.co.kr/vendor/cakephp/cakephp/src/Routing/Dispatcher.php(120): Cake\Controller\Controller->render()
#3 /var/www/fcctv.co.kr/vendor/cakephp/cakephp/src/Routing/Dispatcher.php(87): Cake\Routing\Dispatcher->_invoke(Object(App\Controller\ProductController))
#4 /var/www/fcctv.co.kr/webroot/index.php(37): Cake\Routing\Dispatcher->dispatch(Object(Cake\Network\Request), Object(Cake\Network\Response))
#5 {main}


2016-05-04 14:44:13 Error: [Cake\View\Exception\MissingTemplateException] Template file "Product/json/index.ctp" is missing.
Request URL: /product/.json?type=product&searchId=&keyword=&page=2
Stack Trace:
#0 /var/www/fcctv.co.kr/vendor/cakephp/cakephp/src/View/JsonView.php(129): Cake\View\View->_getViewFileName(NULL)
#1 /var/www/fcctv.co.kr/vendor/cakephp/cakephp/src/Controller/Controller.php(583): Cake\View\JsonView->render(NULL, NULL)
#2 /var/www/fcctv.co.kr/vendor/cakephp/cakephp/src/Routing/Dispatcher.php(120): Cake\Controller\Controller->render()
#3 /var/www/fcctv.co.kr/vendor/cakephp/cakephp/src/Routing/Dispatcher.php(87): Cake\Routing\Dispatcher->_invoke(Object(App\Controller\ProductController))
#4 /var/www/fcctv.co.kr/webroot/index.php(37): Cake\Routing\Dispatcher->dispatch(Object(Cake\Network\Request), Object(Cake\Network\Response))
#5 {main}


2016-05-04 14:44:14 Error: [Cake\View\Exception\MissingTemplateException] Template file "Product/json/index.ctp" is missing.
Request URL: /product/.json?type=product&searchId=&keyword=&page=2
Stack Trace:
#0 /var/www/fcctv.co.kr/vendor/cakephp/cakephp/src/View/JsonView.php(129): Cake\View\View->_getViewFileName(NULL)
#1 /var/www/fcctv.co.kr/vendor/cakephp/cakephp/src/Controller/Controller.php(583): Cake\View\JsonView->render(NULL, NULL)
#2 /var/www/fcctv.co.kr/vendor/cakephp/cakephp/src/Routing/Dispatcher.php(120): Cake\Controller\Controller->render()
#3 /var/www/fcctv.co.kr/vendor/cakephp/cakephp/src/Routing/Dispatcher.php(87): Cake\Routing\Dispatcher->_invoke(Object(App\Controller\ProductController))
#4 /var/www/fcctv.co.kr/webroot/index.php(37): Cake\Routing\Dispatcher->dispatch(Object(Cake\Network\Request), Object(Cake\Network\Response))
#5 {main}


2016-05-04 14:44:15 Error: [Cake\View\Exception\MissingTemplateException] Template file "Product/json/index.ctp" is missing.
Request URL: /product/.json?type=product&searchId=&keyword=&page=2
Stack Trace:
#0 /var/www/fcctv.co.kr/vendor/cakephp/cakephp/src/View/JsonView.php(129): Cake\View\View->_getViewFileName(NULL)
#1 /var/www/fcctv.co.kr/vendor/cakephp/cakephp/src/Controller/Controller.php(583): Cake\View\JsonView->render(NULL, NULL)
#2 /var/www/fcctv.co.kr/vendor/cakephp/cakephp/src/Routing/Dispatcher.php(120): Cake\Controller\Controller->render()
#3 /var/www/fcctv.co.kr/vendor/cakephp/cakephp/src/Routing/Dispatcher.php(87): Cake\Routing\Dispatcher->_invoke(Object(App\Controller\ProductController))
#4 /var/www/fcctv.co.kr/webroot/index.php(37): Cake\Routing\Dispatcher->dispatch(Object(Cake\Network\Request), Object(Cake\Network\Response))
#5 {main}


2016-05-04 14:44:16 Error: [Cake\View\Exception\MissingTemplateException] Template file "Product/json/index.ctp" is missing.
Request URL: /product/.json?type=product&searchId=&keyword=&page=2
Stack Trace:
#0 /var/www/fcctv.co.kr/vendor/cakephp/cakephp/src/View/JsonView.php(129): Cake\View\View->_getViewFileName(NULL)
#1 /var/www/fcctv.co.kr/vendor/cakephp/cakephp/src/Controller/Controller.php(583): Cake\View\JsonView->render(NULL, NULL)
#2 /var/www/fcctv.co.kr/vendor/cakephp/cakephp/src/Routing/Dispatcher.php(120): Cake\Controller\Controller->render()
#3 /var/www/fcctv.co.kr/vendor/cakephp/cakephp/src/Routing/Dispatcher.php(87): Cake\Routing\Dispatcher->_invoke(Object(App\Controller\ProductController))
#4 /var/www/fcctv.co.kr/webroot/index.php(37): Cake\Routing\Dispatcher->dispatch(Object(Cake\Network\Request), Object(Cake\Network\Response))
#5 {main}


2016-05-04 14:44:16 Error: [Cake\View\Exception\MissingTemplateException] Template file "Product/json/index.ctp" is missing.
Request URL: /product/.json?type=product&searchId=&keyword=&page=2
Stack Trace:
#0 /var/www/fcctv.co.kr/vendor/cakephp/cakephp/src/View/JsonView.php(129): Cake\View\View->_getViewFileName(NULL)
#1 /var/www/fcctv.co.kr/vendor/cakephp/cakephp/src/Controller/Controller.php(583): Cake\View\JsonView->render(NULL, NULL)
#2 /var/www/fcctv.co.kr/vendor/cakephp/cakephp/src/Routing/Dispatcher.php(120): Cake\Controller\Controller->render()
#3 /var/www/fcctv.co.kr/vendor/cakephp/cakephp/src/Routing/Dispatcher.php(87): Cake\Routing\Dispatcher->_invoke(Object(App\Controller\ProductController))
#4 /var/www/fcctv.co.kr/webroot/index.php(37): Cake\Routing\Dispatcher->dispatch(Object(Cake\Network\Request), Object(Cake\Network\Response))
#5 {main}


2016-05-04 14:44:17 Error: [Cake\View\Exception\MissingTemplateException] Template file "Product/json/index.ctp" is missing.
Request URL: /product/.json?type=product&searchId=&keyword=&page=2
Stack Trace:
#0 /var/www/fcctv.co.kr/vendor/cakephp/cakephp/src/View/JsonView.php(129): Cake\View\View->_getViewFileName(NULL)
#1 /var/www/fcctv.co.kr/vendor/cakephp/cakephp/src/Controller/Controller.php(583): Cake\View\JsonView->render(NULL, NULL)
#2 /var/www/fcctv.co.kr/vendor/cakephp/cakephp/src/Routing/Dispatcher.php(120): Cake\Controller\Controller->render()
#3 /var/www/fcctv.co.kr/vendor/cakephp/cakephp/src/Routing/Dispatcher.php(87): Cake\Routing\Dispatcher->_invoke(Object(App\Controller\ProductController))
#4 /var/www/fcctv.co.kr/webroot/index.php(37): Cake\Routing\Dispatcher->dispatch(Object(Cake\Network\Request), Object(Cake\Network\Response))
#5 {main}


2016-05-04 14:44:17 Error: [Cake\View\Exception\MissingTemplateException] Template file "Product/json/index.ctp" is missing.
Request URL: /product/.json?type=product&searchId=&keyword=&page=2
Stack Trace:
#0 /var/www/fcctv.co.kr/vendor/cakephp/cakephp/src/View/JsonView.php(129): Cake\View\View->_getViewFileName(NULL)
#1 /var/www/fcctv.co.kr/vendor/cakephp/cakephp/src/Controller/Controller.php(583): Cake\View\JsonView->render(NULL, NULL)
#2 /var/www/fcctv.co.kr/vendor/cakephp/cakephp/src/Routing/Dispatcher.php(120): Cake\Controller\Controller->render()
#3 /var/www/fcctv.co.kr/vendor/cakephp/cakephp/src/Routing/Dispatcher.php(87): Cake\Routing\Dispatcher->_invoke(Object(App\Controller\ProductController))
#4 /var/www/fcctv.co.kr/webroot/index.php(37): Cake\Routing\Dispatcher->dispatch(Object(Cake\Network\Request), Object(Cake\Network\Response))
#5 {main}


2016-05-04 14:44:18 Error: [Cake\View\Exception\MissingTemplateException] Template file "Product/json/index.ctp" is missing.
Request URL: /product/.json?type=product&searchId=&keyword=&page=2
Stack Trace:
#0 /var/www/fcctv.co.kr/vendor/cakephp/cakephp/src/View/JsonView.php(129): Cake\View\View->_getViewFileName(NULL)
#1 /var/www/fcctv.co.kr/vendor/cakephp/cakephp/src/Controller/Controller.php(583): Cake\View\JsonView->render(NULL, NULL)
#2 /var/www/fcctv.co.kr/vendor/cakephp/cakephp/src/Routing/Dispatcher.php(120): Cake\Controller\Controller->render()
#3 /var/www/fcctv.co.kr/vendor/cakephp/cakephp/src/Routing/Dispatcher.php(87): Cake\Routing\Dispatcher->_invoke(Object(App\Controller\ProductController))
#4 /var/www/fcctv.co.kr/webroot/index.php(37): Cake\Routing\Dispatcher->dispatch(Object(Cake\Network\Request), Object(Cake\Network\Response))
#5 {main}


2016-05-04 14:44:35 Error: [Cake\View\Exception\MissingTemplateException] Template file "Product/json/index.ctp" is missing.
Request URL: /product/.json?type=product&searchId=&keyword=&page=2
Stack Trace:
#0 /var/www/fcctv.co.kr/vendor/cakephp/cakephp/src/View/JsonView.php(129): Cake\View\View->_getViewFileName(NULL)
#1 /var/www/fcctv.co.kr/vendor/cakephp/cakephp/src/Controller/Controller.php(583): Cake\View\JsonView->render(NULL, NULL)
#2 /var/www/fcctv.co.kr/vendor/cakephp/cakephp/src/Routing/Dispatcher.php(120): Cake\Controller\Controller->render()
#3 /var/www/fcctv.co.kr/vendor/cakephp/cakephp/src/Routing/Dispatcher.php(87): Cake\Routing\Dispatcher->_invoke(Object(App\Controller\ProductController))
#4 /var/www/fcctv.co.kr/webroot/index.php(37): Cake\Routing\Dispatcher->dispatch(Object(Cake\Network\Request), Object(Cake\Network\Response))
#5 {main}


2016-05-04 14:44:41 Error: [Cake\View\Exception\MissingTemplateException] Template file "Product/json/index.ctp" is missing.
Request URL: /product/.json?type=product&searchId=&keyword=&page=2
Stack Trace:
#0 /var/www/fcctv.co.kr/vendor/cakephp/cakephp/src/View/JsonView.php(129): Cake\View\View->_getViewFileName(NULL)
#1 /var/www/fcctv.co.kr/vendor/cakephp/cakephp/src/Controller/Controller.php(583): Cake\View\JsonView->render(NULL, NULL)
#2 /var/www/fcctv.co.kr/vendor/cakephp/cakephp/src/Routing/Dispatcher.php(120): Cake\Controller\Controller->render()
#3 /var/www/fcctv.co.kr/vendor/cakephp/cakephp/src/Routing/Dispatcher.php(87): Cake\Routing\Dispatcher->_invoke(Object(App\Controller\ProductController))
#4 /var/www/fcctv.co.kr/webroot/index.php(37): Cake\Routing\Dispatcher->dispatch(Object(Cake\Network\Request), Object(Cake\Network\Response))
#5 {main}


2016-05-04 14:46:59 Error: [Cake\View\Exception\MissingTemplateException] Template file "Product/json/index.ctp" is missing.
Request URL: /product/.json?type=product&searchId=ToIAbYFdPHk3MLPr8be2CQ%3D%3D&keyword=&page=2
Stack Trace:
#0 /var/www/fcctv.co.kr/vendor/cakephp/cakephp/src/View/JsonView.php(129): Cake\View\View->_getViewFileName(NULL)
#1 /var/www/fcctv.co.kr/vendor/cakephp/cakephp/src/Controller/Controller.php(583): Cake\View\JsonView->render(NULL, NULL)
#2 /var/www/fcctv.co.kr/vendor/cakephp/cakephp/src/Routing/Dispatcher.php(120): Cake\Controller\Controller->render()
#3 /var/www/fcctv.co.kr/vendor/cakephp/cakephp/src/Routing/Dispatcher.php(87): Cake\Routing\Dispatcher->_invoke(Object(App\Controller\ProductController))
#4 /var/www/fcctv.co.kr/webroot/index.php(37): Cake\Routing\Dispatcher->dispatch(Object(Cake\Network\Request), Object(Cake\Network\Response))
#5 {main}


2016-05-04 14:47:01 Error: [Cake\View\Exception\MissingTemplateException] Template file "Product/json/index.ctp" is missing.
Request URL: /product/.json?type=product&searchId=ToIAbYFdPHk3MLPr8be2CQ%3D%3D&keyword=&page=2
Stack Trace:
#0 /var/www/fcctv.co.kr/vendor/cakephp/cakephp/src/View/JsonView.php(129): Cake\View\View->_getViewFileName(NULL)
#1 /var/www/fcctv.co.kr/vendor/cakephp/cakephp/src/Controller/Controller.php(583): Cake\View\JsonView->render(NULL, NULL)
#2 /var/www/fcctv.co.kr/vendor/cakephp/cakephp/src/Routing/Dispatcher.php(120): Cake\Controller\Controller->render()
#3 /var/www/fcctv.co.kr/vendor/cakephp/cakephp/src/Routing/Dispatcher.php(87): Cake\Routing\Dispatcher->_invoke(Object(App\Controller\ProductController))
#4 /var/www/fcctv.co.kr/webroot/index.php(37): Cake\Routing\Dispatcher->dispatch(Object(Cake\Network\Request), Object(Cake\Network\Response))
#5 {main}


2016-05-04 14:47:23 Error: [Cake\View\Exception\MissingTemplateException] Template file "Product/json/index.ctp" is missing.
Request URL: /product/.json?type=product&searchId=8UPzKQo64bvaixK7LB1FoQ%3D%3D&keyword=&page=2
Stack Trace:
#0 /var/www/fcctv.co.kr/vendor/cakephp/cakephp/src/View/JsonView.php(129): Cake\View\View->_getViewFileName(NULL)
#1 /var/www/fcctv.co.kr/vendor/cakephp/cakephp/src/Controller/Controller.php(583): Cake\View\JsonView->render(NULL, NULL)
#2 /var/www/fcctv.co.kr/vendor/cakephp/cakephp/src/Routing/Dispatcher.php(120): Cake\Controller\Controller->render()
#3 /var/www/fcctv.co.kr/vendor/cakephp/cakephp/src/Routing/Dispatcher.php(87): Cake\Routing\Dispatcher->_invoke(Object(App\Controller\ProductController))
#4 /var/www/fcctv.co.kr/webroot/index.php(37): Cake\Routing\Dispatcher->dispatch(Object(Cake\Network\Request), Object(Cake\Network\Response))
#5 {main}


2016-05-04 14:47:24 Error: [Cake\View\Exception\MissingTemplateException] Template file "Product/json/index.ctp" is missing.
Request URL: /product/.json?type=product&searchId=8UPzKQo64bvaixK7LB1FoQ%3D%3D&keyword=&page=2
Stack Trace:
#0 /var/www/fcctv.co.kr/vendor/cakephp/cakephp/src/View/JsonView.php(129): Cake\View\View->_getViewFileName(NULL)
#1 /var/www/fcctv.co.kr/vendor/cakephp/cakephp/src/Controller/Controller.php(583): Cake\View\JsonView->render(NULL, NULL)
#2 /var/www/fcctv.co.kr/vendor/cakephp/cakephp/src/Routing/Dispatcher.php(120): Cake\Controller\Controller->render()
#3 /var/www/fcctv.co.kr/vendor/cakephp/cakephp/src/Routing/Dispatcher.php(87): Cake\Routing\Dispatcher->_invoke(Object(App\Controller\ProductController))
#4 /var/www/fcctv.co.kr/webroot/index.php(37): Cake\Routing\Dispatcher->dispatch(Object(Cake\Network\Request), Object(Cake\Network\Response))
#5 {main}


2016-05-04 15:46:44 Error: [Cake\Routing\Exception\MissingControllerException] Controller class Res could not be found.
Request URL: /_res/mov/ZCOLICO%28master%29.jpg
Stack Trace:
#0 /var/www/fcctv.co.kr/webroot/index.php(37): Cake\Routing\Dispatcher->dispatch(Object(Cake\Network\Request), Object(Cake\Network\Response))
#1 {main}


2016-05-04 15:52:44 Error: [Cake\View\Exception\MissingTemplateException] Template file "Product/json/index.ctp" is missing.
Request URL: /product/.json?type=product&searchId=&keyword=&page=2
Stack Trace:
#0 /var/www/fcctv.co.kr/vendor/cakephp/cakephp/src/View/JsonView.php(129): Cake\View\View->_getViewFileName(NULL)
#1 /var/www/fcctv.co.kr/vendor/cakephp/cakephp/src/Controller/Controller.php(583): Cake\View\JsonView->render(NULL, NULL)
#2 /var/www/fcctv.co.kr/vendor/cakephp/cakephp/src/Routing/Dispatcher.php(120): Cake\Controller\Controller->render()
#3 /var/www/fcctv.co.kr/vendor/cakephp/cakephp/src/Routing/Dispatcher.php(87): Cake\Routing\Dispatcher->_invoke(Object(App\Controller\ProductController))
#4 /var/www/fcctv.co.kr/webroot/index.php(37): Cake\Routing\Dispatcher->dispatch(Object(Cake\Network\Request), Object(Cake\Network\Response))
#5 {main}


2016-05-04 15:52:50 Error: [Cake\View\Exception\MissingTemplateException] Template file "Product/json/index.ctp" is missing.
Request URL: /product/.json?type=product&searchId=&keyword=&page=2
Stack Trace:
#0 /var/www/fcctv.co.kr/vendor/cakephp/cakephp/src/View/JsonView.php(129): Cake\View\View->_getViewFileName(NULL)
#1 /var/www/fcctv.co.kr/vendor/cakephp/cakephp/src/Controller/Controller.php(583): Cake\View\JsonView->render(NULL, NULL)
#2 /var/www/fcctv.co.kr/vendor/cakephp/cakephp/src/Routing/Dispatcher.php(120): Cake\Controller\Controller->render()
#3 /var/www/fcctv.co.kr/vendor/cakephp/cakephp/src/Routing/Dispatcher.php(87): Cake\Routing\Dispatcher->_invoke(Object(App\Controller\ProductController))
#4 /var/www/fcctv.co.kr/webroot/index.php(37): Cake\Routing\Dispatcher->dispatch(Object(Cake\Network\Request), Object(Cake\Network\Response))
#5 {main}


2016-05-04 15:52:52 Error: [Cake\View\Exception\MissingTemplateException] Template file "Product/json/index.ctp" is missing.
Request URL: /product/.json?type=product&searchId=&keyword=&page=2
Stack Trace:
#0 /var/www/fcctv.co.kr/vendor/cakephp/cakephp/src/View/JsonView.php(129): Cake\View\View->_getViewFileName(NULL)
#1 /var/www/fcctv.co.kr/vendor/cakephp/cakephp/src/Controller/Controller.php(583): Cake\View\JsonView->render(NULL, NULL)
#2 /var/www/fcctv.co.kr/vendor/cakephp/cakephp/src/Routing/Dispatcher.php(120): Cake\Controller\Controller->render()
#3 /var/www/fcctv.co.kr/vendor/cakephp/cakephp/src/Routing/Dispatcher.php(87): Cake\Routing\Dispatcher->_invoke(Object(App\Controller\ProductController))
#4 /var/www/fcctv.co.kr/webroot/index.php(37): Cake\Routing\Dispatcher->dispatch(Object(Cake\Network\Request), Object(Cake\Network\Response))
#5 {main}


2016-05-04 15:52:53 Error: [Cake\View\Exception\MissingTemplateException] Template file "Product/json/index.ctp" is missing.
Request URL: /product/.json?type=product&searchId=&keyword=&page=2
Stack Trace:
#0 /var/www/fcctv.co.kr/vendor/cakephp/cakephp/src/View/JsonView.php(129): Cake\View\View->_getViewFileName(NULL)
#1 /var/www/fcctv.co.kr/vendor/cakephp/cakephp/src/Controller/Controller.php(583): Cake\View\JsonView->render(NULL, NULL)
#2 /var/www/fcctv.co.kr/vendor/cakephp/cakephp/src/Routing/Dispatcher.php(120): Cake\Controller\Controller->render()
#3 /var/www/fcctv.co.kr/vendor/cakephp/cakephp/src/Routing/Dispatcher.php(87): Cake\Routing\Dispatcher->_invoke(Object(App\Controller\ProductController))
#4 /var/www/fcctv.co.kr/webroot/index.php(37): Cake\Routing\Dispatcher->dispatch(Object(Cake\Network\Request), Object(Cake\Network\Response))
#5 {main}


2016-05-04 15:52:53 Error: [Cake\View\Exception\MissingTemplateException] Template file "Product/json/index.ctp" is missing.
Request URL: /product/.json?type=product&searchId=&keyword=&page=2
Stack Trace:
#0 /var/www/fcctv.co.kr/vendor/cakephp/cakephp/src/View/JsonView.php(129): Cake\View\View->_getViewFileName(NULL)
#1 /var/www/fcctv.co.kr/vendor/cakephp/cakephp/src/Controller/Controller.php(583): Cake\View\JsonView->render(NULL, NULL)
#2 /var/www/fcctv.co.kr/vendor/cakephp/cakephp/src/Routing/Dispatcher.php(120): Cake\Controller\Controller->render()
#3 /var/www/fcctv.co.kr/vendor/cakephp/cakephp/src/Routing/Dispatcher.php(87): Cake\Routing\Dispatcher->_invoke(Object(App\Controller\ProductController))
#4 /var/www/fcctv.co.kr/webroot/index.php(37): Cake\Routing\Dispatcher->dispatch(Object(Cake\Network\Request), Object(Cake\Network\Response))
#5 {main}


2016-05-04 15:52:54 Error: [Cake\View\Exception\MissingTemplateException] Template file "Product/json/index.ctp" is missing.
Request URL: /product/.json?type=product&searchId=&keyword=&page=2
Stack Trace:
#0 /var/www/fcctv.co.kr/vendor/cakephp/cakephp/src/View/JsonView.php(129): Cake\View\View->_getViewFileName(NULL)
#1 /var/www/fcctv.co.kr/vendor/cakephp/cakephp/src/Controller/Controller.php(583): Cake\View\JsonView->render(NULL, NULL)
#2 /var/www/fcctv.co.kr/vendor/cakephp/cakephp/src/Routing/Dispatcher.php(120): Cake\Controller\Controller->render()
#3 /var/www/fcctv.co.kr/vendor/cakephp/cakephp/src/Routing/Dispatcher.php(87): Cake\Routing\Dispatcher->_invoke(Object(App\Controller\ProductController))
#4 /var/www/fcctv.co.kr/webroot/index.php(37): Cake\Routing\Dispatcher->dispatch(Object(Cake\Network\Request), Object(Cake\Network\Response))
#5 {main}


2016-05-04 15:52:54 Error: [Cake\View\Exception\MissingTemplateException] Template file "Product/json/index.ctp" is missing.
Request URL: /product/.json?type=product&searchId=&keyword=&page=2
Stack Trace:
#0 /var/www/fcctv.co.kr/vendor/cakephp/cakephp/src/View/JsonView.php(129): Cake\View\View->_getViewFileName(NULL)
#1 /var/www/fcctv.co.kr/vendor/cakephp/cakephp/src/Controller/Controller.php(583): Cake\View\JsonView->render(NULL, NULL)
#2 /var/www/fcctv.co.kr/vendor/cakephp/cakephp/src/Routing/Dispatcher.php(120): Cake\Controller\Controller->render()
#3 /var/www/fcctv.co.kr/vendor/cakephp/cakephp/src/Routing/Dispatcher.php(87): Cake\Routing\Dispatcher->_invoke(Object(App\Controller\ProductController))
#4 /var/www/fcctv.co.kr/webroot/index.php(37): Cake\Routing\Dispatcher->dispatch(Object(Cake\Network\Request), Object(Cake\Network\Response))
#5 {main}


2016-05-04 15:53:01 Error: [Cake\View\Exception\MissingTemplateException] Template file "Product/json/index.ctp" is missing.
Request URL: /product/.json?type=product&searchId=&keyword=&page=2
Stack Trace:
#0 /var/www/fcctv.co.kr/vendor/cakephp/cakephp/src/View/JsonView.php(129): Cake\View\View->_getViewFileName(NULL)
#1 /var/www/fcctv.co.kr/vendor/cakephp/cakephp/src/Controller/Controller.php(583): Cake\View\JsonView->render(NULL, NULL)
#2 /var/www/fcctv.co.kr/vendor/cakephp/cakephp/src/Routing/Dispatcher.php(120): Cake\Controller\Controller->render()
#3 /var/www/fcctv.co.kr/vendor/cakephp/cakephp/src/Routing/Dispatcher.php(87): Cake\Routing\Dispatcher->_invoke(Object(App\Controller\ProductController))
#4 /var/www/fcctv.co.kr/webroot/index.php(37): Cake\Routing\Dispatcher->dispatch(Object(Cake\Network\Request), Object(Cake\Network\Response))
#5 {main}


2016-05-04 15:53:01 Error: [Cake\View\Exception\MissingTemplateException] Template file "Product/json/index.ctp" is missing.
Request URL: /product/.json?type=product&searchId=&keyword=&page=2
Stack Trace:
#0 /var/www/fcctv.co.kr/vendor/cakephp/cakephp/src/View/JsonView.php(129): Cake\View\View->_getViewFileName(NULL)
#1 /var/www/fcctv.co.kr/vendor/cakephp/cakephp/src/Controller/Controller.php(583): Cake\View\JsonView->render(NULL, NULL)
#2 /var/www/fcctv.co.kr/vendor/cakephp/cakephp/src/Routing/Dispatcher.php(120): Cake\Controller\Controller->render()
#3 /var/www/fcctv.co.kr/vendor/cakephp/cakephp/src/Routing/Dispatcher.php(87): Cake\Routing\Dispatcher->_invoke(Object(App\Controller\ProductController))
#4 /var/www/fcctv.co.kr/webroot/index.php(37): Cake\Routing\Dispatcher->dispatch(Object(Cake\Network\Request), Object(Cake\Network\Response))
#5 {main}


2016-05-04 15:53:01 Error: [Cake\View\Exception\MissingTemplateException] Template file "Product/json/index.ctp" is missing.
Request URL: /product/.json?type=product&searchId=&keyword=&page=2
Stack Trace:
#0 /var/www/fcctv.co.kr/vendor/cakephp/cakephp/src/View/JsonView.php(129): Cake\View\View->_getViewFileName(NULL)
#1 /var/www/fcctv.co.kr/vendor/cakephp/cakephp/src/Controller/Controller.php(583): Cake\View\JsonView->render(NULL, NULL)
#2 /var/www/fcctv.co.kr/vendor/cakephp/cakephp/src/Routing/Dispatcher.php(120): Cake\Controller\Controller->render()
#3 /var/www/fcctv.co.kr/vendor/cakephp/cakephp/src/Routing/Dispatcher.php(87): Cake\Routing\Dispatcher->_invoke(Object(App\Controller\ProductController))
#4 /var/www/fcctv.co.kr/webroot/index.php(37): Cake\Routing\Dispatcher->dispatch(Object(Cake\Network\Request), Object(Cake\Network\Response))
#5 {main}


2016-05-04 15:53:02 Error: [Cake\View\Exception\MissingTemplateException] Template file "Product/json/index.ctp" is missing.
Request URL: /product/.json?type=product&searchId=&keyword=&page=2
Stack Trace:
#0 /var/www/fcctv.co.kr/vendor/cakephp/cakephp/src/View/JsonView.php(129): Cake\View\View->_getViewFileName(NULL)
#1 /var/www/fcctv.co.kr/vendor/cakephp/cakephp/src/Controller/Controller.php(583): Cake\View\JsonView->render(NULL, NULL)
#2 /var/www/fcctv.co.kr/vendor/cakephp/cakephp/src/Routing/Dispatcher.php(120): Cake\Controller\Controller->render()
#3 /var/www/fcctv.co.kr/vendor/cakephp/cakephp/src/Routing/Dispatcher.php(87): Cake\Routing\Dispatcher->_invoke(Object(App\Controller\ProductController))
#4 /var/www/fcctv.co.kr/webroot/index.php(37): Cake\Routing\Dispatcher->dispatch(Object(Cake\Network\Request), Object(Cake\Network\Response))
#5 {main}


2016-05-04 15:53:07 Error: [Cake\View\Exception\MissingTemplateException] Template file "Product/json/index.ctp" is missing.
Request URL: /product/.json?type=product&searchId=&keyword=&page=2
Stack Trace:
#0 /var/www/fcctv.co.kr/vendor/cakephp/cakephp/src/View/JsonView.php(129): Cake\View\View->_getViewFileName(NULL)
#1 /var/www/fcctv.co.kr/vendor/cakephp/cakephp/src/Controller/Controller.php(583): Cake\View\JsonView->render(NULL, NULL)
#2 /var/www/fcctv.co.kr/vendor/cakephp/cakephp/src/Routing/Dispatcher.php(120): Cake\Controller\Controller->render()
#3 /var/www/fcctv.co.kr/vendor/cakephp/cakephp/src/Routing/Dispatcher.php(87): Cake\Routing\Dispatcher->_invoke(Object(App\Controller\ProductController))
#4 /var/www/fcctv.co.kr/webroot/index.php(37): Cake\Routing\Dispatcher->dispatch(Object(Cake\Network\Request), Object(Cake\Network\Response))
#5 {main}


2016-05-04 15:53:09 Error: [Cake\View\Exception\MissingTemplateException] Template file "Product/json/index.ctp" is missing.
Request URL: /product/.json?type=product&searchId=&keyword=&page=2
Stack Trace:
#0 /var/www/fcctv.co.kr/vendor/cakephp/cakephp/src/View/JsonView.php(129): Cake\View\View->_getViewFileName(NULL)
#1 /var/www/fcctv.co.kr/vendor/cakephp/cakephp/src/Controller/Controller.php(583): Cake\View\JsonView->render(NULL, NULL)
#2 /var/www/fcctv.co.kr/vendor/cakephp/cakephp/src/Routing/Dispatcher.php(120): Cake\Controller\Controller->render()
#3 /var/www/fcctv.co.kr/vendor/cakephp/cakephp/src/Routing/Dispatcher.php(87): Cake\Routing\Dispatcher->_invoke(Object(App\Controller\ProductController))
#4 /var/www/fcctv.co.kr/webroot/index.php(37): Cake\Routing\Dispatcher->dispatch(Object(Cake\Network\Request), Object(Cake\Network\Response))
#5 {main}


2016-05-04 15:57:31 Warning: Warning (2): array_key_exists() expects parameter 2 to be array, null given in [/var/www/fcctv.co.kr/src/Controller/PurchasesController.php, line 136]
Trace:
Cake\Error\BaseErrorHandler::handleError() - CORE/src/Error/BaseErrorHandler.php, line 138
array_key_exists - [internal], line ??
App\Controller\PurchasesController::orderInfo() - APP/Controller/PurchasesController.php, line 136
Cake\Controller\Controller::invokeAction() - CORE/src/Controller/Controller.php, line 412
Cake\Routing\Dispatcher::_invoke() - CORE/src/Routing/Dispatcher.php, line 114
Cake\Routing\Dispatcher::dispatch() - CORE/src/Routing/Dispatcher.php, line 87
[main] - ROOT/webroot/index.php, line 37



2016-05-04 15:57:31 Warning: Warning (2): array_key_exists() expects parameter 2 to be array, null given in [/var/www/fcctv.co.kr/src/Controller/PurchasesController.php, line 137]
Trace:
Cake\Error\BaseErrorHandler::handleError() - CORE/src/Error/BaseErrorHandler.php, line 138
array_key_exists - [internal], line ??
App\Controller\PurchasesController::orderInfo() - APP/Controller/PurchasesController.php, line 137
Cake\Controller\Controller::invokeAction() - CORE/src/Controller/Controller.php, line 412
Cake\Routing\Dispatcher::_invoke() - CORE/src/Routing/Dispatcher.php, line 114
Cake\Routing\Dispatcher::dispatch() - CORE/src/Routing/Dispatcher.php, line 87
[main] - ROOT/webroot/index.php, line 37



2016-05-04 15:57:31 Warning: Warning (2): Invalid argument supplied for foreach() in [/var/www/fcctv.co.kr/src/Template/Purchases/order_info.ctp, line 294]
Trace:
Cake\Error\BaseErrorHandler::handleError() - CORE/src/Error/BaseErrorHandler.php, line 138
include - APP/Template/Purchases/order_info.ctp, line 294
Cake\View\View::_evaluate() - CORE/src/View/View.php, line 826
Cake\View\View::_render() - CORE/src/View/View.php, line 786
Cake\View\View::render() - CORE/src/View/View.php, line 463
Cake\Controller\Controller::render() - CORE/src/Controller/Controller.php, line 583
Cake\Routing\Dispatcher::_invoke() - CORE/src/Routing/Dispatcher.php, line 120
Cake\Routing\Dispatcher::dispatch() - CORE/src/Routing/Dispatcher.php, line 87
[main] - ROOT/webroot/index.php, line 37



2016-05-04 16:14:00 Error: [Cake\View\Exception\MissingTemplateException] Template file "Designers/json/detail.ctp" is missing.
Request URL: /designers/detail/R3RQRE9xdUlBNTI1cWhjeGdaY3JkQT09.json?type=designer&searchId=R3RQRE9xdUlBNTI1cWhjeGdaY3JkQT09&keyword=&page=2
Stack Trace:
#0 /var/www/fcctv.co.kr/vendor/cakephp/cakephp/src/View/JsonView.php(129): Cake\View\View->_getViewFileName(NULL)
#1 /var/www/fcctv.co.kr/vendor/cakephp/cakephp/src/Controller/Controller.php(583): Cake\View\JsonView->render(NULL, NULL)
#2 /var/www/fcctv.co.kr/vendor/cakephp/cakephp/src/Routing/Dispatcher.php(120): Cake\Controller\Controller->render()
#3 /var/www/fcctv.co.kr/vendor/cakephp/cakephp/src/Routing/Dispatcher.php(87): Cake\Routing\Dispatcher->_invoke(Object(App\Controller\DesignersController))
#4 /var/www/fcctv.co.kr/webroot/index.php(37): Cake\Routing\Dispatcher->dispatch(Object(Cake\Network\Request), Object(Cake\Network\Response))
#5 {main}


2016-05-04 16:14:14 Error: [Cake\View\Exception\MissingTemplateException] Template file "Designers/json/detail.ctp" is missing.
Request URL: /designers/detail/R3RQRE9xdUlBNTI1cWhjeGdaY3JkQT09.json?type=designer&searchId=R3RQRE9xdUlBNTI1cWhjeGdaY3JkQT09&keyword=&page=2
Stack Trace:
#0 /var/www/fcctv.co.kr/vendor/cakephp/cakephp/src/View/JsonView.php(129): Cake\View\View->_getViewFileName(NULL)
#1 /var/www/fcctv.co.kr/vendor/cakephp/cakephp/src/Controller/Controller.php(583): Cake\View\JsonView->render(NULL, NULL)
#2 /var/www/fcctv.co.kr/vendor/cakephp/cakephp/src/Routing/Dispatcher.php(120): Cake\Controller\Controller->render()
#3 /var/www/fcctv.co.kr/vendor/cakephp/cakephp/src/Routing/Dispatcher.php(87): Cake\Routing\Dispatcher->_invoke(Object(App\Controller\DesignersController))
#4 /var/www/fcctv.co.kr/webroot/index.php(37): Cake\Routing\Dispatcher->dispatch(Object(Cake\Network\Request), Object(Cake\Network\Response))
#5 {main}


2016-05-04 16:14:50 Error: [Cake\View\Exception\MissingTemplateException] Template file "Product/json/index.ctp" is missing.
Request URL: /product/.json?type=product&searchId=ToIAbYFdPHk3MLPr8be2CQ%3D%3D&keyword=&page=2
Stack Trace:
#0 /var/www/fcctv.co.kr/vendor/cakephp/cakephp/src/View/JsonView.php(129): Cake\View\View->_getViewFileName(NULL)
#1 /var/www/fcctv.co.kr/vendor/cakephp/cakephp/src/Controller/Controller.php(583): Cake\View\JsonView->render(NULL, NULL)
#2 /var/www/fcctv.co.kr/vendor/cakephp/cakephp/src/Routing/Dispatcher.php(120): Cake\Controller\Controller->render()
#3 /var/www/fcctv.co.kr/vendor/cakephp/cakephp/src/Routing/Dispatcher.php(87): Cake\Routing\Dispatcher->_invoke(Object(App\Controller\ProductController))
#4 /var/www/fcctv.co.kr/webroot/index.php(37): Cake\Routing\Dispatcher->dispatch(Object(Cake\Network\Request), Object(Cake\Network\Response))
#5 {main}


2016-05-04 16:14:52 Error: [Cake\View\Exception\MissingTemplateException] Template file "Product/json/index.ctp" is missing.
Request URL: /product/.json?type=product&searchId=ToIAbYFdPHk3MLPr8be2CQ%3D%3D&keyword=&page=2
Stack Trace:
#0 /var/www/fcctv.co.kr/vendor/cakephp/cakephp/src/View/JsonView.php(129): Cake\View\View->_getViewFileName(NULL)
#1 /var/www/fcctv.co.kr/vendor/cakephp/cakephp/src/Controller/Controller.php(583): Cake\View\JsonView->render(NULL, NULL)
#2 /var/www/fcctv.co.kr/vendor/cakephp/cakephp/src/Routing/Dispatcher.php(120): Cake\Controller\Controller->render()
#3 /var/www/fcctv.co.kr/vendor/cakephp/cakephp/src/Routing/Dispatcher.php(87): Cake\Routing\Dispatcher->_invoke(Object(App\Controller\ProductController))
#4 /var/www/fcctv.co.kr/webroot/index.php(37): Cake\Routing\Dispatcher->dispatch(Object(Cake\Network\Request), Object(Cake\Network\Response))
#5 {main}


2016-05-04 17:14:35 Error: [Cake\View\Exception\MissingTemplateException] Template file "Product/json/index.ctp" is missing.
Request URL: /product/.json?type=product&searchId=&keyword=&page=2
Stack Trace:
#0 /var/www/fcctv.co.kr/vendor/cakephp/cakephp/src/View/JsonView.php(129): Cake\View\View->_getViewFileName(NULL)
#1 /var/www/fcctv.co.kr/vendor/cakephp/cakephp/src/Controller/Controller.php(583): Cake\View\JsonView->render(NULL, NULL)
#2 /var/www/fcctv.co.kr/vendor/cakephp/cakephp/src/Routing/Dispatcher.php(120): Cake\Controller\Controller->render()
#3 /var/www/fcctv.co.kr/vendor/cakephp/cakephp/src/Routing/Dispatcher.php(87): Cake\Routing\Dispatcher->_invoke(Object(App\Controller\ProductController))
#4 /var/www/fcctv.co.kr/webroot/index.php(37): Cake\Routing\Dispatcher->dispatch(Object(Cake\Network\Request), Object(Cake\Network\Response))
#5 {main}


2016-05-04 17:14:37 Error: [Cake\View\Exception\MissingTemplateException] Template file "Product/json/index.ctp" is missing.
Request URL: /product/.json?type=product&searchId=&keyword=&page=2
Stack Trace:
#0 /var/www/fcctv.co.kr/vendor/cakephp/cakephp/src/View/JsonView.php(129): Cake\View\View->_getViewFileName(NULL)
#1 /var/www/fcctv.co.kr/vendor/cakephp/cakephp/src/Controller/Controller.php(583): Cake\View\JsonView->render(NULL, NULL)
#2 /var/www/fcctv.co.kr/vendor/cakephp/cakephp/src/Routing/Dispatcher.php(120): Cake\Controller\Controller->render()
#3 /var/www/fcctv.co.kr/vendor/cakephp/cakephp/src/Routing/Dispatcher.php(87): Cake\Routing\Dispatcher->_invoke(Object(App\Controller\ProductController))
#4 /var/www/fcctv.co.kr/webroot/index.php(37): Cake\Routing\Dispatcher->dispatch(Object(Cake\Network\Request), Object(Cake\Network\Response))
#5 {main}


2016-05-04 17:14:39 Error: [Cake\View\Exception\MissingTemplateException] Template file "Product/json/index.ctp" is missing.
Request URL: /product/.json?type=product&searchId=&keyword=&page=2
Stack Trace:
#0 /var/www/fcctv.co.kr/vendor/cakephp/cakephp/src/View/JsonView.php(129): Cake\View\View->_getViewFileName(NULL)
#1 /var/www/fcctv.co.kr/vendor/cakephp/cakephp/src/Controller/Controller.php(583): Cake\View\JsonView->render(NULL, NULL)
#2 /var/www/fcctv.co.kr/vendor/cakephp/cakephp/src/Routing/Dispatcher.php(120): Cake\Controller\Controller->render()
#3 /var/www/fcctv.co.kr/vendor/cakephp/cakephp/src/Routing/Dispatcher.php(87): Cake\Routing\Dispatcher->_invoke(Object(App\Controller\ProductController))
#4 /var/www/fcctv.co.kr/webroot/index.php(37): Cake\Routing\Dispatcher->dispatch(Object(Cake\Network\Request), Object(Cake\Network\Response))
#5 {main}


2016-05-04 17:14:40 Error: [Cake\View\Exception\MissingTemplateException] Template file "Product/json/index.ctp" is missing.
Request URL: /product/.json?type=product&searchId=&keyword=&page=2
Stack Trace:
#0 /var/www/fcctv.co.kr/vendor/cakephp/cakephp/src/View/JsonView.php(129): Cake\View\View->_getViewFileName(NULL)
#1 /var/www/fcctv.co.kr/vendor/cakephp/cakephp/src/Controller/Controller.php(583): Cake\View\JsonView->render(NULL, NULL)
#2 /var/www/fcctv.co.kr/vendor/cakephp/cakephp/src/Routing/Dispatcher.php(120): Cake\Controller\Controller->render()
#3 /var/www/fcctv.co.kr/vendor/cakephp/cakephp/src/Routing/Dispatcher.php(87): Cake\Routing\Dispatcher->_invoke(Object(App\Controller\ProductController))
#4 /var/www/fcctv.co.kr/webroot/index.php(37): Cake\Routing\Dispatcher->dispatch(Object(Cake\Network\Request), Object(Cake\Network\Response))
#5 {main}


2016-05-04 17:14:40 Error: [Cake\View\Exception\MissingTemplateException] Template file "Product/json/index.ctp" is missing.
Request URL: /product/.json?type=product&searchId=&keyword=&page=2
Stack Trace:
#0 /var/www/fcctv.co.kr/vendor/cakephp/cakephp/src/View/JsonView.php(129): Cake\View\View->_getViewFileName(NULL)
#1 /var/www/fcctv.co.kr/vendor/cakephp/cakephp/src/Controller/Controller.php(583): Cake\View\JsonView->render(NULL, NULL)
#2 /var/www/fcctv.co.kr/vendor/cakephp/cakephp/src/Routing/Dispatcher.php(120): Cake\Controller\Controller->render()
#3 /var/www/fcctv.co.kr/vendor/cakephp/cakephp/src/Routing/Dispatcher.php(87): Cake\Routing\Dispatcher->_invoke(Object(App\Controller\ProductController))
#4 /var/www/fcctv.co.kr/webroot/index.php(37): Cake\Routing\Dispatcher->dispatch(Object(Cake\Network\Request), Object(Cake\Network\Response))
#5 {main}


2016-05-04 17:14:40 Error: [Cake\View\Exception\MissingTemplateException] Template file "Product/json/index.ctp" is missing.
Request URL: /product/.json?type=product&searchId=&keyword=&page=2
Stack Trace:
#0 /var/www/fcctv.co.kr/vendor/cakephp/cakephp/src/View/JsonView.php(129): Cake\View\View->_getViewFileName(NULL)
#1 /var/www/fcctv.co.kr/vendor/cakephp/cakephp/src/Controller/Controller.php(583): Cake\View\JsonView->render(NULL, NULL)
#2 /var/www/fcctv.co.kr/vendor/cakephp/cakephp/src/Routing/Dispatcher.php(120): Cake\Controller\Controller->render()
#3 /var/www/fcctv.co.kr/vendor/cakephp/cakephp/src/Routing/Dispatcher.php(87): Cake\Routing\Dispatcher->_invoke(Object(App\Controller\ProductController))
#4 /var/www/fcctv.co.kr/webroot/index.php(37): Cake\Routing\Dispatcher->dispatch(Object(Cake\Network\Request), Object(Cake\Network\Response))
#5 {main}


2016-05-04 17:14:40 Error: [Cake\View\Exception\MissingTemplateException] Template file "Product/json/index.ctp" is missing.
Request URL: /product/.json?type=product&searchId=&keyword=&page=2
Stack Trace:
#0 /var/www/fcctv.co.kr/vendor/cakephp/cakephp/src/View/JsonView.php(129): Cake\View\View->_getViewFileName(NULL)
#1 /var/www/fcctv.co.kr/vendor/cakephp/cakephp/src/Controller/Controller.php(583): Cake\View\JsonView->render(NULL, NULL)
#2 /var/www/fcctv.co.kr/vendor/cakephp/cakephp/src/Routing/Dispatcher.php(120): Cake\Controller\Controller->render()
#3 /var/www/fcctv.co.kr/vendor/cakephp/cakephp/src/Routing/Dispatcher.php(87): Cake\Routing\Dispatcher->_invoke(Object(App\Controller\ProductController))
#4 /var/www/fcctv.co.kr/webroot/index.php(37): Cake\Routing\Dispatcher->dispatch(Object(Cake\Network\Request), Object(Cake\Network\Response))
#5 {main}


2016-05-04 17:14:41 Error: [Cake\View\Exception\MissingTemplateException] Template file "Product/json/index.ctp" is missing.
Request URL: /product/.json?type=product&searchId=&keyword=&page=2
Stack Trace:
#0 /var/www/fcctv.co.kr/vendor/cakephp/cakephp/src/View/JsonView.php(129): Cake\View\View->_getViewFileName(NULL)
#1 /var/www/fcctv.co.kr/vendor/cakephp/cakephp/src/Controller/Controller.php(583): Cake\View\JsonView->render(NULL, NULL)
#2 /var/www/fcctv.co.kr/vendor/cakephp/cakephp/src/Routing/Dispatcher.php(120): Cake\Controller\Controller->render()
#3 /var/www/fcctv.co.kr/vendor/cakephp/cakephp/src/Routing/Dispatcher.php(87): Cake\Routing\Dispatcher->_invoke(Object(App\Controller\ProductController))
#4 /var/www/fcctv.co.kr/webroot/index.php(37): Cake\Routing\Dispatcher->dispatch(Object(Cake\Network\Request), Object(Cake\Network\Response))
#5 {main}


2016-05-04 17:48:58 Error: [Cake\Routing\Exception\MissingControllerException] Controller class Res could not be found.
Request URL: /_res/mov/ZCOLICO%28master%29.jpg
Stack Trace:
#0 /var/www/fcctv.co.kr/webroot/index.php(37): Cake\Routing\Dispatcher->dispatch(Object(Cake\Network\Request), Object(Cake\Network\Response))
#1 {main}


2016-05-04 17:53:03 Error: [Cake\Routing\Exception\MissingControllerException] Controller class Res could not be found.
Request URL: /_res/mov/ZCOLICO%28master%29.jpg
Stack Trace:
#0 /var/www/fcctv.co.kr/webroot/index.php(37): Cake\Routing\Dispatcher->dispatch(Object(Cake\Network\Request), Object(Cake\Network\Response))
#1 {main}


2016-05-04 20:28:59 Error: [Cake\Routing\Exception\MissingControllerException] Controller class Res could not be found.
Request URL: /_res/mov/ZCOLICO%28master%29.jpg
Stack Trace:
#0 /var/www/fcctv.co.kr/webroot/index.php(37): Cake\Routing\Dispatcher->dispatch(Object(Cake\Network\Request), Object(Cake\Network\Response))
#1 {main}


2016-05-04 23:50:16 Error: [Cake\Routing\Exception\MissingControllerException] Controller class A2billing could not be found.
Request URL: /a2billing/
Stack Trace:
#0 /var/www/fcctv.co.kr/webroot/index.php(37): Cake\Routing\Dispatcher->dispatch(Object(Cake\Network\Request), Object(Cake\Network\Response))
#1 {main}


2016-05-05 00:21:56 Error: [Cake\Routing\Exception\MissingControllerException] Controller class A2billing could not be found.
Request URL: /a2billing/
Stack Trace:
#0 /var/www/fcctv.co.kr/webroot/index.php(37): Cake\Routing\Dispatcher->dispatch(Object(Cake\Network\Request), Object(Cake\Network\Response))
#1 {main}


2016-05-05 06:21:23 Error: [Cake\Routing\Exception\MissingControllerException] Controller class PhpMyAdmin could not be found.
Request URL: /phpMyAdmin
Stack Trace:
#0 /var/www/fcctv.co.kr/webroot/index.php(37): Cake\Routing\Dispatcher->dispatch(Object(Cake\Network\Request), Object(Cake\Network\Response))
#1 {main}


