2016-06-16 10:08:19 Notice: Notice (8): Undefined index: callPage in [/var/www/fcctv.co.kr/src/Controller/AuthController.php, line 1051]
Trace:
Cake\Error\BaseErrorHandler::handleError() - CORE/src/Error/BaseErrorHandler.php, line 138
App\Controller\AuthController::userConfirmPop() - APP/Controller/AuthController.php, line 1051
Cake\Controller\Controller::invokeAction() - CORE/src/Controller/Controller.php, line 412
Cake\Routing\Dispatcher::_invoke() - CORE/src/Routing/Dispatcher.php, line 114
Cake\Routing\Dispatcher::dispatch() - CORE/src/Routing/Dispatcher.php, line 87
[main] - ROOT/webroot/index.php, line 37



2016-06-16 10:08:31 Notice: Notice (8): Undefined index: callPage in [/var/www/fcctv.co.kr/src/Controller/AuthController.php, line 1051]
Trace:
Cake\Error\BaseErrorHandler::handleError() - CORE/src/Error/BaseErrorHandler.php, line 138
App\Controller\AuthController::userConfirmPop() - APP/Controller/AuthController.php, line 1051
Cake\Controller\Controller::invokeAction() - CORE/src/Controller/Controller.php, line 412
Cake\Routing\Dispatcher::_invoke() - CORE/src/Routing/Dispatcher.php, line 114
Cake\Routing\Dispatcher::dispatch() - CORE/src/Routing/Dispatcher.php, line 87
[main] - ROOT/webroot/index.php, line 37



2016-06-16 10:08:35 Notice: Notice (8): Undefined index: callPage in [/var/www/fcctv.co.kr/src/Controller/AuthController.php, line 1051]
Trace:
Cake\Error\BaseErrorHandler::handleError() - CORE/src/Error/BaseErrorHandler.php, line 138
App\Controller\AuthController::userConfirmPop() - APP/Controller/AuthController.php, line 1051
Cake\Controller\Controller::invokeAction() - CORE/src/Controller/Controller.php, line 412
Cake\Routing\Dispatcher::_invoke() - CORE/src/Routing/Dispatcher.php, line 114
Cake\Routing\Dispatcher::dispatch() - CORE/src/Routing/Dispatcher.php, line 87
[main] - ROOT/webroot/index.php, line 37



2016-06-16 10:08:40 Notice: Notice (8): Undefined index: callPage in [/var/www/fcctv.co.kr/src/Controller/AuthController.php, line 1051]
Trace:
Cake\Error\BaseErrorHandler::handleError() - CORE/src/Error/BaseErrorHandler.php, line 138
App\Controller\AuthController::userConfirmPop() - APP/Controller/AuthController.php, line 1051
Cake\Controller\Controller::invokeAction() - CORE/src/Controller/Controller.php, line 412
Cake\Routing\Dispatcher::_invoke() - CORE/src/Routing/Dispatcher.php, line 114
Cake\Routing\Dispatcher::dispatch() - CORE/src/Routing/Dispatcher.php, line 87
[main] - ROOT/webroot/index.php, line 37



2016-06-16 10:12:19 Debug: 
App\Controller\CacheController::removeProduct() - APP/Controller/CacheController.php, line 50
Cake\Controller\Controller::invokeAction() - CORE/src/Controller/Controller.php, line 412
Cake\Routing\Dispatcher::_invoke() - CORE/src/Routing/Dispatcher.php, line 114
Cake\Routing\Dispatcher::dispatch() - CORE/src/Routing/Dispatcher.php, line 87
[main] - ROOT/webroot/index.php, line 37
'main Cache ì œê±°'
2016-06-16 10:12:42 Notice: Notice (8): Undefined index: callPage in [/var/www/fcctv.co.kr/src/Controller/AuthController.php, line 1051]
Trace:
Cake\Error\BaseErrorHandler::handleError() - CORE/src/Error/BaseErrorHandler.php, line 138
App\Controller\AuthController::userConfirmPop() - APP/Controller/AuthController.php, line 1051
Cake\Controller\Controller::invokeAction() - CORE/src/Controller/Controller.php, line 412
Cake\Routing\Dispatcher::_invoke() - CORE/src/Routing/Dispatcher.php, line 114
Cake\Routing\Dispatcher::dispatch() - CORE/src/Routing/Dispatcher.php, line 87
[main] - ROOT/webroot/index.php, line 37



2016-06-16 10:13:34 Debug: 
App\Controller\CacheController::removeProduct() - APP/Controller/CacheController.php, line 43
Cake\Controller\Controller::invokeAction() - CORE/src/Controller/Controller.php, line 412
Cake\Routing\Dispatcher::_invoke() - CORE/src/Routing/Dispatcher.php, line 114
Cake\Routing\Dispatcher::dispatch() - CORE/src/Routing/Dispatcher.php, line 87
[main] - ROOT/webroot/index.php, line 37
'ì „ì²´ products Cache ì œê±°.'
2016-06-16 10:13:34 Debug: 
App\Controller\CacheController::removeProduct() - APP/Controller/CacheController.php, line 44
Cake\Controller\Controller::invokeAction() - CORE/src/Controller/Controller.php, line 412
Cake\Routing\Dispatcher::_invoke() - CORE/src/Routing/Dispatcher.php, line 114
Cake\Routing\Dispatcher::dispatch() - CORE/src/Routing/Dispatcher.php, line 87
[main] - ROOT/webroot/index.php, line 37
'main Cache ì œê±°'
2016-06-16 10:13:34 Debug: 
App\Controller\CacheController::removeProduct() - APP/Controller/CacheController.php, line 45
Cake\Controller\Controller::invokeAction() - CORE/src/Controller/Controller.php, line 412
Cake\Routing\Dispatcher::_invoke() - CORE/src/Routing/Dispatcher.php, line 114
Cake\Routing\Dispatcher::dispatch() - CORE/src/Routing/Dispatcher.php, line 87
[main] - ROOT/webroot/index.php, line 37
'Whats New ì œê±°'
2016-06-16 10:14:02 Debug: 
App\Controller\CacheController::removeProduct() - APP/Controller/CacheController.php, line 43
Cake\Controller\Controller::invokeAction() - CORE/src/Controller/Controller.php, line 412
Cake\Routing\Dispatcher::_invoke() - CORE/src/Routing/Dispatcher.php, line 114
Cake\Routing\Dispatcher::dispatch() - CORE/src/Routing/Dispatcher.php, line 87
[main] - ROOT/webroot/index.php, line 37
'ì „ì²´ products Cache ì œê±°.'
2016-06-16 10:14:02 Debug: 
App\Controller\CacheController::removeProduct() - APP/Controller/CacheController.php, line 44
Cake\Controller\Controller::invokeAction() - CORE/src/Controller/Controller.php, line 412
Cake\Routing\Dispatcher::_invoke() - CORE/src/Routing/Dispatcher.php, line 114
Cake\Routing\Dispatcher::dispatch() - CORE/src/Routing/Dispatcher.php, line 87
[main] - ROOT/webroot/index.php, line 37
'main Cache ì œê±°'
2016-06-16 10:14:02 Debug: 
App\Controller\CacheController::removeProduct() - APP/Controller/CacheController.php, line 45
Cake\Controller\Controller::invokeAction() - CORE/src/Controller/Controller.php, line 412
Cake\Routing\Dispatcher::_invoke() - CORE/src/Routing/Dispatcher.php, line 114
Cake\Routing\Dispatcher::dispatch() - CORE/src/Routing/Dispatcher.php, line 87
[main] - ROOT/webroot/index.php, line 37
'Whats New ì œê±°'
2016-06-16 10:15:16 Debug: 
App\Controller\CacheController::removeProduct() - APP/Controller/CacheController.php, line 43
Cake\Controller\Controller::invokeAction() - CORE/src/Controller/Controller.php, line 412
Cake\Routing\Dispatcher::_invoke() - CORE/src/Routing/Dispatcher.php, line 114
Cake\Routing\Dispatcher::dispatch() - CORE/src/Routing/Dispatcher.php, line 87
[main] - ROOT/webroot/index.php, line 37
'ì „ì²´ products Cache ì œê±°.'
2016-06-16 10:15:16 Debug: 
App\Controller\CacheController::removeProduct() - APP/Controller/CacheController.php, line 44
Cake\Controller\Controller::invokeAction() - CORE/src/Controller/Controller.php, line 412
Cake\Routing\Dispatcher::_invoke() - CORE/src/Routing/Dispatcher.php, line 114
Cake\Routing\Dispatcher::dispatch() - CORE/src/Routing/Dispatcher.php, line 87
[main] - ROOT/webroot/index.php, line 37
'main Cache ì œê±°'
2016-06-16 10:15:16 Debug: 
App\Controller\CacheController::removeProduct() - APP/Controller/CacheController.php, line 45
Cake\Controller\Controller::invokeAction() - CORE/src/Controller/Controller.php, line 412
Cake\Routing\Dispatcher::_invoke() - CORE/src/Routing/Dispatcher.php, line 114
Cake\Routing\Dispatcher::dispatch() - CORE/src/Routing/Dispatcher.php, line 87
[main] - ROOT/webroot/index.php, line 37
'Whats New ì œê±°'
2016-06-16 10:21:49 Debug: 
App\Controller\CacheController::removeDesigner() - APP/Controller/CacheController.php, line 64
Cake\Controller\Controller::invokeAction() - CORE/src/Controller/Controller.php, line 412
Cake\Routing\Dispatcher::_invoke() - CORE/src/Routing/Dispatcher.php, line 114
Cake\Routing\Dispatcher::dispatch() - CORE/src/Routing/Dispatcher.php, line 87
[main] - ROOT/webroot/index.php, line 37
'ì „ì²´ products Cache ì œê±°.'
2016-06-16 10:22:35 Debug: 
App\Controller\CacheController::removeProduct() - APP/Controller/CacheController.php, line 43
Cake\Controller\Controller::invokeAction() - CORE/src/Controller/Controller.php, line 412
Cake\Routing\Dispatcher::_invoke() - CORE/src/Routing/Dispatcher.php, line 114
Cake\Routing\Dispatcher::dispatch() - CORE/src/Routing/Dispatcher.php, line 87
[main] - ROOT/webroot/index.php, line 37
'ì „ì²´ products Cache ì œê±°.'
2016-06-16 10:22:35 Debug: 
App\Controller\CacheController::removeProduct() - APP/Controller/CacheController.php, line 44
Cake\Controller\Controller::invokeAction() - CORE/src/Controller/Controller.php, line 412
Cake\Routing\Dispatcher::_invoke() - CORE/src/Routing/Dispatcher.php, line 114
Cake\Routing\Dispatcher::dispatch() - CORE/src/Routing/Dispatcher.php, line 87
[main] - ROOT/webroot/index.php, line 37
'main Cache ì œê±°'
2016-06-16 10:22:35 Debug: 
App\Controller\CacheController::removeProduct() - APP/Controller/CacheController.php, line 45
Cake\Controller\Controller::invokeAction() - CORE/src/Controller/Controller.php, line 412
Cake\Routing\Dispatcher::_invoke() - CORE/src/Routing/Dispatcher.php, line 114
Cake\Routing\Dispatcher::dispatch() - CORE/src/Routing/Dispatcher.php, line 87
[main] - ROOT/webroot/index.php, line 37
'Whats New ì œê±°'
2016-06-16 10:22:55 Debug: 
App\Controller\CacheController::removeProduct() - APP/Controller/CacheController.php, line 43
Cake\Controller\Controller::invokeAction() - CORE/src/Controller/Controller.php, line 412
Cake\Routing\Dispatcher::_invoke() - CORE/src/Routing/Dispatcher.php, line 114
Cake\Routing\Dispatcher::dispatch() - CORE/src/Routing/Dispatcher.php, line 87
[main] - ROOT/webroot/index.php, line 37
'ì „ì²´ products Cache ì œê±°.'
2016-06-16 10:22:55 Debug: 
App\Controller\CacheController::removeProduct() - APP/Controller/CacheController.php, line 44
Cake\Controller\Controller::invokeAction() - CORE/src/Controller/Controller.php, line 412
Cake\Routing\Dispatcher::_invoke() - CORE/src/Routing/Dispatcher.php, line 114
Cake\Routing\Dispatcher::dispatch() - CORE/src/Routing/Dispatcher.php, line 87
[main] - ROOT/webroot/index.php, line 37
'main Cache ì œê±°'
2016-06-16 10:22:55 Debug: 
App\Controller\CacheController::removeProduct() - APP/Controller/CacheController.php, line 45
Cake\Controller\Controller::invokeAction() - CORE/src/Controller/Controller.php, line 412
Cake\Routing\Dispatcher::_invoke() - CORE/src/Routing/Dispatcher.php, line 114
Cake\Routing\Dispatcher::dispatch() - CORE/src/Routing/Dispatcher.php, line 87
[main] - ROOT/webroot/index.php, line 37
'Whats New ì œê±°'
2016-06-16 10:23:20 Debug: 
App\Controller\CacheController::removeProduct() - APP/Controller/CacheController.php, line 43
Cake\Controller\Controller::invokeAction() - CORE/src/Controller/Controller.php, line 412
Cake\Routing\Dispatcher::_invoke() - CORE/src/Routing/Dispatcher.php, line 114
Cake\Routing\Dispatcher::dispatch() - CORE/src/Routing/Dispatcher.php, line 87
[main] - ROOT/webroot/index.php, line 37
'ì „ì²´ products Cache ì œê±°.'
2016-06-16 10:23:20 Debug: 
App\Controller\CacheController::removeProduct() - APP/Controller/CacheController.php, line 44
Cake\Controller\Controller::invokeAction() - CORE/src/Controller/Controller.php, line 412
Cake\Routing\Dispatcher::_invoke() - CORE/src/Routing/Dispatcher.php, line 114
Cake\Routing\Dispatcher::dispatch() - CORE/src/Routing/Dispatcher.php, line 87
[main] - ROOT/webroot/index.php, line 37
'main Cache ì œê±°'
2016-06-16 10:23:20 Debug: 
App\Controller\CacheController::removeProduct() - APP/Controller/CacheController.php, line 45
Cake\Controller\Controller::invokeAction() - CORE/src/Controller/Controller.php, line 412
Cake\Routing\Dispatcher::_invoke() - CORE/src/Routing/Dispatcher.php, line 114
Cake\Routing\Dispatcher::dispatch() - CORE/src/Routing/Dispatcher.php, line 87
[main] - ROOT/webroot/index.php, line 37
'Whats New ì œê±°'
2016-06-16 10:29:19 Debug: 
App\Controller\CacheController::removeProduct() - APP/Controller/CacheController.php, line 50
Cake\Controller\Controller::invokeAction() - CORE/src/Controller/Controller.php, line 412
Cake\Routing\Dispatcher::_invoke() - CORE/src/Routing/Dispatcher.php, line 114
Cake\Routing\Dispatcher::dispatch() - CORE/src/Routing/Dispatcher.php, line 87
[main] - ROOT/webroot/index.php, line 37
'main Cache ì œê±°'
2016-06-16 10:30:06 Debug: 
App\Controller\CacheController::removeDesigner() - APP/Controller/CacheController.php, line 64
Cake\Controller\Controller::invokeAction() - CORE/src/Controller/Controller.php, line 412
Cake\Routing\Dispatcher::_invoke() - CORE/src/Routing/Dispatcher.php, line 114
Cake\Routing\Dispatcher::dispatch() - CORE/src/Routing/Dispatcher.php, line 87
[main] - ROOT/webroot/index.php, line 37
'ì „ì²´ products Cache ì œê±°.'
2016-06-16 10:44:35 Debug: 
App\Controller\CacheController::removeDesigner() - APP/Controller/CacheController.php, line 64
Cake\Controller\Controller::invokeAction() - CORE/src/Controller/Controller.php, line 412
Cake\Routing\Dispatcher::_invoke() - CORE/src/Routing/Dispatcher.php, line 114
Cake\Routing\Dispatcher::dispatch() - CORE/src/Routing/Dispatcher.php, line 87
[main] - ROOT/webroot/index.php, line 37
'ì „ì²´ products Cache ì œê±°.'
2016-06-16 10:54:30 Debug: 
App\Controller\CacheController::removeDesigner() - APP/Controller/CacheController.php, line 64
Cake\Controller\Controller::invokeAction() - CORE/src/Controller/Controller.php, line 412
Cake\Routing\Dispatcher::_invoke() - CORE/src/Routing/Dispatcher.php, line 114
Cake\Routing\Dispatcher::dispatch() - CORE/src/Routing/Dispatcher.php, line 87
[main] - ROOT/webroot/index.php, line 37
'ì „ì²´ products Cache ì œê±°.'
2016-06-16 11:09:40 Debug: 
App\Controller\CacheController::removeDesigner() - APP/Controller/CacheController.php, line 64
Cake\Controller\Controller::invokeAction() - CORE/src/Controller/Controller.php, line 412
Cake\Routing\Dispatcher::_invoke() - CORE/src/Routing/Dispatcher.php, line 114
Cake\Routing\Dispatcher::dispatch() - CORE/src/Routing/Dispatcher.php, line 87
[main] - ROOT/webroot/index.php, line 37
'ì „ì²´ products Cache ì œê±°.'
2016-06-16 11:10:04 Debug: 
App\Controller\CacheController::removeProduct() - APP/Controller/CacheController.php, line 43
Cake\Controller\Controller::invokeAction() - CORE/src/Controller/Controller.php, line 412
Cake\Routing\Dispatcher::_invoke() - CORE/src/Routing/Dispatcher.php, line 114
Cake\Routing\Dispatcher::dispatch() - CORE/src/Routing/Dispatcher.php, line 87
[main] - ROOT/webroot/index.php, line 37
'ì „ì²´ products Cache ì œê±°.'
2016-06-16 11:10:04 Debug: 
App\Controller\CacheController::removeProduct() - APP/Controller/CacheController.php, line 44
Cake\Controller\Controller::invokeAction() - CORE/src/Controller/Controller.php, line 412
Cake\Routing\Dispatcher::_invoke() - CORE/src/Routing/Dispatcher.php, line 114
Cake\Routing\Dispatcher::dispatch() - CORE/src/Routing/Dispatcher.php, line 87
[main] - ROOT/webroot/index.php, line 37
'main Cache ì œê±°'
2016-06-16 11:10:04 Debug: 
App\Controller\CacheController::removeProduct() - APP/Controller/CacheController.php, line 45
Cake\Controller\Controller::invokeAction() - CORE/src/Controller/Controller.php, line 412
Cake\Routing\Dispatcher::_invoke() - CORE/src/Routing/Dispatcher.php, line 114
Cake\Routing\Dispatcher::dispatch() - CORE/src/Routing/Dispatcher.php, line 87
[main] - ROOT/webroot/index.php, line 37
'Whats New ì œê±°'
2016-06-16 11:10:12 Debug: 
App\Controller\CacheController::removeDesigner() - APP/Controller/CacheController.php, line 64
Cake\Controller\Controller::invokeAction() - CORE/src/Controller/Controller.php, line 412
Cake\Routing\Dispatcher::_invoke() - CORE/src/Routing/Dispatcher.php, line 114
Cake\Routing\Dispatcher::dispatch() - CORE/src/Routing/Dispatcher.php, line 87
[main] - ROOT/webroot/index.php, line 37
'ì „ì²´ products Cache ì œê±°.'
2016-06-16 11:15:05 Debug: 
App\Controller\CacheController::removeProduct() - APP/Controller/CacheController.php, line 43
Cake\Controller\Controller::invokeAction() - CORE/src/Controller/Controller.php, line 412
Cake\Routing\Dispatcher::_invoke() - CORE/src/Routing/Dispatcher.php, line 114
Cake\Routing\Dispatcher::dispatch() - CORE/src/Routing/Dispatcher.php, line 87
[main] - ROOT/webroot/index.php, line 37
'ì „ì²´ products Cache ì œê±°.'
2016-06-16 11:15:05 Debug: 
App\Controller\CacheController::removeProduct() - APP/Controller/CacheController.php, line 44
Cake\Controller\Controller::invokeAction() - CORE/src/Controller/Controller.php, line 412
Cake\Routing\Dispatcher::_invoke() - CORE/src/Routing/Dispatcher.php, line 114
Cake\Routing\Dispatcher::dispatch() - CORE/src/Routing/Dispatcher.php, line 87
[main] - ROOT/webroot/index.php, line 37
'main Cache ì œê±°'
2016-06-16 11:15:05 Debug: 
App\Controller\CacheController::removeProduct() - APP/Controller/CacheController.php, line 45
Cake\Controller\Controller::invokeAction() - CORE/src/Controller/Controller.php, line 412
Cake\Routing\Dispatcher::_invoke() - CORE/src/Routing/Dispatcher.php, line 114
Cake\Routing\Dispatcher::dispatch() - CORE/src/Routing/Dispatcher.php, line 87
[main] - ROOT/webroot/index.php, line 37
'Whats New ì œê±°'

2016-06-16 13:14:49 Debug
Array
(
    [gopaymethod] => Card
    [goodname] => BIG HAPPY FLOWER [ECO01]
    [price] => 41500
    [buyername] => ì´ ì¤‘ì„
    [buyeremail] => wndtjr2@yahoo.co.kr
    [buyertel] => 01064090631
    [mid] => fashioncro
    [currency] => WON
    [acceptmethod] => SKIN(ORIGINAL):HPP(2):OCB
    [oid] => OR0000000307
    [quotainterest] => 
    [paymethod] => Card
    [cardcode] => 04
    [cardquota] => 00
    [rbankcode] => 
    [reqsign] => DONE
    [encrypted] => Version=4.1&PayMethod=Card&RsaKeyNum=1&EncryptionAlgorithm=SEED-CBC&SignAlgorithm=RSAwithSHA1&CertVer=39&moid=OR0000000307&ver_trace=main(6101,6062)card(6153,6133)n(6009)Cs(6025)Dt(6002)Pa(6002)Cf(6025)Fv(0000)La(6165)Re(6115)Vr(6007)P(6034)en(6060)nP(6006)&pg1=211.219.96.180&pg2=203.238.37.3&pg1ip=211.219.96.180&pg2ip=203.238.37.3&agreeflag=1111&Data=k+tgeCiY62Bc6jZxFTX3h9u5paN3SdyOh3aF7jUigZtUC2uQCGTu82y+V3k5WcDb
9DO34ucREo9GnupCbH98zFxNHybkqpW7krSMxUPUhgO97AF8jub1VxRkUihzSWk3
oxK3Cpqmvjf3gg8PpoDK+kQSzC91UaB0pR/81Jqyp7ZH5L6eFK9O8v6lSLzTxdld
BiZKxCnBKGJ3BXx3ZiBBZAMyQ1VxJ4i0ZyjfxgPdGld5djMZrifN2iiQce4G7BQ9
6/BdX8zyi47v7xHTjMOq06DWpqZKq7tA84p9c5NDgVUE7k52Ckknv6Ci6OkbiCpm
l6LOTvEnI63R3v+UJbKrif6f84YMavBuV5e8vJbcldxSbBVnuFgMq9WCfs22N4TF
2JDUQ9NoAjUCCOLarz5uoNQ0ch1etYkJXSkAyT4T3kAQyZ+5fVaLHHiyMXR52+UT
XTpo3jxjBrhbW/ipgibu3nJuYOCh8mqsJ5QO/xjPyurzQt2/EWrZlA7BydUuvXEi
U8aWMXcdGIhNA2RzMgLsSj8ZvwW5rCpqWXzXZA4NwmilzgNdXbMn5QX2fj/pdrqk
fIHyNbSbulsQkw/Ha9NYuuOgidMNJmAaYKGFmkI1CoGkpQohya13jaJe4L18mPjj
JIr+NkY60Sg1UiJNfMPnETz7u2abReV2ujgC4CN3j6y1DCxEG6y+s6A1GNG9UG16
bSdVCPq9ZzTesr6XOsKWQ4UIcjIQFW+ddDGS2tG51STFXMBQo/XBCaCfok1m9bt4
pWF5kRHoEtG8EUcZVnY6teHW/jR/PtfndT1N3c+1kP7igg==
    [sessionkey] => LJjkc8DRbaT+xiHDDymC8pbYYXV++at0NwNTxtp+Br6dT6I7BgoBqbS3lc9YYUCT
1p4DkcHAeLCZ6KjGd+72sVlolpASVbfJLhvG92bBCQoNjzbClBtkKm/j2Kdq6t/U
jGluF6Xd3FYgktBty3o5hkwnB01pEIZrTX696rQbw/Q=
    [uid] => DEFAULTUSR
    [sid] => 
    [version] => 4000
    [clickcontrol] => disable
    [nointerest] => no
    [quotabase] => lumpsum:00:02:03:04:05
)


2016-06-16 13:14:51 Debug
INILite Object
(
    [m_inipayHome] => /var/www/fcctv.co.kr
    [m_key] => Skkxblkva01nWmQ2TFJzNytUaUVpdz09
    [m_ssl] => true
    [m_log] => true
    [m_debug] => true
    [m_uri] => /inipayR
    [m_mallencrypt] => XBrWtpF+kJKE6nXIaFjs4nFmT1p63HICYey68vwN0AYAN/guMAJb1aG1WyJEsDV+
GNxLdrPFDIFR6iU=
    [m_qs] => Array
        (
            [mid] => fashioncro
            [key] => Skkxblkva01nWmQ2TFJzNytUaUVpdz09
            [mallencrypt] => XBrWtpF+kJKE6nXIaFjs4nFmT1p63HICYey68vwN0AYAN/guMAJb1aG1WyJEsDV+
GNxLdrPFDIFR6iU=
            [uid] => DEFAULTUSR
            [url] => fcctv.co.kr
            [uip] => 172.31.19.152
            [paymethod] => Card
            [goodname] => BIG HAPPY FLOWER [ECO01]
            [currency] => WON
            [buyername] => ÀÌ Áß¼®
            [buyertel] => 01064090631
            [buyeremail] => wndtjr2@yahoo.co.kr
            [sessionkey] => LJjkc8DRbaT+xiHDDymC8pbYYXV++at0NwNTxtp+Br6dT6I7BgoBqbS3lc9YYUCT
1p4DkcHAeLCZ6KjGd+72sVlolpASVbfJLhvG92bBCQoNjzbClBtkKm/j2Kdq6t/U
jGluF6Xd3FYgktBty3o5hkwnB01pEIZrTX696rQbw/Q=
            [encrypted] => Version=4.1&PayMethod=Card&RsaKeyNum=1&EncryptionAlgorithm=SEED-CBC&SignAlgorithm=RSAwithSHA1&CertVer=39&moid=OR0000000307&ver_trace=main(6101,6062)card(6153,6133)n(6009)Cs(6025)Dt(6002)Pa(6002)Cf(6025)Fv(0000)La(6165)Re(6115)Vr(6007)P(6034)en(6060)nP(6006)&pg1=211.219.96.180&pg2=203.238.37.3&pg1ip=211.219.96.180&pg2ip=203.238.37.3&agreeflag=1111&Data=k+tgeCiY62Bc6jZxFTX3h9u5paN3SdyOh3aF7jUigZtUC2uQCGTu82y+V3k5WcDb
9DO34ucREo9GnupCbH98zFxNHybkqpW7krSMxUPUhgO97AF8jub1VxRkUihzSWk3
oxK3Cpqmvjf3gg8PpoDK+kQSzC91UaB0pR/81Jqyp7ZH5L6eFK9O8v6lSLzTxdld
BiZKxCnBKGJ3BXx3ZiBBZAMyQ1VxJ4i0ZyjfxgPdGld5djMZrifN2iiQce4G7BQ9
6/BdX8zyi47v7xHTjMOq06DWpqZKq7tA84p9c5NDgVUE7k52Ckknv6Ci6OkbiCpm
l6LOTvEnI63R3v+UJbKrif6f84YMavBuV5e8vJbcldxSbBVnuFgMq9WCfs22N4TF
2JDUQ9NoAjUCCOLarz5uoNQ0ch1etYkJXSkAyT4T3kAQyZ+5fVaLHHiyMXR52+UT
XTpo3jxjBrhbW/ipgibu3nJuYOCh8mqsJ5QO/xjPyurzQt2/EWrZlA7BydUuvXEi
U8aWMXcdGIhNA2RzMgLsSj8ZvwW5rCpqWXzXZA4NwmilzgNdXbMn5QX2fj/pdrqk
fIHyNbSbulsQkw/Ha9NYuuOgidMNJmAaYKGFmkI1CoGkpQohya13jaJe4L18mPjj
JIr+NkY60Sg1UiJNfMPnETz7u2abReV2ujgC4CN3j6y1DCxEG6y+s6A1GNG9UG16
bSdVCPq9ZzTesr6XOsKWQ4UIcjIQFW+ddDGS2tG51STFXMBQo/XBCaCfok1m9bt4
pWF5kRHoEtG8EUcZVnY6teHW/jR/PtfndT1N3c+1kP7igg==
        )

    [m_tid] => INliteCARDfashioncro20160616131449618486
    [m_type] => securepay
    [m_pgId] => INliteCARD
    [m_resultCode] => 00
    [m_resultMsg] => [120000|ì •ìƒì²˜ë¦¬ë˜ì—ˆìŠµë‹ˆë‹¤.]
    [m_mid] => fashioncro
    [m_resultprice] => 41500
    [m_currency] => WON
    [m_pgAuthTime] => 
    [m_pgAuthDate] => 
    [m_payMethod] => Card
    [m_buyerName] => ÀÌ Áß¼®
    [m_buyerTel] => 01064090631
    [m_buyerEmail] => wndtjr2@yahoo.co.kr
    [m_goodName] => BIG HAPPY FLOWER [ECO01]
    [m_subTid] => 
    [m_price] => 41500
    [m_oid] => OR0000000307
    [m_cardNumber] => 
    [m_authCode] => 
    [m_authDate] => 
    [m_cardCode] => 
    [m_cardIssuerCode] => 
    [m_quotaInterest] => 
    [m_cardQuota] => 
    [m_directbankcode] => 
    [m_rcash_rslt] => 
    [m_vacct] => 
    [m_vcdbank] => 
    [m_nmvacct] => 
    [m_nminput] => 
    [m_perno] => 
    [m_dtinput] => 
    [m_nohpp] => 
    [m_noars] => 
    [m_ocbcardnumber] => 
    [m_ocbSaveAuthCode] => 
    [m_ocbUseAuthCode] => 
    [m_ocbAuthDate] => 
    [m_price1] => 
    [m_price2] => 
    [m_cultureid] => 
    [m_pgCancelDate] => 
    [m_pgCancelTime] => 
    [m_rcash_cancel_noappl] => 
    [m_cancelMsg] => 
    [m_escrowtype] => 
    [m_dlv_ip] => 
    [m_dlv_date] => 
    [m_dlv_time] => 
    [m_dlv_report] => 
    [m_dlv_invoice] => 
    [m_dlv_name] => 
    [m_dlv_excode] => 
    [m_dlv_exname] => 
    [m_dlv_charge] => 
    [m_dlv_invoiceday] => 
    [m_dlv_sendname] => 
    [m_dlv_sendpost] => 
    [m_dlv_sendaddr1] => 
    [m_dlv_sendaddr2] => 
    [m_dlv_sendtel] => 
    [m_dlv_recvname] => 
    [m_dlv_recvpost] => 
    [m_dlv_recvaddr] => 
    [m_dlv_recvtel] => 
    [m_dlv_goodscode] => 
    [m_dlv_goods] => 
    [m_dlv_goodcnt] => 
    [m_dcnf_name] => 
    [m_resulterrcode] => 
    [oldtid] => 
    [m_prtc_tid] => 
    [m_confirm_price] => 
    [m_prtc_remains] => 
    [m_prtc_price] => 
    [m_prtc_type] => 
    [m_sup_price] => 
    [m_srvc_price] => 
    [m_reg_num] => 
    [m_useopt] => 
    [m_applnum] => 
    [m_cshr_applprice] => 
    [m_cshr_supplyprice] => 
    [m_cshr_tax] => 
    [m_cshr_serviceprice] => 
    [m_cshr_type] => 
    [m_uid] => DEFAULTUSR
    [m_uip] => 172.31.19.152
    [m_encrypted] => Version=4.1&PayMethod=Card&RsaKeyNum=1&EncryptionAlgorithm=SEED-CBC&SignAlgorithm=RSAwithSHA1&CertVer=39&moid=OR0000000307&ver_trace=main(6101,6062)card(6153,6133)n(6009)Cs(6025)Dt(6002)Pa(6002)Cf(6025)Fv(0000)La(6165)Re(6115)Vr(6007)P(6034)en(6060)nP(6006)&pg1=211.219.96.180&pg2=203.238.37.3&pg1ip=211.219.96.180&pg2ip=203.238.37.3&agreeflag=1111&Data=k+tgeCiY62Bc6jZxFTX3h9u5paN3SdyOh3aF7jUigZtUC2uQCGTu82y+V3k5WcDb
9DO34ucREo9GnupCbH98zFxNHybkqpW7krSMxUPUhgO97AF8jub1VxRkUihzSWk3
oxK3Cpqmvjf3gg8PpoDK+kQSzC91UaB0pR/81Jqyp7ZH5L6eFK9O8v6lSLzTxdld
BiZKxCnBKGJ3BXx3ZiBBZAMyQ1VxJ4i0ZyjfxgPdGld5djMZrifN2iiQce4G7BQ9
6/BdX8zyi47v7xHTjMOq06DWpqZKq7tA84p9c5NDgVUE7k52Ckknv6Ci6OkbiCpm
l6LOTvEnI63R3v+UJbKrif6f84YMavBuV5e8vJbcldxSbBVnuFgMq9WCfs22N4TF
2JDUQ9NoAjUCCOLarz5uoNQ0ch1etYkJXSkAyT4T3kAQyZ+5fVaLHHiyMXR52+UT
XTpo3jxjBrhbW/ipgibu3nJuYOCh8mqsJ5QO/xjPyurzQt2/EWrZlA7BydUuvXEi
U8aWMXcdGIhNA2RzMgLsSj8ZvwW5rCpqWXzXZA4NwmilzgNdXbMn5QX2fj/pdrqk
fIHyNbSbulsQkw/Ha9NYuuOgidMNJmAaYKGFmkI1CoGkpQohya13jaJe4L18mPjj
JIr+NkY60Sg1UiJNfMPnETz7u2abReV2ujgC4CN3j6y1DCxEG6y+s6A1GNG9UG16
bSdVCPq9ZzTesr6XOsKWQ4UIcjIQFW+ddDGS2tG51STFXMBQo/XBCaCfok1m9bt4
pWF5kRHoEtG8EUcZVnY6teHW/jR/PtfndT1N3c+1kP7igg==
    [m_sessionKey] => LJjkc8DRbaT+xiHDDymC8pbYYXV++at0NwNTxtp+Br6dT6I7BgoBqbS3lc9YYUCT
1p4DkcHAeLCZ6KjGd+72sVlolpASVbfJLhvG92bBCQoNjzbClBtkKm/j2Kdq6t/U
jGluF6Xd3FYgktBty3o5hkwnB01pEIZrTX696rQbw/Q=
    [m_url] => fcctv.co.kr
    [m_cardcode] => 04
)

2016-06-16 14:53:14 Debug: 
App\Controller\CacheController::removeProduct() - APP/Controller/CacheController.php, line 43
Cake\Controller\Controller::invokeAction() - CORE/src/Controller/Controller.php, line 412
Cake\Routing\Dispatcher::_invoke() - CORE/src/Routing/Dispatcher.php, line 114
Cake\Routing\Dispatcher::dispatch() - CORE/src/Routing/Dispatcher.php, line 87
[main] - ROOT/webroot/index.php, line 37
'ì „ì²´ products Cache ì œê±°.'
2016-06-16 14:53:14 Debug: 
App\Controller\CacheController::removeProduct() - APP/Controller/CacheController.php, line 44
Cake\Controller\Controller::invokeAction() - CORE/src/Controller/Controller.php, line 412
Cake\Routing\Dispatcher::_invoke() - CORE/src/Routing/Dispatcher.php, line 114
Cake\Routing\Dispatcher::dispatch() - CORE/src/Routing/Dispatcher.php, line 87
[main] - ROOT/webroot/index.php, line 37
'main Cache ì œê±°'
2016-06-16 14:53:14 Debug: 
App\Controller\CacheController::removeProduct() - APP/Controller/CacheController.php, line 45
Cake\Controller\Controller::invokeAction() - CORE/src/Controller/Controller.php, line 412
Cake\Routing\Dispatcher::_invoke() - CORE/src/Routing/Dispatcher.php, line 114
Cake\Routing\Dispatcher::dispatch() - CORE/src/Routing/Dispatcher.php, line 87
[main] - ROOT/webroot/index.php, line 37
'Whats New ì œê±°'
2016-06-16 14:59:27 Debug: 
App\Controller\CacheController::removeProduct() - APP/Controller/CacheController.php, line 43
Cake\Controller\Controller::invokeAction() - CORE/src/Controller/Controller.php, line 412
Cake\Routing\Dispatcher::_invoke() - CORE/src/Routing/Dispatcher.php, line 114
Cake\Routing\Dispatcher::dispatch() - CORE/src/Routing/Dispatcher.php, line 87
[main] - ROOT/webroot/index.php, line 37
'ì „ì²´ products Cache ì œê±°.'
2016-06-16 14:59:27 Debug: 
App\Controller\CacheController::removeProduct() - APP/Controller/CacheController.php, line 44
Cake\Controller\Controller::invokeAction() - CORE/src/Controller/Controller.php, line 412
Cake\Routing\Dispatcher::_invoke() - CORE/src/Routing/Dispatcher.php, line 114
Cake\Routing\Dispatcher::dispatch() - CORE/src/Routing/Dispatcher.php, line 87
[main] - ROOT/webroot/index.php, line 37
'main Cache ì œê±°'
2016-06-16 14:59:27 Debug: 
App\Controller\CacheController::removeProduct() - APP/Controller/CacheController.php, line 45
Cake\Controller\Controller::invokeAction() - CORE/src/Controller/Controller.php, line 412
Cake\Routing\Dispatcher::_invoke() - CORE/src/Routing/Dispatcher.php, line 114
Cake\Routing\Dispatcher::dispatch() - CORE/src/Routing/Dispatcher.php, line 87
[main] - ROOT/webroot/index.php, line 37
'Whats New ì œê±°'
2016-06-16 15:23:24 Debug: 
App\Controller\CacheController::removeProduct() - APP/Controller/CacheController.php, line 43
Cake\Controller\Controller::invokeAction() - CORE/src/Controller/Controller.php, line 412
Cake\Routing\Dispatcher::_invoke() - CORE/src/Routing/Dispatcher.php, line 114
Cake\Routing\Dispatcher::dispatch() - CORE/src/Routing/Dispatcher.php, line 87
[main] - ROOT/webroot/index.php, line 37
'ì „ì²´ products Cache ì œê±°.'
2016-06-16 15:23:24 Debug: 
App\Controller\CacheController::removeProduct() - APP/Controller/CacheController.php, line 44
Cake\Controller\Controller::invokeAction() - CORE/src/Controller/Controller.php, line 412
Cake\Routing\Dispatcher::_invoke() - CORE/src/Routing/Dispatcher.php, line 114
Cake\Routing\Dispatcher::dispatch() - CORE/src/Routing/Dispatcher.php, line 87
[main] - ROOT/webroot/index.php, line 37
'main Cache ì œê±°'
2016-06-16 15:23:24 Debug: 
App\Controller\CacheController::removeProduct() - APP/Controller/CacheController.php, line 45
Cake\Controller\Controller::invokeAction() - CORE/src/Controller/Controller.php, line 412
Cake\Routing\Dispatcher::_invoke() - CORE/src/Routing/Dispatcher.php, line 114
Cake\Routing\Dispatcher::dispatch() - CORE/src/Routing/Dispatcher.php, line 87
[main] - ROOT/webroot/index.php, line 37
'Whats New ì œê±°'
2016-06-16 15:26:53 Debug: 
App\Controller\CacheController::removeProduct() - APP/Controller/CacheController.php, line 43
Cake\Controller\Controller::invokeAction() - CORE/src/Controller/Controller.php, line 412
Cake\Routing\Dispatcher::_invoke() - CORE/src/Routing/Dispatcher.php, line 114
Cake\Routing\Dispatcher::dispatch() - CORE/src/Routing/Dispatcher.php, line 87
[main] - ROOT/webroot/index.php, line 37
'ì „ì²´ products Cache ì œê±°.'
2016-06-16 15:26:53 Debug: 
App\Controller\CacheController::removeProduct() - APP/Controller/CacheController.php, line 44
Cake\Controller\Controller::invokeAction() - CORE/src/Controller/Controller.php, line 412
Cake\Routing\Dispatcher::_invoke() - CORE/src/Routing/Dispatcher.php, line 114
Cake\Routing\Dispatcher::dispatch() - CORE/src/Routing/Dispatcher.php, line 87
[main] - ROOT/webroot/index.php, line 37
'main Cache ì œê±°'
2016-06-16 15:26:53 Debug: 
App\Controller\CacheController::removeProduct() - APP/Controller/CacheController.php, line 45
Cake\Controller\Controller::invokeAction() - CORE/src/Controller/Controller.php, line 412
Cake\Routing\Dispatcher::_invoke() - CORE/src/Routing/Dispatcher.php, line 114
Cake\Routing\Dispatcher::dispatch() - CORE/src/Routing/Dispatcher.php, line 87
[main] - ROOT/webroot/index.php, line 37
'Whats New ì œê±°'
2016-06-16 15:29:36 Debug: 
App\Controller\CacheController::removeProduct() - APP/Controller/CacheController.php, line 43
Cake\Controller\Controller::invokeAction() - CORE/src/Controller/Controller.php, line 412
Cake\Routing\Dispatcher::_invoke() - CORE/src/Routing/Dispatcher.php, line 114
Cake\Routing\Dispatcher::dispatch() - CORE/src/Routing/Dispatcher.php, line 87
[main] - ROOT/webroot/index.php, line 37
'ì „ì²´ products Cache ì œê±°.'
2016-06-16 15:29:36 Debug: 
App\Controller\CacheController::removeProduct() - APP/Controller/CacheController.php, line 44
Cake\Controller\Controller::invokeAction() - CORE/src/Controller/Controller.php, line 412
Cake\Routing\Dispatcher::_invoke() - CORE/src/Routing/Dispatcher.php, line 114
Cake\Routing\Dispatcher::dispatch() - CORE/src/Routing/Dispatcher.php, line 87
[main] - ROOT/webroot/index.php, line 37
'main Cache ì œê±°'
2016-06-16 15:29:36 Debug: 
App\Controller\CacheController::removeProduct() - APP/Controller/CacheController.php, line 45
Cake\Controller\Controller::invokeAction() - CORE/src/Controller/Controller.php, line 412
Cake\Routing\Dispatcher::_invoke() - CORE/src/Routing/Dispatcher.php, line 114
Cake\Routing\Dispatcher::dispatch() - CORE/src/Routing/Dispatcher.php, line 87
[main] - ROOT/webroot/index.php, line 37
'Whats New ì œê±°'
2016-06-16 15:34:45 Debug: 
App\Controller\CacheController::removeProduct() - APP/Controller/CacheController.php, line 43
Cake\Controller\Controller::invokeAction() - CORE/src/Controller/Controller.php, line 412
Cake\Routing\Dispatcher::_invoke() - CORE/src/Routing/Dispatcher.php, line 114
Cake\Routing\Dispatcher::dispatch() - CORE/src/Routing/Dispatcher.php, line 87
[main] - ROOT/webroot/index.php, line 37
'ì „ì²´ products Cache ì œê±°.'
2016-06-16 15:34:45 Debug: 
App\Controller\CacheController::removeProduct() - APP/Controller/CacheController.php, line 44
Cake\Controller\Controller::invokeAction() - CORE/src/Controller/Controller.php, line 412
Cake\Routing\Dispatcher::_invoke() - CORE/src/Routing/Dispatcher.php, line 114
Cake\Routing\Dispatcher::dispatch() - CORE/src/Routing/Dispatcher.php, line 87
[main] - ROOT/webroot/index.php, line 37
'main Cache ì œê±°'
2016-06-16 15:34:45 Debug: 
App\Controller\CacheController::removeProduct() - APP/Controller/CacheController.php, line 45
Cake\Controller\Controller::invokeAction() - CORE/src/Controller/Controller.php, line 412
Cake\Routing\Dispatcher::_invoke() - CORE/src/Routing/Dispatcher.php, line 114
Cake\Routing\Dispatcher::dispatch() - CORE/src/Routing/Dispatcher.php, line 87
[main] - ROOT/webroot/index.php, line 37
'Whats New ì œê±°'
2016-06-16 15:42:31 Debug: 
App\Controller\CacheController::removeProduct() - APP/Controller/CacheController.php, line 43
Cake\Controller\Controller::invokeAction() - CORE/src/Controller/Controller.php, line 412
Cake\Routing\Dispatcher::_invoke() - CORE/src/Routing/Dispatcher.php, line 114
Cake\Routing\Dispatcher::dispatch() - CORE/src/Routing/Dispatcher.php, line 87
[main] - ROOT/webroot/index.php, line 37
'ì „ì²´ products Cache ì œê±°.'
2016-06-16 15:42:31 Debug: 
App\Controller\CacheController::removeProduct() - APP/Controller/CacheController.php, line 44
Cake\Controller\Controller::invokeAction() - CORE/src/Controller/Controller.php, line 412
Cake\Routing\Dispatcher::_invoke() - CORE/src/Routing/Dispatcher.php, line 114
Cake\Routing\Dispatcher::dispatch() - CORE/src/Routing/Dispatcher.php, line 87
[main] - ROOT/webroot/index.php, line 37
'main Cache ì œê±°'
2016-06-16 15:42:31 Debug: 
App\Controller\CacheController::removeProduct() - APP/Controller/CacheController.php, line 45
Cake\Controller\Controller::invokeAction() - CORE/src/Controller/Controller.php, line 412
Cake\Routing\Dispatcher::_invoke() - CORE/src/Routing/Dispatcher.php, line 114
Cake\Routing\Dispatcher::dispatch() - CORE/src/Routing/Dispatcher.php, line 87
[main] - ROOT/webroot/index.php, line 37
'Whats New ì œê±°'
2016-06-16 15:43:35 Debug: 
App\Controller\CacheController::removeProduct() - APP/Controller/CacheController.php, line 43
Cake\Controller\Controller::invokeAction() - CORE/src/Controller/Controller.php, line 412
Cake\Routing\Dispatcher::_invoke() - CORE/src/Routing/Dispatcher.php, line 114
Cake\Routing\Dispatcher::dispatch() - CORE/src/Routing/Dispatcher.php, line 87
[main] - ROOT/webroot/index.php, line 37
'ì „ì²´ products Cache ì œê±°.'
2016-06-16 15:43:35 Debug: 
App\Controller\CacheController::removeProduct() - APP/Controller/CacheController.php, line 44
Cake\Controller\Controller::invokeAction() - CORE/src/Controller/Controller.php, line 412
Cake\Routing\Dispatcher::_invoke() - CORE/src/Routing/Dispatcher.php, line 114
Cake\Routing\Dispatcher::dispatch() - CORE/src/Routing/Dispatcher.php, line 87
[main] - ROOT/webroot/index.php, line 37
'main Cache ì œê±°'
2016-06-16 15:43:35 Debug: 
App\Controller\CacheController::removeProduct() - APP/Controller/CacheController.php, line 45
Cake\Controller\Controller::invokeAction() - CORE/src/Controller/Controller.php, line 412
Cake\Routing\Dispatcher::_invoke() - CORE/src/Routing/Dispatcher.php, line 114
Cake\Routing\Dispatcher::dispatch() - CORE/src/Routing/Dispatcher.php, line 87
[main] - ROOT/webroot/index.php, line 37
'Whats New ì œê±°'
2016-06-16 15:48:34 Debug: 
App\Controller\CacheController::removeProduct() - APP/Controller/CacheController.php, line 43
Cake\Controller\Controller::invokeAction() - CORE/src/Controller/Controller.php, line 412
Cake\Routing\Dispatcher::_invoke() - CORE/src/Routing/Dispatcher.php, line 114
Cake\Routing\Dispatcher::dispatch() - CORE/src/Routing/Dispatcher.php, line 87
[main] - ROOT/webroot/index.php, line 37
'ì „ì²´ products Cache ì œê±°.'
2016-06-16 15:48:34 Debug: 
App\Controller\CacheController::removeProduct() - APP/Controller/CacheController.php, line 44
Cake\Controller\Controller::invokeAction() - CORE/src/Controller/Controller.php, line 412
Cake\Routing\Dispatcher::_invoke() - CORE/src/Routing/Dispatcher.php, line 114
Cake\Routing\Dispatcher::dispatch() - CORE/src/Routing/Dispatcher.php, line 87
[main] - ROOT/webroot/index.php, line 37
'main Cache ì œê±°'
2016-06-16 15:48:34 Debug: 
App\Controller\CacheController::removeProduct() - APP/Controller/CacheController.php, line 45
Cake\Controller\Controller::invokeAction() - CORE/src/Controller/Controller.php, line 412
Cake\Routing\Dispatcher::_invoke() - CORE/src/Routing/Dispatcher.php, line 114
Cake\Routing\Dispatcher::dispatch() - CORE/src/Routing/Dispatcher.php, line 87
[main] - ROOT/webroot/index.php, line 37
'Whats New ì œê±°'
2016-06-16 15:49:19 Debug: 
App\Controller\CacheController::removeProduct() - APP/Controller/CacheController.php, line 43
Cake\Controller\Controller::invokeAction() - CORE/src/Controller/Controller.php, line 412
Cake\Routing\Dispatcher::_invoke() - CORE/src/Routing/Dispatcher.php, line 114
Cake\Routing\Dispatcher::dispatch() - CORE/src/Routing/Dispatcher.php, line 87
[main] - ROOT/webroot/index.php, line 37
'ì „ì²´ products Cache ì œê±°.'
2016-06-16 15:49:19 Debug: 
App\Controller\CacheController::removeProduct() - APP/Controller/CacheController.php, line 44
Cake\Controller\Controller::invokeAction() - CORE/src/Controller/Controller.php, line 412
Cake\Routing\Dispatcher::_invoke() - CORE/src/Routing/Dispatcher.php, line 114
Cake\Routing\Dispatcher::dispatch() - CORE/src/Routing/Dispatcher.php, line 87
[main] - ROOT/webroot/index.php, line 37
'main Cache ì œê±°'
2016-06-16 15:49:19 Debug: 
App\Controller\CacheController::removeProduct() - APP/Controller/CacheController.php, line 45
Cake\Controller\Controller::invokeAction() - CORE/src/Controller/Controller.php, line 412
Cake\Routing\Dispatcher::_invoke() - CORE/src/Routing/Dispatcher.php, line 114
Cake\Routing\Dispatcher::dispatch() - CORE/src/Routing/Dispatcher.php, line 87
[main] - ROOT/webroot/index.php, line 37
'Whats New ì œê±°'
2016-06-16 15:52:53 Debug: 
App\Controller\CacheController::removeProduct() - APP/Controller/CacheController.php, line 43
Cake\Controller\Controller::invokeAction() - CORE/src/Controller/Controller.php, line 412
Cake\Routing\Dispatcher::_invoke() - CORE/src/Routing/Dispatcher.php, line 114
Cake\Routing\Dispatcher::dispatch() - CORE/src/Routing/Dispatcher.php, line 87
[main] - ROOT/webroot/index.php, line 37
'ì „ì²´ products Cache ì œê±°.'
2016-06-16 15:52:53 Debug: 
App\Controller\CacheController::removeProduct() - APP/Controller/CacheController.php, line 44
Cake\Controller\Controller::invokeAction() - CORE/src/Controller/Controller.php, line 412
Cake\Routing\Dispatcher::_invoke() - CORE/src/Routing/Dispatcher.php, line 114
Cake\Routing\Dispatcher::dispatch() - CORE/src/Routing/Dispatcher.php, line 87
[main] - ROOT/webroot/index.php, line 37
'main Cache ì œê±°'
2016-06-16 15:52:53 Debug: 
App\Controller\CacheController::removeProduct() - APP/Controller/CacheController.php, line 45
Cake\Controller\Controller::invokeAction() - CORE/src/Controller/Controller.php, line 412
Cake\Routing\Dispatcher::_invoke() - CORE/src/Routing/Dispatcher.php, line 114
Cake\Routing\Dispatcher::dispatch() - CORE/src/Routing/Dispatcher.php, line 87
[main] - ROOT/webroot/index.php, line 37
'Whats New ì œê±°'
2016-06-16 15:53:23 Debug: 
App\Controller\CacheController::removeProduct() - APP/Controller/CacheController.php, line 43
Cake\Controller\Controller::invokeAction() - CORE/src/Controller/Controller.php, line 412
Cake\Routing\Dispatcher::_invoke() - CORE/src/Routing/Dispatcher.php, line 114
Cake\Routing\Dispatcher::dispatch() - CORE/src/Routing/Dispatcher.php, line 87
[main] - ROOT/webroot/index.php, line 37
'ì „ì²´ products Cache ì œê±°.'
2016-06-16 15:53:23 Debug: 
App\Controller\CacheController::removeProduct() - APP/Controller/CacheController.php, line 44
Cake\Controller\Controller::invokeAction() - CORE/src/Controller/Controller.php, line 412
Cake\Routing\Dispatcher::_invoke() - CORE/src/Routing/Dispatcher.php, line 114
Cake\Routing\Dispatcher::dispatch() - CORE/src/Routing/Dispatcher.php, line 87
[main] - ROOT/webroot/index.php, line 37
'main Cache ì œê±°'
2016-06-16 15:53:23 Debug: 
App\Controller\CacheController::removeProduct() - APP/Controller/CacheController.php, line 45
Cake\Controller\Controller::invokeAction() - CORE/src/Controller/Controller.php, line 412
Cake\Routing\Dispatcher::_invoke() - CORE/src/Routing/Dispatcher.php, line 114
Cake\Routing\Dispatcher::dispatch() - CORE/src/Routing/Dispatcher.php, line 87
[main] - ROOT/webroot/index.php, line 37
'Whats New ì œê±°'
2016-06-16 15:55:33 Debug: 
App\Controller\CacheController::removeProduct() - APP/Controller/CacheController.php, line 43
Cake\Controller\Controller::invokeAction() - CORE/src/Controller/Controller.php, line 412
Cake\Routing\Dispatcher::_invoke() - CORE/src/Routing/Dispatcher.php, line 114
Cake\Routing\Dispatcher::dispatch() - CORE/src/Routing/Dispatcher.php, line 87
[main] - ROOT/webroot/index.php, line 37
'ì „ì²´ products Cache ì œê±°.'
2016-06-16 15:55:33 Debug: 
App\Controller\CacheController::removeProduct() - APP/Controller/CacheController.php, line 44
Cake\Controller\Controller::invokeAction() - CORE/src/Controller/Controller.php, line 412
Cake\Routing\Dispatcher::_invoke() - CORE/src/Routing/Dispatcher.php, line 114
Cake\Routing\Dispatcher::dispatch() - CORE/src/Routing/Dispatcher.php, line 87
[main] - ROOT/webroot/index.php, line 37
'main Cache ì œê±°'
2016-06-16 15:55:33 Debug: 
App\Controller\CacheController::removeProduct() - APP/Controller/CacheController.php, line 45
Cake\Controller\Controller::invokeAction() - CORE/src/Controller/Controller.php, line 412
Cake\Routing\Dispatcher::_invoke() - CORE/src/Routing/Dispatcher.php, line 114
Cake\Routing\Dispatcher::dispatch() - CORE/src/Routing/Dispatcher.php, line 87
[main] - ROOT/webroot/index.php, line 37
'Whats New ì œê±°'
2016-06-16 15:57:31 Debug: 
App\Controller\CacheController::removeProduct() - APP/Controller/CacheController.php, line 43
Cake\Controller\Controller::invokeAction() - CORE/src/Controller/Controller.php, line 412
Cake\Routing\Dispatcher::_invoke() - CORE/src/Routing/Dispatcher.php, line 114
Cake\Routing\Dispatcher::dispatch() - CORE/src/Routing/Dispatcher.php, line 87
[main] - ROOT/webroot/index.php, line 37
'ì „ì²´ products Cache ì œê±°.'
2016-06-16 15:57:31 Debug: 
App\Controller\CacheController::removeProduct() - APP/Controller/CacheController.php, line 44
Cake\Controller\Controller::invokeAction() - CORE/src/Controller/Controller.php, line 412
Cake\Routing\Dispatcher::_invoke() - CORE/src/Routing/Dispatcher.php, line 114
Cake\Routing\Dispatcher::dispatch() - CORE/src/Routing/Dispatcher.php, line 87
[main] - ROOT/webroot/index.php, line 37
'main Cache ì œê±°'
2016-06-16 15:57:31 Debug: 
App\Controller\CacheController::removeProduct() - APP/Controller/CacheController.php, line 45
Cake\Controller\Controller::invokeAction() - CORE/src/Controller/Controller.php, line 412
Cake\Routing\Dispatcher::_invoke() - CORE/src/Routing/Dispatcher.php, line 114
Cake\Routing\Dispatcher::dispatch() - CORE/src/Routing/Dispatcher.php, line 87
[main] - ROOT/webroot/index.php, line 37
'Whats New ì œê±°'
2016-06-16 16:06:00 Debug: 
App\Controller\CacheController::removeProduct() - APP/Controller/CacheController.php, line 43
Cake\Controller\Controller::invokeAction() - CORE/src/Controller/Controller.php, line 412
Cake\Routing\Dispatcher::_invoke() - CORE/src/Routing/Dispatcher.php, line 114
Cake\Routing\Dispatcher::dispatch() - CORE/src/Routing/Dispatcher.php, line 87
[main] - ROOT/webroot/index.php, line 37
'ì „ì²´ products Cache ì œê±°.'
2016-06-16 16:06:00 Debug: 
App\Controller\CacheController::removeProduct() - APP/Controller/CacheController.php, line 44
Cake\Controller\Controller::invokeAction() - CORE/src/Controller/Controller.php, line 412
Cake\Routing\Dispatcher::_invoke() - CORE/src/Routing/Dispatcher.php, line 114
Cake\Routing\Dispatcher::dispatch() - CORE/src/Routing/Dispatcher.php, line 87
[main] - ROOT/webroot/index.php, line 37
'main Cache ì œê±°'
2016-06-16 16:06:00 Debug: 
App\Controller\CacheController::removeProduct() - APP/Controller/CacheController.php, line 45
Cake\Controller\Controller::invokeAction() - CORE/src/Controller/Controller.php, line 412
Cake\Routing\Dispatcher::_invoke() - CORE/src/Routing/Dispatcher.php, line 114
Cake\Routing\Dispatcher::dispatch() - CORE/src/Routing/Dispatcher.php, line 87
[main] - ROOT/webroot/index.php, line 37
'Whats New ì œê±°'
2016-06-16 16:11:17 Debug: 
App\Controller\CacheController::removeProduct() - APP/Controller/CacheController.php, line 43
Cake\Controller\Controller::invokeAction() - CORE/src/Controller/Controller.php, line 412
Cake\Routing\Dispatcher::_invoke() - CORE/src/Routing/Dispatcher.php, line 114
Cake\Routing\Dispatcher::dispatch() - CORE/src/Routing/Dispatcher.php, line 87
[main] - ROOT/webroot/index.php, line 37
'ì „ì²´ products Cache ì œê±°.'
2016-06-16 16:11:17 Debug: 
App\Controller\CacheController::removeProduct() - APP/Controller/CacheController.php, line 44
Cake\Controller\Controller::invokeAction() - CORE/src/Controller/Controller.php, line 412
Cake\Routing\Dispatcher::_invoke() - CORE/src/Routing/Dispatcher.php, line 114
Cake\Routing\Dispatcher::dispatch() - CORE/src/Routing/Dispatcher.php, line 87
[main] - ROOT/webroot/index.php, line 37
'main Cache ì œê±°'
2016-06-16 16:11:17 Debug: 
App\Controller\CacheController::removeProduct() - APP/Controller/CacheController.php, line 45
Cake\Controller\Controller::invokeAction() - CORE/src/Controller/Controller.php, line 412
Cake\Routing\Dispatcher::_invoke() - CORE/src/Routing/Dispatcher.php, line 114
Cake\Routing\Dispatcher::dispatch() - CORE/src/Routing/Dispatcher.php, line 87
[main] - ROOT/webroot/index.php, line 37
'Whats New ì œê±°'
2016-06-16 16:13:34 Debug: 
App\Controller\CacheController::removeProduct() - APP/Controller/CacheController.php, line 43
Cake\Controller\Controller::invokeAction() - CORE/src/Controller/Controller.php, line 412
Cake\Routing\Dispatcher::_invoke() - CORE/src/Routing/Dispatcher.php, line 114
Cake\Routing\Dispatcher::dispatch() - CORE/src/Routing/Dispatcher.php, line 87
[main] - ROOT/webroot/index.php, line 37
'ì „ì²´ products Cache ì œê±°.'
2016-06-16 16:13:34 Debug: 
App\Controller\CacheController::removeProduct() - APP/Controller/CacheController.php, line 44
Cake\Controller\Controller::invokeAction() - CORE/src/Controller/Controller.php, line 412
Cake\Routing\Dispatcher::_invoke() - CORE/src/Routing/Dispatcher.php, line 114
Cake\Routing\Dispatcher::dispatch() - CORE/src/Routing/Dispatcher.php, line 87
[main] - ROOT/webroot/index.php, line 37
'main Cache ì œê±°'
2016-06-16 16:13:34 Debug: 
App\Controller\CacheController::removeProduct() - APP/Controller/CacheController.php, line 45
Cake\Controller\Controller::invokeAction() - CORE/src/Controller/Controller.php, line 412
Cake\Routing\Dispatcher::_invoke() - CORE/src/Routing/Dispatcher.php, line 114
Cake\Routing\Dispatcher::dispatch() - CORE/src/Routing/Dispatcher.php, line 87
[main] - ROOT/webroot/index.php, line 37
'Whats New ì œê±°'
2016-06-16 16:17:32 Debug: 
App\Controller\CacheController::removeProduct() - APP/Controller/CacheController.php, line 43
Cake\Controller\Controller::invokeAction() - CORE/src/Controller/Controller.php, line 412
Cake\Routing\Dispatcher::_invoke() - CORE/src/Routing/Dispatcher.php, line 114
Cake\Routing\Dispatcher::dispatch() - CORE/src/Routing/Dispatcher.php, line 87
[main] - ROOT/webroot/index.php, line 37
'ì „ì²´ products Cache ì œê±°.'
2016-06-16 16:17:32 Debug: 
App\Controller\CacheController::removeProduct() - APP/Controller/CacheController.php, line 44
Cake\Controller\Controller::invokeAction() - CORE/src/Controller/Controller.php, line 412
Cake\Routing\Dispatcher::_invoke() - CORE/src/Routing/Dispatcher.php, line 114
Cake\Routing\Dispatcher::dispatch() - CORE/src/Routing/Dispatcher.php, line 87
[main] - ROOT/webroot/index.php, line 37
'main Cache ì œê±°'
2016-06-16 16:17:32 Debug: 
App\Controller\CacheController::removeProduct() - APP/Controller/CacheController.php, line 45
Cake\Controller\Controller::invokeAction() - CORE/src/Controller/Controller.php, line 412
Cake\Routing\Dispatcher::_invoke() - CORE/src/Routing/Dispatcher.php, line 114
Cake\Routing\Dispatcher::dispatch() - CORE/src/Routing/Dispatcher.php, line 87
[main] - ROOT/webroot/index.php, line 37
'Whats New ì œê±°'
2016-06-16 16:19:29 Debug: 
App\Controller\CacheController::removeProduct() - APP/Controller/CacheController.php, line 43
Cake\Controller\Controller::invokeAction() - CORE/src/Controller/Controller.php, line 412
Cake\Routing\Dispatcher::_invoke() - CORE/src/Routing/Dispatcher.php, line 114
Cake\Routing\Dispatcher::dispatch() - CORE/src/Routing/Dispatcher.php, line 87
[main] - ROOT/webroot/index.php, line 37
'ì „ì²´ products Cache ì œê±°.'
2016-06-16 16:19:29 Debug: 
App\Controller\CacheController::removeProduct() - APP/Controller/CacheController.php, line 44
Cake\Controller\Controller::invokeAction() - CORE/src/Controller/Controller.php, line 412
Cake\Routing\Dispatcher::_invoke() - CORE/src/Routing/Dispatcher.php, line 114
Cake\Routing\Dispatcher::dispatch() - CORE/src/Routing/Dispatcher.php, line 87
[main] - ROOT/webroot/index.php, line 37
'main Cache ì œê±°'
2016-06-16 16:19:29 Debug: 
App\Controller\CacheController::removeProduct() - APP/Controller/CacheController.php, line 45
Cake\Controller\Controller::invokeAction() - CORE/src/Controller/Controller.php, line 412
Cake\Routing\Dispatcher::_invoke() - CORE/src/Routing/Dispatcher.php, line 114
Cake\Routing\Dispatcher::dispatch() - CORE/src/Routing/Dispatcher.php, line 87
[main] - ROOT/webroot/index.php, line 37
'Whats New ì œê±°'
2016-06-16 16:29:33 Debug: 
App\Controller\CacheController::removeProduct() - APP/Controller/CacheController.php, line 43
Cake\Controller\Controller::invokeAction() - CORE/src/Controller/Controller.php, line 412
Cake\Routing\Dispatcher::_invoke() - CORE/src/Routing/Dispatcher.php, line 114
Cake\Routing\Dispatcher::dispatch() - CORE/src/Routing/Dispatcher.php, line 87
[main] - ROOT/webroot/index.php, line 37
'ì „ì²´ products Cache ì œê±°.'
2016-06-16 16:29:33 Debug: 
App\Controller\CacheController::removeProduct() - APP/Controller/CacheController.php, line 44
Cake\Controller\Controller::invokeAction() - CORE/src/Controller/Controller.php, line 412
Cake\Routing\Dispatcher::_invoke() - CORE/src/Routing/Dispatcher.php, line 114
Cake\Routing\Dispatcher::dispatch() - CORE/src/Routing/Dispatcher.php, line 87
[main] - ROOT/webroot/index.php, line 37
'main Cache ì œê±°'
2016-06-16 16:29:33 Debug: 
App\Controller\CacheController::removeProduct() - APP/Controller/CacheController.php, line 45
Cake\Controller\Controller::invokeAction() - CORE/src/Controller/Controller.php, line 412
Cake\Routing\Dispatcher::_invoke() - CORE/src/Routing/Dispatcher.php, line 114
Cake\Routing\Dispatcher::dispatch() - CORE/src/Routing/Dispatcher.php, line 87
[main] - ROOT/webroot/index.php, line 37
'Whats New ì œê±°'
2016-06-16 16:34:07 Debug: 
App\Controller\CacheController::removeProduct() - APP/Controller/CacheController.php, line 43
Cake\Controller\Controller::invokeAction() - CORE/src/Controller/Controller.php, line 412
Cake\Routing\Dispatcher::_invoke() - CORE/src/Routing/Dispatcher.php, line 114
Cake\Routing\Dispatcher::dispatch() - CORE/src/Routing/Dispatcher.php, line 87
[main] - ROOT/webroot/index.php, line 37
'ì „ì²´ products Cache ì œê±°.'
2016-06-16 16:34:07 Debug: 
App\Controller\CacheController::removeProduct() - APP/Controller/CacheController.php, line 44
Cake\Controller\Controller::invokeAction() - CORE/src/Controller/Controller.php, line 412
Cake\Routing\Dispatcher::_invoke() - CORE/src/Routing/Dispatcher.php, line 114
Cake\Routing\Dispatcher::dispatch() - CORE/src/Routing/Dispatcher.php, line 87
[main] - ROOT/webroot/index.php, line 37
'main Cache ì œê±°'
2016-06-16 16:34:07 Debug: 
App\Controller\CacheController::removeProduct() - APP/Controller/CacheController.php, line 45
Cake\Controller\Controller::invokeAction() - CORE/src/Controller/Controller.php, line 412
Cake\Routing\Dispatcher::_invoke() - CORE/src/Routing/Dispatcher.php, line 114
Cake\Routing\Dispatcher::dispatch() - CORE/src/Routing/Dispatcher.php, line 87
[main] - ROOT/webroot/index.php, line 37
'Whats New ì œê±°'
2016-06-16 16:49:51 Debug: 
App\Controller\CacheController::removeProduct() - APP/Controller/CacheController.php, line 43
Cake\Controller\Controller::invokeAction() - CORE/src/Controller/Controller.php, line 412
Cake\Routing\Dispatcher::_invoke() - CORE/src/Routing/Dispatcher.php, line 114
Cake\Routing\Dispatcher::dispatch() - CORE/src/Routing/Dispatcher.php, line 87
[main] - ROOT/webroot/index.php, line 37
'ì „ì²´ products Cache ì œê±°.'
2016-06-16 16:49:51 Debug: 
App\Controller\CacheController::removeProduct() - APP/Controller/CacheController.php, line 44
Cake\Controller\Controller::invokeAction() - CORE/src/Controller/Controller.php, line 412
Cake\Routing\Dispatcher::_invoke() - CORE/src/Routing/Dispatcher.php, line 114
Cake\Routing\Dispatcher::dispatch() - CORE/src/Routing/Dispatcher.php, line 87
[main] - ROOT/webroot/index.php, line 37
'main Cache ì œê±°'
2016-06-16 16:49:51 Debug: 
App\Controller\CacheController::removeProduct() - APP/Controller/CacheController.php, line 45
Cake\Controller\Controller::invokeAction() - CORE/src/Controller/Controller.php, line 412
Cake\Routing\Dispatcher::_invoke() - CORE/src/Routing/Dispatcher.php, line 114
Cake\Routing\Dispatcher::dispatch() - CORE/src/Routing/Dispatcher.php, line 87
[main] - ROOT/webroot/index.php, line 37
'Whats New ì œê±°'
2016-06-16 16:52:54 Debug: 
App\Controller\CacheController::removeProduct() - APP/Controller/CacheController.php, line 43
Cake\Controller\Controller::invokeAction() - CORE/src/Controller/Controller.php, line 412
Cake\Routing\Dispatcher::_invoke() - CORE/src/Routing/Dispatcher.php, line 114
Cake\Routing\Dispatcher::dispatch() - CORE/src/Routing/Dispatcher.php, line 87
[main] - ROOT/webroot/index.php, line 37
'ì „ì²´ products Cache ì œê±°.'
2016-06-16 16:52:54 Debug: 
App\Controller\CacheController::removeProduct() - APP/Controller/CacheController.php, line 44
Cake\Controller\Controller::invokeAction() - CORE/src/Controller/Controller.php, line 412
Cake\Routing\Dispatcher::_invoke() - CORE/src/Routing/Dispatcher.php, line 114
Cake\Routing\Dispatcher::dispatch() - CORE/src/Routing/Dispatcher.php, line 87
[main] - ROOT/webroot/index.php, line 37
'main Cache ì œê±°'
2016-06-16 16:52:54 Debug: 
App\Controller\CacheController::removeProduct() - APP/Controller/CacheController.php, line 45
Cake\Controller\Controller::invokeAction() - CORE/src/Controller/Controller.php, line 412
Cake\Routing\Dispatcher::_invoke() - CORE/src/Routing/Dispatcher.php, line 114
Cake\Routing\Dispatcher::dispatch() - CORE/src/Routing/Dispatcher.php, line 87
[main] - ROOT/webroot/index.php, line 37
'Whats New ì œê±°'
2016-06-16 16:58:12 Debug: 
App\Controller\CacheController::removeProduct() - APP/Controller/CacheController.php, line 43
Cake\Controller\Controller::invokeAction() - CORE/src/Controller/Controller.php, line 412
Cake\Routing\Dispatcher::_invoke() - CORE/src/Routing/Dispatcher.php, line 114
Cake\Routing\Dispatcher::dispatch() - CORE/src/Routing/Dispatcher.php, line 87
[main] - ROOT/webroot/index.php, line 37
'ì „ì²´ products Cache ì œê±°.'
2016-06-16 16:58:12 Debug: 
App\Controller\CacheController::removeProduct() - APP/Controller/CacheController.php, line 44
Cake\Controller\Controller::invokeAction() - CORE/src/Controller/Controller.php, line 412
Cake\Routing\Dispatcher::_invoke() - CORE/src/Routing/Dispatcher.php, line 114
Cake\Routing\Dispatcher::dispatch() - CORE/src/Routing/Dispatcher.php, line 87
[main] - ROOT/webroot/index.php, line 37
'main Cache ì œê±°'
2016-06-16 16:58:12 Debug: 
App\Controller\CacheController::removeProduct() - APP/Controller/CacheController.php, line 45
Cake\Controller\Controller::invokeAction() - CORE/src/Controller/Controller.php, line 412
Cake\Routing\Dispatcher::_invoke() - CORE/src/Routing/Dispatcher.php, line 114
Cake\Routing\Dispatcher::dispatch() - CORE/src/Routing/Dispatcher.php, line 87
[main] - ROOT/webroot/index.php, line 37
'Whats New ì œê±°'
2016-06-16 17:03:02 Debug: 
App\Controller\CacheController::removeProduct() - APP/Controller/CacheController.php, line 43
Cake\Controller\Controller::invokeAction() - CORE/src/Controller/Controller.php, line 412
Cake\Routing\Dispatcher::_invoke() - CORE/src/Routing/Dispatcher.php, line 114
Cake\Routing\Dispatcher::dispatch() - CORE/src/Routing/Dispatcher.php, line 87
[main] - ROOT/webroot/index.php, line 37
'ì „ì²´ products Cache ì œê±°.'
2016-06-16 17:03:02 Debug: 
App\Controller\CacheController::removeProduct() - APP/Controller/CacheController.php, line 44
Cake\Controller\Controller::invokeAction() - CORE/src/Controller/Controller.php, line 412
Cake\Routing\Dispatcher::_invoke() - CORE/src/Routing/Dispatcher.php, line 114
Cake\Routing\Dispatcher::dispatch() - CORE/src/Routing/Dispatcher.php, line 87
[main] - ROOT/webroot/index.php, line 37
'main Cache ì œê±°'
2016-06-16 17:03:02 Debug: 
App\Controller\CacheController::removeProduct() - APP/Controller/CacheController.php, line 45
Cake\Controller\Controller::invokeAction() - CORE/src/Controller/Controller.php, line 412
Cake\Routing\Dispatcher::_invoke() - CORE/src/Routing/Dispatcher.php, line 114
Cake\Routing\Dispatcher::dispatch() - CORE/src/Routing/Dispatcher.php, line 87
[main] - ROOT/webroot/index.php, line 37
'Whats New ì œê±°'
2016-06-16 17:09:40 Debug: 
App\Controller\CacheController::removeProduct() - APP/Controller/CacheController.php, line 43
Cake\Controller\Controller::invokeAction() - CORE/src/Controller/Controller.php, line 412
Cake\Routing\Dispatcher::_invoke() - CORE/src/Routing/Dispatcher.php, line 114
Cake\Routing\Dispatcher::dispatch() - CORE/src/Routing/Dispatcher.php, line 87
[main] - ROOT/webroot/index.php, line 37
'ì „ì²´ products Cache ì œê±°.'
2016-06-16 17:09:40 Debug: 
App\Controller\CacheController::removeProduct() - APP/Controller/CacheController.php, line 44
Cake\Controller\Controller::invokeAction() - CORE/src/Controller/Controller.php, line 412
Cake\Routing\Dispatcher::_invoke() - CORE/src/Routing/Dispatcher.php, line 114
Cake\Routing\Dispatcher::dispatch() - CORE/src/Routing/Dispatcher.php, line 87
[main] - ROOT/webroot/index.php, line 37
'main Cache ì œê±°'
2016-06-16 17:09:40 Debug: 
App\Controller\CacheController::removeProduct() - APP/Controller/CacheController.php, line 45
Cake\Controller\Controller::invokeAction() - CORE/src/Controller/Controller.php, line 412
Cake\Routing\Dispatcher::_invoke() - CORE/src/Routing/Dispatcher.php, line 114
Cake\Routing\Dispatcher::dispatch() - CORE/src/Routing/Dispatcher.php, line 87
[main] - ROOT/webroot/index.php, line 37
'Whats New ì œê±°'
2016-06-16 17:18:02 Debug: 
App\Controller\CacheController::removeProduct() - APP/Controller/CacheController.php, line 43
Cake\Controller\Controller::invokeAction() - CORE/src/Controller/Controller.php, line 412
Cake\Routing\Dispatcher::_invoke() - CORE/src/Routing/Dispatcher.php, line 114
Cake\Routing\Dispatcher::dispatch() - CORE/src/Routing/Dispatcher.php, line 87
[main] - ROOT/webroot/index.php, line 37
'ì „ì²´ products Cache ì œê±°.'
2016-06-16 17:18:02 Debug: 
App\Controller\CacheController::removeProduct() - APP/Controller/CacheController.php, line 44
Cake\Controller\Controller::invokeAction() - CORE/src/Controller/Controller.php, line 412
Cake\Routing\Dispatcher::_invoke() - CORE/src/Routing/Dispatcher.php, line 114
Cake\Routing\Dispatcher::dispatch() - CORE/src/Routing/Dispatcher.php, line 87
[main] - ROOT/webroot/index.php, line 37
'main Cache ì œê±°'
2016-06-16 17:18:02 Debug: 
App\Controller\CacheController::removeProduct() - APP/Controller/CacheController.php, line 45
Cake\Controller\Controller::invokeAction() - CORE/src/Controller/Controller.php, line 412
Cake\Routing\Dispatcher::_invoke() - CORE/src/Routing/Dispatcher.php, line 114
Cake\Routing\Dispatcher::dispatch() - CORE/src/Routing/Dispatcher.php, line 87
[main] - ROOT/webroot/index.php, line 37
'Whats New ì œê±°'
2016-06-16 17:18:09 Debug: 
App\Controller\CacheController::removeProduct() - APP/Controller/CacheController.php, line 43
Cake\Controller\Controller::invokeAction() - CORE/src/Controller/Controller.php, line 412
Cake\Routing\Dispatcher::_invoke() - CORE/src/Routing/Dispatcher.php, line 114
Cake\Routing\Dispatcher::dispatch() - CORE/src/Routing/Dispatcher.php, line 87
[main] - ROOT/webroot/index.php, line 37
'ì „ì²´ products Cache ì œê±°.'
2016-06-16 17:18:09 Debug: 
App\Controller\CacheController::removeProduct() - APP/Controller/CacheController.php, line 44
Cake\Controller\Controller::invokeAction() - CORE/src/Controller/Controller.php, line 412
Cake\Routing\Dispatcher::_invoke() - CORE/src/Routing/Dispatcher.php, line 114
Cake\Routing\Dispatcher::dispatch() - CORE/src/Routing/Dispatcher.php, line 87
[main] - ROOT/webroot/index.php, line 37
'main Cache ì œê±°'
2016-06-16 17:18:09 Debug: 
App\Controller\CacheController::removeProduct() - APP/Controller/CacheController.php, line 45
Cake\Controller\Controller::invokeAction() - CORE/src/Controller/Controller.php, line 412
Cake\Routing\Dispatcher::_invoke() - CORE/src/Routing/Dispatcher.php, line 114
Cake\Routing\Dispatcher::dispatch() - CORE/src/Routing/Dispatcher.php, line 87
[main] - ROOT/webroot/index.php, line 37
'Whats New ì œê±°'
2016-06-16 17:21:22 Debug: 
App\Controller\CacheController::removeProduct() - APP/Controller/CacheController.php, line 43
Cake\Controller\Controller::invokeAction() - CORE/src/Controller/Controller.php, line 412
Cake\Routing\Dispatcher::_invoke() - CORE/src/Routing/Dispatcher.php, line 114
Cake\Routing\Dispatcher::dispatch() - CORE/src/Routing/Dispatcher.php, line 87
[main] - ROOT/webroot/index.php, line 37
'ì „ì²´ products Cache ì œê±°.'
2016-06-16 17:21:22 Debug: 
App\Controller\CacheController::removeProduct() - APP/Controller/CacheController.php, line 44
Cake\Controller\Controller::invokeAction() - CORE/src/Controller/Controller.php, line 412
Cake\Routing\Dispatcher::_invoke() - CORE/src/Routing/Dispatcher.php, line 114
Cake\Routing\Dispatcher::dispatch() - CORE/src/Routing/Dispatcher.php, line 87
[main] - ROOT/webroot/index.php, line 37
'main Cache ì œê±°'
2016-06-16 17:21:22 Debug: 
App\Controller\CacheController::removeProduct() - APP/Controller/CacheController.php, line 45
Cake\Controller\Controller::invokeAction() - CORE/src/Controller/Controller.php, line 412
Cake\Routing\Dispatcher::_invoke() - CORE/src/Routing/Dispatcher.php, line 114
Cake\Routing\Dispatcher::dispatch() - CORE/src/Routing/Dispatcher.php, line 87
[main] - ROOT/webroot/index.php, line 37
'Whats New ì œê±°'
2016-06-16 17:31:49 Debug: 
App\Controller\CacheController::removeProduct() - APP/Controller/CacheController.php, line 43
Cake\Controller\Controller::invokeAction() - CORE/src/Controller/Controller.php, line 412
Cake\Routing\Dispatcher::_invoke() - CORE/src/Routing/Dispatcher.php, line 114
Cake\Routing\Dispatcher::dispatch() - CORE/src/Routing/Dispatcher.php, line 87
[main] - ROOT/webroot/index.php, line 37
'ì „ì²´ products Cache ì œê±°.'
2016-06-16 17:31:49 Debug: 
App\Controller\CacheController::removeProduct() - APP/Controller/CacheController.php, line 44
Cake\Controller\Controller::invokeAction() - CORE/src/Controller/Controller.php, line 412
Cake\Routing\Dispatcher::_invoke() - CORE/src/Routing/Dispatcher.php, line 114
Cake\Routing\Dispatcher::dispatch() - CORE/src/Routing/Dispatcher.php, line 87
[main] - ROOT/webroot/index.php, line 37
'main Cache ì œê±°'
2016-06-16 17:31:49 Debug: 
App\Controller\CacheController::removeProduct() - APP/Controller/CacheController.php, line 45
Cake\Controller\Controller::invokeAction() - CORE/src/Controller/Controller.php, line 412
Cake\Routing\Dispatcher::_invoke() - CORE/src/Routing/Dispatcher.php, line 114
Cake\Routing\Dispatcher::dispatch() - CORE/src/Routing/Dispatcher.php, line 87
[main] - ROOT/webroot/index.php, line 37
'Whats New ì œê±°'
2016-06-16 17:34:36 Debug: 
App\Controller\CacheController::removeProduct() - APP/Controller/CacheController.php, line 43
Cake\Controller\Controller::invokeAction() - CORE/src/Controller/Controller.php, line 412
Cake\Routing\Dispatcher::_invoke() - CORE/src/Routing/Dispatcher.php, line 114
Cake\Routing\Dispatcher::dispatch() - CORE/src/Routing/Dispatcher.php, line 87
[main] - ROOT/webroot/index.php, line 37
'ì „ì²´ products Cache ì œê±°.'
2016-06-16 17:34:36 Debug: 
App\Controller\CacheController::removeProduct() - APP/Controller/CacheController.php, line 44
Cake\Controller\Controller::invokeAction() - CORE/src/Controller/Controller.php, line 412
Cake\Routing\Dispatcher::_invoke() - CORE/src/Routing/Dispatcher.php, line 114
Cake\Routing\Dispatcher::dispatch() - CORE/src/Routing/Dispatcher.php, line 87
[main] - ROOT/webroot/index.php, line 37
'main Cache ì œê±°'
2016-06-16 17:34:36 Debug: 
App\Controller\CacheController::removeProduct() - APP/Controller/CacheController.php, line 45
Cake\Controller\Controller::invokeAction() - CORE/src/Controller/Controller.php, line 412
Cake\Routing\Dispatcher::_invoke() - CORE/src/Routing/Dispatcher.php, line 114
Cake\Routing\Dispatcher::dispatch() - CORE/src/Routing/Dispatcher.php, line 87
[main] - ROOT/webroot/index.php, line 37
'Whats New ì œê±°'
2016-06-16 17:39:32 Debug: 
App\Controller\CacheController::removeProduct() - APP/Controller/CacheController.php, line 43
Cake\Controller\Controller::invokeAction() - CORE/src/Controller/Controller.php, line 412
Cake\Routing\Dispatcher::_invoke() - CORE/src/Routing/Dispatcher.php, line 114
Cake\Routing\Dispatcher::dispatch() - CORE/src/Routing/Dispatcher.php, line 87
[main] - ROOT/webroot/index.php, line 37
'ì „ì²´ products Cache ì œê±°.'
2016-06-16 17:39:32 Debug: 
App\Controller\CacheController::removeProduct() - APP/Controller/CacheController.php, line 44
Cake\Controller\Controller::invokeAction() - CORE/src/Controller/Controller.php, line 412
Cake\Routing\Dispatcher::_invoke() - CORE/src/Routing/Dispatcher.php, line 114
Cake\Routing\Dispatcher::dispatch() - CORE/src/Routing/Dispatcher.php, line 87
[main] - ROOT/webroot/index.php, line 37
'main Cache ì œê±°'
2016-06-16 17:39:32 Debug: 
App\Controller\CacheController::removeProduct() - APP/Controller/CacheController.php, line 45
Cake\Controller\Controller::invokeAction() - CORE/src/Controller/Controller.php, line 412
Cake\Routing\Dispatcher::_invoke() - CORE/src/Routing/Dispatcher.php, line 114
Cake\Routing\Dispatcher::dispatch() - CORE/src/Routing/Dispatcher.php, line 87
[main] - ROOT/webroot/index.php, line 37
'Whats New ì œê±°'
2016-06-16 18:01:50 Debug: 
App\Controller\CacheController::removeProduct() - APP/Controller/CacheController.php, line 43
Cake\Controller\Controller::invokeAction() - CORE/src/Controller/Controller.php, line 412
Cake\Routing\Dispatcher::_invoke() - CORE/src/Routing/Dispatcher.php, line 114
Cake\Routing\Dispatcher::dispatch() - CORE/src/Routing/Dispatcher.php, line 87
[main] - ROOT/webroot/index.php, line 37
'ì „ì²´ products Cache ì œê±°.'
2016-06-16 18:01:50 Debug: 
App\Controller\CacheController::removeProduct() - APP/Controller/CacheController.php, line 44
Cake\Controller\Controller::invokeAction() - CORE/src/Controller/Controller.php, line 412
Cake\Routing\Dispatcher::_invoke() - CORE/src/Routing/Dispatcher.php, line 114
Cake\Routing\Dispatcher::dispatch() - CORE/src/Routing/Dispatcher.php, line 87
[main] - ROOT/webroot/index.php, line 37
'main Cache ì œê±°'
2016-06-16 18:01:50 Debug: 
App\Controller\CacheController::removeProduct() - APP/Controller/CacheController.php, line 45
Cake\Controller\Controller::invokeAction() - CORE/src/Controller/Controller.php, line 412
Cake\Routing\Dispatcher::_invoke() - CORE/src/Routing/Dispatcher.php, line 114
Cake\Routing\Dispatcher::dispatch() - CORE/src/Routing/Dispatcher.php, line 87
[main] - ROOT/webroot/index.php, line 37
'Whats New ì œê±°'
