2016-06-16 21:01:59 Error: [Cake\Routing\Exception\MissingControllerException] Controller class (null) could not be found.
Request URL: /(null)/nKAOWebBrowserController/complete
Stack Trace:
#0 /var/www/fcctv.co.kr/webroot/index.php(37): Cake\Routing\Dispatcher->dispatch(Object(Cake\Network\Request), Object(Cake\Network\Response))
#1 {main}


2016-06-16 21:04:04 Error: [Cake\Routing\Exception\MissingControllerException] Controller class (null) could not be found.
Request URL: /(null)/nKAOWebBrowserController/complete
Stack Trace:
#0 /var/www/fcctv.co.kr/webroot/index.php(37): Cake\Routing\Dispatcher->dispatch(Object(Cake\Network\Request), Object(Cake\Network\Response))
#1 {main}


2016-06-16 21:10:11 Error: [Cake\Routing\Exception\MissingControllerException] Controller class M.facebook could not be found.
Request URL: /m.facebook
Stack Trace:
#0 /var/www/fcctv.co.kr/webroot/index.php(37): Cake\Routing\Dispatcher->dispatch(Object(Cake\Network\Request), Object(Cake\Network\Response))
#1 {main}


2016-06-16 21:10:11 Error: [Cake\Routing\Exception\MissingControllerException] Controller class M could not be found.
Request URL: /m
Stack Trace:
#0 /var/www/fcctv.co.kr/webroot/index.php(37): Cake\Routing\Dispatcher->dispatch(Object(Cake\Network\Request), Object(Cake\Network\Response))
#1 {main}


2016-06-16 21:10:11 Error: [Cake\Routing\Exception\MissingControllerException] Controller class M could not be found.
Request URL: /m
Stack Trace:
#0 /var/www/fcctv.co.kr/webroot/index.php(37): Cake\Routing\Dispatcher->dispatch(Object(Cake\Network\Request), Object(Cake\Network\Response))
#1 {main}


