2016-08-14 16:17:04 Error: [Cake\Routing\Exception\MissingControllerException] Controller class Support.aspx could not be found.
Request URL: /Support.aspx
Stack Trace:
#0 /var/www/fcctv.co.kr/webroot/index.php(37): Cake\Routing\Dispatcher->dispatch(Object(Cake\Network\Request), Object(Cake\Network\Response))
#1 {main}


2016-08-14 17:05:44 Error: [Cake\Routing\Exception\MissingControllerException] Controller class Cgi-bin could not be found.
Request URL: /cgi-bin/test-cgi
Stack Trace:
#0 /var/www/fcctv.co.kr/webroot/index.php(37): Cake\Routing\Dispatcher->dispatch(Object(Cake\Network\Request), Object(Cake\Network\Response))
#1 {main}


2016-08-14 17:05:47 Error: [Cake\Routing\Exception\MissingControllerException] Controller class Cgi-bin could not be found.
Request URL: /cgi-bin/test-cgi
Stack Trace:
#0 /var/www/fcctv.co.kr/webroot/index.php(37): Cake\Routing\Dispatcher->dispatch(Object(Cake\Network\Request), Object(Cake\Network\Response))
#1 {main}


2016-08-14 17:05:48 Error: [Cake\Routing\Exception\MissingControllerException] Controller class Cgi-bin could not be found.
Request URL: /cgi-bin/test-cgi
Stack Trace:
#0 /var/www/fcctv.co.kr/webroot/index.php(37): Cake\Routing\Dispatcher->dispatch(Object(Cake\Network\Request), Object(Cake\Network\Response))
#1 {main}


2016-08-14 17:07:04 Error: [Cake\Routing\Exception\MissingControllerException] Controller class Cgi-bin could not be found.
Request URL: /cgi-bin/test-cgi
Stack Trace:
#0 /var/www/fcctv.co.kr/webroot/index.php(37): Cake\Routing\Dispatcher->dispatch(Object(Cake\Network\Request), Object(Cake\Network\Response))
#1 {main}


2016-08-14 17:07:05 Error: [Cake\Routing\Exception\MissingControllerException] Controller class Cgi-bin could not be found.
Request URL: /cgi-bin/test-cgi
Stack Trace:
#0 /var/www/fcctv.co.kr/webroot/index.php(37): Cake\Routing\Dispatcher->dispatch(Object(Cake\Network\Request), Object(Cake\Network\Response))
#1 {main}


2016-08-14 17:07:07 Error: [Cake\Routing\Exception\MissingControllerException] Controller class Cgi-bin could not be found.
Request URL: /cgi-bin/test-cgi
Stack Trace:
#0 /var/www/fcctv.co.kr/webroot/index.php(37): Cake\Routing\Dispatcher->dispatch(Object(Cake\Network\Request), Object(Cake\Network\Response))
#1 {main}


2016-08-14 17:07:08 Error: [Cake\Routing\Exception\MissingControllerException] Controller class Cgi-bin could not be found.
Request URL: /cgi-bin/test-cgi
Stack Trace:
#0 /var/www/fcctv.co.kr/webroot/index.php(37): Cake\Routing\Dispatcher->dispatch(Object(Cake\Network\Request), Object(Cake\Network\Response))
#1 {main}


2016-08-14 17:07:25 Error: [Cake\Routing\Exception\MissingControllerException] Controller class Cgi-bin could not be found.
Request URL: /cgi-bin/test-cgi
Stack Trace:
#0 /var/www/fcctv.co.kr/webroot/index.php(37): Cake\Routing\Dispatcher->dispatch(Object(Cake\Network\Request), Object(Cake\Network\Response))
#1 {main}


2016-08-14 17:07:26 Error: [Cake\Routing\Exception\MissingControllerException] Controller class Cgi-bin could not be found.
Request URL: /cgi-bin/test-cgi
Stack Trace:
#0 /var/www/fcctv.co.kr/webroot/index.php(37): Cake\Routing\Dispatcher->dispatch(Object(Cake\Network\Request), Object(Cake\Network\Response))
#1 {main}


2016-08-14 17:07:29 Error: [Cake\Routing\Exception\MissingControllerException] Controller class Cgi-bin could not be found.
Request URL: /cgi-bin/test-cgi
Stack Trace:
#0 /var/www/fcctv.co.kr/webroot/index.php(37): Cake\Routing\Dispatcher->dispatch(Object(Cake\Network\Request), Object(Cake\Network\Response))
#1 {main}


2016-08-14 17:07:30 Error: [Cake\Routing\Exception\MissingControllerException] Controller class Cgi-bin could not be found.
Request URL: /cgi-bin/test-cgi
Stack Trace:
#0 /var/www/fcctv.co.kr/webroot/index.php(37): Cake\Routing\Dispatcher->dispatch(Object(Cake\Network\Request), Object(Cake\Network\Response))
#1 {main}


2016-08-14 17:07:40 Error: [Cake\Routing\Exception\MissingControllerException] Controller class Cgi-bin could not be found.
Request URL: /cgi-bin/test-cgi
Stack Trace:
#0 /var/www/fcctv.co.kr/webroot/index.php(37): Cake\Routing\Dispatcher->dispatch(Object(Cake\Network\Request), Object(Cake\Network\Response))
#1 {main}


2016-08-14 17:07:41 Error: [Cake\Routing\Exception\MissingControllerException] Controller class Cgi-bin could not be found.
Request URL: /cgi-bin/test-cgi
Stack Trace:
#0 /var/www/fcctv.co.kr/webroot/index.php(37): Cake\Routing\Dispatcher->dispatch(Object(Cake\Network\Request), Object(Cake\Network\Response))
#1 {main}


2016-08-14 17:07:45 Error: [Cake\Routing\Exception\MissingControllerException] Controller class Cgi-bin could not be found.
Request URL: /cgi-bin/test-cgi
Stack Trace:
#0 /var/www/fcctv.co.kr/webroot/index.php(37): Cake\Routing\Dispatcher->dispatch(Object(Cake\Network\Request), Object(Cake\Network\Response))
#1 {main}


2016-08-14 17:07:46 Error: [Cake\Routing\Exception\MissingControllerException] Controller class Cgi-bin could not be found.
Request URL: /cgi-bin/test-cgi
Stack Trace:
#0 /var/www/fcctv.co.kr/webroot/index.php(37): Cake\Routing\Dispatcher->dispatch(Object(Cake\Network\Request), Object(Cake\Network\Response))
#1 {main}


2016-08-14 17:08:17 Error: [Cake\Routing\Exception\MissingControllerException] Controller class Cgi-bin could not be found.
Request URL: /cgi-bin/test-cgi
Stack Trace:
#0 /var/www/fcctv.co.kr/webroot/index.php(37): Cake\Routing\Dispatcher->dispatch(Object(Cake\Network\Request), Object(Cake\Network\Response))
#1 {main}


2016-08-14 22:31:24 Error: [Cake\Routing\Exception\MissingControllerException] Controller class Support.aspx could not be found.
Request URL: /Support.aspx
Stack Trace:
#0 /var/www/fcctv.co.kr/webroot/index.php(37): Cake\Routing\Dispatcher->dispatch(Object(Cake\Network\Request), Object(Cake\Network\Response))
#1 {main}


2016-08-15 00:26:55 Error: [Cake\Routing\Exception\MissingControllerException] Controller class Support.aspx could not be found.
Request URL: /Support.aspx
Stack Trace:
#0 /var/www/fcctv.co.kr/webroot/index.php(37): Cake\Routing\Dispatcher->dispatch(Object(Cake\Network\Request), Object(Cake\Network\Response))
#1 {main}


