2016-06-30 14:01:38 Error: [Cake\Routing\Exception\MissingControllerException] Controller class ... could not be found.
Request URL: /...
Stack Trace:
#0 /var/www/fcctv.co.kr/webroot/index.php(37): Cake\Routing\Dispatcher->dispatch(Object(Cake\Network\Request), Object(Cake\Network\Response))
#1 {main}


2016-06-30 17:21:04 Error: [Cake\Routing\Exception\MissingControllerException] Controller class PhpMyAdmin could not be found.
Request URL: /phpMyAdmin
Stack Trace:
#0 /var/www/fcctv.co.kr/webroot/index.php(37): Cake\Routing\Dispatcher->dispatch(Object(Cake\Network\Request), Object(Cake\Network\Response))
#1 {main}


2016-06-30 17:23:06 Error: [Cake\Routing\Exception\MissingControllerException] Controller class PhpMyAdmin could not be found.
Request URL: /phpMyAdmin
Stack Trace:
#0 /var/www/fcctv.co.kr/webroot/index.php(37): Cake\Routing\Dispatcher->dispatch(Object(Cake\Network\Request), Object(Cake\Network\Response))
#1 {main}


2016-06-30 17:24:19 Error: [Cake\Routing\Exception\MissingControllerException] Controller class PhpMyAdmin could not be found.
Request URL: /phpMyAdmin
Stack Trace:
#0 /var/www/fcctv.co.kr/webroot/index.php(37): Cake\Routing\Dispatcher->dispatch(Object(Cake\Network\Request), Object(Cake\Network\Response))
#1 {main}


2016-07-01 08:07:48 Error: [Cake\Routing\Exception\MissingControllerException] Controller class .well-known could not be found.
Request URL: /.well-known/assetlinks.json
Stack Trace:
#0 /var/www/fcctv.co.kr/webroot/index.php(37): Cake\Routing\Dispatcher->dispatch(Object(Cake\Network\Request), Object(Cake\Network\Response))
#1 {main}


