2016-07-04 13:54:46 Error: [Cake\Routing\Exception\MissingControllerException] Controller class .well-known could not be found.
Request URL: /.well-known/assetlinks.json
Stack Trace:
#0 /var/www/fcctv.co.kr/webroot/index.php(37): Cake\Routing\Dispatcher->dispatch(Object(Cake\Network\Request), Object(Cake\Network\Response))
#1 {main}


2016-07-04 14:13:27 Error: [Cake\Routing\Exception\MissingControllerException] Controller class .well-known could not be found.
Request URL: /.well-known/apple-app-site-association
Stack Trace:
#0 /var/www/fcctv.co.kr/webroot/index.php(37): Cake\Routing\Dispatcher->dispatch(Object(Cake\Network\Request), Object(Cake\Network\Response))
#1 {main}


2016-07-04 14:16:28 Error: [Cake\Routing\Exception\MissingControllerException] Controller class Apple-app-site-association could not be found.
Request URL: /apple-app-site-association
Stack Trace:
#0 /var/www/fcctv.co.kr/webroot/index.php(37): Cake\Routing\Dispatcher->dispatch(Object(Cake\Network\Request), Object(Cake\Network\Response))
#1 {main}


2016-07-05 01:17:41 Error: [Cake\Routing\Exception\MissingControllerException] Controller class M could not be found.
Request URL: /m/
Stack Trace:
#0 /var/www/fcctv.co.kr/webroot/index.php(37): Cake\Routing\Dispatcher->dispatch(Object(Cake\Network\Request), Object(Cake\Network\Response))
#1 {main}


2016-07-05 02:15:29 Error: [Cake\Routing\Exception\MissingControllerException] Controller class Mobile could not be found.
Request URL: /mobile/
Stack Trace:
#0 /var/www/fcctv.co.kr/webroot/index.php(37): Cake\Routing\Dispatcher->dispatch(Object(Cake\Network\Request), Object(Cake\Network\Response))
#1 {main}


