2016-06-02 15:19:05 Error: [Cake\Routing\Exception\MissingControllerException] Controller class Admin could not be found.
Request URL: /admin/i18n/readme.txt
Stack Trace:
#0 /var/www/fcctv.co.kr/webroot/index.php(37): Cake\Routing\Dispatcher->dispatch(Object(Cake\Network\Request), Object(Cake\Network\Response))
#1 {main}


2016-06-02 18:53:43 Error: [Cake\Routing\Exception\MissingControllerException] Controller class A2billing could not be found.
Request URL: /a2billing/
Stack Trace:
#0 /var/www/fcctv.co.kr/webroot/index.php(37): Cake\Routing\Dispatcher->dispatch(Object(Cake\Network\Request), Object(Cake\Network\Response))
#1 {main}


2016-06-02 19:04:46 Error: [Cake\Routing\Exception\MissingControllerException] Controller class A2billing could not be found.
Request URL: /a2billing/
Stack Trace:
#0 /var/www/fcctv.co.kr/webroot/index.php(37): Cake\Routing\Dispatcher->dispatch(Object(Cake\Network\Request), Object(Cake\Network\Response))
#1 {main}


2016-06-03 16:18:35 Error: [Cake\Routing\Exception\MissingControllerException] Controller class A2billing could not be found.
Request URL: /a2billing/
Stack Trace:
#0 /var/www/fcctv.co.kr/webroot/index.php(37): Cake\Routing\Dispatcher->dispatch(Object(Cake\Network\Request), Object(Cake\Network\Response))
#1 {main}


2016-06-03 17:07:19 Error: [Cake\Routing\Exception\MissingControllerException] Controller class Index.hph could not be found.
Request URL: /index.hph
Stack Trace:
#0 /var/www/fcctv.co.kr/webroot/index.php(37): Cake\Routing\Dispatcher->dispatch(Object(Cake\Network\Request), Object(Cake\Network\Response))
#1 {main}


2016-06-03 17:24:12 Error: [Cake\Routing\Exception\MissingControllerException] Controller class ㅑ could not be found.
Request URL: /%E3%85%91
Stack Trace:
#0 /var/www/fcctv.co.kr/webroot/index.php(37): Cake\Routing\Dispatcher->dispatch(Object(Cake\Network\Request), Object(Cake\Network\Response))
#1 {main}


2016-06-03 21:04:23 Error: [Cake\Routing\Exception\MissingControllerException] Controller class A2billing could not be found.
Request URL: /a2billing/
Stack Trace:
#0 /var/www/fcctv.co.kr/webroot/index.php(37): Cake\Routing\Dispatcher->dispatch(Object(Cake\Network\Request), Object(Cake\Network\Response))
#1 {main}


2016-06-03 21:04:23 Error: [Cake\Routing\Exception\MissingControllerException] Controller class A2billing could not be found.
Request URL: /a2billing/
Stack Trace:
#0 /var/www/fcctv.co.kr/webroot/index.php(37): Cake\Routing\Dispatcher->dispatch(Object(Cake\Network\Request), Object(Cake\Network\Response))
#1 {main}


2016-06-04 00:46:50 Error: [Cake\Routing\Exception\MissingControllerException] Controller class PhpMyAdmin could not be found.
Request URL: /phpMyAdmin
Stack Trace:
#0 /var/www/fcctv.co.kr/webroot/index.php(37): Cake\Routing\Dispatcher->dispatch(Object(Cake\Network\Request), Object(Cake\Network\Response))
#1 {main}


