[2016-06-09_11:14:16][P=28677] Start INImx_AUTH PAY(V1000B20111219PHP)
[2016-06-09_11:14:16][P=28677] INIPAYHOME:/var/www/fcctv.co.kr
[2016-06-09_11:14:16][P=28677] P_MID:fashioncro
[2016-06-09_11:14:16][P=28677] P_STATUS:00
[2016-06-09_11:14:16][P=28677] P_RMESG1:정상 처리 되었습니다.
[2016-06-09_11:14:16][P=28677] P_TID:INIMX_AUTHfashioncro20160609111416161280
[2016-06-09_11:14:16][P=28677] P_REQ_URL:https://drmobile.inicis.com/smart/pay_req_url.php
[2016-06-09_11:14:16][P=28677] P_NOTI:OR0000000268
[2016-06-09_11:14:16][P=28677] AUTH Transaction End
[2016-06-09_11:14:16][P=28677] Start INImx_APPL
[2016-06-09_11:14:16][P=28677] Start HTTP Connect:drmobile.inicis.com/smart/pay_req_url.php
[2016-06-09_11:14:16][P=28677] HTTP CONNECTION SUCCESS
[2016-06-09_11:14:18][P=28677] RECV REQUEST:P_STATUS=00&P_AUTH_DT=20160609111416&P_AUTH_NO=00755163&P_RMESG1=성공적으로 처리 하였습니다.&P_RMESG2=00&P_TID=INIMX_CARDfashioncro20160609111416721913&P_FN_CD1=04&P_AMT=4500&P_TYPE=CARD&P_UNAME=이 중석&P_MID=fashioncro&P_OID=OR000008&P_NOTI=OR0000000268&P_NEXT_URL=https://fcctv.co.kr/325n23fhih389d2u3jf578y8342dk378/y45ybjvriouywo89ky0434tetf4ftg/mx_rnext.php&P_MNAME=&P_NOTEURL=&P_CARD_MEMBER_NUM=&P_CARD_NUM=949028041808&P_CARD_ISSUER_CODE=00&P_CARD_PURCHASE_CODE=04&P_CARD_PRTC_CODE=1&P_CARD_INTEREST=0&P_CARD_CHECKFLAG=1&P_CARD_ISSUER_NAME=&P_CARD_PURCHASE_NAME=&P_FN_NM=현대카드&P_MERCHANT_RESERVED=dXNlcG9pbnQ9MCY%3D&P_CARD_APPLPRICE=4500
[2016-06-09_11:14:18][P=28677] ** COMMON *********
[2016-06-09_11:14:18][P=28677] P_STATUS:00
[2016-06-09_11:14:18][P=28677] P_RMESG1:성공적으로 처리 하였습니다.
[2016-06-09_11:14:18][P=28677] P_RMESG2:00
[2016-06-09_11:14:18][P=28677] P_TYPE:CARD
[2016-06-09_11:14:18][P=28677] P_TID:INIMX_CARDfashioncro20160609111416721913
[2016-06-09_11:14:18][P=28677] P_MID:fashioncro
[2016-06-09_11:14:18][P=28677] P_OID:OR000008
[2016-06-09_11:14:18][P=28677] P_UNAME:이 중석
[2016-06-09_11:14:18][P=28677] P_AMT:4500
[2016-06-09_11:14:18][P=28677] P_AUTH_DT(YYYYmmddHHmmss):20160609111416
[2016-06-09_11:14:18][P=28677] P_AUTH_DT:20160609
[2016-06-09_11:14:18][P=28677] P_AUTH_TM:111416
[2016-06-09_11:14:18][P=28677] P_AUTH_NO:00755163
[2016-06-09_11:14:18][P=28677] P_FN_CD1:04
[2016-06-09_11:14:18][P=28677] P_NEXT_URL:https://fcctv.co.kr/325n23fhih389d2u3jf578y8342dk378/y45ybjvriouywo89ky0434tetf4ftg/mx_rnext.php
[2016-06-09_11:14:18][P=28677] P_NOTEURL:
[2016-06-09_11:14:18][P=28677] P_MNAME:
[2016-06-09_11:14:18][P=28677] P_NOTI:OR0000000268
[2016-06-09_11:14:18][P=28677] ** CARD *********
[2016-06-09_11:14:18][P=28677] P_CARD_ISSUER_CODE:00
[2016-06-09_11:14:18][P=28677] P_CARD_PURCHASE_CODE:04
[2016-06-09_11:14:18][P=28677] P_CARD_PRTC_CODE:1
[2016-06-09_11:14:18][P=28677] P_CARD_INTEREST:0
[2016-06-09_11:14:18][P=28677] P_CARD_CHECKFLAG:1
[2016-06-09_11:14:18][P=28677] P_CARD_NUM:949028041808
[2016-06-09_11:14:18][P=28677] P_CARD_MEMBER_NUM:
[2016-06-09_11:14:18][P=28677] P_FN_NM:현대카드
[2016-06-09_11:14:18][P=28677] APPL Transaction End
