
2016-06-22 15:06:26 Debug
Array
(
    [gopaymethod] => Card
    [goodname] => Basic Cotton Tee_Black[TP-04-BLK]
    [price] => 17500
    [buyername] => ì´ ì¤‘ì„
    [buyeremail] => wndtjr2@yahoo.co.kr
    [buyertel] => 01064090631
    [mid] => fashioncro
    [currency] => WON
    [acceptmethod] => SKIN(ORIGINAL):HPP(2):OCB
    [oid] => OR0000000311
    [quotainterest] => 
    [paymethod] => Card
    [cardcode] => 
    [cardquota] => 
    [rbankcode] => 
    [reqsign] => DONE
    [encrypted] => Version=4.1&PayMethod=Card&RsaKeyNum=1&EncryptionAlgorithm=SEED-CBC&SignAlgorithm=RSAwithSHA1&CertVer=39&moid=OR0000000311&ver_trace=INIMain(D3_v1096_151229)Terms(D3_v1008_d151119)Card(D3_v1114_d160419)&pg1=211.219.96.180&pg2=203.238.37.3&pg1ip=211.219.96.180&pg2ip=203.238.37.3&agreeflag=1111&Data=sPmUG8Fspy7QxhEnbVo5PuRSaz1Af9Dvsa0UlPNOqIYlAE/fjd65AVBSS2U2eI9r
lIUVC7oyJFuT6vg19jMDF/mxygfHqph2XAhRtHCeP/TDyzTSMAuBpE3tv35pCUAQ
u6KuaQjKnBWu6sj0Xw6+v/U1BkOZqbn1CIiLXvS/T/sYVK+WgxpyV8wv8zZtWmj2
8jNW/GTGoj/QJBui9ydjY0vg/kECRDR4TWaxNyVJL4erP0zMK1ATtB9kQa73aFQ3
ETxq9wnkRhbX6ZdEVGOR9AXwOZQo2ZVM3gaV2B9nU8ZBaxpJabtQn0sUZcWRiltj
HFrt+JoKh0N9OiZT7VZbspVS7ACaNvACarJyF8KU7XZYAo+3C4Jas6qlf89s+Vib
uQq9dC2Ewanbka5eONR4yfTElzHVhB3stlDsve5t79iQDh1M4MV+1Xu7lqVHyoz9
war4f5YUTo7GoUtUp5biMUqCy6OwNdxIarmLKXGBNVcqivYyS85DLqs+Tg/tulVA
hGih5g2ad65yjMjGuBd+3twjtPz9Qk27sOhOxGFMxaGqyZUVzpm1D/kvFA6MOM4G
Mbf4heYHpuXf05dR/3atr0lrXCxCaJJBp+LsnRMw

    [sessionkey] => BkL6F8giQgtojBk13tOdqdJlb66irw86sQ+B+Y8oyPWQlGkB41J5fU7jkSdnsqPt
p1q1GXm+k9LQiYKE9j2+QMGZaBGqjHNbBlNq8BQI6wD/tuCWRiFssFj+ssFz6NNv
Dtc0385NgJ0jwKzMghh+ExSv4Uj8szu4alZSLf8d/qc=
    [uid] => DEFAULTUSR
    [sid] => 
    [version] => 4000
    [clickcontrol] => enable
    [nointerest] => no
    [quotabase] => lumpsum:00:02:03:04:05
)


2016-06-22 15:06:28 Debug
INILite Object
(
    [m_inipayHome] => /var/www/fcctv.co.kr
    [m_key] => Skkxblkva01nWmQ2TFJzNytUaUVpdz09
    [m_ssl] => true
    [m_log] => true
    [m_debug] => true
    [m_uri] => /inipayR
    [m_mallencrypt] => XBrWtpF+kJKE6nTOaFjs4nFmT1p63HICYey68vwN0AYAN/guMAJb1qW1XSNGtjp+
GdJJebDFCYdR6iU=
    [m_qs] => Array
        (
            [mid] => fashioncro
            [key] => Skkxblkva01nWmQ2TFJzNytUaUVpdz09
            [mallencrypt] => XBrWtpF+kJKE6nTOaFjs4nFmT1p63HICYey68vwN0AYAN/guMAJb1qW1XSNGtjp+
GdJJebDFCYdR6iU=
            [uid] => DEFAULTUSR
            [url] => fcctv.co.kr
            [uip] => 172.31.19.152
            [paymethod] => Card
            [goodname] => Basic Cotton Tee_Black[TP-04-BLK]
            [currency] => WON
            [buyername] => ÀÌ Áß¼®
            [buyertel] => 01064090631
            [buyeremail] => wndtjr2@yahoo.co.kr
            [sessionkey] => BkL6F8giQgtojBk13tOdqdJlb66irw86sQ+B+Y8oyPWQlGkB41J5fU7jkSdnsqPt
p1q1GXm+k9LQiYKE9j2+QMGZaBGqjHNbBlNq8BQI6wD/tuCWRiFssFj+ssFz6NNv
Dtc0385NgJ0jwKzMghh+ExSv4Uj8szu4alZSLf8d/qc=
            [encrypted] => Version=4.1&PayMethod=Card&RsaKeyNum=1&EncryptionAlgorithm=SEED-CBC&SignAlgorithm=RSAwithSHA1&CertVer=39&moid=OR0000000311&ver_trace=INIMain(D3_v1096_151229)Terms(D3_v1008_d151119)Card(D3_v1114_d160419)&pg1=211.219.96.180&pg2=203.238.37.3&pg1ip=211.219.96.180&pg2ip=203.238.37.3&agreeflag=1111&Data=sPmUG8Fspy7QxhEnbVo5PuRSaz1Af9Dvsa0UlPNOqIYlAE/fjd65AVBSS2U2eI9r
lIUVC7oyJFuT6vg19jMDF/mxygfHqph2XAhRtHCeP/TDyzTSMAuBpE3tv35pCUAQ
u6KuaQjKnBWu6sj0Xw6+v/U1BkOZqbn1CIiLXvS/T/sYVK+WgxpyV8wv8zZtWmj2
8jNW/GTGoj/QJBui9ydjY0vg/kECRDR4TWaxNyVJL4erP0zMK1ATtB9kQa73aFQ3
ETxq9wnkRhbX6ZdEVGOR9AXwOZQo2ZVM3gaV2B9nU8ZBaxpJabtQn0sUZcWRiltj
HFrt+JoKh0N9OiZT7VZbspVS7ACaNvACarJyF8KU7XZYAo+3C4Jas6qlf89s+Vib
uQq9dC2Ewanbka5eONR4yfTElzHVhB3stlDsve5t79iQDh1M4MV+1Xu7lqVHyoz9
war4f5YUTo7GoUtUp5biMUqCy6OwNdxIarmLKXGBNVcqivYyS85DLqs+Tg/tulVA
hGih5g2ad65yjMjGuBd+3twjtPz9Qk27sOhOxGFMxaGqyZUVzpm1D/kvFA6MOM4G
Mbf4heYHpuXf05dR/3atr0lrXCxCaJJBp+LsnRMw

        )

    [m_tid] => INliteCARDfashioncro20160622150626606675
    [m_type] => securepay
    [m_pgId] => INliteCARD
    [m_resultCode] => 01
    [m_resultMsg] => [120054|ìž”ì•¡ë¶€ì¡±]
    [m_mid] => fashioncro
    [m_resultprice] => 17500
    [m_currency] => WON
    [m_pgAuthTime] => 
    [m_pgAuthDate] => 
    [m_payMethod] => Card
    [m_buyerName] => ÀÌ Áß¼®
    [m_buyerTel] => 01064090631
    [m_buyerEmail] => wndtjr2@yahoo.co.kr
    [m_goodName] => Basic Cotton Tee_Black[TP-04-BLK]
    [m_subTid] => 
    [m_price] => 17500
    [m_oid] => OR0000000311
    [m_cardNumber] => 
    [m_authCode] => 
    [m_authDate] => 
    [m_cardCode] => 
    [m_cardIssuerCode] => 
    [m_quotaInterest] => 
    [m_cardQuota] => 
    [m_directbankcode] => 
    [m_rcash_rslt] => 
    [m_vacct] => 
    [m_vcdbank] => 
    [m_nmvacct] => 
    [m_nminput] => 
    [m_perno] => 
    [m_dtinput] => 
    [m_nohpp] => 
    [m_noars] => 
    [m_ocbcardnumber] => 
    [m_ocbSaveAuthCode] => 
    [m_ocbUseAuthCode] => 
    [m_ocbAuthDate] => 
    [m_price1] => 
    [m_price2] => 
    [m_cultureid] => 
    [m_pgCancelDate] => 
    [m_pgCancelTime] => 
    [m_rcash_cancel_noappl] => 
    [m_cancelMsg] => 
    [m_escrowtype] => 
    [m_dlv_ip] => 
    [m_dlv_date] => 
    [m_dlv_time] => 
    [m_dlv_report] => 
    [m_dlv_invoice] => 
    [m_dlv_name] => 
    [m_dlv_excode] => 
    [m_dlv_exname] => 
    [m_dlv_charge] => 
    [m_dlv_invoiceday] => 
    [m_dlv_sendname] => 
    [m_dlv_sendpost] => 
    [m_dlv_sendaddr1] => 
    [m_dlv_sendaddr2] => 
    [m_dlv_sendtel] => 
    [m_dlv_recvname] => 
    [m_dlv_recvpost] => 
    [m_dlv_recvaddr] => 
    [m_dlv_recvtel] => 
    [m_dlv_goodscode] => 
    [m_dlv_goods] => 
    [m_dlv_goodcnt] => 
    [m_dcnf_name] => 
    [m_resulterrcode] => 120054|ìž”ì•¡ë¶€ì¡±
    [oldtid] => 
    [m_prtc_tid] => 
    [m_confirm_price] => 
    [m_prtc_remains] => 
    [m_prtc_price] => 
    [m_prtc_type] => 
    [m_sup_price] => 
    [m_srvc_price] => 
    [m_reg_num] => 
    [m_useopt] => 
    [m_applnum] => 
    [m_cshr_applprice] => 
    [m_cshr_supplyprice] => 
    [m_cshr_tax] => 
    [m_cshr_serviceprice] => 
    [m_cshr_type] => 
    [m_uid] => DEFAULTUSR
    [m_uip] => 172.31.19.152
    [m_encrypted] => Version=4.1&PayMethod=Card&RsaKeyNum=1&EncryptionAlgorithm=SEED-CBC&SignAlgorithm=RSAwithSHA1&CertVer=39&moid=OR0000000311&ver_trace=INIMain(D3_v1096_151229)Terms(D3_v1008_d151119)Card(D3_v1114_d160419)&pg1=211.219.96.180&pg2=203.238.37.3&pg1ip=211.219.96.180&pg2ip=203.238.37.3&agreeflag=1111&Data=sPmUG8Fspy7QxhEnbVo5PuRSaz1Af9Dvsa0UlPNOqIYlAE/fjd65AVBSS2U2eI9r
lIUVC7oyJFuT6vg19jMDF/mxygfHqph2XAhRtHCeP/TDyzTSMAuBpE3tv35pCUAQ
u6KuaQjKnBWu6sj0Xw6+v/U1BkOZqbn1CIiLXvS/T/sYVK+WgxpyV8wv8zZtWmj2
8jNW/GTGoj/QJBui9ydjY0vg/kECRDR4TWaxNyVJL4erP0zMK1ATtB9kQa73aFQ3
ETxq9wnkRhbX6ZdEVGOR9AXwOZQo2ZVM3gaV2B9nU8ZBaxpJabtQn0sUZcWRiltj
HFrt+JoKh0N9OiZT7VZbspVS7ACaNvACarJyF8KU7XZYAo+3C4Jas6qlf89s+Vib
uQq9dC2Ewanbka5eONR4yfTElzHVhB3stlDsve5t79iQDh1M4MV+1Xu7lqVHyoz9
war4f5YUTo7GoUtUp5biMUqCy6OwNdxIarmLKXGBNVcqivYyS85DLqs+Tg/tulVA
hGih5g2ad65yjMjGuBd+3twjtPz9Qk27sOhOxGFMxaGqyZUVzpm1D/kvFA6MOM4G
Mbf4heYHpuXf05dR/3atr0lrXCxCaJJBp+LsnRMw

    [m_sessionKey] => BkL6F8giQgtojBk13tOdqdJlb66irw86sQ+B+Y8oyPWQlGkB41J5fU7jkSdnsqPt
p1q1GXm+k9LQiYKE9j2+QMGZaBGqjHNbBlNq8BQI6wD/tuCWRiFssFj+ssFz6NNv
Dtc0385NgJ0jwKzMghh+ExSv4Uj8szu4alZSLf8d/qc=
    [m_url] => fcctv.co.kr
    [m_cardcode] => 
)


2016-06-22 15:06:28 Debug
unknown error has occurred.
2016-06-22 15:39:30 Debug: 
App\Controller\CacheController::removeProduct() - APP/Controller/CacheController.php, line 43
Cake\Controller\Controller::invokeAction() - CORE/src/Controller/Controller.php, line 412
Cake\Routing\Dispatcher::_invoke() - CORE/src/Routing/Dispatcher.php, line 114
Cake\Routing\Dispatcher::dispatch() - CORE/src/Routing/Dispatcher.php, line 87
[main] - ROOT/webroot/index.php, line 37
'ì „ì²´ products Cache ì œê±°.'
2016-06-22 15:39:30 Debug: 
App\Controller\CacheController::removeProduct() - APP/Controller/CacheController.php, line 44
Cake\Controller\Controller::invokeAction() - CORE/src/Controller/Controller.php, line 412
Cake\Routing\Dispatcher::_invoke() - CORE/src/Routing/Dispatcher.php, line 114
Cake\Routing\Dispatcher::dispatch() - CORE/src/Routing/Dispatcher.php, line 87
[main] - ROOT/webroot/index.php, line 37
'main Cache ì œê±°'
2016-06-22 15:39:30 Debug: 
App\Controller\CacheController::removeProduct() - APP/Controller/CacheController.php, line 45
Cake\Controller\Controller::invokeAction() - CORE/src/Controller/Controller.php, line 412
Cake\Routing\Dispatcher::_invoke() - CORE/src/Routing/Dispatcher.php, line 114
Cake\Routing\Dispatcher::dispatch() - CORE/src/Routing/Dispatcher.php, line 87
[main] - ROOT/webroot/index.php, line 37
'Whats New ì œê±°'
2016-06-22 15:56:42 Debug: 
App\Controller\CacheController::removeProduct() - APP/Controller/CacheController.php, line 43
Cake\Controller\Controller::invokeAction() - CORE/src/Controller/Controller.php, line 412
Cake\Routing\Dispatcher::_invoke() - CORE/src/Routing/Dispatcher.php, line 114
Cake\Routing\Dispatcher::dispatch() - CORE/src/Routing/Dispatcher.php, line 87
[main] - ROOT/webroot/index.php, line 37
'ì „ì²´ products Cache ì œê±°.'
2016-06-22 15:56:42 Debug: 
App\Controller\CacheController::removeProduct() - APP/Controller/CacheController.php, line 44
Cake\Controller\Controller::invokeAction() - CORE/src/Controller/Controller.php, line 412
Cake\Routing\Dispatcher::_invoke() - CORE/src/Routing/Dispatcher.php, line 114
Cake\Routing\Dispatcher::dispatch() - CORE/src/Routing/Dispatcher.php, line 87
[main] - ROOT/webroot/index.php, line 37
'main Cache ì œê±°'
2016-06-22 15:56:42 Debug: 
App\Controller\CacheController::removeProduct() - APP/Controller/CacheController.php, line 45
Cake\Controller\Controller::invokeAction() - CORE/src/Controller/Controller.php, line 412
Cake\Routing\Dispatcher::_invoke() - CORE/src/Routing/Dispatcher.php, line 114
Cake\Routing\Dispatcher::dispatch() - CORE/src/Routing/Dispatcher.php, line 87
[main] - ROOT/webroot/index.php, line 37
'Whats New ì œê±°'
2016-06-22 15:58:05 Debug: 
App\Controller\CacheController::removeProduct() - APP/Controller/CacheController.php, line 43
Cake\Controller\Controller::invokeAction() - CORE/src/Controller/Controller.php, line 412
Cake\Routing\Dispatcher::_invoke() - CORE/src/Routing/Dispatcher.php, line 114
Cake\Routing\Dispatcher::dispatch() - CORE/src/Routing/Dispatcher.php, line 87
[main] - ROOT/webroot/index.php, line 37
'ì „ì²´ products Cache ì œê±°.'
2016-06-22 15:58:05 Debug: 
App\Controller\CacheController::removeProduct() - APP/Controller/CacheController.php, line 44
Cake\Controller\Controller::invokeAction() - CORE/src/Controller/Controller.php, line 412
Cake\Routing\Dispatcher::_invoke() - CORE/src/Routing/Dispatcher.php, line 114
Cake\Routing\Dispatcher::dispatch() - CORE/src/Routing/Dispatcher.php, line 87
[main] - ROOT/webroot/index.php, line 37
'main Cache ì œê±°'
2016-06-22 15:58:05 Debug: 
App\Controller\CacheController::removeProduct() - APP/Controller/CacheController.php, line 45
Cake\Controller\Controller::invokeAction() - CORE/src/Controller/Controller.php, line 412
Cake\Routing\Dispatcher::_invoke() - CORE/src/Routing/Dispatcher.php, line 114
Cake\Routing\Dispatcher::dispatch() - CORE/src/Routing/Dispatcher.php, line 87
[main] - ROOT/webroot/index.php, line 37
'Whats New ì œê±°'
2016-06-22 16:02:14 Debug: 
App\Controller\CacheController::removeProduct() - APP/Controller/CacheController.php, line 43
Cake\Controller\Controller::invokeAction() - CORE/src/Controller/Controller.php, line 412
Cake\Routing\Dispatcher::_invoke() - CORE/src/Routing/Dispatcher.php, line 114
Cake\Routing\Dispatcher::dispatch() - CORE/src/Routing/Dispatcher.php, line 87
[main] - ROOT/webroot/index.php, line 37
'ì „ì²´ products Cache ì œê±°.'
2016-06-22 16:02:14 Debug: 
App\Controller\CacheController::removeProduct() - APP/Controller/CacheController.php, line 44
Cake\Controller\Controller::invokeAction() - CORE/src/Controller/Controller.php, line 412
Cake\Routing\Dispatcher::_invoke() - CORE/src/Routing/Dispatcher.php, line 114
Cake\Routing\Dispatcher::dispatch() - CORE/src/Routing/Dispatcher.php, line 87
[main] - ROOT/webroot/index.php, line 37
'main Cache ì œê±°'
2016-06-22 16:02:14 Debug: 
App\Controller\CacheController::removeProduct() - APP/Controller/CacheController.php, line 45
Cake\Controller\Controller::invokeAction() - CORE/src/Controller/Controller.php, line 412
Cake\Routing\Dispatcher::_invoke() - CORE/src/Routing/Dispatcher.php, line 114
Cake\Routing\Dispatcher::dispatch() - CORE/src/Routing/Dispatcher.php, line 87
[main] - ROOT/webroot/index.php, line 37
'Whats New ì œê±°'
2016-06-22 16:03:19 Debug: 
App\Controller\CacheController::removeProduct() - APP/Controller/CacheController.php, line 43
Cake\Controller\Controller::invokeAction() - CORE/src/Controller/Controller.php, line 412
Cake\Routing\Dispatcher::_invoke() - CORE/src/Routing/Dispatcher.php, line 114
Cake\Routing\Dispatcher::dispatch() - CORE/src/Routing/Dispatcher.php, line 87
[main] - ROOT/webroot/index.php, line 37
'ì „ì²´ products Cache ì œê±°.'
2016-06-22 16:03:19 Debug: 
App\Controller\CacheController::removeProduct() - APP/Controller/CacheController.php, line 44
Cake\Controller\Controller::invokeAction() - CORE/src/Controller/Controller.php, line 412
Cake\Routing\Dispatcher::_invoke() - CORE/src/Routing/Dispatcher.php, line 114
Cake\Routing\Dispatcher::dispatch() - CORE/src/Routing/Dispatcher.php, line 87
[main] - ROOT/webroot/index.php, line 37
'main Cache ì œê±°'
2016-06-22 16:03:19 Debug: 
App\Controller\CacheController::removeProduct() - APP/Controller/CacheController.php, line 45
Cake\Controller\Controller::invokeAction() - CORE/src/Controller/Controller.php, line 412
Cake\Routing\Dispatcher::_invoke() - CORE/src/Routing/Dispatcher.php, line 114
Cake\Routing\Dispatcher::dispatch() - CORE/src/Routing/Dispatcher.php, line 87
[main] - ROOT/webroot/index.php, line 37
'Whats New ì œê±°'
2016-06-22 16:59:21 Debug: 
App\Controller\CacheController::removeProduct() - APP/Controller/CacheController.php, line 43
Cake\Controller\Controller::invokeAction() - CORE/src/Controller/Controller.php, line 412
Cake\Routing\Dispatcher::_invoke() - CORE/src/Routing/Dispatcher.php, line 114
Cake\Routing\Dispatcher::dispatch() - CORE/src/Routing/Dispatcher.php, line 87
[main] - ROOT/webroot/index.php, line 37
'ì „ì²´ products Cache ì œê±°.'
2016-06-22 16:59:21 Debug: 
App\Controller\CacheController::removeProduct() - APP/Controller/CacheController.php, line 44
Cake\Controller\Controller::invokeAction() - CORE/src/Controller/Controller.php, line 412
Cake\Routing\Dispatcher::_invoke() - CORE/src/Routing/Dispatcher.php, line 114
Cake\Routing\Dispatcher::dispatch() - CORE/src/Routing/Dispatcher.php, line 87
[main] - ROOT/webroot/index.php, line 37
'main Cache ì œê±°'
2016-06-22 16:59:21 Debug: 
App\Controller\CacheController::removeProduct() - APP/Controller/CacheController.php, line 45
Cake\Controller\Controller::invokeAction() - CORE/src/Controller/Controller.php, line 412
Cake\Routing\Dispatcher::_invoke() - CORE/src/Routing/Dispatcher.php, line 114
Cake\Routing\Dispatcher::dispatch() - CORE/src/Routing/Dispatcher.php, line 87
[main] - ROOT/webroot/index.php, line 37
'Whats New ì œê±°'
2016-06-22 17:03:46 Debug: 
App\Controller\CacheController::removeProduct() - APP/Controller/CacheController.php, line 43
Cake\Controller\Controller::invokeAction() - CORE/src/Controller/Controller.php, line 412
Cake\Routing\Dispatcher::_invoke() - CORE/src/Routing/Dispatcher.php, line 114
Cake\Routing\Dispatcher::dispatch() - CORE/src/Routing/Dispatcher.php, line 87
[main] - ROOT/webroot/index.php, line 37
'ì „ì²´ products Cache ì œê±°.'
2016-06-22 17:03:46 Debug: 
App\Controller\CacheController::removeProduct() - APP/Controller/CacheController.php, line 44
Cake\Controller\Controller::invokeAction() - CORE/src/Controller/Controller.php, line 412
Cake\Routing\Dispatcher::_invoke() - CORE/src/Routing/Dispatcher.php, line 114
Cake\Routing\Dispatcher::dispatch() - CORE/src/Routing/Dispatcher.php, line 87
[main] - ROOT/webroot/index.php, line 37
'main Cache ì œê±°'
2016-06-22 17:03:46 Debug: 
App\Controller\CacheController::removeProduct() - APP/Controller/CacheController.php, line 45
Cake\Controller\Controller::invokeAction() - CORE/src/Controller/Controller.php, line 412
Cake\Routing\Dispatcher::_invoke() - CORE/src/Routing/Dispatcher.php, line 114
Cake\Routing\Dispatcher::dispatch() - CORE/src/Routing/Dispatcher.php, line 87
[main] - ROOT/webroot/index.php, line 37
'Whats New ì œê±°'
2016-06-22 17:07:00 Debug: 
App\Controller\CacheController::removeProduct() - APP/Controller/CacheController.php, line 43
Cake\Controller\Controller::invokeAction() - CORE/src/Controller/Controller.php, line 412
Cake\Routing\Dispatcher::_invoke() - CORE/src/Routing/Dispatcher.php, line 114
Cake\Routing\Dispatcher::dispatch() - CORE/src/Routing/Dispatcher.php, line 87
[main] - ROOT/webroot/index.php, line 37
'ì „ì²´ products Cache ì œê±°.'
2016-06-22 17:07:00 Debug: 
App\Controller\CacheController::removeProduct() - APP/Controller/CacheController.php, line 44
Cake\Controller\Controller::invokeAction() - CORE/src/Controller/Controller.php, line 412
Cake\Routing\Dispatcher::_invoke() - CORE/src/Routing/Dispatcher.php, line 114
Cake\Routing\Dispatcher::dispatch() - CORE/src/Routing/Dispatcher.php, line 87
[main] - ROOT/webroot/index.php, line 37
'main Cache ì œê±°'
2016-06-22 17:07:00 Debug: 
App\Controller\CacheController::removeProduct() - APP/Controller/CacheController.php, line 45
Cake\Controller\Controller::invokeAction() - CORE/src/Controller/Controller.php, line 412
Cake\Routing\Dispatcher::_invoke() - CORE/src/Routing/Dispatcher.php, line 114
Cake\Routing\Dispatcher::dispatch() - CORE/src/Routing/Dispatcher.php, line 87
[main] - ROOT/webroot/index.php, line 37
'Whats New ì œê±°'
2016-06-22 17:11:55 Debug: 
App\Controller\CacheController::removeProduct() - APP/Controller/CacheController.php, line 43
Cake\Controller\Controller::invokeAction() - CORE/src/Controller/Controller.php, line 412
Cake\Routing\Dispatcher::_invoke() - CORE/src/Routing/Dispatcher.php, line 114
Cake\Routing\Dispatcher::dispatch() - CORE/src/Routing/Dispatcher.php, line 87
[main] - ROOT/webroot/index.php, line 37
'ì „ì²´ products Cache ì œê±°.'
2016-06-22 17:11:55 Debug: 
App\Controller\CacheController::removeProduct() - APP/Controller/CacheController.php, line 44
Cake\Controller\Controller::invokeAction() - CORE/src/Controller/Controller.php, line 412
Cake\Routing\Dispatcher::_invoke() - CORE/src/Routing/Dispatcher.php, line 114
Cake\Routing\Dispatcher::dispatch() - CORE/src/Routing/Dispatcher.php, line 87
[main] - ROOT/webroot/index.php, line 37
'main Cache ì œê±°'
2016-06-22 17:11:55 Debug: 
App\Controller\CacheController::removeProduct() - APP/Controller/CacheController.php, line 45
Cake\Controller\Controller::invokeAction() - CORE/src/Controller/Controller.php, line 412
Cake\Routing\Dispatcher::_invoke() - CORE/src/Routing/Dispatcher.php, line 114
Cake\Routing\Dispatcher::dispatch() - CORE/src/Routing/Dispatcher.php, line 87
[main] - ROOT/webroot/index.php, line 37
'Whats New ì œê±°'
2016-06-22 17:15:23 Debug: 
App\Controller\CacheController::removeProduct() - APP/Controller/CacheController.php, line 43
Cake\Controller\Controller::invokeAction() - CORE/src/Controller/Controller.php, line 412
Cake\Routing\Dispatcher::_invoke() - CORE/src/Routing/Dispatcher.php, line 114
Cake\Routing\Dispatcher::dispatch() - CORE/src/Routing/Dispatcher.php, line 87
[main] - ROOT/webroot/index.php, line 37
'ì „ì²´ products Cache ì œê±°.'
2016-06-22 17:15:23 Debug: 
App\Controller\CacheController::removeProduct() - APP/Controller/CacheController.php, line 44
Cake\Controller\Controller::invokeAction() - CORE/src/Controller/Controller.php, line 412
Cake\Routing\Dispatcher::_invoke() - CORE/src/Routing/Dispatcher.php, line 114
Cake\Routing\Dispatcher::dispatch() - CORE/src/Routing/Dispatcher.php, line 87
[main] - ROOT/webroot/index.php, line 37
'main Cache ì œê±°'
2016-06-22 17:15:23 Debug: 
App\Controller\CacheController::removeProduct() - APP/Controller/CacheController.php, line 45
Cake\Controller\Controller::invokeAction() - CORE/src/Controller/Controller.php, line 412
Cake\Routing\Dispatcher::_invoke() - CORE/src/Routing/Dispatcher.php, line 114
Cake\Routing\Dispatcher::dispatch() - CORE/src/Routing/Dispatcher.php, line 87
[main] - ROOT/webroot/index.php, line 37
'Whats New ì œê±°'
2016-06-22 17:19:06 Debug: 
App\Controller\CacheController::removeProduct() - APP/Controller/CacheController.php, line 43
Cake\Controller\Controller::invokeAction() - CORE/src/Controller/Controller.php, line 412
Cake\Routing\Dispatcher::_invoke() - CORE/src/Routing/Dispatcher.php, line 114
Cake\Routing\Dispatcher::dispatch() - CORE/src/Routing/Dispatcher.php, line 87
[main] - ROOT/webroot/index.php, line 37
'ì „ì²´ products Cache ì œê±°.'
2016-06-22 17:19:06 Debug: 
App\Controller\CacheController::removeProduct() - APP/Controller/CacheController.php, line 44
Cake\Controller\Controller::invokeAction() - CORE/src/Controller/Controller.php, line 412
Cake\Routing\Dispatcher::_invoke() - CORE/src/Routing/Dispatcher.php, line 114
Cake\Routing\Dispatcher::dispatch() - CORE/src/Routing/Dispatcher.php, line 87
[main] - ROOT/webroot/index.php, line 37
'main Cache ì œê±°'
2016-06-22 17:19:06 Debug: 
App\Controller\CacheController::removeProduct() - APP/Controller/CacheController.php, line 45
Cake\Controller\Controller::invokeAction() - CORE/src/Controller/Controller.php, line 412
Cake\Routing\Dispatcher::_invoke() - CORE/src/Routing/Dispatcher.php, line 114
Cake\Routing\Dispatcher::dispatch() - CORE/src/Routing/Dispatcher.php, line 87
[main] - ROOT/webroot/index.php, line 37
'Whats New ì œê±°'
2016-06-22 17:21:21 Debug: 
App\Controller\CacheController::removeProduct() - APP/Controller/CacheController.php, line 43
Cake\Controller\Controller::invokeAction() - CORE/src/Controller/Controller.php, line 412
Cake\Routing\Dispatcher::_invoke() - CORE/src/Routing/Dispatcher.php, line 114
Cake\Routing\Dispatcher::dispatch() - CORE/src/Routing/Dispatcher.php, line 87
[main] - ROOT/webroot/index.php, line 37
'ì „ì²´ products Cache ì œê±°.'
2016-06-22 17:21:21 Debug: 
App\Controller\CacheController::removeProduct() - APP/Controller/CacheController.php, line 44
Cake\Controller\Controller::invokeAction() - CORE/src/Controller/Controller.php, line 412
Cake\Routing\Dispatcher::_invoke() - CORE/src/Routing/Dispatcher.php, line 114
Cake\Routing\Dispatcher::dispatch() - CORE/src/Routing/Dispatcher.php, line 87
[main] - ROOT/webroot/index.php, line 37
'main Cache ì œê±°'
2016-06-22 17:21:21 Debug: 
App\Controller\CacheController::removeProduct() - APP/Controller/CacheController.php, line 45
Cake\Controller\Controller::invokeAction() - CORE/src/Controller/Controller.php, line 412
Cake\Routing\Dispatcher::_invoke() - CORE/src/Routing/Dispatcher.php, line 114
Cake\Routing\Dispatcher::dispatch() - CORE/src/Routing/Dispatcher.php, line 87
[main] - ROOT/webroot/index.php, line 37
'Whats New ì œê±°'
2016-06-22 17:29:54 Debug: 
App\Controller\CacheController::removeProduct() - APP/Controller/CacheController.php, line 43
Cake\Controller\Controller::invokeAction() - CORE/src/Controller/Controller.php, line 412
Cake\Routing\Dispatcher::_invoke() - CORE/src/Routing/Dispatcher.php, line 114
Cake\Routing\Dispatcher::dispatch() - CORE/src/Routing/Dispatcher.php, line 87
[main] - ROOT/webroot/index.php, line 37
'ì „ì²´ products Cache ì œê±°.'
2016-06-22 17:29:54 Debug: 
App\Controller\CacheController::removeProduct() - APP/Controller/CacheController.php, line 44
Cake\Controller\Controller::invokeAction() - CORE/src/Controller/Controller.php, line 412
Cake\Routing\Dispatcher::_invoke() - CORE/src/Routing/Dispatcher.php, line 114
Cake\Routing\Dispatcher::dispatch() - CORE/src/Routing/Dispatcher.php, line 87
[main] - ROOT/webroot/index.php, line 37
'main Cache ì œê±°'
2016-06-22 17:29:54 Debug: 
App\Controller\CacheController::removeProduct() - APP/Controller/CacheController.php, line 45
Cake\Controller\Controller::invokeAction() - CORE/src/Controller/Controller.php, line 412
Cake\Routing\Dispatcher::_invoke() - CORE/src/Routing/Dispatcher.php, line 114
Cake\Routing\Dispatcher::dispatch() - CORE/src/Routing/Dispatcher.php, line 87
[main] - ROOT/webroot/index.php, line 37
'Whats New ì œê±°'
2016-06-22 17:33:05 Debug: 
App\Controller\CacheController::removeProduct() - APP/Controller/CacheController.php, line 43
Cake\Controller\Controller::invokeAction() - CORE/src/Controller/Controller.php, line 412
Cake\Routing\Dispatcher::_invoke() - CORE/src/Routing/Dispatcher.php, line 114
Cake\Routing\Dispatcher::dispatch() - CORE/src/Routing/Dispatcher.php, line 87
[main] - ROOT/webroot/index.php, line 37
'ì „ì²´ products Cache ì œê±°.'
2016-06-22 17:33:05 Debug: 
App\Controller\CacheController::removeProduct() - APP/Controller/CacheController.php, line 44
Cake\Controller\Controller::invokeAction() - CORE/src/Controller/Controller.php, line 412
Cake\Routing\Dispatcher::_invoke() - CORE/src/Routing/Dispatcher.php, line 114
Cake\Routing\Dispatcher::dispatch() - CORE/src/Routing/Dispatcher.php, line 87
[main] - ROOT/webroot/index.php, line 37
'main Cache ì œê±°'
2016-06-22 17:33:05 Debug: 
App\Controller\CacheController::removeProduct() - APP/Controller/CacheController.php, line 45
Cake\Controller\Controller::invokeAction() - CORE/src/Controller/Controller.php, line 412
Cake\Routing\Dispatcher::_invoke() - CORE/src/Routing/Dispatcher.php, line 114
Cake\Routing\Dispatcher::dispatch() - CORE/src/Routing/Dispatcher.php, line 87
[main] - ROOT/webroot/index.php, line 37
'Whats New ì œê±°'
2016-06-22 17:33:50 Debug: 
App\Controller\CacheController::removeProduct() - APP/Controller/CacheController.php, line 43
Cake\Controller\Controller::invokeAction() - CORE/src/Controller/Controller.php, line 412
Cake\Routing\Dispatcher::_invoke() - CORE/src/Routing/Dispatcher.php, line 114
Cake\Routing\Dispatcher::dispatch() - CORE/src/Routing/Dispatcher.php, line 87
[main] - ROOT/webroot/index.php, line 37
'ì „ì²´ products Cache ì œê±°.'
2016-06-22 17:33:50 Debug: 
App\Controller\CacheController::removeProduct() - APP/Controller/CacheController.php, line 44
Cake\Controller\Controller::invokeAction() - CORE/src/Controller/Controller.php, line 412
Cake\Routing\Dispatcher::_invoke() - CORE/src/Routing/Dispatcher.php, line 114
Cake\Routing\Dispatcher::dispatch() - CORE/src/Routing/Dispatcher.php, line 87
[main] - ROOT/webroot/index.php, line 37
'main Cache ì œê±°'
2016-06-22 17:33:50 Debug: 
App\Controller\CacheController::removeProduct() - APP/Controller/CacheController.php, line 45
Cake\Controller\Controller::invokeAction() - CORE/src/Controller/Controller.php, line 412
Cake\Routing\Dispatcher::_invoke() - CORE/src/Routing/Dispatcher.php, line 114
Cake\Routing\Dispatcher::dispatch() - CORE/src/Routing/Dispatcher.php, line 87
[main] - ROOT/webroot/index.php, line 37
'Whats New ì œê±°'
2016-06-22 17:40:32 Debug: 
App\Controller\CacheController::removeProduct() - APP/Controller/CacheController.php, line 43
Cake\Controller\Controller::invokeAction() - CORE/src/Controller/Controller.php, line 412
Cake\Routing\Dispatcher::_invoke() - CORE/src/Routing/Dispatcher.php, line 114
Cake\Routing\Dispatcher::dispatch() - CORE/src/Routing/Dispatcher.php, line 87
[main] - ROOT/webroot/index.php, line 37
'ì „ì²´ products Cache ì œê±°.'
2016-06-22 17:40:32 Debug: 
App\Controller\CacheController::removeProduct() - APP/Controller/CacheController.php, line 44
Cake\Controller\Controller::invokeAction() - CORE/src/Controller/Controller.php, line 412
Cake\Routing\Dispatcher::_invoke() - CORE/src/Routing/Dispatcher.php, line 114
Cake\Routing\Dispatcher::dispatch() - CORE/src/Routing/Dispatcher.php, line 87
[main] - ROOT/webroot/index.php, line 37
'main Cache ì œê±°'
2016-06-22 17:40:32 Debug: 
App\Controller\CacheController::removeProduct() - APP/Controller/CacheController.php, line 45
Cake\Controller\Controller::invokeAction() - CORE/src/Controller/Controller.php, line 412
Cake\Routing\Dispatcher::_invoke() - CORE/src/Routing/Dispatcher.php, line 114
Cake\Routing\Dispatcher::dispatch() - CORE/src/Routing/Dispatcher.php, line 87
[main] - ROOT/webroot/index.php, line 37
'Whats New ì œê±°'
2016-06-22 17:50:49 Debug: 
App\Controller\CacheController::removeProduct() - APP/Controller/CacheController.php, line 43
Cake\Controller\Controller::invokeAction() - CORE/src/Controller/Controller.php, line 412
Cake\Routing\Dispatcher::_invoke() - CORE/src/Routing/Dispatcher.php, line 114
Cake\Routing\Dispatcher::dispatch() - CORE/src/Routing/Dispatcher.php, line 87
[main] - ROOT/webroot/index.php, line 37
'ì „ì²´ products Cache ì œê±°.'
2016-06-22 17:50:49 Debug: 
App\Controller\CacheController::removeProduct() - APP/Controller/CacheController.php, line 44
Cake\Controller\Controller::invokeAction() - CORE/src/Controller/Controller.php, line 412
Cake\Routing\Dispatcher::_invoke() - CORE/src/Routing/Dispatcher.php, line 114
Cake\Routing\Dispatcher::dispatch() - CORE/src/Routing/Dispatcher.php, line 87
[main] - ROOT/webroot/index.php, line 37
'main Cache ì œê±°'
2016-06-22 17:50:49 Debug: 
App\Controller\CacheController::removeProduct() - APP/Controller/CacheController.php, line 45
Cake\Controller\Controller::invokeAction() - CORE/src/Controller/Controller.php, line 412
Cake\Routing\Dispatcher::_invoke() - CORE/src/Routing/Dispatcher.php, line 114
Cake\Routing\Dispatcher::dispatch() - CORE/src/Routing/Dispatcher.php, line 87
[main] - ROOT/webroot/index.php, line 37
'Whats New ì œê±°'
