2016-06-21 18:18:08 Error: [Cake\Routing\Exception\MissingControllerException] Controller class Jenkins could not be found.
Request URL: /jenkins/script
Stack Trace:
#0 /var/www/fcctv.co.kr/webroot/index.php(37): Cake\Routing\Dispatcher->dispatch(Object(Cake\Network\Request), Object(Cake\Network\Response))
#1 {main}


2016-06-21 18:18:12 Error: [Cake\Routing\Exception\MissingControllerException] Controller class Login could not be found.
Request URL: /login
Stack Trace:
#0 /var/www/fcctv.co.kr/webroot/index.php(37): Cake\Routing\Dispatcher->dispatch(Object(Cake\Network\Request), Object(Cake\Network\Response))
#1 {main}


2016-06-21 18:18:15 Error: [Cake\Routing\Exception\MissingControllerException] Controller class Hudson could not be found.
Request URL: /hudson/login
Stack Trace:
#0 /var/www/fcctv.co.kr/webroot/index.php(37): Cake\Routing\Dispatcher->dispatch(Object(Cake\Network\Request), Object(Cake\Network\Response))
#1 {main}


2016-06-21 18:18:18 Error: [Cake\Routing\Exception\MissingControllerException] Controller class Manager could not be found.
Request URL: /manager/html
Stack Trace:
#0 /var/www/fcctv.co.kr/webroot/index.php(37): Cake\Routing\Dispatcher->dispatch(Object(Cake\Network\Request), Object(Cake\Network\Response))
#1 {main}


2016-06-21 18:18:20 Error: [Cake\Routing\Exception\MissingControllerException] Controller class MySqlDumper could not be found.
Request URL: /mySqlDumper
Stack Trace:
#0 /var/www/fcctv.co.kr/webroot/index.php(37): Cake\Routing\Dispatcher->dispatch(Object(Cake\Network\Request), Object(Cake\Network\Response))
#1 {main}


2016-06-21 18:18:23 Error: [Cake\Routing\Exception\MissingControllerException] Controller class Msd1.24.4 could not be found.
Request URL: /msd1.24.4
Stack Trace:
#0 /var/www/fcctv.co.kr/webroot/index.php(37): Cake\Routing\Dispatcher->dispatch(Object(Cake\Network\Request), Object(Cake\Network\Response))
#1 {main}


2016-06-21 18:18:26 Error: [Cake\Routing\Exception\MissingControllerException] Controller class MySQLDumper could not be found.
Request URL: /MySQLDumper
Stack Trace:
#0 /var/www/fcctv.co.kr/webroot/index.php(37): Cake\Routing\Dispatcher->dispatch(Object(Cake\Network\Request), Object(Cake\Network\Response))
#1 {main}


2016-06-21 18:18:29 Error: [Cake\Routing\Exception\MissingControllerException] Controller class Sql could not be found.
Request URL: /sql
Stack Trace:
#0 /var/www/fcctv.co.kr/webroot/index.php(37): Cake\Routing\Dispatcher->dispatch(Object(Cake\Network\Request), Object(Cake\Network\Response))
#1 {main}


2016-06-21 18:18:31 Error: [Cake\Routing\Exception\MissingControllerException] Controller class PhpMyAdmin could not be found.
Request URL: /phpMyAdmin
Stack Trace:
#0 /var/www/fcctv.co.kr/webroot/index.php(37): Cake\Routing\Dispatcher->dispatch(Object(Cake\Network\Request), Object(Cake\Network\Response))
#1 {main}


2016-06-21 18:18:35 Error: [Cake\Routing\Exception\MissingControllerException] Controller class Sql could not be found.
Request URL: /sql
Stack Trace:
#0 /var/www/fcctv.co.kr/webroot/index.php(37): Cake\Routing\Dispatcher->dispatch(Object(Cake\Network\Request), Object(Cake\Network\Response))
#1 {main}


2016-06-21 18:18:37 Error: [Cake\Routing\Exception\MissingControllerException] Controller class PhpMyAdmin-4.2.1-all-languages could not be found.
Request URL: /phpMyAdmin-4.2.1-all-languages
Stack Trace:
#0 /var/www/fcctv.co.kr/webroot/index.php(37): Cake\Routing\Dispatcher->dispatch(Object(Cake\Network\Request), Object(Cake\Network\Response))
#1 {main}


2016-06-21 18:24:43 Error: [Cake\Routing\Exception\MissingControllerException] Controller class Script could not be found.
Request URL: /script
Stack Trace:
#0 /var/www/fcctv.co.kr/webroot/index.php(37): Cake\Routing\Dispatcher->dispatch(Object(Cake\Network\Request), Object(Cake\Network\Response))
#1 {main}


2016-06-21 18:24:47 Error: [Cake\Routing\Exception\MissingControllerException] Controller class Hudson could not be found.
Request URL: /hudson/script
Stack Trace:
#0 /var/www/fcctv.co.kr/webroot/index.php(37): Cake\Routing\Dispatcher->dispatch(Object(Cake\Network\Request), Object(Cake\Network\Response))
#1 {main}


2016-06-21 18:24:50 Error: [Cake\Routing\Exception\MissingControllerException] Controller class Jenkins could not be found.
Request URL: /jenkins/login
Stack Trace:
#0 /var/www/fcctv.co.kr/webroot/index.php(37): Cake\Routing\Dispatcher->dispatch(Object(Cake\Network\Request), Object(Cake\Network\Response))
#1 {main}


2016-06-21 18:24:53 Error: [Cake\Routing\Exception\MissingControllerException] Controller class Jmx-console could not be found.
Request URL: /jmx-console
Stack Trace:
#0 /var/www/fcctv.co.kr/webroot/index.php(37): Cake\Routing\Dispatcher->dispatch(Object(Cake\Network\Request), Object(Cake\Network\Response))
#1 {main}


2016-06-21 18:24:57 Error: [Cake\Routing\Exception\MissingControllerException] Controller class Msd could not be found.
Request URL: /msd
Stack Trace:
#0 /var/www/fcctv.co.kr/webroot/index.php(37): Cake\Routing\Dispatcher->dispatch(Object(Cake\Network\Request), Object(Cake\Network\Response))
#1 {main}


2016-06-21 18:25:00 Error: [Cake\Routing\Exception\MissingControllerException] Controller class Msd1.24stable could not be found.
Request URL: /msd1.24stable
Stack Trace:
#0 /var/www/fcctv.co.kr/webroot/index.php(37): Cake\Routing\Dispatcher->dispatch(Object(Cake\Network\Request), Object(Cake\Network\Response))
#1 {main}


2016-06-21 18:25:03 Error: [Cake\Routing\Exception\MissingControllerException] Controller class Mysqldumper could not be found.
Request URL: /mysqldumper
Stack Trace:
#0 /var/www/fcctv.co.kr/webroot/index.php(37): Cake\Routing\Dispatcher->dispatch(Object(Cake\Network\Request), Object(Cake\Network\Response))
#1 {main}


2016-06-21 18:25:07 Error: [Cake\Routing\Exception\MissingControllerException] Controller class Mysql could not be found.
Request URL: /mysql
Stack Trace:
#0 /var/www/fcctv.co.kr/webroot/index.php(37): Cake\Routing\Dispatcher->dispatch(Object(Cake\Network\Request), Object(Cake\Network\Response))
#1 {main}


2016-06-21 18:25:10 Error: [Cake\Routing\Exception\MissingControllerException] Controller class Phpmyadmin could not be found.
Request URL: /phpmyadmin
Stack Trace:
#0 /var/www/fcctv.co.kr/webroot/index.php(37): Cake\Routing\Dispatcher->dispatch(Object(Cake\Network\Request), Object(Cake\Network\Response))
#1 {main}


2016-06-21 18:25:13 Error: [Cake\Routing\Exception\MissingControllerException] Controller class Mysql could not be found.
Request URL: /mysql
Stack Trace:
#0 /var/www/fcctv.co.kr/webroot/index.php(37): Cake\Routing\Dispatcher->dispatch(Object(Cake\Network\Request), Object(Cake\Network\Response))
#1 {main}


2016-06-21 18:25:16 Error: [Cake\Routing\Exception\MissingControllerException] Controller class Myadmin could not be found.
Request URL: /myadmin
Stack Trace:
#0 /var/www/fcctv.co.kr/webroot/index.php(37): Cake\Routing\Dispatcher->dispatch(Object(Cake\Network\Request), Object(Cake\Network\Response))
#1 {main}


2016-06-21 18:25:19 Error: [Cake\Routing\Exception\MissingControllerException] Controller class PhpMyAdmin-4.2.1-english could not be found.
Request URL: /phpMyAdmin-4.2.1-english
Stack Trace:
#0 /var/www/fcctv.co.kr/webroot/index.php(37): Cake\Routing\Dispatcher->dispatch(Object(Cake\Network\Request), Object(Cake\Network\Response))
#1 {main}


2016-06-21 18:30:22 Error: [Cake\Routing\Exception\MissingControllerException] Controller class Script could not be found.
Request URL: /script
Stack Trace:
#0 /var/www/fcctv.co.kr/webroot/index.php(37): Cake\Routing\Dispatcher->dispatch(Object(Cake\Network\Request), Object(Cake\Network\Response))
#1 {main}


2016-06-21 18:30:24 Error: [Cake\Routing\Exception\MissingControllerException] Controller class Jenkins could not be found.
Request URL: /jenkins/script
Stack Trace:
#0 /var/www/fcctv.co.kr/webroot/index.php(37): Cake\Routing\Dispatcher->dispatch(Object(Cake\Network\Request), Object(Cake\Network\Response))
#1 {main}


2016-06-21 18:30:25 Error: [Cake\Routing\Exception\MissingControllerException] Controller class Hudson could not be found.
Request URL: /hudson/script
Stack Trace:
#0 /var/www/fcctv.co.kr/webroot/index.php(37): Cake\Routing\Dispatcher->dispatch(Object(Cake\Network\Request), Object(Cake\Network\Response))
#1 {main}


2016-06-21 18:30:28 Error: [Cake\Routing\Exception\MissingControllerException] Controller class Login could not be found.
Request URL: /login
Stack Trace:
#0 /var/www/fcctv.co.kr/webroot/index.php(37): Cake\Routing\Dispatcher->dispatch(Object(Cake\Network\Request), Object(Cake\Network\Response))
#1 {main}


2016-06-21 18:30:29 Error: [Cake\Routing\Exception\MissingControllerException] Controller class Jenkins could not be found.
Request URL: /jenkins/login
Stack Trace:
#0 /var/www/fcctv.co.kr/webroot/index.php(37): Cake\Routing\Dispatcher->dispatch(Object(Cake\Network\Request), Object(Cake\Network\Response))
#1 {main}


2016-06-21 18:30:30 Error: [Cake\Routing\Exception\MissingControllerException] Controller class Hudson could not be found.
Request URL: /hudson/login
Stack Trace:
#0 /var/www/fcctv.co.kr/webroot/index.php(37): Cake\Routing\Dispatcher->dispatch(Object(Cake\Network\Request), Object(Cake\Network\Response))
#1 {main}


2016-06-21 18:30:32 Error: [Cake\Routing\Exception\MissingControllerException] Controller class Jmx-console could not be found.
Request URL: /jmx-console
Stack Trace:
#0 /var/www/fcctv.co.kr/webroot/index.php(37): Cake\Routing\Dispatcher->dispatch(Object(Cake\Network\Request), Object(Cake\Network\Response))
#1 {main}


2016-06-21 18:30:33 Error: [Cake\Routing\Exception\MissingControllerException] Controller class Manager could not be found.
Request URL: /manager/html
Stack Trace:
#0 /var/www/fcctv.co.kr/webroot/index.php(37): Cake\Routing\Dispatcher->dispatch(Object(Cake\Network\Request), Object(Cake\Network\Response))
#1 {main}


2016-06-21 18:30:34 Error: [Cake\Routing\Exception\MissingControllerException] Controller class Msd could not be found.
Request URL: /msd
Stack Trace:
#0 /var/www/fcctv.co.kr/webroot/index.php(37): Cake\Routing\Dispatcher->dispatch(Object(Cake\Network\Request), Object(Cake\Network\Response))
#1 {main}


2016-06-21 18:30:36 Error: [Cake\Routing\Exception\MissingControllerException] Controller class MySqlDumper could not be found.
Request URL: /mySqlDumper
Stack Trace:
#0 /var/www/fcctv.co.kr/webroot/index.php(37): Cake\Routing\Dispatcher->dispatch(Object(Cake\Network\Request), Object(Cake\Network\Response))
#1 {main}


2016-06-21 18:30:37 Error: [Cake\Routing\Exception\MissingControllerException] Controller class Msd1.24stable could not be found.
Request URL: /msd1.24stable
Stack Trace:
#0 /var/www/fcctv.co.kr/webroot/index.php(37): Cake\Routing\Dispatcher->dispatch(Object(Cake\Network\Request), Object(Cake\Network\Response))
#1 {main}


2016-06-21 18:30:39 Error: [Cake\Routing\Exception\MissingControllerException] Controller class Msd1.24.4 could not be found.
Request URL: /msd1.24.4
Stack Trace:
#0 /var/www/fcctv.co.kr/webroot/index.php(37): Cake\Routing\Dispatcher->dispatch(Object(Cake\Network\Request), Object(Cake\Network\Response))
#1 {main}


2016-06-21 18:30:40 Error: [Cake\Routing\Exception\MissingControllerException] Controller class Mysqldumper could not be found.
Request URL: /mysqldumper
Stack Trace:
#0 /var/www/fcctv.co.kr/webroot/index.php(37): Cake\Routing\Dispatcher->dispatch(Object(Cake\Network\Request), Object(Cake\Network\Response))
#1 {main}


2016-06-21 18:30:41 Error: [Cake\Routing\Exception\MissingControllerException] Controller class MySQLDumper could not be found.
Request URL: /MySQLDumper
Stack Trace:
#0 /var/www/fcctv.co.kr/webroot/index.php(37): Cake\Routing\Dispatcher->dispatch(Object(Cake\Network\Request), Object(Cake\Network\Response))
#1 {main}


2016-06-21 18:30:43 Error: [Cake\Routing\Exception\MissingControllerException] Controller class Mysql could not be found.
Request URL: /mysql
Stack Trace:
#0 /var/www/fcctv.co.kr/webroot/index.php(37): Cake\Routing\Dispatcher->dispatch(Object(Cake\Network\Request), Object(Cake\Network\Response))
#1 {main}


2016-06-21 18:30:45 Error: [Cake\Routing\Exception\MissingControllerException] Controller class Sql could not be found.
Request URL: /sql
Stack Trace:
#0 /var/www/fcctv.co.kr/webroot/index.php(37): Cake\Routing\Dispatcher->dispatch(Object(Cake\Network\Request), Object(Cake\Network\Response))
#1 {main}


2016-06-21 18:30:46 Error: [Cake\Routing\Exception\MissingControllerException] Controller class Phpmyadmin could not be found.
Request URL: /phpmyadmin
Stack Trace:
#0 /var/www/fcctv.co.kr/webroot/index.php(37): Cake\Routing\Dispatcher->dispatch(Object(Cake\Network\Request), Object(Cake\Network\Response))
#1 {main}


2016-06-21 18:30:47 Error: [Cake\Routing\Exception\MissingControllerException] Controller class PhpMyAdmin could not be found.
Request URL: /phpMyAdmin
Stack Trace:
#0 /var/www/fcctv.co.kr/webroot/index.php(37): Cake\Routing\Dispatcher->dispatch(Object(Cake\Network\Request), Object(Cake\Network\Response))
#1 {main}


2016-06-21 18:30:49 Error: [Cake\Routing\Exception\MissingControllerException] Controller class Mysql could not be found.
Request URL: /mysql
Stack Trace:
#0 /var/www/fcctv.co.kr/webroot/index.php(37): Cake\Routing\Dispatcher->dispatch(Object(Cake\Network\Request), Object(Cake\Network\Response))
#1 {main}


2016-06-21 18:30:50 Error: [Cake\Routing\Exception\MissingControllerException] Controller class Sql could not be found.
Request URL: /sql
Stack Trace:
#0 /var/www/fcctv.co.kr/webroot/index.php(37): Cake\Routing\Dispatcher->dispatch(Object(Cake\Network\Request), Object(Cake\Network\Response))
#1 {main}


2016-06-21 18:30:52 Error: [Cake\Routing\Exception\MissingControllerException] Controller class Myadmin could not be found.
Request URL: /myadmin
Stack Trace:
#0 /var/www/fcctv.co.kr/webroot/index.php(37): Cake\Routing\Dispatcher->dispatch(Object(Cake\Network\Request), Object(Cake\Network\Response))
#1 {main}


2016-06-21 18:30:53 Error: [Cake\Routing\Exception\MissingControllerException] Controller class PhpMyAdmin-4.2.1-all-languages could not be found.
Request URL: /phpMyAdmin-4.2.1-all-languages
Stack Trace:
#0 /var/www/fcctv.co.kr/webroot/index.php(37): Cake\Routing\Dispatcher->dispatch(Object(Cake\Network\Request), Object(Cake\Network\Response))
#1 {main}


2016-06-21 18:30:55 Error: [Cake\Routing\Exception\MissingControllerException] Controller class PhpMyAdmin-4.2.1-english could not be found.
Request URL: /phpMyAdmin-4.2.1-english
Stack Trace:
#0 /var/www/fcctv.co.kr/webroot/index.php(37): Cake\Routing\Dispatcher->dispatch(Object(Cake\Network\Request), Object(Cake\Network\Response))
#1 {main}


2016-06-21 19:55:07 Warning: Warning (2): Missing argument 1 for App\Controller\ProductController::detail() in [/var/www/fcctv.co.kr/src/Controller/ProductController.php, line 59]
Trace:
Cake\Error\BaseErrorHandler::handleError() - CORE/src/Error/BaseErrorHandler.php, line 138
App\Controller\ProductController::detail() - APP/Controller/ProductController.php, line 59
Cake\Controller\Controller::invokeAction() - CORE/src/Controller/Controller.php, line 412
Cake\Routing\Dispatcher::_invoke() - CORE/src/Routing/Dispatcher.php, line 114
Cake\Routing\Dispatcher::dispatch() - CORE/src/Routing/Dispatcher.php, line 87
[main] - ROOT/webroot/index.php, line 37



