2016-05-13 17:53:41 Warning: Warning (2): session_start(): Cannot find save handler 'redis' - session startup failed in [/var/www/fcctv.co.kr/vendor/cakephp/cakephp/src/Network/Session.php, line 324]
Trace:
Cake\Error\BaseErrorHandler::handleError() - CORE/src/Error/BaseErrorHandler.php, line 138
session_start - [internal], line ??
Cake\Network\Session::start() - CORE/src/Network/Session.php, line 324
Cake\Network\Session::write() - CORE/src/Network/Session.php, line 432
Cake\Controller\Component\AuthComponent::setUser() - CORE/src/Controller/Component/AuthComponent.php, line 614
App\Controller\AuthController::logUserIn() - APP/Controller/AuthController.php, line 893
App\Controller\AuthController::login() - APP/Controller/AuthController.php, line 154
Cake\Controller\Controller::invokeAction() - CORE/src/Controller/Controller.php, line 412
Cake\Routing\Dispatcher::_invoke() - CORE/src/Routing/Dispatcher.php, line 114
Cake\Routing\Dispatcher::dispatch() - CORE/src/Routing/Dispatcher.php, line 87
[main] - ROOT/webroot/index.php, line 37



2016-05-13 17:53:41 Error: [RuntimeException] Could not start the session
Request URL: /auth/login?types=page
Stack Trace:
#0 /var/www/fcctv.co.kr/vendor/cakephp/cakephp/src/Network/Session.php(432): Cake\Network\Session->start()
#1 /var/www/fcctv.co.kr/vendor/cakephp/cakephp/src/Controller/Component/AuthComponent.php(614): Cake\Network\Session->write('Auth.User', Array)
#2 /var/www/fcctv.co.kr/src/Controller/AuthController.php(893): Cake\Controller\Component\AuthComponent->setUser(Array)
#3 /var/www/fcctv.co.kr/src/Controller/AuthController.php(154): App\Controller\AuthController->logUserIn(8)
#4 [internal function]: App\Controller\AuthController->login()
#5 /var/www/fcctv.co.kr/vendor/cakephp/cakephp/src/Controller/Controller.php(412): call_user_func_array(Array, Array)
#6 /var/www/fcctv.co.kr/vendor/cakephp/cakephp/src/Routing/Dispatcher.php(114): Cake\Controller\Controller->invokeAction()
#7 /var/www/fcctv.co.kr/vendor/cakephp/cakephp/src/Routing/Dispatcher.php(87): Cake\Routing\Dispatcher->_invoke(Object(App\Controller\AuthController))
#8 /var/www/fcctv.co.kr/webroot/index.php(37): Cake\Routing\Dispatcher->dispatch(Object(Cake\Network\Request), Object(Cake\Network\Response))
#9 {main}


2016-05-13 17:54:42 Warning: Warning (2): session_start(): Cannot find save handler 'redis' - session startup failed in [/var/www/fcctv.co.kr/vendor/cakephp/cakephp/src/Network/Session.php, line 324]
Trace:
Cake\Error\BaseErrorHandler::handleError() - CORE/src/Error/BaseErrorHandler.php, line 138
session_start - [internal], line ??
Cake\Network\Session::start() - CORE/src/Network/Session.php, line 324
Cake\Network\Session::write() - CORE/src/Network/Session.php, line 432
Cake\Controller\Component\AuthComponent::setUser() - CORE/src/Controller/Component/AuthComponent.php, line 614
App\Controller\AuthController::logUserIn() - APP/Controller/AuthController.php, line 893
App\Controller\AuthController::login() - APP/Controller/AuthController.php, line 154
Cake\Controller\Controller::invokeAction() - CORE/src/Controller/Controller.php, line 412
Cake\Routing\Dispatcher::_invoke() - CORE/src/Routing/Dispatcher.php, line 114
Cake\Routing\Dispatcher::dispatch() - CORE/src/Routing/Dispatcher.php, line 87
[main] - ROOT/webroot/index.php, line 37



2016-05-13 17:54:42 Error: [RuntimeException] Could not start the session
Request URL: /auth/login?types=page
Stack Trace:
#0 /var/www/fcctv.co.kr/vendor/cakephp/cakephp/src/Network/Session.php(432): Cake\Network\Session->start()
#1 /var/www/fcctv.co.kr/vendor/cakephp/cakephp/src/Controller/Component/AuthComponent.php(614): Cake\Network\Session->write('Auth.User', Array)
#2 /var/www/fcctv.co.kr/src/Controller/AuthController.php(893): Cake\Controller\Component\AuthComponent->setUser(Array)
#3 /var/www/fcctv.co.kr/src/Controller/AuthController.php(154): App\Controller\AuthController->logUserIn(8)
#4 [internal function]: App\Controller\AuthController->login()
#5 /var/www/fcctv.co.kr/vendor/cakephp/cakephp/src/Controller/Controller.php(412): call_user_func_array(Array, Array)
#6 /var/www/fcctv.co.kr/vendor/cakephp/cakephp/src/Routing/Dispatcher.php(114): Cake\Controller\Controller->invokeAction()
#7 /var/www/fcctv.co.kr/vendor/cakephp/cakephp/src/Routing/Dispatcher.php(87): Cake\Routing\Dispatcher->_invoke(Object(App\Controller\AuthController))
#8 /var/www/fcctv.co.kr/webroot/index.php(37): Cake\Routing\Dispatcher->dispatch(Object(Cake\Network\Request), Object(Cake\Network\Response))
#9 {main}


