[2016-06-13_14:40:29][P=28676] Start INImx_AUTH PAY(V1000B20111219PHP)
[2016-06-13_14:40:29][P=28676] INIPAYHOME:/var/www/fcctv.co.kr
[2016-06-13_14:40:29][P=28676] P_MID:fashioncro
[2016-06-13_14:40:29][P=28676] P_STATUS:00
[2016-06-13_14:40:29][P=28676] P_RMESG1:정상 처리 되었습니다.
[2016-06-13_14:40:29][P=28676] P_TID:INIMX_AUTHfashioncro20160613144028760466
[2016-06-13_14:40:29][P=28676] P_REQ_URL:https://fcmobile.inicis.com/smart/pay_req_url.php
[2016-06-13_14:40:29][P=28676] P_NOTI:OR0000000283
[2016-06-13_14:40:29][P=28676] AUTH Transaction End
[2016-06-13_14:40:29][P=28676] Start INImx_APPL
[2016-06-13_14:40:29][P=28676] Start HTTP Connect:fcmobile.inicis.com/smart/pay_req_url.php
[2016-06-13_14:40:29][P=28676] HTTP CONNECTION SUCCESS
[2016-06-13_14:40:30][P=28676] RECV REQUEST:P_STATUS=00&P_AUTH_DT=20160613144029&P_AUTH_NO=00727977&P_RMESG1=성공적으로 처리 하였습니다.&P_RMESG2=00&P_TID=INIMX_CARDfashioncro20160613144028960878&P_FN_CD1=04&P_AMT=4746&P_TYPE=CARD&P_UNAME=이 중석&P_MID=fashioncro&P_OID=OR0000000283&P_NOTI=OR0000000283&P_NEXT_URL=https://fcctv.co.kr/325n23fhih389d2u3jf578y8342dk378/y45ybjvriouywo89ky0434tetf4ftg/mx_rnext.php&P_MNAME=&P_NOTEURL=&P_CARD_MEMBER_NUM=&P_CARD_NUM=949028041808&P_CARD_ISSUER_CODE=00&P_CARD_PURCHASE_CODE=04&P_CARD_PRTC_CODE=1&P_CARD_INTEREST=0&P_CARD_CHECKFLAG=1&P_CARD_ISSUER_NAME=&P_CARD_PURCHASE_NAME=&P_FN_NM=현대카드&P_MERCHANT_RESERVED=dXNlcG9pbnQ9MCY%3D&P_CARD_APPLPRICE=4746
[2016-06-13_14:40:30][P=28676] ** COMMON *********
[2016-06-13_14:40:30][P=28676] P_STATUS:00
[2016-06-13_14:40:30][P=28676] P_RMESG1:성공적으로 처리 하였습니다.
[2016-06-13_14:40:30][P=28676] P_RMESG2:00
[2016-06-13_14:40:30][P=28676] P_TYPE:CARD
[2016-06-13_14:40:30][P=28676] P_TID:INIMX_CARDfashioncro20160613144028960878
[2016-06-13_14:40:30][P=28676] P_MID:fashioncro
[2016-06-13_14:40:30][P=28676] P_OID:OR0000000283
[2016-06-13_14:40:30][P=28676] P_UNAME:이 중석
[2016-06-13_14:40:30][P=28676] P_AMT:4746
[2016-06-13_14:40:30][P=28676] P_AUTH_DT(YYYYmmddHHmmss):20160613144029
[2016-06-13_14:40:30][P=28676] P_AUTH_DT:20160613
[2016-06-13_14:40:30][P=28676] P_AUTH_TM:144029
[2016-06-13_14:40:30][P=28676] P_AUTH_NO:00727977
[2016-06-13_14:40:30][P=28676] P_FN_CD1:04
[2016-06-13_14:40:30][P=28676] P_NEXT_URL:https://fcctv.co.kr/325n23fhih389d2u3jf578y8342dk378/y45ybjvriouywo89ky0434tetf4ftg/mx_rnext.php
[2016-06-13_14:40:30][P=28676] P_NOTEURL:
[2016-06-13_14:40:30][P=28676] P_MNAME:
[2016-06-13_14:40:30][P=28676] P_NOTI:OR0000000283
[2016-06-13_14:40:30][P=28676] ** CARD *********
[2016-06-13_14:40:30][P=28676] P_CARD_ISSUER_CODE:00
[2016-06-13_14:40:30][P=28676] P_CARD_PURCHASE_CODE:04
[2016-06-13_14:40:30][P=28676] P_CARD_PRTC_CODE:1
[2016-06-13_14:40:30][P=28676] P_CARD_INTEREST:0
[2016-06-13_14:40:30][P=28676] P_CARD_CHECKFLAG:1
[2016-06-13_14:40:30][P=28676] P_CARD_NUM:949028041808
[2016-06-13_14:40:30][P=28676] P_CARD_MEMBER_NUM:
[2016-06-13_14:40:30][P=28676] P_FN_NM:현대카드
[2016-06-13_14:40:30][P=28676] APPL Transaction End
[2016-06-13_15:08:37][P=28676] Start INImx_AUTH PAY(V1000B20111219PHP)
[2016-06-13_15:08:37][P=28676] INIPAYHOME:/var/www/fcctv.co.kr
[2016-06-13_15:08:37][P=28676] P_MID:fashioncro
[2016-06-13_15:08:37][P=28676] P_STATUS:00
[2016-06-13_15:08:37][P=28676] P_RMESG1:정상 처리 되었습니다.
[2016-06-13_15:08:37][P=28676] P_TID:INIMX_AUTHfashioncro20160613150836660994
[2016-06-13_15:08:37][P=28676] P_REQ_URL:https://fcmobile.inicis.com/smart/pay_req_url.php
[2016-06-13_15:08:37][P=28676] P_NOTI:OR0000000291
[2016-06-13_15:08:37][P=28676] AUTH Transaction End
[2016-06-13_15:08:37][P=28676] Start INImx_APPL
[2016-06-13_15:08:37][P=28676] Start HTTP Connect:fcmobile.inicis.com/smart/pay_req_url.php
[2016-06-13_15:08:37][P=28676] HTTP CONNECTION SUCCESS
[2016-06-13_15:08:38][P=28676] RECV REQUEST:P_STATUS=00&P_AUTH_DT=20160613150837&P_AUTH_NO=00413353&P_RMESG1=성공적으로 처리 하였습니다.&P_RMESG2=00&P_TID=INIMX_CARDfashioncro20160613150837090448&P_FN_CD1=04&P_AMT=4500&P_TYPE=CARD&P_UNAME=이 중석&P_MID=fashioncro&P_OID=OR0000000291&P_NOTI=OR0000000291&P_NEXT_URL=https://fcctv.co.kr/325n23fhih389d2u3jf578y8342dk378/y45ybjvriouywo89ky0434tetf4ftg/mx_rnext.php&P_MNAME=&P_NOTEURL=&P_CARD_MEMBER_NUM=&P_CARD_NUM=949028041808&P_CARD_ISSUER_CODE=00&P_CARD_PURCHASE_CODE=04&P_CARD_PRTC_CODE=1&P_CARD_INTEREST=0&P_CARD_CHECKFLAG=1&P_CARD_ISSUER_NAME=&P_CARD_PURCHASE_NAME=&P_FN_NM=현대카드&P_MERCHANT_RESERVED=dXNlcG9pbnQ9MCY%3D&P_CARD_APPLPRICE=4500
[2016-06-13_15:08:38][P=28676] ** COMMON *********
[2016-06-13_15:08:38][P=28676] P_STATUS:00
[2016-06-13_15:08:38][P=28676] P_RMESG1:성공적으로 처리 하였습니다.
[2016-06-13_15:08:38][P=28676] P_RMESG2:00
[2016-06-13_15:08:38][P=28676] P_TYPE:CARD
[2016-06-13_15:08:38][P=28676] P_TID:INIMX_CARDfashioncro20160613150837090448
[2016-06-13_15:08:38][P=28676] P_MID:fashioncro
[2016-06-13_15:08:38][P=28676] P_OID:OR0000000291
[2016-06-13_15:08:38][P=28676] P_UNAME:이 중석
[2016-06-13_15:08:38][P=28676] P_AMT:4500
[2016-06-13_15:08:38][P=28676] P_AUTH_DT(YYYYmmddHHmmss):20160613150837
[2016-06-13_15:08:38][P=28676] P_AUTH_DT:20160613
[2016-06-13_15:08:38][P=28676] P_AUTH_TM:150837
[2016-06-13_15:08:38][P=28676] P_AUTH_NO:00413353
[2016-06-13_15:08:38][P=28676] P_FN_CD1:04
[2016-06-13_15:08:38][P=28676] P_NEXT_URL:https://fcctv.co.kr/325n23fhih389d2u3jf578y8342dk378/y45ybjvriouywo89ky0434tetf4ftg/mx_rnext.php
[2016-06-13_15:08:38][P=28676] P_NOTEURL:
[2016-06-13_15:08:38][P=28676] P_MNAME:
[2016-06-13_15:08:38][P=28676] P_NOTI:OR0000000291
[2016-06-13_15:08:38][P=28676] ** CARD *********
[2016-06-13_15:08:38][P=28676] P_CARD_ISSUER_CODE:00
[2016-06-13_15:08:38][P=28676] P_CARD_PURCHASE_CODE:04
[2016-06-13_15:08:38][P=28676] P_CARD_PRTC_CODE:1
[2016-06-13_15:08:38][P=28676] P_CARD_INTEREST:0
[2016-06-13_15:08:38][P=28676] P_CARD_CHECKFLAG:1
[2016-06-13_15:08:38][P=28676] P_CARD_NUM:949028041808
[2016-06-13_15:08:38][P=28676] P_CARD_MEMBER_NUM:
[2016-06-13_15:08:38][P=28676] P_FN_NM:현대카드
[2016-06-13_15:08:38][P=28676] APPL Transaction End
